blest 1
are 1
the 1
brethren 1
who 1
thy 1
blood 1
divide 1
to 1
such 1
a 1
miracle 1
of 1
charms 1
allied 1
joyful 1
they 1
see 1
applauding 1
princes 1
gaze 1
when 1
stately 1
in 1
the 1
dance 1
you 1
swim 1
the 1
harmonious 1
maze 1
but 1
blest 1
oer 1
all 1
the 1
youth 1
with 1
heavenly 1
charms 1
who 1
clasps 1
the 1
bright 1
perfection 1
in 1
his 1
arms 1
never 1
i 1
never 1
viewd 1
till 1
this 1
blast 1
hour 1
such 1
finishd 1
grace 1
i 1
gaze 1
and 1
i 1
adore 1
thus 1
seems 1
the 1
palm 1
with 1
stately 1
honours 1
crownd 1
by 1
phoebus 1
altars 1
thus 1
oerlooks 1
the 1
ground 1
the 1
pride 1
of 1
delos 1
by 1
the 1
delian 1
coast 1
i 1
voyaged 1
leader 1
of 1
a 1
warriorhost 1
but 1
ah 1
how 1
changed 1
i 1
from 1
thence 1
my 1
sorrow 1
flows 1
o 1
fatal 1
voyage 1
source 1
of 1
all 1
my 1
woes 1
raptured 1
i 1
stood 1
and 1
as 1
this 1
hour 1
amazed 1
with 1
reverence 1
at 1
the 1
lofty 1
wonder 1
gazed 1
raptured 1
i 1
stand 1
for 1
earth 1
neer 1
knew 1
to 1
bear 1
a 1
plant 1
so 1
stately 1
or 1
a 1
nymph 1
so 1
fair 1
awed 1
from 1
access 1
i 1
lift 1
my 1
suppliant 1
hands 1
for 1
misery 1
o 1
queen 1
before 1
thee 1
stands 1
twice 1
ten 1
tempestuous 1
nights 1
i 1
rolld 1
resignd 1
to 1
roaring 1
blows 1
and 1
the 1
warring 1
wind 1
heaven 1
bade 1
the 1
deep 1
to 1
spare 1
but 1
heaven 1
my 1
foe 1
spares 1
only 1
to 1
inflict 1
some 1
mightier 1
woe 1
inured 1
to 1
cares 1
to 1
death 1
in 1
all 1
its 1
forms 1
outcast 1
i 1
rove 1
familiar 1
with 1
the 1
storms 1
once 1
more 1
i 1
view 1
the 1
face 1
of 1
human 1
kind 1
oh 1
let 1
soft 1
pity 1
touch 1
thy 1
generous 1
mind 1
unconscious 1
of 1
what 1
air 1
i 1
breathe 1
i 1
stand 1
naked 1
defenceless 1
on 1
a 1
narrow 1
land 1
propitious 1
to 1
my 1
wants 1
a 1
vest 1
supply 1
to 1
guard 1
the 1
wretched 1
from 1
the 1
inclement 1
sky 1
so 1
may 1
the 1
gods 1
who 1
heaven 1
and 1
earth 1
control 1
crown 1
the 1
chaste 1
wishes 1
of 1
thy 1
virtuous 1
soul 1
on 1
thy 1
soft 1
hours 1
their 1
choicest 1
blessings 1
shed 1
blest 1
with 1
a 1
husband 1
be 1
thy 1
bridal 1
bed 1
blest 1
be 1
thy 1
husband 1
with 1
a 1
blooming 1
race 1
and 1
lasting 1
union 1
crown 1
your 1
blissful 1
days 1
the 1
gods 1
when 1
they 1
supremely 1
bless 1
bestow 1
firm 1
union 1
on 1
their 1
favourites 1
below 1
then 1
envy 1
grieves 1
with 1
inlypining 1
hate 1
the 1
good 1
exult 1
and 1
heaven 1
is 1
in 1
our 1
state 1
to 1
whom 1
the 1
nymph 1
o 1
stranger 1
cease 1
thy 1
care 1
wise 1
is 1
thy 1
soul 1
but 1
man 1
is 1
bore 1
to 1
bear 1
jove 1
weighs 1
affairs 1
of 1
earth 1
in 1
dubious 1
scales 1
and 1
the 1
good 1
suffers 1
while 1
the 1
bad 1
prevails 1
bear 1
with 1
a 1
soul 1
resignd 1
the 1
will 1
of 1
jove 1
who 1
breathes 1
must 1
mourn 1
thy 1
woes 1
are 1
from 1
above 1
but 1
since 1
thou 1
treadst 1
our 1
hospitable 1
shore 1
tis 1
mine 1
to 1
bid 1
the 1
wretched 1
grieve 1
no 1
more 1
to 1
clothe 1
the 1
naked 1
and 1
thy 1
way 1
to 1
guide 1
know 1
the 1
phaecian 1
tribes 1
this 1
land 1
divide 1
from 1
great 1
alcinous 1
royal 1
loins 1
i 1
spring 1
a 1
happy 1
nation 1
and 1
a 1
happy 1
king 1
then 1
to 1
her 1
maids 1
why 1
why 1
ye 1
coward 1
train 1
these 1
fears 1
this 1
flight 1
ye 1
fear 1
and 1
fly 1
in 1
vain 1
dread 1
ye 1
a 1
foe 1
dismiss 1
that 1
idle 1
dread 1
tis 1
death 1
with 1
hostile 1
step 1
these 1
shores 1
to 1
tread 1
safe 1
in 1
the 1
love 1
of 1
heaven 1
an 1
ocean 1
flows 1
around 1
our 1
realm 1
a 1
barrier 1
from 1
the 1
foes 1
tis 1
ours 1
this 1
son 1
of 1
sorrow 1
to 1
relieve 1
cheer 1
the 1
sad 1
heart 1
nor 1
let 1
affliction 1
grieve 1
by 1
jove 1
the 1
stranger 1
and 1
the 1
poor 1
are 1
sent 1
and 1
what 1
to 1
those 1
we 1
give 1
to 1
jove 1
is 1
lent 1
then 1
food 1
supply 1
and 1
bathe 1
his 1
fainting 1
limbs 1
where 1
waving 1
shades 1
obscure 1
the 1
mazy 1
streams 1
obedient 1
to 1
the 1
call 1
the 1
chief 1
they 1
guide 1
to 1
the 1
calm 1
current 1
of 1
the 1
secret 1
tide 1
close 1
by 1
the 1
stream 1
a 1
royal 1
dress 1
they 1
lay 1
a 1
vest 1
and 1
robe 1
with 1
rich 1
embroidery 1
gay 1
then 1
unguents 1
in 1
a 1
vase 1
of 1
gold 1
supply 1
that 1
breathed 1
a 1
fragrance 1
through 1
the 1
balmy 1
sky 1
to 1
them 1
the 1
king 1
no 1
longer 1
i 1
detain 1
your 1
friendly 1
care 1
retire 1
ye 1
virgin 1
train 1
retire 1
while 1
from 1
my 1
wearied 1
limbs 1
i 1
lave 1
the 1
foul 1
pollution 1
of 1
the 1
briny 1
wave 1
ye 1
gods 1
since 1
this 1
worn 1
frame 1
refection 1
know 1
what 1
scenes 1
have 1
i 1
surveyed 1
of 1
dreadful 1
view 1
but 1
nymphs 1
recede 1
sage 1
chastity 1
denies 1
to 1
raise 1
the 1
blush 1
or 1
pain 1
the 1
modest 1
eyes 1
the 1
nymphs 1
withdrawn 1
at 1
once 1
into 1
the 1
tide 1
active 1
he 1
bounds 1
the 1
flashing 1
waves 1
divide 1
oer 1
all 1
his 1
limbs 1
his 1
hands 1
the 1
waves 1
diffuse 1
and 1
from 1
his 1
locks 1
compress 1
the 1
weedy 1
ooze 1
the 1
balmy 1
oil 1
a 1
fragrant 1
shower 1
be 1
sheds 1
then 1
dressed 1
in 1
pomp 1
magnificently 1
treads 1
the 1
warriorgoddess 1
gives 1
his 1
frame 1
to 1
shine 1
with 1
majesty 1
enlarged 1
and 1
air 1
divine 1
back 1
from 1
his 1
brows 1
a 1
length 1
of 1
hair 1
unfurls 1
his 1
hyacinthine 1
locks 1
descend 1
in 1
wavy 1
curls 1
as 1
by 1
some 1
artist 1
to 1
whom 1
vulcan 1
gives 1
his 1
skill 1
divine 1
a 1
breathing 1
statue 1
lives 1
by 1
pallas 1
taught 1
he 1
frames 1
the 1
wondrous 1
mould 1
and 1
oer 1
the 1
silver 1
pours 1
the 1
fusile 1
gold 1
so 1
pallas 1
his 1
heroic 1
frame 1
improves 1
with 1
heavenly 1
bloom 1
and 1
like 1
a 1
god 1
he 1
moves 1
a 1
fragrance 1
breathes 1
around 1
majestic 1
grace 1
attends 1
his 1
steps 1
the 1
astonished 1
virgins 1
gaze 1
soft 1
he 1
reclines 1
along 1
the 1
murmuring 1
seas 1
inhaling 1
freshness 1
from 1
the 1
fanning 1
breeze 1
the 1
wondering 1
nymph 1
his 1
glorious 1
port 1
surveyd 1
and 1
to 1
her 1
damsels 1
with 1
amazement 1
said 1
not 1
without 1
care 1
divine 1
the 1
stranger 1
treads 1
this 1
land 1
of 1
joy 1
his 1
steps 1
some 1
godhead 1
leads 1
would 1
jove 1
destroy 1
him 1
sure 1
he 1
had 1
been 1
driven 1
far 1
from 1
this 1
realm 1
the 1
favourite 1
isle 1
of 1
heaven 1
late 1
a 1
sad 1
spectacle 1
of 1
woe 1
he 1
trod 1
the 1
desert 1
sands 1
and 1
now 1
be 1
looks 1
a 1
god 1
oh 1
heaven 1
in 1
my 1
connubial 1
hour 1
decree 1
this 1
man 1
my 1
spouse 1
or 1
such 1
a 1
spouse 1
as 1
he 1
but 1
haste 1
the 1
viands 1
and 1
the 1
bowl 1
provide 1
the 1
maids 1
the 1
viands 1
and 1
the 1
bowl 1
supplied 1
eager 1
he 1
fed 1
for 1
keen 1
his 1
hunger 1
raged 1
and 1
with 1
the 1
generous 1
vintage 1
thirst 1
assuaged 1
now 1
on 1
return 1
her 1
care 1
nausicaa 1
bends 1
the 1
robes 1
resumes 1
the 1
glittering 1
car 1
ascends 1
far 1
blooming 1
oer 1
the 1
field 1
and 1
as 1
she 1
pressd 1
the 1
splendid 1
seat 1
the 1
listening 1
chief 1
addressd 1
stranger 1
arise 1
the 1
sun 1
rolls 1
down 1
the 1
day 1
lo 1
to 1
the 1
palace 1
i 1
direct 1
thy 1
way 1
where 1
in 1
high 1
state 1
the 1
nobles 1
of 1
the 1
land 1
attend 1
my 1
royal 1
sire 1
a 1
radiant 1
band 1
but 1
hear 1
though 1
wisdom 1
in 1
thy 1
soul 1
presides 1
speaks 1
from 1
thy 1
tongue 1
and 1
every 1
action 1
guides 1
advance 1
at 1
distance 1
while 1
i 1
pass 1
the 1
plain 1
where 1
oer 1
the 1
furrows 1
waves 1
the 1
golden 1
grain 1
alone 1
i 1
reascendwith 1
airy 1
mounds 1
a 1
strength 1
of 1
wall 1
the 1
guarded 1
city 1
bounds 1
the 1
jutting 1
land 1
two 1
ample 1
bays 1
divides 1
full 1
through 1
the 1
narrow 1
mouths 1
descend 1
the 1
tides 1
the 1
spacious 1
basons 1
arching 1
rocks 1
enclose 1
a 1
sure 1
defence 1
from 1
every 1
storm 1
that 1
blows 1
close 1
to 1
the 1
bay 1
great 1
neptunes 1
fane 1
adjoins 1
and 1
near 1
a 1
forum 1
flankd 1
with 1
marble 1
shines 1
where 1
the 1
bold 1
youth 1
the 1
numerous 1
fleets 1
to 1
store 1
shape 1
the 1
broad 1
sail 1
or 1
smooth 1
the 1
taper 1
oar 1
for 1
not 1
the 1
bow 1
they 1
bend 1
nor 1
boast 1
the 1
skill 1
to 1
give 1
the 1
featherd 1
arrow 1
wings 1
to 1
kill 1
but 1
the 1
tall 1
mast 1
above 1
the 1
vessel 1
rear 1
or 1
teach 1
the 1
fluttering 1
sail 1
to 1
float 1
in 1
air 1
they 1
rush 1
into 1
the 1
deep 1
with 1
eager 1
joy 1
climb 1
the 1
steep 1
surge 1
and 1
through 1
the 1
tempest 1
fly 1
a 1
proud 1
unpolishd 1
raceto 1
me 1
belongs 1
the 1
care 1
to 1
shun 1
the 1
blast 1
of 1
slanderous 1
tongues 1
lest 1
malice 1
prone 1
the 1
virtuous 1
to 1
defame 1
thus 1
with 1
wild 1
censure 1
taint 1
my 1
spotless 1
name 1
what 1
stranger 1
this 1
whom 1
thus 1
nausicaa 1
leads 1
heavens 1
with 1
what 1
graceful 1
majesty 1
he 1
treads 1
perhaps 1
a 1
native 1
of 1
some 1
distant 1
shore 1
the 1
future 1
consort 1
of 1
her 1
bridal 1
hour 1
or 1
rather 1
some 1
descendant 1
of 1
the 1
skies 1
won 1
by 1
her 1
prayer 1
the 1
aerial 1
bridegroom 1
flies 1
heaven 1
on 1
that 1
hour 1
its 1
choicest 1
influence 1
shed 1
that 1
gave 1
a 1
foreign 1
spouse 1
to 1
crown 1
her 1
bed 1
all 1
all 1
the 1
godlike 1
worthies 1
that 1
adorn 1
this 1
realm 1
she 1
flies 1
phaeacia 1
is 1
her 1
scorn 1
and 1
just 1
the 1
blame 1
for 1
female 1
innocence 1
not 1
only 1
flies 1
the 1
guilt 1
but 1
shuns 1
the 1
offence 1
the 1
unguarded 1
virgin 1
as 1
unchaste 1
i 1
blame 1
and 1
the 1
least 1
freedom 1
with 1
the 1
sex 1
is 1
shame 1
till 1
our 1
consenting 1
sires 1
a 1
spouse 1
provide 1
and 1
public 1
nuptials 1
justify 1
the 1
bride 1
but 1
wouldst 1
thou 1
soon 1
review 1
thy 1
native 1
plain 1
attend 1
and 1
speedy 1
thou 1
shalt 1
pass 1
the 1
main 1
nigh 1
where 1
a 1
grove 1
with 1
verdant 1
poplars 1
crownd 1
to 1
pallas 1
sacred 1
shades 1
the 1
holy 1
ground 1
we 1
bend 1
our 1
way 1
a 1
bubbling 1
fount 1
distills 1
a 1
lucid 1
lake 1
and 1
thence 1
descends 1
in 1
rills 1
around 1
the 1
grove 1
a 1
mead 1
with 1
lively 1
green 1
falls 1
by 1
degrees 1
and 1
forms 1
a 1
beauteous 1
scene 1
here 1
a 1
rich 1
juice 1
the 1
royal 1
vineyard 1
pours 1
and 1
there 1
the 1
garden 1
yields 1
a 1
waste 1
of 1
flowers 1
hence 1
lies 1
the 1
town 1
as 1
far 1
as 1
to 1
the 1
ear 1
floats 1
a 1
strong 1
shout 1
along 1
the 1
waves 1
of 1
air 1
there 1
wait 1
embowerd 1
while 1
i 1
ascend 1
alone 1
to 1
great 1
alcinous 1
on 1
his 1
royal 1
throne 1
arrived 1
advance 1
impatient 1
of 1
delay 1
and 1
to 1
the 1
lofty 1
palace 1
bend 1
thy 1
way 1
the 1
lofty 1
palace 1
overlooks 1
the 1
town 1
from 1
every 1
dome 1
by 1
pomp 1
superior 1
known 1
a 1
child 1
may 1
point 1
the 1
way 1
with 1
earnest 1
gait 1
seek 1
thou 1
the 1
queen 1
along 1
the 1
rooms 1
of 1
state 1
her 1
royal 1
hand 1
a 1
wondrous 1
work 1
designs 1
around 1
a 1
circle 1
of 1
bright 1
damsels 1
shines 1
part 1
twist 1
the 1
threads 1
and 1
part 1
the 1
wool 1
dispose 1
while 1
with 1
the 1
purple 1
orb 1
the 1
spindle 1
glows 1
high 1
on 1
a 1
throne 1
amid 1
the 1
scherian 1
powers 1
my 1
royal 1
father 1
shares 1
the 1
genial 1
hours 1
but 1
to 1
the 1
queen 1
thy 1
mournful 1
tale 1
disclose 1
with 1
the 1
prevailing 1
eloquence 1
of 1
woes 1
so 1
shalt 1
thou 1
view 1
with 1
joy 1
thy 1
natal 1
shore 1
though 1
mountains 1
rise 1
between 1
and 1
oceans 1
roar 1
she 1
added 1
not 1
but 1
waving 1
as 1
she 1
wheeld 1
the 1
silver 1
scourge 1
it 1
glitterd 1
oer 1
the 1
field 1
with 1
skill 1
the 1
virgin 1
guides 1
the 1
embroiderd 1
rein 1
slow 1
rolls 1
the 1
car 1
before 1
the 1
attending 1
train 1
now 1
whirling 1
down 1
the 1
heavens 1
the 1
golden 1
day 1
shot 1
through 1
the 1
western 1
clouds 1
a 1
dewy 1
ray 1
the 1
grove 1
they 1
reach 1
where 1
from 1
the 1
sacred 1
shade 1
to 1
pallas 1
thus 1
the 1
pensive 1
hero 1
prayd 1
daughter 1
of 1
jove 1
whose 1
arms 1
in 1
thunder 1
wield 1
the 1
avenging 1
bolt 1
and 1
shake 1
the 1
dreadful 1
shield 1
forsook 1
by 1
thee 1
in 1
vain 1
i 1
sought 1
thy 1
aid 1
when 1
booming 1
billows 1
closed 1
above 1
my 1
bead 1
attend 1
unconquerd 1
maid 1
accord 1
my 1
vows 1
bid 1
the 1
great 1
hear 1
and 1
pitying 1
heal 1
my 1
woes 1
this 1
heard 1
minerva 1
but 1
forbore 1
to 1
fly 1
by 1
neptune 1
awed 1
apparent 1
from 1
the 1
sky 1
stern 1
god 1
who 1
raged 1
with 1
vengeance 1
unrestraind 1
till 1
great 1
ulysses 1
haild 1
his 1
native 1
land 1
book 1
vii 1
argument 1
the 1
court 1
of 1
alcinous 1
the 1
princess 1
nausicaa 1
returns 1
to 1
the 1
city 1
and 1
ulysses 1
soon 1
after 1
follows 1
thither 1
he 1
is 1
met 1
by 1
pallas 1
in 1
the 1
form 1
of 1
a 1
young 1
virgin 1
who 1
guides 1
him 1
to 1
the 1
palace 1
and 1
directs 1
him 1
in 1
what 1
manner 1
to 1
address 1
the 1
queen 1
arete 1
she 1
then 1
involves 1
him 1
in 1
a 1
mist 1
which 1
causes 1
him 1
to 1
pass 1
invisible 1
the 1
palace 1
and 1
gardens 1
of 1
alcinous 1
described 1
ulysses 1
falling 1
at 1
the 1
feet 1
of 1
the 1
queen 1
the 1
mist 1
disperses 1
the 1
phaecians 1
admire 1
and 1
receive 1
him 1
with 1
respect 1
the 1
queen 1
inquiring 1
by 1
what 1
means 1
he 1
had 1
the 1
garments 1
he 1
then 1
wore 1
be 1
relates 1
to 1
her 1
and 1
alcinous 1
his 1
departure 1
from 1
calypso 1
and 1
his 1
arrival 1
in 1
their 1
dominions 1
the 1
same 1
day 1
continues 1
and 1
the 1
book 1
ends 1
with 1
the 1
night 1
the 1
patient 1
heavenly 1
man 1
thus 1
suppliant 1
prayd 1
while 1
the 1
slow 1
mules 1
draws 1
on 1
the 1
imperial 1
maid 1
through 1
the 1
proud 1
street 1
she 1
moves 1
the 1
public 1
gaze 1
the 1
turning 1
wheel 1
before 1
the 1
palace 1
stays 1
with 1
ready 1
love 1
her 1
brothers 1
gathering 1
round 1
received 1
the 1
vestures 1
and 1
the 1
mules 1
unbound 1
she 1
seeks 1
the 1
bridal 1
bower 1
a 1
matron 1
there 1
the 1
rising 1
fire 1
supplies 1
with 1
busy 1
care 1
whose 1
charms 1
in 1
youth 1
her 1
fathers 1
heart 1
inflamed 1
now 1
worn 1
with 1
age 1
eurymedusa 1
named 1
the 1
captive 1
dame 1
phaeacian 1
rovers 1
bore 1
snatchd 1
from 1
epirus 1
her 1
sweet 1
native 1
shore 1
a 1
grateful 1
prize 1
and 1
in 1
her 1
bloom 1
bestowd 1
on 1
good 1
alcinous 1
honord 1
as 1
a 1
god 1
nurse 1
of 1
nausicaa 1
from 1
her 1
infant 1
years 1
and 1
tender 1
second 1
to 1
a 1
mothers 1
cares 1
now 1
from 1
the 1
sacred 1
thicket 1
where 1
he 1
lay 1
to 1
town 1
ulysses 1
took 1
the 1
winding 1
way 1
propitious 1
pallas 1
to 1
secure 1
her 1
care 1
around 1
him 1
spread 1
a 1
veil 1
of 1
thickend 1
air 1
to 1
shun 1
the 1
encounter 1
of 1
the 1
vulgar 1
crowd 1
insulting 1
still 1
inquisitive 1
and 1
loud 1
when 1
near 1
the 1
famed 1
phaeacian 1
walls 1
he 1
drew 1
the 1
beauteous 1
city 1
opening 1
to 1
his 1
view 1
his 1
step 1
a 1
virgin 1
met 1
and 1
stood 1
before 1
a 1
polishd 1
urn 1
the 1
seeming 1
virgin 1
bore 1
and 1
youthful 1
smiled 1
but 1
in 1
the 1
low 1
disguise 1
lay 1
hid 1
the 1
goddess 1
with 1
the 1
azure 1
eyes 1
show 1
me 1
fair 1
daughter 1
thus 1
the 1
chief 1
demands 1
the 1
house 1
of 1
him 1
who 1
rules 1
these 1
happy 1
lands 1
through 1
many 1
woes 1
and 1
wanderings 1
do 1
i 1
come 1
to 1
good 1
alcinous 1
hospitable 1
dome 1
far 1
from 1
my 1
native 1
coast 1
i 1
rove 1
alone 1
a 1
wretched 1
stranger 1
and 1
of 1
all 1
unknown 1
the 1
goddess 1
answerd 1
father 1
i 1
obey 1
and 1
point 1
the 1
wandering 1
traveller 1
his 1
way 1
well 1
known 1
to 1
me 1
the 1
palace 1
you 1
inquire 1
for 1
fast 1
beside 1
it 1
dwells 1
my 1
honourd 1
sire 1
but 1
silent 1
march 1
nor 1
greet 1
the 1
common 1
train 1
with 1
question 1
needless 1
or 1
inquiry 1
vain 1
a 1
race 1
of 1
ragged 1
mariners 1
are 1
these 1
unpolishd 1
men 1
and 1
boisterous 1
as 1
their 1
seas 1
the 1
native 1
islanders 1
alone 1
their 1
care 1
and 1
hateful 1
he 1
who 1
breathes 1
a 1
foreign 1
air 1
these 1
did 1
the 1
ruler 1
of 1
the 1
deep 1
ordain 1
to 1
build 1
proud 1
navies 1
and 1
command 1
the 1
main 1
on 1
canvas 1
wings 1
to 1
cut 1
the 1
watery 1
way 1
no 1
bird 1
so 1
light 1
no 1
thought 1
so 1
swift 1
as 1
they 1
thus 1
having 1
spoke 1
the 1
unknown 1
celestial 1
leads 1
the 1
footsteps 1
of 1
the 1
duty 1
he 1
treads 1
and 1
secret 1
moves 1
along 1
the 1
crowded 1
space 1
unseen 1
of 1
all 1
the 1
rude 1
phaeacian 1
race 1
so 1
pallas 1
orderd 1
pallas 1
to 1
their 1
eyes 1
the 1
mist 1
objected 1
and 1
condensed 1
the 1
skies 1
the 1
chief 1
with 1
wonder 1
sees 1
the 1
extended 1
streets 1
the 1
spreading 1
harbours 1
and 1
the 1
riding 1
fleets 1
he 1
next 1
their 1
princes 1
lofty 1
domes 1
admires 1
in 1
separate 1
islands 1
crownd 1
with 1
rising 1
spires 1
and 1
deep 1
entrenchments 1
and 1
high 1
walls 1
of 1
stone 1
that 1
gird 1
the 1
city 1
like 1
a 1
marble 1
zone 1
at 1
length 1
the 1
kingly 1
palacegates 1
he 1
viewd 1
there 1
stoppd 1
the 1
goddess 1
and 1
her 1
speech 1
renewd 1
my 1
task 1
is 1
done 1
the 1
mansion 1
you 1
inquire 1
appears 1
before 1
you 1
enter 1
and 1
admire 1
highthroned 1
and 1
feasting 1
there 1
thou 1
shalt 1
behold 1
the 1
sceptred 1
rulers 1
fear 1
not 1
but 1
be 1
bold 1
a 1
decent 1
boldness 1
ever 1
meets 1
with 1
friends 1
succeeds 1
and 1
even 1
a 1
stranger 1
recommends 1
first 1
to 1
the 1
queen 1
prefer 1
a 1
suppliants 1
claim 1
alcinous 1
queen 1
arete 1
is 1
her 1
name 1
the 1
same 1
her 1
parents 1
and 1
her 1
power 1
the 1
same 1
for 1
know 1
from 1
oceans 1
god 1
nausithous 1
sprung 1
and 1
peribaea 1
beautiful 1
and 1
young 1
eurymedons 1
last 1
hope 1
who 1
ruled 1
of 1
old 1
the 1
race 1
of 1
giants 1
impious 1
proud 1
and 1
bold 1
perishd 1
the 1
nation 1
in 1
unrighteous 1
war 1
perishd 1
the 1
prince 1
and 1
left 1
this 1
only 1
heir 1
who 1
now 1
by 1
neptunes 1
amorous 1
power 1
compressd 1
produced 1
a 1
monarch 1
that 1
his 1
people 1
blessd 1
father 1
and 1
prince 1
of 1
the 1
phaeacian 1
name 1
from 1
him 1
rhexenor 1
and 1
alcinous 1
came 1
the 1
first 1
by 1
phoebus 1
hurtling 1
arrows 1
fired 1
new 1
from 1
his 1
nuptials 1
hapless 1
youth 1
expired 1
no 1
son 1
survived 1
arete 1
heird 1
his 1
state 1
and 1
her 1
alcinous 1
chose 1
his 1
royal 1
mate 1
with 1
honours 1
yet 1
to 1
womankind 1
unknown 1
this 1
queen 1
he 1
graces 1
and 1
divides 1
the 1
throne 1
in 1
equal 1
tenderness 1
her 1
sons 1
conspire 1
and 1
all 1
the 1
children 1
emulate 1
their 1
sire 1
when 1
through 1
the 1
streets 1
she 1
gracious 1
deigns 1
to 1
move 1
the 1
public 1
wonder 1
and 1
the 1
public 1
love 1
the 1
tongues 1
of 1
all 1
with 1
transport 1
sound 1
her 1
praise 1
the 1
eyes 1
of 1
all 1
as 1
on 1
a 1
goddess 1
gaze 1
she 1
feels 1
the 1
triumph 1
of 1
a 1
generous 1
breast 1
to 1
heal 1
divisions 1
to 1
relieve 1
the 1
oppressd 1
in 1
virtue 1
rich 1
in 1
blessing 1
others 1
blessd 1
to 1
then 1
secure 1
thy 1
humble 1
suit 1
prefer 1
and 1
owe 1
thy 1
country 1
and 1
thy 1
friends 1
to 1
her 1
with 1
that 1
the 1
goddess 1
deignd 1
no 1
longer 1
stay 1
but 1
oer 1
the 1
world 1
of 1
waters 1
wingd 1
her 1
way 1
forsaking 1
scherias 1
everpleasing 1
shore 1
the 1
winds 1
to 1
marathon 1
the 1
virgin 1
bore 1
thence 1
where 1
proud 1
athens 1
rears 1
her 1
towery 1
head 1
with 1
opening 1
streets 1
and 1
shining 1
structures 1
spread 1
she 1
passd 1
delighted 1
with 1
the 1
wellknown 1
seats 1
and 1
to 1
erectheus 1
sacred 1
dome 1
retreats 1
meanwhile 1
ulysses 1
at 1
the 1
palace 1
waits 1
there 1
stops 1
and 1
anxious 1
with 1
his 1
soul 1
debates 1
fixd 1
in 1
amaze 1
before 1
the 1
royal 1
gates 1
the 1
front 1
appeard 1
with 1
radiant 1
splendours 1
gay 1
bright 1
as 1
the 1
lamp 1
of 1
night 1
or 1
orb 1
of 1
day 1
the 1
walls 1
were 1
massy 1
brass 1
the 1
cornice 1
high 1
blue 1
metals 1
crownd 1
in 1
colours 1
of 1
the 1
sky 1
rich 1
plates 1
of 1
gold 1
the 1
folding 1
doors 1
incase 1
the 1
pillars 1
silver 1
on 1
a 1
brazen 1
base 1
silver 1
the 1
lintels 1
deepprojecting 1
oer 1
and 1
gold 1
the 1
ringlets 1
that 1
command 1
the 1
door 1
two 1
rows 1
of 1
stately 1
dogs 1
on 1
either 1
hand 1
in 1
sculptured 1
gold 1
and 1
labourd 1
silver 1
stood 1
these 1
vulcan 1
formd 1
with 1
art 1
divine 1
to 1
wait 1
immortal 1
guardians 1
at 1
alcinous 1
gate 1
alive 1
each 1
animated 1
frame 1
appears 1
and 1
still 1
to 1
live 1
beyond 1
the 1
power 1
of 1
years 1
fair 1
thrones 1
within 1
from 1
space 1
to 1
space 1
were 1
raised 1
where 1
various 1
carpets 1
with 1
embroidery 1
blessed 1
the 1
work 1
of 1
matrons 1
these 1
the 1
princes 1
pressd 1
day 1
following 1
day 1
a 1
longcontinued 1
feast 1
refulgent 1
pedestals 1
the 1
walls 1
surround 1
which 1
boys 1
of 1
gold 1
with 1
illuming 1
torches 1
crownd 1
the 1
polishd 1
oar 1
reflecting 1
every 1
ray 1
blazed 1
on 1
the 1
banquets 1
with 1
a 1
double 1
day 1
full 1
fifty 1
handmaids 1
form 1
the 1
household 1
train 1
some 1
turn 1
the 1
mill 1
or 1
sift 1
the 1
golden 1
grain 1
some 1
ply 1
the 1
loom 1
their 1
busy 1
fingers 1
move 1
like 1
poplarleaves 1
when 1
zephyr 1
fans 1
the 1
grove 1
not 1
more 1
renownd 1
the 1
men 1
of 1
scherias 1
isle 1
for 1
sailing 1
arts 1
and 1
all 1
the 1
naval 1
toil 1
than 1
works 1
of 1
female 1
skill 1
their 1
womens 1
pride 1
the 1
flying 1
shuttle 1
through 1
the 1
threads 1
to 1
guide 1
pallas 1
to 1
these 1
her 1
double 1
gifts 1
imparts 1
incentive 1
genius 1
and 1
industrious 1
arts 1
close 1
to 1
the 1
gates 1
a 1
spacious 1
garden 1
lies 1
from 1
storms 1
defended 1
and 1
inclement 1
skies 1
four 1
acres 1
was 1
the 1
allotted 1
space 1
of 1
ground 1
fenced 1
with 1
a 1
green 1
enclosure 1
all 1
around 1
tall 1
thriving 1
trees 1
confessd 1
the 1
fruitful 1
mould 1
the 1
reddening 1
apple 1
ripens 1
here 1
to 1
gold 1
here 1
the 1
blue 1
fig 1
with 1
luscious 1
juice 1
oerflows 1
with 1
deeper 1
red 1
the 1
full 1
pomegranate 1
glows 1
the 1
branch 1
here 1
bends 1
beneath 1
the 1
weighty 1
pear 1
and 1
verdant 1
olives 1
flourish 1
round 1
the 1
year 1
the 1
balmy 1
spirit 1
of 1
the 1
western 1
gale 1
eternal 1
breathes 1
on 1
fruits 1
unthought 1
to 1
fail 1
each 1
dropping 1
pear 1
a 1
following 1
pear 1
supplies 1
on 1
apples 1
apples 1
figs 1
on 1
figs 1
arise 1
the 1
same 1
mild 1
season 1
gives 1
the 1
blooms 1
to 1
blow 1
the 1
buds 1
to 1
harden 1
and 1
the 1
fruits 1
to 1
grow 1
here 1
orderd 1
vines 1
in 1
equal 1
ranks 1
appear 1
with 1
all 1
the 1
united 1
labours 1
of 1
the 1
year 1
some 1
to 1
unload 1
the 1
fertile 1
branches 1
run 1
some 1
dry 1
the 1
blackening 1
clusters 1
in 1
the 1
sun 1
others 1
to 1
tread 1
the 1
liquid 1
harvest 1
join 1
the 1
groaning 1
presses 1
foam 1
with 1
floods 1
of 1
wine 1
here 1
are 1
the 1
vines 1
in 1
early 1
flower 1
descried 1
here 1
grapes 1
discolourd 1
on 1
the 1
sunnyside 1
and 1
there 1
in 1
autumns 1
richest 1
purple 1
dyed 1
beds 1
of 1
all 1
various 1
herbs 1
for 1
ever 1
green 1
in 1
beauteous 1
order 1
terminate 1
the 1
scene 1
two 1
plenteous 1
fountains 1
the 1
whole 1
prospect 1
crownd 1
this 1
through 1
the 1
gardens 1
leads 1
its 1
streams 1
around 1
visits 1
each 1
plant 1
and 1
waters 1
all 1
the 1
ground 1
while 1
that 1
in 1
pipes 1
beneath 1
the 1
palace 1
flows 1
and 1
thence 1
its 1
current 1
on 1
the 1
town 1
bestows 1
to 1
various 1
use 1
their 1
various 1
streams 1
they 1
bring 1
the 1
people 1
one 1
and 1
one 1
supplies 1
the 1
king 1
such 1
were 1
the 1
glories 1
which 1
the 1
gods 1
ordaind 1
to 1
grace 1
alcinous 1
and 1
his 1
happy 1
land 1
een 1
from 1
the 1
chief 1
whom 1
men 1
and 1
nations 1
knew 1
the 1
unwonted 1
scene 1
surprise 1
and 1
rapture 1
drew 1
in 1
pleasing 1
thought 1
he 1
ran 1
the 1
prospect 1
oer 1
then 1
hasty 1
enterd 1
at 1
the 1
lofty 1
door 1
night 1
now 1
approaching 1
in 1
the 1
palace 1
stand 1
with 1
goblets 1
crownd 1
the 1
rulers 1
of 1
the 1
land 1
prepared 1
for 1
rest 1
and 1
offering 1
to 1
the 1
god 1
who 1
bears 1
the 1
virtue 1
of 1
the 1
sleepy 1
rod 1
unseen 1
he 1
glided 1
through 1
the 1
joyous 1
crowd 1
with 1
darkness 1
circled 1
and 1
an 1
ambient 1
cloud 1
direct 1
to 1
great 1
alcinous 1
throne 1
he 1
came 1
and 1
prostrate 1
fell 1
before 1
the 1
imperial 1
dame 1
then 1
from 1
around 1
him 1
droppd 1
the 1
veil 1
of 1
night 1
sudden 1
he 1
shines 1
and 1
manifest 1
to 1
sight 1
the 1
nobles 1
gaze 1
with 1
awful 1
fear 1
oppressd 1
silent 1
they 1
gaze 1
and 1
eye 1
the 1
godlike 1
guest 1
daughter 1
of 1
great 1
rhexenor 1
thus 1
began 1
low 1
at 1
her 1
knees 1
the 1
muchenduring 1
man 1
to 1
thee 1
thy 1
consort 1
and 1
this 1
royal 1
train 1
to 1
all 1
that 1
share 1
the 1
blessings 1
of 1
your 1
reign 1
a 1
suppliant 1
bends 1
oh 1
pity 1
human 1
woe 1
tis 1
what 1
the 1
happy 1
to 1
the 1
unhappy 1
owe 1
a 1
wretched 1
exile 1
to 1
his 1
country 1
send 1
long 1
worn 1
with 1
griefs 1
and 1
long 1
without 1
a 1
friend 1
so 1
may 1
the 1
gods 1
your 1
better 1
days 1
increase 1
and 1
all 1
your 1
joys 1
descend 1
on 1
all 1
your 1
race 1
so 1
reign 1
for 1
ever 1
on 1
your 1
countrys 1
breast 1
your 1
people 1
blessing 1
by 1
your 1
people 1
blessd 1
then 1
to 1
the 1
genial 1
hearth 1
he 1
bowd 1
his 1
face 1
and 1
humbled 1
in 1
the 1
ashes 1
took 1
his 1
place 1
silence 1
ensued 1
the 1
eldest 1
first 1
began 1
echeneus 1
sage 1
a 1
venerable 1
man 1
whose 1
welltaught 1
mind 1
the 1
present 1
age 1
surpassd 1
and 1
joind 1
to 1
that 1
the 1
experience 1
of 1
the 1
last 1
fit 1
words 1
attended 1
on 1
his 1
weighty 1
sense 1
and 1
mild 1
persuasion 1
flowd 1
in 1
eloquence 1
oh 1
sight 1
he 1
cried 1
dishonest 1
and 1
unjust 1
a 1
guest 1
a 1
stranger 1
seated 1
in 1
the 1
dust 1
to 1
raise 1
the 1
lowly 1
suppliant 1
from 1
the 1
ground 1
befits 1
a 1
monarch 1
lo 1
the 1
peers 1
around 1
but 1
wait 1
thy 1
word 1
the 1
gentle 1
guest 1
to 1
grace 1
and 1
seat 1
him 1
fair 1
in 1
some 1
distinguishd 1
place 1
let 1
first 1
the 1
herald 1
due 1
libation 1
pay 1
to 1
jove 1
who 1
guides 1
the 1
wanderer 1
on 1
his 1
way 1
then 1
set 1
the 1
genial 1
banquet 1
in 1
his 1
view 1
and 1
give 1
the 1
strangerguest 1
a 1
strangers 1
due 1
his 1
sage 1
advice 1
the 1
listening 1
king 1
obeys 1
he 1
stretchd 1
his 1
hand 1
the 1
prudent 1
chief 1
to 1
raise 1
and 1
from 1
his 1
seat 1
laodamas 1
removed 1
the 1
monarchs 1
offspring 1
and 1
his 1
bestbeloved 1
there 1
next 1
his 1
side 1
the 1
godlike 1
hero 1
sate 1
with 1
stars 1
of 1
silver 1
shone 1
the 1
bed 1
of 1
state 1
the 1
golden 1
ewer 1
a 1
beauteous 1
handmaid 1
brings 1
replenishd 1
from 1
the 1
cool 1
translucent 1
springs 1
whose 1
polishd 1
vase 1
with 1
copious 1
streams 1
supplies 1
a 1
silver 1
layer 1
of 1
capacious 1
size 1
the 1
table 1
next 1
in 1
regal 1
order 1
spread 1
the 1
glittering 1
canisters 1
are 1
heapd 1
with 1
bread 1
viands 1
of 1
various 1
kinds 1
invite 1
the 1
taste 1
of 1
choicest 1
sort 1
and 1
savour 1
rich 1
repast 1
thus 1
feasting 1
high 1
alcinous 1
gave 1
the 1
sign 1
and 1
bade 1
the 1
herald 1
pour 1
the 1
rosy 1
wine 1
let 1
all 1
around 1
the 1
due 1
libation 1
pay 1
to 1
jove 1
who 1
guides 1
the 1
wanderer 1
on 1
his 1
way 1
he 1
said 1
pontonous 1
heard 1
the 1
kings 1
command 1
the 1
circling 1
goblet 1
moves 1
from 1
hand 1
to 1
hand 1
each 1
drinks 1
the 1
juice 1
that 1
glads 1
the 1
heart 1
of 1
man 1
alcinous 1
then 1
with 1
aspect 1
mild 1
began 1
princes 1
and 1
peers 1
attend 1
while 1
we 1
impart 1
to 1
you 1
the 1
thoughts 1
of 1
no 1
inhuman 1
heart 1
now 1
pleased 1
and 1
satiate 1
from 1
the 1
social 1
rite 1
repair 1
we 1
to 1
the 1
blessings 1
of 1
the 1
night 1
but 1
with 1
the 1
rising 1
day 1
assembled 1
here 1
let 1
all 1
the 1
elders 1
of 1
the 1
land 1
appear 1
pious 1
observe 1
our 1
hospitable 1
laws 1
and 1
heaven 1
propitiate 1
in 1
the 1
strangers 1
cause 1
then 1
joind 1
in 1
council 1
proper 1
means 1
explore 1
safe 1
to 1
transport 1
him 1
to 1
the 1
wishedfor 1
shore 1
how 1
distant 1
that 1
imports 1
us 1
not 1
to 1
know 1
nor 1
weigh 1
the 1
labour 1
but 1
relieve 1
the 1
woe 1
meantime 1
nor 1
harm 1
nor 1
anguish 1
let 1
him 1
bear 1
this 1
interval 1
heaven 1
trusts 1
him 1
to 1
our 1
care 1
but 1
to 1
his 1
native 1
land 1
our 1
charge 1
resignd 1
heavens 1
is 1
his 1
life 1
to 1
come 1
and 1
all 1
the 1
woes 1
behind 1
then 1
must 1
he 1
suffer 1
what 1
the 1
fates 1
ordain 1
for 1
fate 1
has 1
wove 1
the 1
thread 1
of 1
life 1
with 1
pain 1
and 1
twins 1
een 1
from 1
the 1
birth 1
are 1
misery 1
and 1
man 1
but 1
if 1
descended 1
from 1
the 1
olympian 1
bower 1
gracious 1
approach 1
us 1
some 1
immortal 1
power 1
if 1
in 1
that 1
form 1
thou 1
comest 1
a 1
guest 1
divine 1
some 1
high 1
event 1
the 1
conscious 1
gods 1
design 1
as 1
yet 1
unbid 1
they 1
never 1
graced 1
our 1
feast 1
the 1
solemn 1
sacrifice 1
calld 1
down 1
the 1
guest 1
then 1
manifest 1
of 1
heaven 1
the 1
vision 1
stood 1
and 1
to 1
our 1
eyes 1
familiar 1
was 1
the 1
god 1
oft 1
with 1
some 1
favourd 1
traveller 1
they 1
stray 1
and 1
shine 1
before 1
him 1
all 1
the 1
desert 1
way 1
with 1
social 1
intercourse 1
and 1
face 1
to 1
face 1
the 1
friends 1
and 1
guardians 1
of 1
our 1
pious 1
race 1
so 1
near 1
approach 1
we 1
their 1
celestial 1
kind 1
by 1
justice 1
truth 1
and 1
probity 1
of 1
mind 1
as 1
our 1
dire 1
neighbours 1
of 1
cyclopean 1
birth 1
match 1
in 1
fierce 1
wrong 1
the 1
giantsons 1
of 1
earth 1
let 1
no 1
such 1
thought 1
with 1
modest 1
grace 1
rejoind 1
the 1
prudent 1
greek 1
possess 1
the 1
royal 1
mind 1
alas 1
a 1
mortal 1
like 1
thyself 1
am 1
i 1
no 1
glorious 1
native 1
of 1
yon 1
azure 1
sky 1
in 1
form 1
ah 1
how 1
unlike 1
their 1
heavenly 1
kind 1
how 1
more 1
inferior 1
in 1
the 1
gifts 1
of 1
mind 1
alas 1
a 1
mortal 1
most 1
oppressd 1
of 1
those 1
whom 1
fate 1
has 1
loaded 1
with 1
a 1
weight 1
of 1
woes 1
by 1
a 1
sad 1
train 1
of 1
miseries 1
alone 1
distinguishd 1
long 1
and 1
second 1
now 1
to 1
none 1
by 1
heavens 1
high 1
will 1
compelld 1
from 1
shore 1
to 1
shore 1
with 1
heavens 1
high 1
will 1
prepared 1
to 1
suffer 1
more 1
what 1
histories 1
of 1
toil 1
could 1
i 1
declare 1
but 1
still 1
longwearied 1
nature 1
wants 1
repair 1
spent 1
with 1
fatigue 1
and 1
shrunk 1
with 1
pining 1
fast 1
my 1
craving 1
bowels 1
still 1
require 1
repast 1
howeer 1
the 1
noble 1
suffering 1
mind 1
may 1
grieve 1
its 1
load 1
of 1
anguish 1
and 1
disdain 1
to 1
live 1
necessity 1
demands 1
our 1
daily 1
bread 1
hunger 1
is 1
insolent 1
and 1
will 1
be 1
fed 1
but 1
finish 1
oh 1
ye 1
peers 1
what 1
you 1
propose 1
and 1
let 1
the 1
morrows 1
dawn 1
conclude 1
my 1
woes 1
pleased 1
will 1
i 1
suffer 1
all 1
the 1
gods 1
ordain 1
to 1
see 1
my 1
soil 1
my 1
son 1
my 1
friends 1
again 1
that 1
view 1
vouchsafed 1
let 1
instant 1
death 1
surprise 1
with 1
everduring 1
shade 1
these 1
happy 1
eyes 1
the 1
assembled 1
peers 1
with 1
general 1
praise 1
approved 1
his 1
pleaded 1
reason 1
and 1
the 1
suit 1
he 1
moved 1
each 1
drinks 1
a 1
full 1
oblivion 1
of 1
his 1
cares 1
and 1
to 1
the 1
gifts 1
of 1
balmy 1
sleep 1
repairs 1
ulysses 1
in 1
the 1
regal 1
walls 1
alone 1
remaind 1
beside 1
him 1
on 1
a 1
splendid 1
throne 1
divine 1
arete 1
and 1
alcinous 1
shone 1
the 1
queen 1
an 1
nearer 1
view 1
the 1
guest 1
surveyd 1
robd 1
in 1
the 1
garments 1
her 1
own 1
hands 1
had 1
made 1
not 1
without 1
wonder 1
seen 1
then 1
thus 1
began 1
her 1
words 1
addressing 1
to 1
the 1
godlike 1
man 1
camest 1
thou 1
hither 1
wondrous 1
stranger 1
i 1
say 1
from 1
lands 1
remote 1
and 1
oer 1
a 1
length 1
of 1
sea 1
tell 1
then 1
whence 1
art 1
thou 1
whence 1
that 1
princely 1
air 1
and 1
robes 1
like 1
these 1
so 1
recent 1
and 1
so 1
fair 1
hard 1
is 1
the 1
task 1
o 1
princess 1
you 1
impose 1
thus 1
sighing 1
spoke 1
the 1
man 1
of 1
many 1
woes 1
the 1
long 1
the 1
mournful 1
series 1
to 1
relate 1
of 1
all 1
my 1
sorrows 1
sent 1
by 1
heaven 1
and 1
fate 1
yet 1
what 1
you 1
ask 1
attend 1
an 1
island 1
lies 1
beyond 1
these 1
tracts 1
and 1
under 1
other 1
skies 1
ogygia 1
named 1
in 1
oceans 1
watery 1
arms 1
where 1
dwells 1
calypso 1
dreadful 1
in 1
her 1
charms 1
remote 1
from 1
gods 1
or 1
men 1
she 1
holds 1
her 1
reign 1
amid 1
the 1
terrors 1
of 1
a 1
rolling 1
main 1
me 1
only 1
me 1
the 1
hand 1
of 1
fortune 1
bore 1
unblest 1
to 1
tread 1
that 1
interdicted 1
shore 1
when 1
jove 1
tremendous 1
in 1
the 1
sable 1
deeps 1
launchd 1
his 1
red 1
lightning 1
at 1
our 1
scattered 1
ships 1
then 1
all 1
my 1
fleet 1
and 1
all 1
my 1
followers 1
lost 1
sole 1
on 1
a 1
plank 1
on 1
boiling 1
surges 1
tossd 1
heaven 1
drove 1
my 1
wreck 1
the 1
ogygian 1
isle 1
to 1
find 1
full 1
nine 1
days 1
floating 1
to 1
the 1
wave 1
and 1
wind 1
met 1
by 1
the 1
goddess 1
there 1
with 1
open 1
arms 1
she 1
bribed 1
my 1
stay 1
with 1
more 1
than 1
human 1
charms 1
nay 1
promised 1
vainly 1
promised 1
to 1
bestow 1
immortal 1
life 1
exempt 1
from 1
age 1
and 1
woe 1
but 1
all 1
her 1
blandishments 1
successless 1
prove 1
to 1
banish 1
from 1
my 1
breast 1
my 1
countrys 1
love 1
i 1
stay 1
reluctant 1
seven 1
continued 1
years 1
and 1
water 1
her 1
ambrosial 1
couch 1
with 1
tears 1
the 1
eighth 1
she 1
voluntary 1
moves 1
to 1
part 1
or 1
urged 1
by 1
jove 1
or 1
her 1
own 1
changeful 1
heart 1
a 1
raft 1
was 1
formed 1
to 1
cross 1
the 1
surging 1
sea 1
herself 1
supplied 1
the 1
stores 1
and 1
rich 1
array 1
and 1
gave 1
the 1
gales 1
to 1
waft 1
me 1
on 1
my 1
way 1
in 1
seventeen 1
days 1
appeard 1
your 1
pleasing 1
coast 1
and 1
woody 1
mountains 1
half 1
in 1
vapours 1
lost 1
joy 1
touched 1
my 1
soul 1
my 1
soul 1
was 1
joyd 1
in 1
vain 1
for 1
angry 1
neptune 1
roused 1
the 1
raging 1
main 1
the 1
wild 1
winds 1
whistle 1
and 1
the 1
billows 1
roar 1
the 1
splitting 1
raft 1
the 1
furious 1
tempest 1
tore 1
and 1
storms 1
vindictive 1
intercept 1
the 1
shore 1
soon 1
as 1
their 1
rage 1
subsides 1
the 1
seas 1
i 1
brave 1
with 1
naked 1
force 1
and 1
shoot 1
along 1
the 1
wave 1
to 1
reach 1
this 1
isle 1
but 1
there 1
my 1
hopes 1
were 1
lost 1
the 1
surge 1
impelld 1
me 1
on 1
a 1
craggy 1
coast 1
i 1
chose 1
the 1
safer 1
sea 1
and 1
chanced 1
to 1
find 1
a 1
rivers 1
mouth 1
impervious 1
to 1
the 1
wind 1
and 1
clear 1
of 1
rocks 1
i 1
fainted 1
by 1
the 1
flood 1
then 1
took 1
the 1
shelter 1
of 1
the 1
neighbouring 1
wood 1
twas 1
night 1
and 1
covered 1
in 1
the 1
foliage 1
deep 1
jove 1
plunged 1
my 1
senses 1
in 1
the 1
death 1
of 1
sleep 1
all 1
night 1
i 1
slept 1
oblivious 1
of 1
my 1
pain 1
aurora 1
dawned 1
and 1
phoebus 1
shined 1
in 1
vain 1
nor 1
till 1
oblique 1
he 1
sloped 1
his 1
evening 1
ray 1
had 1
somnus 1
dried 1
the 1
balmy 1
dews 1
away 1
then 1
female 1
voices 1
from 1
the 1
shore 1
i 1
heard 1
a 1
maid 1
amidst 1
them 1
goddesslike 1
appeard 1
to 1
her 1
i 1
sued 1
she 1
pitied 1
my 1
distress 1
like 1
thee 1
in 1
beauty 1
nor 1
in 1
virtue 1
less 1
who 1
from 1
such 1
youth 1
could 1
hope 1
considerate 1
care 1
in 1
youth 1
and 1
beauty 1
wisdom 1
is 1
but 1
rare 1
she 1
gave 1
me 1
life 1
relieved 1
with 1
just 1
supplies 1
my 1
wants 1
and 1
lent 1
these 1
robes 1
that 1
strike 1
your 1
eyes 1
this 1
is 1
the 1
truth 1
and 1
oh 1
ye 1
powers 1
on 1
high 1
forbid 1
that 1
want 1
should 1
sink 1
me 1
to 1
a 1
lie 1
to 1
this 1
the 1
king 1
our 1
daughter 1
but 1
expressd 1
her 1
cares 1
imperfect 1
to 1
our 1
godlike 1
guest 1
suppliant 1
to 1
her 1
since 1
first 1
he 1
chose 1
to 1
pray 1
why 1
not 1
herself 1
did 1
she 1
conduct 1
the 1
way 1
and 1
with 1
her 1
handmaids 1
to 1
our 1
court 1
convey 1
hero 1
and 1
king 1
ulysses 1
thus 1
replied 1
nor 1
blame 1
her 1
faultless 1
nor 1
suspect 1
of 1
pride 1
she 1
bade 1
me 1
follow 1
in 1
the 1
attendant 1
train 1
but 1
fear 1
and 1
reverence 1
did 1
my 1
steps 1
detain 1
lest 1
rash 1
suspicion 1
might 1
alarm 1
thy 1
mind 1
mans 1
of 1
a 1
jealous 1
and 1
mistaken 1
kind 1
far 1
from 1
my 1
soul 1
he 1
cried 1
the 1
gods 1
efface 1
all 1
wrath 1
illgrounded 1
and 1
suspicion 1
base 1
whateer 1
is 1
honest 1
stranger 1
i 1
approve 1
and 1
would 1
to 1
phoebus 1
pallas 1
and 1
to 1
jove 1
such 1
as 1
thou 1
art 1
thy 1
thought 1
and 1
mine 1
were 1
one 1
nor 1
thou 1
unwilling 1
to 1
be 1
called 1
my 1
son 1
in 1
such 1
alliance 1
couldst 1
thou 1
wish 1
to 1
join 1
a 1
palace 1
stored 1
with 1
treasures 1
should 1
be 1
thine 1
but 1
if 1
reluctant 1
who 1
shall 1
force 1
thy 1
stay 1
jove 1
bids 1
to 1
set 1
the 1
stranger 1
on 1
his 1
way 1
and 1
ships 1
shall 1
wait 1
thee 1
with 1
the 1
morning 1
ray 1
till 1
then 1
let 1
slumber 1
cross 1
thy 1
careful 1
eyes 1
the 1
wakeful 1
mariners 1
shall 1
watch 1
the 1
skies 1
and 1
seize 1
the 1
moment 1
when 1
the 1
breezes 1
rise 1
then 1
gently 1
waft 1
thee 1
to 1
the 1
pleasing 1
shore 1
where 1
thy 1
soul 1
rests 1
and 1
labour 1
is 1
no 1
more 1
far 1
as 1
euboea 1
though 1
thy 1
country 1
lay 1
our 1
ships 1
with 1
ease 1
transport 1
thee 1
in 1
a 1
day 1
thither 1
of 1
old 1
earths 1
giant 1
son 1
to 1
view 1
on 1
wings 1
of 1
wind 1
with 1
rhadamanth 1
they 1
flew 1
this 1
land 1
from 1
whence 1
their 1
morning 1
course 1
begun 1
saw 1
them 1
returning 1
with 1
the 1
setting 1
sun 1
your 1
eyes 1
shall 1
witness 1
and 1
confirm 1
my 1
tale 1
our 1
youth 1
how 1
dexterous 1
and 1
how 1
fleet 1
our 1
sail 1
when 1
justly 1
timed 1
with 1
equal 1
sweep 1
they 1
row 1
and 1
ocean 1
whitens 1
in 1
long 1
tracks 1
below 1
thus 1
he 1
no 1
word 1
the 1
experienced 1
man 1
replies 1
but 1
thus 1
to 1
heaven 1
and 1
heavenward 1
lifts 1
his 1
eyes 1
o 1
jove 1
o 1
father 1
what 1
the 1
king 1
accords 1
do 1
thou 1
make 1
perfect 1
sacred 1
be 1
his 1
words 1
wide 1
oer 1
the 1
world 1
alcinous 1
glory 1
shine 1
let 1
fame 1
be 1
his 1
and 1
ah 1
my 1
country 1
mine 1
meantime 1
arete 1
for 1
the 1
hour 1
of 1
rest 1
ordains 1
the 1
fleecy 1
couch 1
and 1
covering 1
vest 1
bids 1
her 1
fair 1
train 1
the 1
purple 1
quilts 1
prepare 1
and 1
the 1
thick 1
carpets 1
spread 1
with 1
busy 1
care 1
with 1
torches 1
blazing 1
in 1
their 1
hands 1
they 1
passd 1
and 1
finishd 1
all 1
their 1
queens 1
command 1
with 1
haste 1
then 1
gave 1
the 1
signal 1
to 1
the 1
willing 1
guest 1
he 1
rose 1
with 1
pleasure 1
and 1
retired 1
to 1
rest 1
there 1
soft 1
extended 1
to 1
the 1
murmuring 1
sound 1
of 1
the 1
high 1
porch 1
ulysses 1
sleeps 1
profound 1
within 1
released 1
from 1
cares 1
alcinous 1
lies 1
and 1
fast 1
beside 1
were 1
closed 1
aretes 1
eyes 1
book 1
viii 1
argument 1
alcinous 1
calls 1
a 1
council 1
in 1
which 1
it 1
is 1
resolved 1
to 1
transport 1
ulysses 1
into 1
his 1
country 1
after 1
which 1
splendid 1
entertainments 1
are 1
made 1
where 1
the 1
celebrated 1
musician 1
and 1
poet 1
demodocus 1
plays 1
and 1
sings 1
to 1
the 1
guests 1
they 1
next 1
proceed 1
to 1
the 1
games 1
the 1
race 1
the 1
wrestling 1
discus 1
c 1
where 1
ulysses 1
casts 1
a 1
prodigious 1
length 1
to 1
the 1
admiration 1
of 1
all 1
the 1
spectators 1
they 1
return 1
again 1
to 1
the 1
banquet 1
and 1
demodocus 1
sings 1
the 1
loves 1
of 1
mars 1
and 1
venus 1
ulysses 1
after 1
a 1
compliment 1
to 1
the 1
poet 1
desires 1
him 1
to 1
sing 1
the 1
introduction 1
of 1
the 1
wooden 1
horse 1
into 1
troy 1
which 1
subject 1
provoking 1
his 1
tears 1
alcinous 1
inquires 1
of 1
his 1
guest 1
his 1
name 1
parentage 1
and 1
fortunes 1
now 1
fair 1
aurora 1
lifts 1
her 1
golden 1
ray 1
and 1
all 1
the 1
ruddy 1
orient 1
flames 1
with 1
day 1
alcinous 1
and 1
the 1
chief 1
with 1
dawning 1
light 1
rose 1
instant 1
from 1
the 1
slumbers 1
of 1
the 1
night 1
then 1
to 1
the 1
councilseat 1
they 1
bend 1
their 1
way 1
and 1
fill 1
the 1
shining 1
thrones 1
along 1
the 1
bay 1
meanwhile 1
minerva 1
in 1
her 1
guardian 1
care 1
shoots 1
from 1
the 1
starry 1
vault 1
through 1
fields 1
of 1
air 1
in 1
form 1
a 1
herald 1
of 1
the 1
king 1
she 1
flies 1
from 1
peer 1
to 1
peer 1
and 1
thus 1
incessant 1
cries 1
nobles 1
and 1
chiefs 1
who 1
rule 1
phaeacias 1
states 1
the 1
king 1
in 1
council 1
your 1
attendance 1
waits 1
a 1
prince 1
of 1
grace 1
divine 1
your 1
aid 1
implores 1
oer 1
unknown 1
seas 1
arrived 1
from 1
unknown 1
shores 1
she 1
spoke 1
and 1
sudden 1
with 1
tumultuous 1
sounds 1
of 1
thronging 1
multitudes 1
the 1
shore 1
rebounds 1
at 1
once 1
the 1
seats 1
they 1
fill 1
and 1
every 1
eye 1
glazed 1
as 1
before 1
some 1
brother 1
of 1
the 1
sky 1
pallas 1
with 1
grace 1
divine 1
his 1
form 1
improves 1
more 1
high 1
he 1
treads 1
and 1
more 1
enlarged 1
he 1
moves 1
she 1
sheds 1
celestial 1
bloom 1
regard 1
to 1
draw 1
and 1
gives 1
a 1
dignity 1
of 1
mien 1
to 1
awe 1
with 1
strength 1
the 1
future 1
prize 1
of 1
fame 1
to 1
play 1
and 1
gather 1
all 1
the 1
honours 1
of 1
the 1
day 1
then 1
from 1
his 1
glittering 1
throne 1
alcinous 1
rose 1
attend 1
he 1
cried 1
while 1
we 1
our 1
will 1
disclose 1
your 1
present 1
aid 1
this 1
godlike 1
stranger 1
craves 1
tossd 1
by 1
rude 1
tempest 1
through 1
a 1
war 1
of 1
waves 1
perhaps 1
from 1
realms 1
that 1
view 1
the 1
rising 1
day 1
or 1
nations 1
subject 1
to 1
the 1
western 1
ray 1
then 1
grant 1
what 1
here 1
all 1
sons 1
of 1
wine 1
obtain 1
for 1
here 1
affliction 1
never 1
pleads 1
in 1
vain 1
be 1
chosen 1
youth 1
prepared 1
expert 1
to 1
try 1
the 1
vast 1
profound 1
and 1
hid 1
the 1
vessel 1
fly 1
launch 1
the 1
tall 1
back 1
and 1
order 1
every 1
oar 1
then 1
in 1
our 1
court 1
indulge 1
the 1
genial 1
hour 1
instant 1
you 1
sailors 1
to 1
this 1
task 1
attend 1
swift 1
to 1
the 1
palace 1
all 1
ye 1
peers 1
ascend 1
let 1
none 1
to 1
strangers 1
honours 1
due 1
disclaim 1
be 1
there 1
demodocus 1
the 1
bard 1
of 1
fame 1
taught 1
by 1
the 1
gods 1
to 1
please 1
when 1
high 1
he 1
sings 1
the 1
vocal 1
lay 1
responsive 1
to 1
the 1
strings 1
thus 1
spoke 1
the 1
prince 1
the 1
attending 1
peers 1
obey 1
in 1
state 1
they 1
move 1
alcinous 1
heads 1
the 1
way 1
swift 1
to 1
demodocus 1
the 1
herald 1
flies 1
at 1
once 1
the 1
sailors 1
to 1
their 1
charge 1
arise 1
they 1
launch 1
the 1
vessel 1
and 1
unfurl 1
the 1
sails 1
and 1
stretch 1
the 1
swelling 1
canvas 1
to 1
the 1
gales 1
then 1
to 1
the 1
palace 1
move 1
a 1
gathering 1
throng 1
youth 1
and 1
white 1
age 1
tumultuous 1
pour 1
along 1
now 1
all 1
accesses 1
to 1
the 1
dome 1
are 1
filld 1
eight 1
boars 1
the 1
choicest 1
of 1
the 1
herd 1
are 1
killd 1
two 1
beeves 1
twelve 1
fatlings 1
from 1
the 1
flock 1
they 1
bring 1
to 1
crown 1
the 1
feast 1
so 1
wills 1
the 1
bounteous 1
king 1
the 1
herald 1
now 1
arrives 1
and 1
guides 1
along 1
the 1
sacred 1
master 1
of 1
celestial 1
song 1
dear 1
to 1
the 1
muse 1
who 1
gave 1
his 1
days 1
to 1
flow 1
with 1
mighty 1
blessings 1
mixd 1
with 1
mighty 1
woe 1
with 1
clouds 1
of 1
darkness 1
quenchd 1
his 1
visual 1
ray 1
but 1
gave 1
him 1
skill 1
to 1
raise 1
the 1
lofty 1
lay 1
high 1
on 1
a 1
radiant 1
throne 1
sublime 1
in 1
state 1
encircled 1
by 1
huge 1
multitudes 1
he 1
sate 1
with 1
silver 1
shone 1
the 1
throne 1
his 1
lyre 1
well 1
strung 1
to 1
rapturous 1
sounds 1
at 1
hand 1
poutonous 1
hung 1
before 1
his 1
seat 1
a 1
polishd 1
table 1
shines 1
and 1
a 1
full 1
goblet 1
foams 1
with 1
generous 1
wines 1
his 1
food 1
a 1
herald 1
bore 1
and 1
now 1
they 1
fed 1
and 1
now 1
the 1
rage 1
of 1
craving 1
hunger 1
fled 1
then 1
fired 1
by 1
all 1
the 1
muse 1
aloud 1
he 1
sings 1
the 1
mighty 1
deeds 1
of 1
demigods 1
and 1
kings 1
from 1
that 1
fierce 1
wrath 1
the 1
noble 1
song 1
arose 1
that 1
made 1
ulysses 1
and 1
achilles 1
foes 1
how 1
oer 1
the 1
feast 1
they 1
doom 1
the 1
fall 1
of 1
troy 1
the 1
stern 1
debate 1
atrides 1
hears 1
with 1
joy 1
for 1
heaven 1
foretold 1
the 1
contest 1
when 1
he 1
trod 1
the 1
marble 1
threshold 1
of 1
the 1
delphic 1
god 1
curious 1
to 1
learn 1
the 1
counsels 1
of 1
the 1
sky 1
ere 1
yet 1
he 1
loosed 1
the 1
rage 1
of 1
war 1
on 1
troy 1
touchd 1
at 1
the 1
song 1
ulysses 1
straight 1
resignd 1
to 1
soft 1
affliction 1
all 1
his 1
manly 1
mind 1
before 1
his 1
eyes 1
the 1
purple 1
vest 1
he 1
drew 1
industrious 1
to 1
conceal 1
the 1
falling 1
dew 1
but 1
when 1
the 1
music 1
paused 1
he 1
ceased 1
to 1
shed 1
the 1
flowing 1
tear 1
and 1
raised 1
his 1
drooping 1
head 1
and 1
lifting 1
to 1
the 1
gods 1
a 1
goblet 1
crownd 1
he 1
pourd 1
a 1
pure 1
libation 1
to 1
the 1
ground 1
transported 1
with 1
the 1
song 1
the 1
listening 1
train 1
again 1
with 1
loud 1
applause 1
demand 1
the 1
strain 1
again 1
ulysses 1
veild 1
his 1
pensive 1
head 1
again 1
unmannd 1
a 1
shower 1
of 1
sorrows 1
shed 1
conceald 1
he 1
wept 1
the 1
king 1
observed 1
alone 1
the 1
silent 1
tear 1
and 1
heard 1
the 1
secret 1
groan 1
then 1
to 1
the 1
bard 1
aloudo 1
cease 1
to 1
sing 1
dumb 1
be 1
thy 1
voice 1
and 1
mute 1
the 1
harmonious 1
string 1
enough 1
the 1
feast 1
has 1
pleased 1
enough 1
the 1
power 1
of 1
heavenly 1
song 1
has 1
crownd 1
the 1
genial 1
hour 1
incessant 1
in 1
the 1
games 1
your 1
strength 1
display 1
contest 1
ye 1
brave 1
the 1
honours 1
of 1
the 1
day 1
that 1
pleased 1
the 1
admiring 1
stranger 1
may 1
proclaim 1
in 1
distant 1
regions 1
the 1
phaeacian 1
fame 1
none 1
wield 1
the 1
gauntlet 1
with 1
so 1
dire 1
a 1
sway 1
or 1
swifter 1
in 1
the 1
race 1
devour 1
the 1
way 1
none 1
in 1
the 1
leap 1
spring 1
with 1
so 1
strong 1
a 1
bound 1
or 1
firmer 1
in 1
the 1
wrestling 1
press 1
the 1
ground 1
thus 1
spoke 1
the 1
king 1
the 1
attending 1
peers 1
obey 1
in 1
state 1
they 1
move 1
alcinous 1
lends 1
the 1
way 1
his 1
golden 1
lyre 1
demodocus 1
unstrung 1
high 1
on 1
a 1
column 1
in 1
the 1
palace 1
hung 1
and 1
guided 1
by 1
a 1
heralds 1
guardian 1
cares 1
majestic 1
to 1
the 1
lists 1
of 1
fame 1
repairs 1
now 1
swarms 1
the 1
populace 1
a 1
countless 1
throng 1
youth 1
and 1
boar 1
age 1
and 1
man 1
drives 1
man 1
along 1
the 1
games 1
begin 1
ambitious 1
of 1
the 1
prize 1
acroneus 1
thoon 1
and 1
eretmeus 1
rise 1
the 1
prize 1
ocyalus 1
and 1
prymneus 1
claim 1
anchialus 1
and 1
ponteus 1
chiefs 1
of 1
fame 1
there 1
proreus 1
nautes 1
eratreus 1
appear 1
and 1
famed 1
amphialus 1
polyneus 1
heir 1
euryalus 1
like 1
mars 1
terrific 1
rose 1
when 1
clad 1
in 1
wrath 1
he 1
withers 1
hosts 1
of 1
foes 1
naubolides 1
with 1
grace 1
unequalld 1
shone 1
or 1
equalld 1
by 1
laodamas 1
alone 1
with 1
these 1
came 1
forth 1
ambasineus 1
the 1
strong 1
and 1
three 1
brave 1
sons 1
from 1
great 1
alcinous 1
sprung 1
ranged 1
in 1
a 1
line 1
the 1
ready 1
racers 1
stand 1
start 1
from 1
the 1
goal 1
and 1
vanish 1
oer 1
the 1
strand 1
swift 1
as 1
on 1
wings 1
of 1
winds 1
upborne 1
they 1
fly 1
and 1
drifts 1
of 1
rising 1
dust 1
involve 1
the 1
sky 1
before 1
the 1
rest 1
what 1
space 1
the 1
hinds 1
allow 1
between 1
the 1
mule 1
and 1
ox 1
from 1
plough 1
to 1
plough 1
clytonius 1
sprung 1
he 1
wingd 1
the 1
rapid 1
way 1
and 1
bore 1
the 1
unrivalld 1
honours 1
of 1
the 1
day 1
with 1
fierce 1
embrace 1
the 1
brawny 1
wrestlers 1
join 1
the 1
conquest 1
great 1
euryalus 1
is 1
thine 1
amphialus 1
sprung 1
forward 1
with 1
a 1
bound 1
superior 1
in 1
the 1
leap 1
a 1
length 1
of 1
ground 1
from 1
elatreus 1
strong 1
arm 1
the 1
discus 1
flies 1
and 1
sings 1
with 1
unmatchd 1
force 1
along 1
the 1
skies 1
and 1
laodam 1
whirls 1
high 1
with 1
dreadful 1
sway 1
the 1
gloves 1
of 1
death 1
victorious 1
in 1
the 1
fray 1
while 1
thus 1
the 1
peerage 1
in 1
the 1
games 1
contends 1
in 1
act 1
to 1
speak 1
laodamas 1
ascends 1
o 1
friends 1
he 1
cries 1
the 1
stranger 1
seems 1
well 1
skilld 1
to 1
try 1
the 1
illustrious 1
labours 1
of 1
the 1
field 1
i 1
deem 1
him 1
brave 1
then 1
grant 1
the 1
brave 1
mans 1
claim 1
invite 1
the 1
hero 1
to 1
his 1
share 1
of 1
fame 1
what 1
nervous 1
arms 1
he 1
boasts 1
how 1
firm 1
his 1
tread 1
his 1
limbs 1
how 1
turnd 1
how 1
broad 1
his 1
shoulders 1
spread 1
by 1
age 1
unbrokebut 1
allconsuming 1
care 1
destroys 1
perhaps 1
the 1
strength 1
that 1
time 1
would 1
spare 1
dire 1
is 1
the 1
ocean 1
dread 1
in 1
all 1
its 1
forms 1
man 1
must 1
decay 1
when 1
man 1
contends 1
with 1
storms 1
well 1
hast 1
thou 1
spoke 1
euryalus 1
replies 1
thine 1
is 1
the 1
guest 1
invite 1
him 1
thou 1
to 1
rise 1
swift 1
as 1
the 1
word 1
advancing 1
from 1
the 1
crowd 1
he 1
made 1
obeisance 1
and 1
thus 1
spoke 1
aloud 1
vouchsafes 1
the 1
reverend 1
stranger 1
to 1
display 1
his 1
manly 1
worth 1
and 1
share 1
the 1
glorious 1
day 1
father 1
arise 1
for 1
thee 1
thy 1
port 1
proclaims 1
expert 1
to 1
conquer 1
in 1
the 1
solemn 1
games 1
to 1
fame 1
arise 1
for 1
what 1
more 1
fame 1
can 1
yield 1
than 1
the 1
swift 1
race 1
or 1
conflict 1
of 1
the 1
field 1
steal 1
from 1
corroding 1
care 1
one 1
transient 1
day 1
to 1
glory 1
give 1
the 1
space 1
thou 1
hast 1
to 1
stay 1
short 1
is 1
the 1
time 1
and 1
lo 1
een 1
now 1
the 1
gales 1
call 1
thee 1
aboard 1
and 1
stretch 1
the 1
swelling 1
sails 1
to 1
whom 1
with 1
sighs 1
ulysses 1
gave 1
reply 1
ah 1
why 1
the 1
illsuiting 1
pastime 1
must 1
i 1
try 1
to 1
gloomy 1
care 1
my 1
thoughts 1
alone 1
are 1
free 1
ill 1
the 1
gay 1
sorts 1
with 1
troubled 1
hearts 1
agree 1
sad 1
from 1
my 1
natal 1
hour 1
my 1
days 1
have 1
ran 1
a 1
muchafflicted 1
muchenduring 1
man 1
who 1
suppliant 1
to 1
the 1
king 1
and 1
peers 1
implores 1
a 1
speedy 1
voyage 1
to 1
his 1
native 1
shore 1
wise 1
wanders 1
laodam 1
thy 1
erring 1
tongue 1
the 1
sports 1
of 1
glory 1
to 1
the 1
brave 1
belong 1
retorts 1
euryalus 1
he 1
bears 1
no 1
claim 1
among 1
the 1
great 1
unlike 1
the 1
sons 1
of 1
fame 1
a 1
wandering 1
merchant 1
he 1
frequents 1
the 1
main 1
some 1
mean 1
seafarer 1
in 1
pursuit 1
of 1
gain 1
studious 1
of 1
freight 1
in 1
naval 1
trade 1
well 1
skilld 1
but 1
dreads 1
the 1
athletic 1
labours 1
of 1
the 1
field 1
incensed 1
ulysses 1
with 1
a 1
frown 1
replies 1
o 1
forward 1
to 1
proclaim 1
thy 1
soul 1
unwise 1
with 1
partial 1
hands 1
the 1
gods 1
their 1
gifts 1
dispense 1
some 1
greatly 1
think 1
some 1
speak 1
with 1
manly 1
sense 1
here 1
heaven 1
an 1
elegance 1
of 1
form 1
denies 1
but 1
wisdom 1
the 1
defect 1
of 1
form 1
supplies 1
this 1
man 1
with 1
energy 1
of 1
thought 1
controls 1
and 1
steals 1
with 1
modest 1
violence 1
our 1
souls 1
he 1
speaks 1
reservedly 1
but 1
he 1
speaks 1
with 1
force 1
nor 1
can 1
one 1
word 1
be 1
changed 1
but 1
for 1
a 1
worse 1
in 1
public 1
more 1
than 1
mortal 1
he 1
appears 1
and 1
as 1
he 1
moves 1
the 1
praising 1
crowd 1
reveres 1
while 1
others 1
beauteous 1
as 1
the 1
etherial 1
kind 1
the 1
nobler 1
portion 1
went 1
a 1
knowing 1
mind 1
in 1
outward 1
show 1
heaven 1
gives 1
thee 1
to 1
excel 1
but 1
heaven 1
denies 1
the 1
praise 1
of 1
thinking 1
well 1
ill 1
bear 1
the 1
brave 1
a 1
rude 1
ungovernd 1
tongue 1
and 1
youth 1
my 1
generous 1
soul 1
resents 1
the 1
wrong 1
skilld 1
in 1
heroic 1
exercise 1
i 1
claim 1
a 1
post 1
of 1
honour 1
with 1
the 1
sons 1
of 1
fame 1
such 1
was 1
my 1
boast 1
while 1
vigour 1
crownd 1
my 1
days 1
now 1
care 1
surrounds 1
me 1
and 1
my 1
force 1
decays 1
inured 1
a 1
melancholy 1
part 1
to 1
bear 1
in 1
scenes 1
of 1
death 1
by 1
tempest 1
and 1
by 1
war 1
yet 1
thus 1
by 1
woes 1
impaird 1
no 1
more 1
i 1
waive 1
to 1
prove 1
the 1
heroslander 1
stings 1
the 1
brave 1
then 1
gliding 1
forward 1
with 1
a 1
furious 1
bound 1
he 1
wrenchd 1
a 1
rocky 1
fragment 1
from 1
the 1
ground 1
by 1
far 1
more 1
ponderous 1
and 1
more 1
huge 1
by 1
far 1
than 1
what 1
phaeacias 1
sons 1
discharged 1
in 1
air 1
fierce 1
from 1
his 1
arm 1
the 1
enormous 1
load 1
he 1
flings 1
sonorous 1
through 1
the 1
shaded 1
air 1
it 1
sings 1
couchd 1
to 1
the 1
earth 1
tempestuous 1
as 1
it 1
flies 1
the 1
crowd 1
gaze 1
upward 1
while 1
it 1
cleaves 1
the 1
skies 1
beyond 1
all 1
marks 1
with 1
many 1
a 1
giddy 1
round 1
downrushing 1
it 1
upturns 1
a 1
hill 1
of 1
ground 1
that 1
instant 1
pallas 1
bursting 1
from 1
a 1
cloud 1
fixd 1
a 1
distinguishd 1
mark 1
and 1
cried 1
aloud 1
een 1
he 1
who 1
sightless 1
wants 1
his 1
visual 1
ray 1
may 1
by 1
his 1
touch 1
alone 1
award 1
the 1
day 1
thy 1
signal 1
throw 1
transcends 1
the 1
utmost 1
bound 1
of 1
every 1
champion 1
by 1
a 1
length 1
of 1
ground 1
securely 1
bid 1
the 1
strongest 1
of 1
the 1
train 1
arise 1
to 1
throw 1
the 1
strongest 1
throws 1
in 1
vain 1
she 1
spoke 1
and 1
momentary 1
mounts 1
the 1
sky 1
the 1
friendly 1
voice 1
ulysses 1
hears 1
with 1
joy 1
then 1
thus 1
aloud 1
elate 1
with 1
decent 1
pride 1
rise 1
ye 1
phaecians 1
try 1
your 1
force 1
he 1
cried 1
if 1
with 1
this 1
throw 1
the 1
strongest 1
caster 1
vie 1
still 1
further 1
still 1
i 1
bid 1
the 1
discus 1
fly 1
stand 1
forth 1
ye 1
champions 1
who 1
the 1
gauntlet 1
wield 1
or 1
ye 1
the 1
swiftest 1
racers 1
of 1
the 1
field 1
stand 1
forth 1
ye 1
wrestlers 1
who 1
these 1
pastimes 1
grace 1
i 1
wield 1
the 1
gauntlet 1
and 1
i 1
run 1
the 1
race 1
in 1
such 1
heroic 1
games 1
i 1
yield 1
to 1
none 1
or 1
yield 1
to 1
brave 1
laodamas 1
alone 1
shall 1
i 1
with 1
brave 1
laodamas 1
contend 1
a 1
friend 1
is 1
sacred 1
and 1
i 1
style 1
him 1
friend 1
ungenerous 1
were 1
the 1
man 1
and 1
base 1
of 1
heart 1
who 1
takes 1
the 1
kind 1
and 1
pays 1
the 1
ungrateful 1
part 1
chiefly 1
the 1
man 1
in 1
foreign 1
realms 1
confined 1
base 1
to 1
his 1
friend 1
to 1
his 1
own 1
interest 1
blind 1
all 1
all 1
your 1
heroes 1
i 1
this 1
day 1
defy 1
give 1
me 1
a 1
man 1
that 1
we 1
our 1
might 1
may 1
try 1
expert 1
in 1
every 1
art 1
i 1
boast 1
the 1
skill 1
to 1
give 1
the 1
featherd 1
arrow 1
wings 1
to 1
kill 1
should 1
a 1
whole 1
host 1
at 1
once 1
discharge 1
the 1
bow 1
