the 1
friendly 1
goddess 1
stretchd 1
the 1
swelling 1
sails 1
we 1
drop 1
our 1
oars 1
at 1
ease 1
the 1
pilot 1
guides 1
the 1
vessel 1
light 1
along 1
the 1
level 1
glides 1
when 1
rising 1
sad 1
and 1
slow 1
with 1
pensive 1
look 1
thus 1
to 1
the 1
melancholy 1
train 1
i 1
spoke 1
o 1
friends 1
oh 1
ever 1
partners 1
of 1
my 1
woes 1
attend 1
while 1
i 1
what 1
heaven 1
foredooms 1
disclose 1
hear 1
all 1
fate 1
hangs 1
oer 1
all 1
on 1
you 1
it 1
lies 1
to 1
live 1
or 1
perish 1
to 1
be 1
safe 1
be 1
wise 1
in 1
flowery 1
meads 1
the 1
sportive 1
sirens 1
play 1
touch 1
the 1
soft 1
lyre 1
and 1
tune 1
the 1
vocal 1
lay 1
me 1
me 1
alone 1
with 1
fetters 1
firmly 1
bound 1
the 1
gods 1
allow 1
to 1
hear 1
the 1
dangerous 1
sound 1
hear 1
and 1
obey 1
if 1
freedom 1
i 1
demand 1
be 1
every 1
fetter 1
straind 1
be 1
added 1
band 1
to 1
band 1
while 1
yet 1
i 1
speak 1
the 1
winged 1
galley 1
flies 1
and 1
lo 1
the 1
siren 1
shores 1
like 1
mists 1
arise 1
sunk 1
were 1
at 1
once 1
the 1
winds 1
the 1
air 1
above 1
and 1
waves 1
below 1
at 1
once 1
forgot 1
to 1
move 1
some 1
demon 1
calmd 1
the 1
air 1
and 1
smoothd 1
the 1
deep 1
hushd 1
the 1
loud 1
winds 1
and 1
charmd 1
the 1
waves 1
to 1
sleep 1
now 1
every 1
sail 1
we 1
furl 1
each 1
oar 1
we 1
ply 1
lashd 1
by 1
the 1
stroke 1
the 1
frothy 1
waters 1
fly 1
the 1
ductile 1
wax 1
with 1
busy 1
hands 1
i 1
mould 1
and 1
cleft 1
in 1
fragments 1
and 1
the 1
fragments 1
rolld 1
the 1
aerial 1
region 1
now 1
grew 1
warm 1
with 1
day 1
the 1
wax 1
dissolved 1
beneath 1
the 1
burning 1
ray 1
then 1
every 1
ear 1
i 1
barrd 1
against 1
the 1
strain 1
and 1
from 1
access 1
of 1
frenzy 1
lockd 1
the 1
brain 1
now 1
round 1
the 1
masts 1
my 1
mates 1
the 1
fetters 1
rolld 1
and 1
bound 1
me 1
limb 1
by 1
limb 1
with 1
fold 1
on 1
fold 1
then 1
bending 1
to 1
the 1
stroke 1
the 1
active 1
train 1
plunge 1
all 1
at 1
once 1
their 1
oars 1
and 1
cleave 1
the 1
main 1
while 1
to 1
the 1
shore 1
the 1
rapid 1
vessel 1
flies 1
our 1
swift 1
approach 1
the 1
siren 1
choir 1
descries 1
celestial 1
music 1
warbles 1
from 1
their 1
tongue 1
and 1
thus 1
the 1
sweet 1
deluders 1
tune 1
the 1
song 1
oh 1
stay 1
o 1
pride 1
of 1
greece 1
ulysses 1
stay 1
oh 1
cease 1
thy 1
course 1
and 1
listen 1
to 1
our 1
lay 1
blest 1
is 1
the 1
man 1
ordaind 1
our 1
voice 1
to 1
hear 1
the 1
song 1
instructs 1
the 1
soul 1
and 1
charms 1
the 1
ear 1
approach 1
thy 1
soul 1
shall 1
into 1
raptures 1
rise 1
approach 1
and 1
learn 1
new 1
wisdom 1
from 1
the 1
wise 1
we 1
know 1
whateer 1
the 1
kings 1
of 1
mighty 1
name 1
achieved 1
at 1
ilion 1
in 1
the 1
field 1
of 1
fame 1
whateer 1
beneath 1
the 1
suns 1
bright 1
journey 1
lies 1
oh 1
stay 1
and 1
learn 1
new 1
wisdom 1
from 1
the 1
wise 1
thus 1
the 1
sweet 1
charmers 1
warbled 1
oer 1
the 1
main 1
my 1
soul 1
takes 1
wing 1
to 1
meet 1
the 1
heavenly 1
strain 1
i 1
give 1
the 1
sign 1
and 1
struggle 1
to 1
be 1
free 1
swift 1
row 1
my 1
mates 1
and 1
shoot 1
along 1
the 1
sea 1
new 1
chains 1
they 1
add 1
and 1
rapid 1
urge 1
the 1
way 1
till 1
dying 1
off 1
the 1
distant 1
sounds 1
decay 1
then 1
scudding 1
swiftly 1
from 1
the 1
dangerous 1
ground 1
the 1
deafend 1
ear 1
unlockd 1
the 1
chains 1
unbound 1
now 1
all 1
at 1
once 1
tremendous 1
scenes 1
unfold 1
thunderd 1
the 1
deeps 1
the 1
smoky 1
billows 1
rolld 1
tumultuous 1
waves 1
embroil 1
the 1
bellowing 1
flood 1
all 1
trembling 1
deafend 1
and 1
aghast 1
we 1
stood 1
no 1
more 1
the 1
vessel 1
ploughd 1
the 1
dreadful 1
wave 1
fear 1
seized 1
the 1
mighty 1
and 1
unnerved 1
the 1
brave 1
each 1
droppd 1
his 1
oar 1
but 1
swift 1
from 1
man 1
to 1
man 1
with 1
looks 1
serene 1
i 1
turnd 1
and 1
thus 1
began 1
o 1
friends 1
o 1
often 1
tried 1
in 1
adverse 1
storms 1
with 1
ills 1
familiar 1
in 1
more 1
dreadful 1
forms 1
deep 1
in 1
the 1
dire 1
cyclopean 1
den 1
you 1
lay 1
yet 1
safe 1
returndulysses 1
led 1
the 1
way 1
learn 1
courage 1
hence 1
and 1
in 1
my 1
care 1
confide 1
lo 1
still 1
the 1
same 1
ulysses 1
is 1
your 1
guide 1
attend 1
my 1
words 1
your 1
oars 1
incessant 1
ply 1
strain 1
every 1
nerve 1
and 1
bid 1
the 1
vessel 1
fly 1
if 1
from 1
yon 1
jostling 1
rocks 1
and 1
wavy 1
war 1
jove 1
safety 1
grants 1
he 1
grants 1
it 1
to 1
your 1
care 1
and 1
thou 1
whose 1
guiding 1
hand 1
directs 1
our 1
way 1
pilot 1
attentive 1
listen 1
and 1
obey 1
bear 1
wide 1
thy 1
course 1
nor 1
plough 1
those 1
angry 1
waves 1
where 1
rolls 1
yon 1
smoke 1
yon 1
tumbling 1
ocean 1
raves 1
steer 1
by 1
the 1
higher 1
rock 1
lest 1
whirld 1
around 1
we 1
sink 1
beneath 1
the 1
circling 1
eddy 1
drownd 1
while 1
yet 1
i 1
speak 1
at 1
once 1
their 1
oars 1
they 1
seize 1
stretch 1
to 1
the 1
stroke 1
and 1
brush 1
the 1
working 1
seas 1
cautious 1
the 1
name 1
of 1
scylla 1
i 1
suppressd 1
that 1
dreadful 1
sound 1
had 1
chilld 1
the 1
boldest 1
breast 1
meantime 1
forgetful 1
of 1
the 1
voice 1
divine 1
all 1
dreadful 1
bright 1
my 1
limbs 1
in 1
armour 1
shine 1
high 1
on 1
the 1
deck 1
i 1
take 1
my 1
dangerous 1
stand 1
two 1
glittering 1
javelins 1
lighten 1
in 1
my 1
hand 1
prepared 1
to 1
whirl 1
the 1
whizzing 1
spear 1
i 1
stay 1
till 1
the 1
fell 1
fiend 1
arise 1
to 1
seize 1
her 1
prey 1
around 1
the 1
dungeon 1
studious 1
to 1
behold 1
the 1
hideous 1
pest 1
my 1
labouring 1
eyes 1
i 1
rolld 1
in 1
vain 1
the 1
dismal 1
dungeon 1
dark 1
as 1
night 1
veils 1
the 1
dire 1
monster 1
and 1
confounds 1
the 1
sight 1
now 1
through 1
the 1
rocks 1
appalld 1
with 1
deep 1
dismay 1
we 1
bend 1
our 1
course 1
and 1
stem 1
the 1
desperate 1
way 1
dire 1
scylla 1
there 1
a 1
scene 1
of 1
horror 1
forms 1
and 1
here 1
charybdis 1
fills 1
the 1
deep 1
with 1
storms 1
when 1
the 1
tide 1
rushes 1
from 1
her 1
rumbling 1
caves 1
the 1
rough 1
rock 1
roars 1
tumultuous 1
boil 1
the 1
waves 1
they 1
toss 1
they 1
foam 1
a 1
wild 1
confusion 1
raise 1
like 1
waters 1
bubbling 1
oer 1
the 1
fiery 1
blaze 1
eternal 1
mists 1
obscure 1
the 1
aerial 1
plain 1
and 1
high 1
above 1
the 1
rock 1
she 1
spouts 1
the 1
main 1
when 1
in 1
her 1
gulfs 1
the 1
rushing 1
sea 1
subsides 1
she 1
drains 1
the 1
ocean 1
with 1
the 1
refluent 1
tides 1
the 1
rock 1
rebellows 1
with 1
a 1
thundering 1
sound 1
deep 1
wondrous 1
deep 1
below 1
appears 1
the 1
ground 1
struck 1
with 1
despair 1
with 1
trembling 1
hearts 1
we 1
viewd 1
the 1
yawning 1
dungeon 1
and 1
the 1
tumbling 1
flood 1
when 1
lo 1
fierce 1
scylla 1
stoopd 1
to 1
seize 1
her 1
prey 1
stretchd 1
her 1
dire 1
jaws 1
and 1
swept 1
six 1
men 1
away 1
chiefs 1
of 1
renown 1
loudechoing 1
shrieks 1
arise 1
i 1
turn 1
and 1
view 1
them 1
quivering 1
in 1
the 1
skies 1
they 1
call 1
and 1
aid 1
with 1
outstretchd 1
arms 1
implore 1
in 1
vain 1
they 1
call 1
those 1
arms 1
are 1
stretchd 1
no 1
more 1
as 1
from 1
some 1
rock 1
that 1
overhangs 1
the 1
flood 1
the 1
silent 1
fisher 1
casts 1
the 1
insidious 1
food 1
with 1
fraudful 1
care 1
he 1
waits 1
the 1
finny 1
prize 1
and 1
sudden 1
lifts 1
it 1
quivering 1
to 1
the 1
skies 1
so 1
the 1
foul 1
monster 1
lifts 1
her 1
prey 1
on 1
high 1
so 1
pant 1
the 1
wretches 1
struggling 1
in 1
the 1
sky 1
in 1
the 1
wide 1
dungeon 1
she 1
devours 1
her 1
food 1
and 1
the 1
flesh 1
trembles 1
while 1
she 1
churns 1
the 1
blood 1
worn 1
as 1
i 1
am 1
with 1
griefs 1
with 1
care 1
decayd 1
never 1
i 1
never 1
scene 1
so 1
dire 1
surveyd 1
my 1
shivering 1
blood 1
congeald 1
forgot 1
to 1
flow 1
aghast 1
i 1
stood 1
a 1
monument 1
of 1
woe 1
now 1
from 1
the 1
rocks 1
the 1
rapid 1
vessel 1
flies 1
and 1
the 1
hoarse 1
din 1
like 1
distant 1
thunder 1
dies 1
to 1
sols 1
bright 1
isle 1
our 1
voyage 1
we 1
pursue 1
and 1
now 1
the 1
glittering 1
mountains 1
rise 1
to 1
view 1
there 1
sacred 1
to 1
the 1
radiant 1
god 1
of 1
day 1
graze 1
the 1
fair 1
herds 1
the 1
flocks 1
promiscuous 1
stray 1
then 1
suddenly 1
was 1
heard 1
along 1
the 1
main 1
to 1
low 1
the 1
ox 1
to 1
blest 1
the 1
woolly 1
train 1
straight 1
to 1
my 1
anxious 1
thoughts 1
the 1
sound 1
conveyd 1
the 1
words 1
of 1
circe 1
and 1
the 1
theban 1
shade 1
warnd 1
by 1
their 1
awful 1
voice 1
these 1
shores 1
to 1
shun 1
with 1
cautious 1
fears 1
oppressd 1
i 1
thus 1
begun 1
o 1
friends 1
o 1
ever 1
exorcised 1
in 1
care 1
hear 1
heavens 1
commands 1
and 1
reverence 1
what 1
ye 1
hear 1
to 1
fly 1
these 1
shores 1
the 1
prescient 1
theban 1
shade 1
and 1
circe 1
warn 1
oh 1
be 1
their 1
voice 1
obeyd 1
some 1
mighty 1
woe 1
relentless 1
heaven 1
forebodes 1
fly 1
these 1
dire 1
regions 1
and 1
revere 1
the 1
gods 1
while 1
yet 1
i 1
spoke 1
a 1
sudden 1
sorrow 1
ran 1
through 1
every 1
breast 1
and 1
spread 1
from 1
man 1
to 1
man 1
till 1
wrathful 1
thus 1
eurylochus 1
began 1
o 1
cruel 1
thou 1
some 1
fury 1
sure 1
has 1
steeld 1
that 1
stubborn 1
soul 1
by 1
toil 1
untaught 1
to 1
yield 1
from 1
sleep 1
debarrd 1
we 1
sink 1
from 1
woes 1
to 1
woes 1
and 1
cruel 1
enviest 1
thou 1
a 1
short 1
repose 1
still 1
must 1
we 1
restless 1
rove 1
new 1
seas 1
explore 1
the 1
sun 1
descending 1
and 1
so 1
near 1
the 1
shore 1
and 1
lo 1
the 1
night 1
begins 1
her 1
groomy 1
reign 1
and 1
doubles 1
all 1
the 1
terrors 1
of 1
the 1
main 1
oft 1
in 1
the 1
dead 1
of 1
night 1
loud 1
winds 1
rise 1
lash 1
the 1
wild 1
surge 1
and 1
bluster 1
in 1
the 1
skies 1
oh 1
should 1
the 1
fierce 1
southwest 1
his 1
rage 1
display 1
and 1
toss 1
with 1
rising 1
storms 1
the 1
watery 1
way 1
though 1
gods 1
descend 1
from 1
heavens 1
aerial 1
plain 1
to 1
lend 1
us 1
aid 1
the 1
gods 1
descend 1
in 1
vain 1
then 1
while 1
the 1
night 1
displays 1
her 1
awful 1
shade 1
sweet 1
time 1
of 1
slumber 1
be 1
the 1
night 1
obey 1
haste 1
ye 1
to 1
land 1
and 1
when 1
the 1
morning 1
ray 1
sheds 1
her 1
bright 1
beam 1
pursue 1
the 1
destined 1
way 1
a 1
sudden 1
joy 1
in 1
every 1
bosom 1
rose 1
so 1
willd 1
some 1
demon 1
minister 1
of 1
woes 1
to 1
whom 1
with 1
grief 1
o 1
swift 1
to 1
be 1
undone 1
constraind 1
i 1
act 1
what 1
wisdom 1
bids 1
me 1
shun 1
but 1
yonder 1
herbs 1
and 1
yonder 1
flocks 1
forbear 1
attest 1
the 1
heavens 1
and 1
call 1
the 1
gods 1
to 1
hear 1
content 1
an 1
innocent 1
repast 1
display 1
by 1
circe 1
given 1
and 1
fly 1
the 1
dangerous 1
prey 1
thus 1
i 1
and 1
while 1
to 1
shore 1
the 1
vessel 1
flies 1
with 1
hands 1
uplifted 1
they 1
attest 1
the 1
skies 1
then 1
where 1
a 1
fountains 1
gurgling 1
waters 1
play 1
they 1
rush 1
to 1
land 1
and 1
end 1
in 1
feasts 1
the 1
day 1
they 1
feed 1
they 1
quaff 1
and 1
now 1
their 1
hunger 1
fled 1
sigh 1
for 1
their 1
friends 1
devourd 1
and 1
mourn 1
the 1
dead 1
nor 1
cease 1
the 1
tears 1
till 1
each 1
in 1
slumber 1
shares 1
a 1
sweet 1
forgetfulness 1
of 1
human 1
cares 1
now 1
far 1
the 1
night 1
advanced 1
her 1
gloomy 1
reign 1
and 1
setting 1
stars 1
rolld 1
down 1
the 1
azure 1
plain 1
when 1
at 1
the 1
voice 1
of 1
jove 1
wild 1
whirlwinds 1
rise 1
and 1
clouds 1
and 1
double 1
darkness 1
veil 1
the 1
skies 1
the 1
moon 1
the 1
stars 1
the 1
bright 1
ethereal 1
host 1
seem 1
as 1
extinct 1
and 1
all 1
their 1
splendours 1
lost 1
the 1
furious 1
tempest 1
roars 1
with 1
dreadful 1
sound 1
air 1
thunders 1
rolls 1
the 1
ocean 1
groans 1
the 1
ground 1
all 1
night 1
it 1
raged 1
when 1
morning 1
rose 1
to 1
land 1
we 1
hauld 1
our 1
bark 1
and 1
moord 1
it 1
on 1
the 1
strand 1
where 1
in 1
a 1
beauteous 1
grottos 1
cool 1
recess 1
dance 1
the 1
green 1
nerolds 1
of 1
the 1
neighbouring 1
seas 1
there 1
while 1
the 1
wild 1
winds 1
whistled 1
oer 1
the 1
main 1
thus 1
careful 1
i 1
addressd 1
the 1
listening 1
train 1
o 1
friends 1
be 1
wise 1
nor 1
dare 1
the 1
flocks 1
destroy 1
of 1
these 1
fair 1
pastures 1
if 1
ye 1
touch 1
ye 1
die 1
warnd 1
by 1
the 1
high 1
command 1
of 1
heaven 1
be 1
awed 1
holy 1
the 1
flocks 1
and 1
dreadful 1
is 1
the 1
god 1
that 1
god 1
who 1
spreads 1
the 1
radiant 1
beams 1
of 1
light 1
and 1
views 1
wide 1
earth 1
and 1
heavens 1
unmeasured 1
height 1
and 1
now 1
the 1
moon 1
had 1
run 1
her 1
monthly 1
round 1
the 1
southeast 1
blustering 1
with 1
a 1
dreadful 1
sound 1
unhurt 1
the 1
beeves 1
untouchd 1
the 1
woolly 1
train 1
low 1
through 1
the 1
grove 1
or 1
touch 1
the 1
flowery 1
plain 1
then 1
faild 1
our 1
food 1
then 1
fish 1
we 1
make 1
our 1
prey 1
or 1
fowl 1
that 1
screaming 1
haunt 1
the 1
watery 1
way 1
till 1
now 1
from 1
sea 1
or 1
flood 1
no 1
succour 1
found 1
famine 1
and 1
meagre 1
want 1
besieged 1
us 1
round 1
pensive 1
and 1
pale 1
from 1
grove 1
to 1
grove 1
i 1
strayd 1
from 1
the 1
loud 1
storms 1
to 1
find 1
a 1
sylvan 1
shade 1
there 1
oer 1
my 1
hands 1
the 1
living 1
wave 1
i 1
pour 1
and 1
heaven 1
and 1
heavens 1
immortal 1
thrones 1
implore 1
to 1
calm 1
the 1
roarings 1
of 1
the 1
stormy 1
main 1
and 1
guide 1
me 1
peaceful 1
to 1
my 1
realms 1
again 1
then 1
oer 1
my 1
eyes 1
the 1
gods 1
soft 1
slumbers 1
shed 1
while 1
thus 1
eurylochus 1
arising 1
said 1
o 1
friends 1
a 1
thousand 1
ways 1
frail 1
mortals 1
lead 1
to 1
the 1
cold 1
tomb 1
and 1
dreadful 1
all 1
to 1
tread 1
but 1
dreadful 1
most 1
when 1
by 1
a 1
slow 1
decay 1
pale 1
hunger 1
wastes 1
the 1
manly 1
strength 1
away 1
why 1
cease 1
ye 1
then 1
to 1
implore 1
the 1
powers 1
above 1
and 1
offer 1
hecatombs 1
to 1
thundering 1
jove 1
why 1
seize 1
ye 1
not 1
yon 1
beeves 1
and 1
fleecy 1
prey 1
arise 1
unanimous 1
arise 1
and 1
slay 1
and 1
if 1
the 1
gods 1
ordain 1
a 1
safe 1
return 1
to 1
phoebus 1
shrines 1
shall 1
rise 1
and 1
altars 1
burn 1
but 1
should 1
the 1
powers 1
that 1
oer 1
mankind 1
preside 1
decree 1
to 1
plunge 1
us 1
in 1
the 1
whelming 1
tide 1
better 1
to 1
rush 1
at 1
once 1
to 1
shades 1
below 1
than 1
linger 1
life 1
away 1
and 1
nourish 1
woe 1
thus 1
he 1
the 1
beeves 1
around 1
securely 1
stray 1
when 1
swift 1
to 1
ruin 1
they 1
invade 1
the 1
prey 1
they 1
seize 1
they 1
killbut 1
for 1
the 1
rite 1
divine 1
the 1
barley 1
faild 1
and 1
for 1
libations 1
wine 1
swift 1
from 1
the 1
oak 1
they 1
strip 1
the 1
shady 1
pride 1
and 1
verdant 1
leaves 1
the 1
flowery 1
cake 1
supplied 1
with 1
prayer 1
they 1
now 1
address 1
the 1
ethereal 1
train 1
slay 1
the 1
selected 1
beeves 1
and 1
flay 1
the 1
slain 1
the 1
thighs 1
with 1
fat 1
involved 1
divide 1
with 1
art 1
strewd 1
oer 1
with 1
morsels 1
cut 1
from 1
every 1
part 1
water 1
instead 1
of 1
wine 1
is 1
brought 1
in 1
urns 1
and 1
pourd 1
profanely 1
as 1
the 1
victim 1
burns 1
the 1
thighs 1
thus 1
offerd 1
and 1
the 1
entrails 1
dressd 1
they 1
roast 1
the 1
fragments 1
and 1
prepare 1
the 1
feast 1
twas 1
then 1
soft 1
slumber 1
fled 1
my 1
troubled 1
brain 1
back 1
to 1
the 1
bark 1
i 1
speed 1
along 1
the 1
main 1
when 1
lo 1
an 1
odour 1
from 1
the 1
feast 1
exhales 1
spreads 1
oer 1
the 1
coast 1
and 1
scents 1
the 1
tainted 1
gales 1
a 1
chilly 1
fear 1
congeald 1
my 1
vital 1
blood 1
and 1
thus 1
obtesting 1
heaven 1
i 1
mournd 1
aloud 1
o 1
sire 1
of 1
men 1
and 1
gods 1
immortal 1
jove 1
o 1
all 1
ye 1
blissful 1
powers 1
that 1
reign 1
above 1
why 1
were 1
my 1
cares 1
beguiled 1
in 1
short 1
repose 1
o 1
fatal 1
slumber 1
paid 1
with 1
lasting 1
woes 1
a 1
deed 1
so 1
dreadful 1
all 1
the 1
gods 1
alarms 1
vengeance 1
is 1
on 1
the 1
wing 1
and 1
heaven 1
in 1
arms 1
meantime 1
lampetie 1
mounts 1
the 1
aerial 1
way 1
and 1
kindles 1
into 1
rage 1
the 1
god 1
of 1
day 1
vengeance 1
ye 1
powers 1
he 1
cries 1
and 1
then 1
whose 1
hand 1
aims 1
the 1
red 1
bolt 1
and 1
hurls 1
the 1
writhen 1
brand 1
slain 1
are 1
those 1
herds 1
which 1
i 1
with 1
pride 1
survey 1
when 1
through 1
the 1
ports 1
of 1
heaven 1
i 1
pour 1
the 1
day 1
or 1
deep 1
in 1
ocean 1
plunge 1
the 1
burning 1
ray 1
vengeance 1
ye 1
gods 1
or 1
i 1
the 1
skies 1
forego 1
and 1
bear 1
the 1
lamp 1
of 1
heaven 1
to 1
shades 1
below 1
to 1
whom 1
the 1
thundering 1
power 1
o 1
source 1
of 1
day 1
whose 1
radiant 1
lamp 1
adorns 1
the 1
azure 1
way 1
still 1
may 1
thy 1
beams 1
through 1
heavens 1
bright 1
portal 1
rise 1
the 1
joy 1
of 1
earth 1
the 1
glory 1
of 1
the 1
skies 1
lo 1
my 1
red 1
arm 1
i 1
bare 1
my 1
thunders 1
guide 1
to 1
dash 1
the 1
offenders 1
in 1
the 1
whelming 1
tide 1
to 1
fair 1
calypso 1
from 1
the 1
bright 1
abodes 1
hermes 1
conveyd 1
these 1
counsels 1
of 1
the 1
gods 1
meantime 1
from 1
man 1
to 1
man 1
my 1
tongue 1
exclaims 1
my 1
wrath 1
is 1
kindled 1
and 1
my 1
soul 1
in 1
flames 1
in 1
vain 1
i 1
view 1
performd 1
the 1
direful 1
deed 1
beeves 1
slain 1
in 1
heaps 1
along 1
the 1
ocean 1
bleed 1
now 1
heaven 1
gave 1
signs 1
of 1
wrath 1
along 1
the 1
ground 1
crept 1
the 1
raw 1
hides 1
and 1
with 1
a 1
bellowing 1
sound 1
roard 1
the 1
dead 1
limbs 1
the 1
burning 1
entrails 1
groand 1
six 1
guilty 1
days 1
my 1
wretched 1
mates 1
employ 1
in 1
impious 1
feasting 1
and 1
unhallowed 1
joy 1
the 1
seventh 1
arose 1
and 1
now 1
the 1
sire 1
of 1
gods 1
reind 1
the 1
rough 1
storms 1
and 1
calmd 1
the 1
tossing 1
floods 1
with 1
speed 1
the 1
bark 1
we 1
climb 1
the 1
spacious 1
sails 1
loosed 1
from 1
the 1
yards 1
invite 1
the 1
impelling 1
gales 1
past 1
sight 1
of 1
shore 1
along 1
the 1
surge 1
we 1
bound 1
and 1
all 1
above 1
is 1
sky 1
and 1
ocean 1
all 1
around 1
when 1
lo 1
a 1
murky 1
cloud 1
the 1
thunderer 1
forms 1
full 1
oer 1
our 1
heads 1
and 1
blackens 1
heaven 1
with 1
storms 1
night 1
dwells 1
oer 1
all 1
the 1
deep 1
and 1
now 1
outflies 1
the 1
gloomy 1
west 1
and 1
whistles 1
in 1
the 1
skies 1
the 1
mountainbillows 1
roar 1
the 1
furious 1
blast 1
howls 1
oer 1
the 1
shroud 1
and 1
rends 1
it 1
from 1
the 1
mast 1
the 1
mast 1
gives 1
way 1
and 1
crackling 1
as 1
it 1
bends 1
tears 1
up 1
the 1
deck 1
then 1
all 1
at 1
once 1
descends 1
the 1
pilot 1
by 1
the 1
tumbling 1
ruin 1
slain 1
dashd 1
from 1
the 1
helm 1
falls 1
headlong 1
in 1
the 1
main 1
then 1
jove 1
in 1
anger 1
bids 1
his 1
thunders 1
roll 1
and 1
forky 1
lightnings 1
flash 1
from 1
pole 1
to 1
pole 1
fierce 1
at 1
our 1
heads 1
his 1
deadly 1
bolt 1
he 1
aims 1
red 1
with 1
uncommon 1
wrath 1
and 1
wrappd 1
in 1
flames 1
full 1
on 1
the 1
bark 1
it 1
fell 1
now 1
high 1
now 1
low 1
tossd 1
and 1
retossd 1
it 1
reeld 1
beneath 1
the 1
blow 1
at 1
once 1
into 1
the 1
main 1
the 1
crew 1
it 1
shook 1
sulphurous 1
odours 1
rose 1
and 1
smouldering 1
smoke 1
like 1
fowl 1
that 1
haunt 1
the 1
floods 1
they 1
sink 1
they 1
rise 1
now 1
lost 1
now 1
seen 1
with 1
shrieks 1
and 1
dreadful 1
cries 1
and 1
strive 1
to 1
gain 1
the 1
bark 1
but 1
jove 1
denies 1
firm 1
at 1
the 1
helm 1
i 1
stand 1
when 1
fierce 1
the 1
main 1
rushd 1
with 1
dire 1
noise 1
and 1
dashd 1
the 1
sides 1
in 1
twain 1
again 1
impetuous 1
drove 1
the 1
furious 1
blast 1
snappd 1
the 1
strong 1
helm 1
and 1
bore 1
to 1
sea 1
the 1
mast 1
firm 1
to 1
the 1
mast 1
with 1
cords 1
the 1
helm 1
i 1
bind 1
and 1
ride 1
aloft 1
to 1
providence 1
resignd 1
through 1
tumbling 1
billows 1
and 1
a 1
war 1
of 1
wind 1
now 1
sunk 1
the 1
west 1
and 1
now 1
a 1
southern 1
breeze 1
more 1
dreadful 1
than 1
the 1
tempest 1
lashd 1
the 1
seas 1
for 1
on 1
the 1
rocks 1
it 1
bore 1
where 1
scylla 1
raves 1
and 1
dire 1
charybdis 1
rolls 1
her 1
thundering 1
waves 1
all 1
night 1
i 1
drove 1
and 1
at 1
the 1
dawn 1
of 1
day 1
fast 1
by 1
the 1
rocks 1
beheld 1
the 1
desperate 1
way 1
just 1
when 1
the 1
sea 1
within 1
her 1
gulfs 1
subsides 1
and 1
in 1
the 1
roaring 1
whirlpools 1
rush 1
the 1
tides 1
swift 1
from 1
the 1
float 1
i 1
vaulted 1
with 1
a 1
bound 1
the 1
lofty 1
figtree 1
seized 1
and 1
clung 1
around 1
so 1
to 1
the 1
beam 1
the 1
bat 1
tenacious 1
clings 1
and 1
pendent 1
round 1
it 1
clasps 1
his 1
leather 1
wings 1
high 1
in 1
the 1
air 1
the 1
tree 1
its 1
boughs 1
displayd 1
and 1
oer 1
the 1
dungeon 1
cast 1
a 1
dreadful 1
shade 1
all 1
unsustaind 1
between 1
the 1
wave 1
and 1
sky 1
beneath 1
my 1
feet 1
the 1
whirling 1
billows 1
fly 1
what 1
time 1
the 1
judge 1
forsakes 1
the 1
noisy 1
bar 1
to 1
take 1
repast 1
and 1
stills 1
the 1
wordy 1
war 1
charybdis 1
rumbling 1
from 1
her 1
inmost 1
caves 1
the 1
mast 1
refunded 1
on 1
her 1
refluent 1
waves 1
swift 1
from 1
the 1
tree 1
the 1
floating 1
mass 1
to 1
gain 1
sudden 1
i 1
droppd 1
amidst 1
the 1
flashing 1
main 1
once 1
more 1
undaunted 1
on 1
the 1
ruin 1
rode 1
and 1
oard 1
with 1
labouring 1
arms 1
along 1
the 1
flood 1
unseen 1
i 1
passd 1
by 1
scyllas 1
dire 1
abodes 1
so 1
jove 1
decreed 1
dread 1
sire 1
of 1
men 1
and 1
gods 1
then 1
nine 1
long 1
days 1
i 1
plowd 1
the 1
calmer 1
seas 1
heaved 1
by 1
the 1
surge 1
and 1
wafted 1
by 1
the 1
breeze 1
weary 1
and 1
wet 1
the 1
ogygian 1
shores 1
i 1
gain 1
when 1
the 1
tenth 1
sun 1
descended 1
to 1
the 1
main 1
there 1
in 1
calypsos 1
everfragrant 1
bowers 1
refreshd 1
i 1
lay 1
and 1
joy 1
beguiled 1
the 1
hours 1
my 1
following 1
fates 1
to 1
thee 1
o 1
king 1
are 1
known 1
and 1
the 1
bright 1
partner 1
of 1
thy 1
royal 1
throne 1
enough 1
in 1
misery 1
can 1
words 1
avail 1
and 1
what 1
so 1
tedious 1
as 1
a 1
twicetold 1
tale 1
book 1
xiii 1
argument 1
the 1
arrival 1
of 1
ulysses 1
in 1
ithaca 1
ulysses 1
takes 1
his 1
leave 1
of 1
alcinous 1
and 1
arete 1
and 1
embarks 1
in 1
the 1
evening 1
next 1
morning 1
the 1
ship 1
arrives 1
at 1
ithaca 1
where 1
the 1
sailors 1
as 1
ulysses 1
is 1
yet 1
sleeping 1
lay 1
him 1
on 1
the 1
shore 1
with 1
all 1
his 1
treasures 1
on 1
their 1
return 1
neptune 1
changes 1
their 1
ship 1
into 1
a 1
rock 1
in 1
the 1
meantime 1
ulysses 1
awaking 1
knows 1
not 1
his 1
native 1
ithaca 1
by 1
reason 1
of 1
a 1
mist 1
which 1
pallas 1
had 1
cast 1
around 1
him 1
he 1
breaks 1
into 1
loud 1
lamentations 1
till 1
the 1
goddess 1
appearing 1
to 1
him 1
in 1
the 1
form 1
of 1
a 1
shepherd 1
discovers 1
the 1
country 1
to 1
him 1
and 1
points 1
out 1
the 1
particular 1
places 1
he 1
then 1
tells 1
a 1
feigned 1
story 1
of 1
his 1
adventures 1
upon 1
which 1
she 1
manifests 1
herself 1
and 1
they 1
consult 1
together 1
of 1
the 1
measures 1
to 1
be 1
taken 1
to 1
destroy 1
the 1
suitors 1
to 1
conceal 1
his 1
return 1
and 1
disguise 1
his 1
person 1
the 1
more 1
effectually 1
she 1
changes 1
him 1
into 1
the 1
figure 1
of 1
an 1
old 1
beggar 1
he 1
ceased 1
but 1
left 1
so 1
pleasing 1
on 1
their 1
ear 1
his 1
voice 1
that 1
listening 1
still 1
they 1
seemd 1
to 1
hear 1
a 1
pause 1
of 1
silence 1
hushd 1
the 1
shady 1
rooms 1
the 1
grateful 1
conference 1
then 1
the 1
king 1
resumes 1
whatever 1
toils 1
the 1
great 1
ulysses 1
passd 1
beneath 1
this 1
happy 1
roof 1
they 1
end 1
at 1
last 1
no 1
longer 1
now 1
from 1
shore 1
to 1
shore 1
to 1
roam 1
smooth 1
seas 1
and 1
gentle 1
winds 1
invite 1
him 1
home 1
but 1
hear 1
me 1
princes 1
whom 1
these 1
walls 1
inclose 1
for 1
whom 1
my 1
chanter 1
sings 1
and 1
goblet 1
flows 1
with 1
wine 1
unmixd 1
an 1
honour 1
due 1
to 1
age 1
to 1
cheer 1
the 1
grave 1
and 1
warm 1
the 1
poets 1
rage 1
though 1
labourd 1
gold 1
and 1
many 1
a 1
dazzling 1
vest 1
lie 1
heapd 1
already 1
for 1
our 1
godlike 1
guest 1
without 1
new 1
treasures 1
let 1
him 1
not 1
remove 1
large 1
and 1
expressive 1
of 1
the 1
public 1
love 1
each 1
peer 1
a 1
tripod 1
each 1
a 1
vase 1
bestow 1
a 1
general 1
tribute 1
which 1
the 1
state 1
shall 1
owe 1
this 1
sentence 1
pleased 1
then 1
all 1
their 1
steps 1
addressd 1
to 1
separate 1
mansions 1
and 1
retired 1
to 1
rest 1
now 1
did 1
the 1
rosyfingerd 1
morn 1
arise 1
and 1
shed 1
her 1
sacred 1
light 1
along 1
the 1
skies 1
down 1
to 1
the 1
haven 1
and 1
the 1
ships 1
in 1
haste 1
they 1
bore 1
the 1
treasures 1
and 1
in 1
safety 1
placed 1
the 1
king 1
himself 1
the 1
vases 1
ranged 1
with 1
care 1
then 1
bade 1
his 1
followers 1
to 1
the 1
feast 1
prepare 1
a 1
victim 1
ox 1
beneath 1
the 1
sacred 1
hand 1
of 1
great 1
alcinous 1
falls 1
and 1
stains 1
the 1
sand 1
to 1
jove 1
the 1
eternal 1
power 1
above 1
all 1
powers 1
who 1
wings 1
the 1
winds 1
and 1
darkens 1
heaven 1
with 1
showers 1
the 1
flames 1
ascend 1
till 1
evening 1
they 1
prolong 1
the 1
rites 1
more 1
sacred 1
made 1
by 1
heavenly 1
song 1
for 1
in 1
the 1
midst 1
with 1
public 1
honours 1
graced 1
thy 1
lyre 1
divine 1
demodocus 1
was 1
placed 1
all 1
but 1
ulysses 1
heard 1
with 1
fixd 1
delight 1
he 1
sate 1
and 1
eyed 1
the 1
sun 1
and 1
wishd 1
the 1
night 1
slow 1
seemd 1
the 1
sun 1
to 1
move 1
the 1
hours 1
to 1
roll 1
his 1
native 1
home 1
deepimaged 1
in 1
his 1
soul 1
as 1
the 1
tired 1
ploughman 1
spent 1
with 1
stubborn 1
toil 1
whose 1
oxen 1
long 1
have 1
torn 1
the 1
furrowd 1
soil 1
sees 1
with 1
delight 1
the 1
suns 1
declining 1
ray 1
when 1
home 1
with 1
feeble 1
knees 1
he 1
bends 1
his 1
way 1
to 1
late 1
repast 1
the 1
days 1
hard 1
labour 1
done 1
so 1
to 1
ulysses 1
welcome 1
set 1
the 1
sun 1
then 1
instant 1
to 1
alcinous 1
and 1
the 1
rest 1
the 1
scherian 1
states 1
he 1
turnd 1
and 1
thus 1
addressd 1
o 1
thou 1
the 1
first 1
in 1
merit 1
and 1
command 1
and 1
you 1
the 1
peers 1
and 1
princes 1
of 1
the 1
land 1
may 1
every 1
joy 1
be 1
yours 1
nor 1
this 1
the 1
least 1
when 1
due 1
libation 1
shall 1
have 1
crownd 1
the 1
feast 1
safe 1
to 1
my 1
home 1
to 1
send 1
your 1
happy 1
guest 1
complete 1
are 1
now 1
the 1
bounties 1
you 1
have 1
given 1
be 1
all 1
those 1
bounties 1
but 1
confirmd 1
by 1
heaven 1
so 1
may 1
i 1
find 1
when 1
all 1
my 1
wanderings 1
cease 1
my 1
consort 1
blameless 1
and 1
my 1
friends 1
in 1
peace 1
on 1
you 1
be 1
every 1
bliss 1
and 1
every 1
day 1
in 1
homefelt 1
joys 1
delighted 1
roll 1
away 1
yourselves 1
your 1
wives 1
your 1
longdescending 1
race 1
may 1
every 1
god 1
enrich 1
with 1
every 1
grace 1
sure 1
fixd 1
on 1
virtue 1
may 1
your 1
nation 1
stand 1
and 1
public 1
evil 1
never 1
touch 1
the 1
land 1
his 1
words 1
well 1
weighd 1
the 1
general 1
voice 1
approved 1
benign 1
and 1
instant 1
his 1
dismission 1
moved 1
the 1
monarch 1
to 1
pontonus 1
gave 1
the 1
sign 1
to 1
fill 1
the 1
goblet 1
high 1
with 1
rosy 1
wine 1
great 1
jove 1
the 1
father 1
first 1
he 1
cried 1
implore 1
then 1
send 1
the 1
stranger 1
to 1
his 1
native 1
shore 1
the 1
luscious 1
wine 1
the 1
obedient 1
herald 1
brought 1
around 1
the 1
mansion 1
flowd 1
the 1
purple 1
draught 1
each 1
from 1
his 1
seat 1
to 1
each 1
immortal 1
pours 1
whom 1
glory 1
circles 1
in 1
the 1
olympian 1
bowers 1
ulysses 1
sole 1
with 1
air 1
majestic 1
stands 1
the 1
bowl 1
presenting 1
to 1
aretes 1
hands 1
then 1
thus 1
o 1
queen 1
farewell 1
be 1
still 1
possessd 1
of 1
dear 1
remembrance 1
blessing 1
still 1
and 1
blessd 1
till 1
age 1
and 1
death 1
shall 1
gently 1
call 1
thee 1
hence 1
sure 1
fate 1
of 1
every 1
mortal 1
excellence 1
farewell 1
and 1
joys 1
successive 1
ever 1
spring 1
to 1
thee 1
to 1
thine 1
the 1
people 1
and 1
the 1
king 1
thus 1
he 1
then 1
parting 1
prints 1
the 1
sandy 1
shore 1
to 1
the 1
fair 1
port 1
a 1
herald 1
marchd 1
before 1
sent 1
by 1
alcinous 1
of 1
aretes 1
train 1
three 1
chosen 1
maids 1
attend 1
him 1
to 1
the 1
main 1
this 1
does 1
a 1
tunic 1
and 1
white 1
vest 1
convey 1
a 1
various 1
casket 1
that 1
of 1
rich 1
inlay 1
and 1
bread 1
and 1
wine 1
the 1
third 1
the 1
cheerful 1
mates 1
safe 1
in 1
the 1
hollow 1
poop 1
dispose 1
the 1
cates 1
upon 1
the 1
deck 1
soft 1
painted 1
robes 1
they 1
spread 1
with 1
linen 1
coverd 1
for 1
the 1
heros 1
bed 1
he 1
climbed 1
the 1
lofty 1
stern 1
then 1
gently 1
pressd 1
the 1
swelling 1
couch 1
and 1
lay 1
composed 1
to 1
rest 1
now 1
placed 1
in 1
order 1
the 1
phaeacian 1
train 1
their 1
cables 1
loose 1
and 1
launch 1
into 1
the 1
main 1
at 1
once 1
they 1
bend 1
and 1
strike 1
their 1
equal 1
oars 1
and 1
leave 1
the 1
sinking 1
hills 1
and 1
lessening 1
shores 1
while 1
on 1
the 1
deck 1
the 1
chief 1
in 1
silence 1
lies 1
and 1
pleasing 1
slumbers 1
steal 1
upon 1
his 1
eyes 1
as 1
fiery 1
coursers 1
in 1
the 1
rapid 1
race 1
urged 1
by 1
fierce 1
drivers 1
through 1
the 1
dusty 1
space 1
toss 1
their 1
high 1
heads 1
and 1
scour 1
along 1
the 1
plain 1
so 1
mounts 1
the 1
bounding 1
vessel 1
oer 1
the 1
main 1
back 1
to 1
the 1
stern 1
the 1
parted 1
billows 1
flow 1
and 1
the 1
black 1
ocean 1
foams 1
and 1
roars 1
below 1
thus 1
with 1
spread 1
sails 1
the 1
winged 1
galley 1
flies 1
less 1
swift 1
an 1
eagle 1
cuts 1
the 1
liquid 1
skies 1
divine 1
ulysses 1
was 1
her 1
sacred 1
load 1
a 1
man 1
in 1
wisdom 1
equal 1
to 1
a 1
god 1
much 1
danger 1
long 1
and 1
mighty 1
toils 1
he 1
bore 1
in 1
storms 1
by 1
sea 1
and 1
combats 1
on 1
the 1
shore 1
all 1
which 1
soft 1
sleep 1
now 1
banishd 1
from 1
his 1
breast 1
wrappd 1
in 1
a 1
pleasing 1
deep 1
and 1
deathlike 1
rest 1
but 1
when 1
the 1
morningstar 1
with 1
early 1
ray 1
flamed 1
in 1
the 1
front 1
of 1
heaven 1
and 1
promised 1
day 1
like 1
distant 1
clouds 1
the 1
mariner 1
descries 1
fair 1
ithacas 1
emerging 1
hills 1
arise 1
far 1
from 1
the 1
town 1
a 1
spacious 1
port 1
appears 1
sacred 1
to 1
phorcys 1
power 1
whose 1
name 1
it 1
bears 1
two 1
craggy 1
rocks 1
projecting 1
to 1
the 1
main 1
the 1
roaring 1
winds 1
tempestuous 1
rage 1
restrain 1
within 1
the 1
waves 1
in 1
softer 1
murmurs 1
glide 1
and 1
ships 1
secure 1
without 1
their 1
halsers 1
ride 1
high 1
at 1
the 1
head 1
a 1
branching 1
olive 1
grows 1
and 1
crowns 1
the 1
pointed 1
cliffs 1
with 1
shady 1
boughs 1
beneath 1
a 1
gloomy 1
grottos 1
cool 1
recess 1
delights 1
the 1
nereids 1
of 1
the 1
neighbouring 1
seas 1
where 1
bowls 1
and 1
urns 1
were 1
formd 1
of 1
living 1
stone 1
and 1
massy 1
beams 1
in 1
native 1
marble 1
shone 1
on 1
which 1
the 1
labours 1
of 1
the 1
nymphs 1
were 1
rolld 1
their 1
webs 1
divine 1
of 1
purple 1
mixd 1
with 1
gold 1
within 1
the 1
cave 1
the 1
clustering 1
bees 1
attend 1
their 1
waxen 1
works 1
or 1
from 1
the 1
roof 1
depend 1
perpetual 1
waters 1
oer 1
the 1
pavement 1
glide 1
two 1
marble 1
doors 1
unfold 1
on 1
either 1
side 1
sacred 1
the 1
south 1
by 1
which 1
the 1
gods 1
descend 1
but 1
mortals 1
enter 1
at 1
the 1
northern 1
end 1
thither 1
they 1
bent 1
and 1
hauld 1
their 1
ship 1
to 1
land 1
the 1
crooked 1
keel 1
divides 1
the 1
yellow 1
sand 1
ulysses 1
sleeping 1
on 1
his 1
couch 1
they 1
bore 1
and 1
gently 1
placed 1
him 1
on 1
the 1
rocky 1
shore 1
his 1
treasures 1
next 1
alcinous 1
gifts 1
they 1
laid 1
in 1
the 1
wild 1
olives 1
unfrequented 1
shade 1
secure 1
from 1
theft 1
then 1
launchd 1
the 1
bark 1
again 1
resumed 1
their 1
oars 1
and 1
measured 1
back 1
the 1
main 1
nor 1
yet 1
forgot 1
old 1
oceans 1
dread 1
supreme 1
the 1
vengeance 1
vowd 1
for 1
eyeless 1
polypheme 1
before 1
the 1
throne 1
of 1
mighty 1
jove 1
lie 1
stood 1
and 1
sought 1
the 1
secret 1
counsels 1
of 1
the 1
god 1
shall 1
then 1
no 1
more 1
o 1
sire 1
of 1
gods 1
be 1
mine 1
the 1
rights 1
and 1
honours 1
of 1
a 1
power 1
divine 1
scornd 1
een 1
by 1
man 1
and 1
oh 1
severe 1
disgrace 1
by 1
soft 1
phaeacians 1
my 1
degenerate 1
race 1
against 1
yon 1
destined 1
head 1
in 1
vain 1
i 1
swore 1
and 1
menaced 1
vengeance 1
ere 1
he 1
reachd 1
his 1
shore 1
to 1
reach 1
his 1
natal 1
shore 1
was 1
thy 1
decree 1
mild 1
i 1
obeyd 1
for 1
who 1
shall 1
war 1
with 1
thee 1
behold 1
him 1
landed 1
careless 1
and 1
asleep 1
from 1
all 1
the 1
eluded 1
dangers 1
of 1
the 1
deep 1
lo 1
where 1
he 1
lies 1
amidst 1
a 1
shining 1
store 1
of 1
brass 1
rich 1
garments 1
and 1
refulgent 1
ore 1
and 1
bears 1
triumphant 1
to 1
his 1
native 1
isle 1
a 1
prize 1
more 1
worth 1
than 1
ilions 1
noble 1
spoil 1
to 1
whom 1
the 1
father 1
of 1
the 1
immortal 1
powers 1
who 1
swells 1
the 1
clouds 1
and 1
gladdens 1
earth 1
with 1
showers 1
can 1
mighty 1
neptune 1
thus 1
of 1
man 1
complain 1
neptune 1
tremendous 1
oer 1
the 1
boundless 1
main 1
revered 1
and 1
awful 1
een 1
in 1
heavens 1
abodes 1
ancient 1
and 1
great 1
a 1
god 1
above 1
the 1
gods 1
if 1
that 1
low 1
race 1
offend 1
thy 1
power 1
divine 1
weak 1
daring 1
creatures 1
is 1
not 1
vengeance 1
thine 1
go 1
then 1
the 1
guilty 1
at 1
thy 1
will 1
chastise 1
he 1
said 1
the 1
shaker 1
of 1
the 1
earth 1
replies 1
this 1
then 1
i 1
doom 1
to 1
fix 1
the 1
gallant 1
ship 1
a 1
mark 1
of 1
vengeance 1
on 1
the 1
sable 1
deep 1
to 1
warn 1
the 1
thoughtless 1
selfconfiding 1
train 1
no 1
more 1
unlicensed 1
thus 1
to 1
brave 1
the 1
main 1
full 1
in 1
their 1
port 1
a 1
shady 1
hill 1
shall 1
rise 1
if 1
such 1
thy 1
will 1
we 1
will 1
it 1
jove 1
replies 1
een 1
when 1
with 1
transport 1
blackening 1
all 1
the 1
strand 1
the 1
swarming 1
people 1
hail 1
their 1
ship 1
to 1
land 1
fix 1
her 1
for 1
ever 1
a 1
memorial 1
stone 1
still 1
let 1
her 1
seem 1
to 1
sail 1
and 1
seem 1
alone 1
the 1
trembling 1
crowds 1
shall 1
see 1
the 1
sudden 1
shade 1
of 1
whelming 1
mountains 1
overhang 1
their 1
head 1
with 1
that 1
the 1
god 1
whose 1
earthquakes 1
rock 1
the 1
ground 1
fierce 1
to 1
phaeacia 1
crossd 1
the 1
vast 1
profound 1
swift 1
as 1
a 1
swallow 1
sweeps 1
the 1
liquid 1
way 1
the 1
winged 1
pinnace 1
shot 1
along 1
the 1
sea 1
the 1
god 1
arrests 1
her 1
with 1
a 1
sudden 1
stroke 1
and 1
roots 1
her 1
down 1
an 1
everlasting 1
rock 1
aghast 1
the 1
scherians 1
stand 1
in 1
deep 1
surprise 1
all 1
press 1
to 1
speak 1
all 1
question 1
with 1
their 1
eyes 1
what 1
hands 1
unseen 1
the 1
rapid 1
bark 1
restrain 1
and 1
yet 1
it 1
swims 1
or 1
seems 1
to 1
swim 1
the 1
main 1
thus 1
they 1
unconscious 1
of 1
the 1
deed 1
divine 1
till 1
great 1
alcinous 1
rising 1
ownd 1
the 1
sign 1
behold 1
the 1
long 1
predestined 1
day 1
i 1
he 1
cries 1
o 1
certain 1
faith 1
of 1
ancient 1
prophecies 1
these 1
ears 1
have 1
heard 1
my 1
royal 1
sire 1
disclose 1
a 1
dreadful 1
story 1
big 1
with 1
future 1
woes 1
how 1
moved 1
with 1
wrath 1
that 1
careless 1
we 1
convey 1
promiscuous 1
every 1
guest 1
to 1
every 1
bay 1
stern 1
neptune 1
raged 1
and 1
how 1
by 1
his 1
command 1
firm 1
rooted 1
in 1
the 1
surge 1
a 1
ship 1
should 1
stand 1
a 1
monument 1
of 1
wrath 1
and 1
mound 1
on 1
mound 1
should 1
hide 1
our 1
walls 1
or 1
whelm 1
beneath 1
the 1
ground 1
the 1
fates 1
have 1
followd 1
as 1
declared 1
the 1
seer 1
be 1
humbled 1
nations 1
and 1
your 1
monarch 1
hear 1
no 1
more 1
unlicensed 1
brave 1
the 1
deeps 1
no 1
more 1
with 1
every 1
stranger 1
pass 1
from 1
shore 1
to 1
shore 1
on 1
angry 1
neptune 1
now 1
for 1
mercy 1
call 1
to 1
his 1
high 1
name 1
let 1
twelve 1
black 1
oxen 1
fall 1
so 1
may 1
the 1
god 1
reverse 1
his 1
purposed 1
will 1
nor 1
oer 1
our 1
city 1
hang 1
the 1
dreadful 1
hill 1
the 1
monarch 1
spoke 1
they 1
trembled 1
and 1
obeyd 1
forth 1
on 1
the 1
sands 1
the 1
victim 1
oxen 1
led 1
the 1
gathered 1
tribes 1
before 1
the 1
altars 1
stand 1
and 1
chiefs 1
and 1
rulers 1
a 1
majestic 1
band 1
the 1
king 1
of 1
ocean 1
all 1
the 1
tribes 1
implore 1
the 1
blazing 1
altars 1
redden 1
all 1
the 1
shore 1
meanwhile 1
ulysses 1
in 1
his 1
country 1
lay 1
released 1
from 1
sleep 1
and 1
round 1
him 1
might 1
survey 1
the 1
solitary 1
shore 1
and 1
rolling 1
sea 1
yet 1
had 1
his 1
mind 1
through 1
tedious 1
absence 1
lost 1
the 1
dear 1
resemblance 1
of 1
his 1
native 1
coast 1
besides 1
minerva 1
to 1
secure 1
her 1
care 1
diffused 1
around 1
a 1
veil 1
of 1
thickened 1
air 1
for 1
so 1
the 1
gods 1
ordaind 1
to 1
keep 1
unseen 1
his 1
royal 1
person 1
from 1
his 1
friends 1
and 1
queen 1
till 1
the 1
proud 1
suitors 1
for 1
their 1
crimes 1
afford 1
an 1
ample 1
vengeance 1
to 1
their 1
injured 1
lord 1
now 1
all 1
the 1
land 1
another 1
prospect 1
bore 1
another 1
port 1
appeard 1
another 1
shore 1
and 1
longcontinued 1
ways 1
and 1
winding 1
floods 1
and 1
unknown 1
mountains 1
crownd 1
with 1
unknown 1
woods 1
pensive 1
and 1
slow 1
with 1
sudden 1
grief 1
oppressd 1
the 1
king 1
arose 1
and 1
beat 1
his 1
careful 1
breast 1
cast 1
a 1
long 1
look 1
oer 1
all 1
the 1
coast 1
and 1
main 1
and 1
sought 1
around 1
his 1
native 1
realm 1
in 1
vain 1
then 1
with 1
erected 1
eyes 1
stood 1
fixd 1
in 1
woe 1
and 1
as 1
he 1
spoke 1
the 1
tears 1
began 1
to 1
flow 1
ye 1
gods 1
he 1
cried 1
upon 1
what 1
barren 1
coast 1
in 1
what 1
new 1
region 1
is 1
ulysses 1
tossd 1
possessd 1
by 1
wild 1
barbarians 1
fierce 1
in 1
arms 1
or 1
men 1
whose 1
bosom 1
tender 1
pity 1
warms 1
where 1
shall 1
this 1
treasure 1
now 1
in 1
safely 1
be 1
and 1
whither 1
whither 1
its 1
sad 1
owner 1
fly 1
ah 1
why 1
did 1
i 1
alcinous 1
grace 1
implore 1
ah 1
why 1
forsake 1
phaeacias 1
happy 1
shore 1
some 1
juster 1
prince 1
perhaps 1
had 1
entertaind 1
and 1
safe 1
restored 1
me 1
to 1
my 1
native 1
land 1
is 1
this 1
the 1
promised 1
longexpected 1
coast 1
and 1
this 1
the 1
faith 1
phaeacias 1
rulers 1
boast 1
o 1
righteous 1
gods 1
of 1
all 1
the 1
great 1
how 1
few 1
are 1
just 1
to 1
heaven 1
and 1
to 1
their 1
promise 1
true 1
but 1
he 1
the 1
power 1
to 1
whose 1
allseeing 1
eyes 1
the 1
deeds 1
of 1
men 1
appear 1
without 1
disguise 1
tis 1
his 1
alone 1
to 1
avenge 1
the 1
wrongs 1
i 1
bear 1
for 1
still 1
the 1
oppressd 1
are 1
his 1
peculiar 1
care 1
to 1
count 1
these 1
presents 1
and 1
from 1
thence 1
to 1
prove 1
their 1
faith 1
is 1
mine 1
the 1
rest 1
belongs 1
to 1
jove 1
then 1
on 1
the 1
sands 1
he 1
ranged 1
his 1
wealthy 1
store 1
the 1
gold 1
the 1
vests 1
the 1
tripods 1
numberd 1
oer 1
all 1
these 1
he 1
found 1
but 1
still 1
in 1
error 1
lost 1
disconsolate 1
he 1
wanders 1
on 1
the 1
coast 1
sighs 1
for 1
his 1
country 1
and 1
laments 1
again 1
to 1
the 1
deaf 1
rocks 1
and 1
hoarseresounding 1
main 1
when 1
lo 1
the 1
guardian 1
goddess 1
of 1
the 1
wise 1
celestial 1
pallas 1
stood 1
before 1
his 1
eyes 1
in 1
show 1
a 1
youthful 1
swain 1
of 1
form 1
divine 1
who 1
seemd 1
descended 1
from 1
some 1
princely 1
line 1
a 1
graceful 1
robe 1
her 1
slender 1
body 1
dressd 1
around 1
her 1
shoulders 1
flew 1
the 1
waving 1
vest 1
her 1
decent 1
hand 1
a 1
shining 1
javelin 1
bore 1
and 1
painted 1
sandals 1
on 1
her 1
feet 1
she 1
wore 1
to 1
whom 1
the 1
king 1
whoeer 1
of 1
human 1
race 1
thou 1
art 1
that 1
wanderest 1
in 1
this 1
desert 1
place 1
with 1
joy 1
to 1
thee 1
as 1
to 1
some 1
god 1
i 1
bend 1
to 1
thee 1
my 1
treasures 1
and 1
myself 1
commend 1
o 1
tell 1
a 1
wretch 1
in 1
exile 1
doomd 1
to 1
stray 1
what 1
air 1
i 1
breathe 1
what 1
country 1
i 1
survey 1
the 1
fruitful 1
continents 1
extremest 1
bound 1
or 1
some 1
fair 1
isle 1
which 1
neptunes 1
arms 1
surround 1
from 1
what 1
far 1
clime 1
said 1
she 1
remote 1
from 1
fame 1
arrivest 1
thou 1
here 1
a 1
stranger 1
to 1
our 1
name 1
thou 1
seest 1
an 1
island 1
not 1
to 1
those 1
unknown 1
whose 1
hills 1
are 1
brightend 1
by 1
the 1
rising 1
sun 1
nor 1
those 1
that 1
placed 1
beneath 1
his 1
utmost 1
reign 1
behold 1
him 1
sinking 1
in 1
the 1
western 1
main 1
the 1
rugged 1
soil 1
allows 1
no 1
level 1
space 1
for 1
flying 1
chariots 1
or 1
the 1
rapid 1
race 1
yet 1
not 1
ungrateful 1
to 1
the 1
peasants 1
pain 1
suffices 1
fulness 1
to 1
the 1
swelling 1
grain 1
the 1
loaded 1
trees 1
their 1
various 1
fruits 1
produce 1
and 1
clustering 1
grapes 1
afford 1
a 1
generous 1
juice 1
woods 1
crown 1
our 1
mountains 1
and 1
in 1
every 1
grove 1
the 1
bounding 1
goats 1
and 1
frisking 1
heifers 1
rove 1
soft 1
rains 1
and 1
kindly 1
dews 1
refresh 1
the 1
field 1
and 1
rising 1
springs 1
eternal 1
verdure 1
yield 1
een 1
to 1
those 1
shores 1
is 1
ithaca 1
renownd 1
where 1
troys 1
majestic 1
ruins 1
strew 1
the 1
ground 1
at 1
this 1
the 1
chief 1
with 1
transport 1
was 1
possessd 1
his 1
panting 1
heart 1
exulted 1
in 1
his 1
breast 1
yet 1
well 1
dissembling 1
his 1
untimely 1
joys 1
and 1
veiling 1
truth 1
in 1
plausible 1
disguise 1
thus 1
with 1
an 1
air 1
sincere 1
in 1
fiction 1
bold 1
his 1
ready 1
tale 1
the 1
inventive 1
hero 1
told 1
oft 1
have 1
i 1
heard 1
in 1
crete 1
this 1
islands 1
name 1
for 1
twas 1
from 1
crete 1
my 1
native 1
soil 1
i 1
came 1
selfbanished 1
thence 1
i 1
saild 1
before 1
the 1
wind 1
and 1
left 1
my 1
children 1
and 1
my 1
friends 1
behind 1
from 1
fierce 1
idomeneus 1
revenge 1
i 1
flew 1
whose 1
son 1
the 1
swift 1
orsilochus 1
i 1
slew 1
with 1
brutal 1
force 1
he 1
seized 1
my 1
trojan 1
prey 1
due 1
to 1
the 1
toils 1
of 1
many 1
a 1
bloody 1
day 1
unseen 1
i 1
scaped 1
and 1
favourd 1
by 1
the 1
night 1
in 1
a 1
phoenician 1
vessel 1
took 1
my 1
flight 1
for 1
pyle 1
or 1
elis 1
bound 1
but 1
tempests 1
tossd 1
and 1
raging 1
billows 1
drove 1
us 1
on 1
your 1
coast 1
in 1
dead 1
of 1
night 1
an 1
unknown 1
port 1
we 1
gaind 1
spent 1
with 1
fatigue 1
and 1
slept 1
secure 1
on 1
land 1
but 1
ere 1
the 1
rosy 1
morn 1
renewd 1
the 1
day 1
while 1
in 1
the 1
embrace 1
of 1
pleasing 1
sleep 1
i 1
lay 1
sudden 1
invited 1
by 1
auspicious 1
gales 1
they 1
land 1
my 1
goods 1
and 1
hoist 1
their 1
flying 1
sails 1
abandond 1
here 1
my 1
fortune 1
i 1
deplore 1
a 1
hapless 1
exile 1
on 1
a 1
foreign 1
shore 1
thus 1
while 1
he 1
spoke 1
the 1
blueeyed 1
maid 1
began 1
with 1
pleasing 1
smiles 1
to 1
view 1
the 1
godlike 1
man 1
then 1
changed 1
her 1
form 1
and 1
now 1
divinely 1
bright 1
joves 1
heavenly 1
daughter 1
stood 1
confessd 1
to 1
sight 1
like 1
a 1
fair 1
virgin 1
in 1
her 1
beautys 1
bloom 1
skilld 1
in 1
the 1
illustrious 1
labours 1
of 1
the 1
loom 1
o 1
still 1
the 1
same 1
ulysses 1
she 1
rejoind 1
in 1
useful 1
craft 1
successfully 1
refined 1
artful 1
in 1
speech 1
in 1
action 1
and 1
in 1
mind 1
sufficed 1
it 1
not 1
that 1
thy 1
long 1
labours 1
passd 1
secure 1
thou 1
seest 1
thy 1
native 1
shore 1
at 1
last 1
but 1
this 1
to 1
me 1
who 1
like 1
thyself 1
excel 1
in 1
arts 1
of 1
counsel 1
and 1
dissembling 1
well 1
to 1
me 1
whose 1
wit 1
exceeds 1
the 1
powers 1
divine 1
no 1
less 1
than 1
mortals 1
are 1
surpassd 1
by 1
thine 1
knowst 1
thou 1
not 1
me 1
who 1
made 1
thy 1
life 1
my 1
care 1
through 1
ten 1
years 1
wandering 1
and 1
through 1
ten 1
years 1
war 1
who 1
taught 1
thee 1
arts 1
alcinous 1
to 1
persuade 1
to 1
raise 1
his 1
wonder 1
and 1
engage 1
his 1
aid 1
and 1
now 1
appear 1
thy 1
treasures 1
to 1
protect 1
conceal 1
thy 1
person 1
thy 1
designs 1
direct 1
and 1
tell 1
what 1
more 1
thou 1
must 1
from 1
fate 1
expect 1
domestic 1
woes 1
far 1
heavier 1
to 1
be 1
borne 1
the 1
pride 1
of 1
fools 1
and 1
slaves 1
insulting 1
scorn 1
but 1
thou 1
be 1
silent 1
nor 1
reveal 1
thy 1
state 1
yield 1
to 1
the 1
force 1
of 1
unresisted 1
fate 1
and 1
bear 1
unmoved 1
the 1
wrongs 1
of 1
base 1
mankind 1
the 1
last 1
and 1
hardest 1
conquest 1
of 1
the 1
mind 1
goddess 1
of 1
wisdom 1
ithacus 1
replies 1
he 1
who 1
discerns 1
thee 1
must 1
be 1
truly 1
wise 1
so 1
seldom 1
viewd 1
and 1
ever 1
in 1
disguise 1
when 1
the 1
bold 1
argives 1
led 1
their 1
warring 1
powers 1
against 1
proud 1
ilions 1
welldefended 1
towers 1
ulysses 1
was 1
thy 1
care 1
celestial 1
maid 1
graced 1
with 1
thy 1
sight 1
and 1
favoured 1
with 1
thy 1
aid 1
but 1
when 1
the 1
trojan 1
piles 1
in 1
ashes 1
lay 1
and 1
bound 1
for 1
greece 1
we 1
ploughd 1
the 1
watery 1
way 1
our 1
fleet 1
dispersed 1
and 1
driven 1
from 1
coast 1
to 1
coast 1
thy 1
sacred 1
presence 1
from 1
that 1
hour 1
i 1
lost 1
till 1
i 1
beheld 1
thy 1
radiant 1
form 1
once 1
more 1
and 1
heard 1
thy 1
counsels 1
on 1
phaeacias 1
shore 1
but 1
by 1
the 1
almighty 1
author 1
of 1
thy 1
race 1
tell 1
me 1
oh 1
tell 1
is 1
this 1
my 1
native 1
place 1
for 1
much 1
i 1
fear 1
long 1
tracts 1
of 1
land 1
and 1
sea 1
divide 1
this 1
coast 1
from 1
distant 1
ithaca 1
the 1
sweet 1
delusion 1
kindly 1
you 1
impose 1
to 1
soothe 1
my 1
hopes 1
and 1
mitigate 1
my 1
woes 1
thus 1
he 1
the 1
blueeyed 1
goddess 1
thus 1
replies 1
how 1
prone 1
to 1
doubt 1
how 1
cautious 1
are 1
the 1
wise 1
who 1
versed 1
in 1
fortune 1
fear 1
the 1
flattering 1
show 1
and 1
taste 1
not 1
half 1
the 1
bliss 1
the 1
gods 1
bestow 1
the 1
more 1
shall 1
pallas 1
aid 1
thy 1
just 1
desires 1
and 1
guard 1
the 1
wisdom 1
which 1
herself 1
inspires 1
others 1
long 1
absent 1
from 1
their 1
native 1
place 1
straight 1
seek 1
their 1
home 1
and 1
fly 1
with 1
eager 1
pace 1
to 1
their 1
wives 1
arms 1
and 1
childrens 1
dear 1
embrace 1
not 1
thus 1
ulysses 1
he 1
decrees 1
to 1
prove 1
his 1
subjects 1
faith 1
and 1
queens 1
suspected 1
love 1
who 1
mournd 1
her 1
lord 1
twice 1
ten 1
revolving 1
years 1
and 1
wastes 1
the 1
days 1
in 1
grief 1
the 1
nights 1
in 1
tears 1
but 1
pallas 1
knew 1
thy 1
friends 1
and 1
navy 1
lost 1
once 1
more 1
twas 1
given 1
thee 1
to 1
behold 1
thy 1
coast 1
yet 1
how 1
could 1
i 1
with 1
adverse 1
fate 1
engage 1
and 1
mighty 1
neptunes 1
unrelenting 1
rage 1
now 1
lift 1
thy 1
longing 1
eyes 1
while 1
i 1
restore 1
the 1
pleasing 1
prospect 1
of 1
thy 1
native 1
shore 1
bebold 1
the 1
port 1
of 1
phorcys 1
fenced 1
around 1
with 1
rocky 1
mountains 1
and 1
with 1
olives 1
crownd 1
behold 1
the 1
gloomy 1
grot 1
whose 1
cool 1
recess 1
delights 1
the 1
nereids 1
of 1
the 1
neighbouring 1
seas 1
whose 1
nowneglected 1
altars 1
in 1
thy 1
reign 1
blushd 1
with 1
the 1
blood 1
of 1
sheep 1
and 1
oxen 1
slain 1
behold 1
where 1
neritus 1
the 1
clouds 1
divides 1
and 1
shakes 1
the 1
waving 1
forests 1
on 1
his 1
sides 1
so 1
spake 1
the 1
goddess 1
and 1
the 1
prospect 1
cleard 1
the 1
mists 1
dispersed 1
and 1
all 1
the 1
coast 1
appeared 1
the 1
king 1
with 1
joy 1
confessd 1
his 1
place 1
of 1
birth 1
and 1
on 1
his 1
knees 1
salutes 1
his 1
mother 1
earth 1
then 1
with 1
his 1
suppliant 1
hands 1
upheld 1
in 1
air 1
thus 1
to 1
the 1
seagreen 1
sisters 1
sends 1
his 1
prayer 1
all 1
hail 1
ye 1
virgin 1
daughters 1
of 1
the 1
main 1
ye 1
streams 1
beyond 1
my 1
hopes 1
beheld 1
again 1
to 1
you 1
once 1
more 1
your 1
own 1
ulysses 1
bows 1
attend 1
his 1
transports 1
and 1
receive 1
his 1
vows 1
if 1
jove 1
prolong 1
my 1
days 1
and 1
pallas 1
crown 1
the 1
growing 1
virtues 1
of 1
my 1
youthful 1
son 1
to 1
you 1
shall 1
rites 1
divine 1
be 1
ever 1
paid 1
and 1
grateful 1
offerings 1
on 1
your 1
altars 1
laid 1
thus 1
then 1
minerva 1
from 1
that 1
anxious 1
breast 1
dismiss 1
those 1
cares 1
and 1
leave 1
to 1
heaven 1
the 1
rest 1
our 1
task 1
be 1
now 1
thy 1
treasured 1
stores 1
to 1
save 1
deep 1
in 1
the 1
close 1
recesses 1
of 1
the 1
cave 1
then 1
future 1
means 1
consult 1
she 1
spoke 1
and 1
trod 1
the 1
shady 1
grot 1
that 1
brightend 1
with 1
the 1
god 1
the 1
closest 1
caverns 1
of 1
the 1
grot 1
she 1
sought 1
the 1
gold 1
the 1
brass 1
the 1
robes 1
ulysses 1
brought 1
these 1
in 1
the 1
secret 1
gloom 1
the 1
chief 1
disposed 1
the 1
entrance 1
with 1
a 1
rock 1
the 1
goddess 1
closed 1
now 1
seated 1
in 1
the 1
olives 1
sacred 1
shade 1
confer 1
the 1
hero 1
and 1
the 1
martial 1
maid 1
the 1
goddess 1
of 1
the 1
azure 1
eyes 1
began 1
son 1
of 1
laertes 1
muchexperienced 1
man 1
the 1
suitortrain 1
thy 1
earliest 1
care 1
demand 1
of 1
that 1
luxurious 1
race 1
to 1
rid 1
the 1
land 1
three 1
years 1
thy 1
house 1
their 1
lawless 1
rule 1
has 1
seen 1
and 1
proud 1
addresses 1
to 1
the 1
matchless 1
queen 1
but 1
she 1
thy 1
absence 1
mourns 1
from 1
day 1
to 1
day 1
and 1
inly 1
bleeds 1
and 1
silent 1
wastes 1
away 1
elusive 1
of 1
the 1
bridal 1
hour 1
she 1
gives 1
fond 1
hopes 1
to 1
all 1
and 1
all 1
with 1
hopes 1
deceives 1
to 1
this 1
ulysses 1
o 1
celestial 1
maid 1
praised 1
be 1
thy 1
counsel 1
and 1
thy 1
timely 1
aid 1
else 1
had 1
i 1
seen 1
my 1
native 1
walls 1
in 1
vain 1
like 1
great 1
atrides 1
just 1
restored 1
and 1
slain 1
vouchsafe 1
the 1
means 1
of 1
vengeance 1
to 1
debate 1
and 1
plan 1
with 1
all 1
thy 1
arts 1
the 1
scene 1
of 1
fate 1
then 1
then 1
be 1
present 1
and 1
my 1
soul 1
inspire 1
as 1
when 1
we 1
wrappd 1
troys 1
heavenbuilt 1
walls 1
in 1
fire 1
though 1
leagued 1
against 1
me 1
hundred 1
heroes 1
stand 1
hundreds 1
shall 1
fall 1
if 1
pallas 1
aid 1
my 1
hand 1
she 1
answerd 1
in 1
the 1
dreadful 1
day 1
of 1
fight 1
know 1
i 1
am 1
with 1
thee 1
strong 1
in 1
all 1
my 1
might 1
if 1
thou 1
but 1
equal 1
to 1
thyself 1
be 1
found 1
what 1
gasping 1
numbers 1
then 1
shall 1
press 1
the 1
ground 1
what 1
human 1
victims 1
stain 1
the 1
feastful 1
floor 1
how 1
wide 1
the 1
pavements 1
float 1
with 1
guilty 1
gore 1
it 1
fits 1
thee 1
now 1
to 1
wear 1
a 1
dark 1
disguise 1
and 1
secret 1
walk 1
unknown 1
to 1
mortal 1
eyes 1
for 1
this 1
my 1
hand 1
shall 1
wither 1
every 1
grace 1
and 1
every 1
elegance 1
of 1
form 1
and 1
face 1
oer 1
thy 1
smooth 1
skin 1
a 1
bark 1
of 1
wrinkles 1
spread 1
turn 1
hoar 1
the 1
auburn 1
honours 1
of 1
thy 1
head 1
disfigure 1
every 1
limb 1
with 1
coarse 1
attire 1
and 1
in 1
thy 1
eyes 1
extinguish 1
all 1
the 1
fire 1
add 1
all 1
the 1
wants 1
and 1
the 1
decays 1
of 1
life 1
estrange 1
thee 1
from 1
thy 1
own 1
thy 1
son 1
thy 1
wife 1
from 1
the 1
loathed 1
object 1
every 1
sight 1
shall 1
turn 1
and 1
the 1
blind 1
suitors 1
their 1
destruction 1
scorn 1
go 1
first 1
the 1
master 1
of 1
thy 1
herds 1
to 1
find 1
true 1
to 1
his 1
charge 1
a 1
loyal 1
swain 1
and 1
kind 1
for 1
thee 1
he 1
sighs 1
and 1
to 1
the 1
loyal 1
heir 1
and 1
chaste 1
penelope 1
extends 1
his 1
care 1
at 1
the 1
coracian 1
rock 1
he 1
now 1
resides 1
where 1
arethusas 1
sable 1
water 1
glides 1
the 1
sable 1
water 1
and 1
the 1
copious 1
mast 1
swell 1
the 1
fat 1
herd 1
luxuriant 1
large 1
repast 1
with 1
him 1
rest 1
peaceful 1
in 1
the 1
rural 1
cell 1
and 1
all 1
you 1
ask 1
his 1
faithful 1
tongue 1
shall 1
tell 1
me 1
into 1
other 1
realms 1
my 1
cares 1
convey 1
to 1
sparta 1
still 1
with 1
female 1
beauty 1
gay 1
for 1
know 1
to 1
sparta 1
thy 1
loved 1
offspring 1
came 1
to 1
learn 1
thy 1
fortunes 1
from 1
the 1
voice 1
of 1
fame 1
at 1
this 1
the 1
father 1
with 1
a 1
fathers 1
care 1
must 1
he 1
too 1
suffer 1
he 1
o 1
goddess 1
bear 1
of 1
wanderings 1
and 1
of 1
woes 1
a 1
wretched 1
share 1
through 1
the 1
wild 1
ocean 1
plough 1
the 1
dangerous 1
way 1
and 1
leave 1
his 1
fortunes 1
and 1
his 1
house 1
a 1
prey 1
why 1
wouldst 1
not 1
thou 1
o 1
allenlightend 1
mind 1
inform 1
him 1
certain 1
and 1
protect 1
him 1
kind 1
to 1
whom 1
minerva 1
be 1
thy 1
soul 1
at 1
rest 1
and 1
know 1
whatever 1
heaven 1
ordains 1
is 1
best 1
to 1
fame 1
i 1
sent 1
him 1
to 1
acquire 1
renown 1
to 1
other 1
regions 1
is 1
his 1
virtue 1
known 1
secure 1
he 1
sits 1
near 1
great 1
atrides 1
placed 1
with 1
friendships 1
strengthend 1
and 1
with 1
honours 1
graced 1
but 1
lo 1
an 1
ambush 1
waits 1
his 1
passage 1
oer 1
fierce 1
foes 1
insidious 1
intercept 1
the 1
shore 1
in 1
vain 1
far 1
sooner 1
all 1
the 1
murderous 1
brood 1
this 1
injured 1
land 1
shall 1
fatten 1
with 1
their 1
blood 1
she 1
spake 1
then 1
touchd 1
him 1
with 1
her 1
powerful 1
wand 1
the 1
skin 1
shrunk 1
up 1
and 1
witherd 1
at 1
her 1
hand 1
a 1
swift 1
old 1
age 1
oer 1
all 1
his 1
members 1
spread 1
a 1
sudden 1
frost 1
was 1
sprinkled 1
on 1
his 1
head 1
nor 1
longer 1
in 1
the 1
heavy 1
eyeball 1
shined 1
the 1
glance 1
divine 1
forthbeaming 1
from 1
the 1
mind 1
his 1
robe 1
which 1
spots 1
indelible 1
besmear 1
in 1
rags 1
dishonest 1
flutters 1
with 1
the 1
air 1
a 1
stags 1
torn 1
hide 1
is 1
lappd 1
around 1
his 1
reins 1
a 1
rugged 1
staff 1
his 1
trembling 1
hand 1
sustains 1
and 1
at 1
his 1
side 1
a 1
wretched 1
scrip 1
was 1
hung 1
widepatchd 1
and 1
knotted 1
to 1
a 1
twisted 1
thong 1
so 1
looked 1
the 1
chief 1
so 1
moved 1
to 1
mortal 1
eyes 1
object 1
uncouth 1
a 1
man 1
of 1
miseries 1
while 1
pallas 1
cleaving 1
the 1
wild 1
fields 1
of 1
air 1
to 1
sparta 1
flies 1
telemachus 1
her 1
care 1
book 1
xiv 1
argument 1
the 1
conversation 1
with 1
eumaeus 1
ulysses 1
arrives 1
in 1
disguise 1
at 1
the 1
house 1
of 1
eumaeus 1
where 1
he 1
is 1
received 1
entertained 1
and 1
lodged 1
with 1
the 1
utmost 1
hospitality 1
the 1
several 1
discourses 1
of 1
that 1
faithful 1
old 1
servant 1
with 1
the 1
feigned 1
story 1
told 1
by 1
ulysses 1
to 1
conceal 1
himself 1
and 1
other 1
conversations 1
on 1
various 1
subjects 1
take 1
up 1
this 1
entire 1
book 1
but 1
he 1
deepmusing 1
oer 1
the 1
mountains 1
strayd 1
through 1
mazy 1
thickets 1
of 1
the 1
woodland 1
shade 1
and 1
cavernd 1
ways 1
the 1
shaggy 1
coast 1
along 1
with 1
cliffs 1
and 1
nodding 1
forests 1
overhung 1
eumaeus 1
at 1
his 1
sylvan 1
lodge 1
he 1
sought 1
a 1
faithful 1
servant 1
and 1
without 1
a 1
fault 1
ulysses 1
found 1
him 1
busied 1
as 1
he 1
sate 1
before 1
the 1
threshold 1
of 1
his 1
rustic 1
gate 1
around 1
the 1
mansion 1
in 1
a 1
circle 1
shone 1
a 1
rural 1
portico 1
of 1
rugged 1
stone 1
in 1
absence 1
of 1
his 1
lord 1
with 1
honest 1
toil 1
his 1
own 1
industrious 1
hands 1
had 1
raised 1
the 1
pile 1
the 1
wall 1
was 1
stone 1
from 1
neighbouring 1
quarries 1
borne 1
encircled 1
with 1
a 1
fence 1
of 1
native 1
thorn 1
and 1
strong 1
with 1
pales 1
by 1
many 1
a 1
weary 1
stroke 1
of 1
stubborn 1
labour 1
hewn 1
from 1
heart 1
of 1
oak 1
frequent 1
and 1
thick 1
within 1
the 1
space 1
were 1
reard 1
twelve 1
ample 1
cells 1
the 1
lodgments 1
of 1
his 1
herd 1
full 1
fifty 1
pregnant 1
females 1
each 1
containd 1
the 1
males 1
without 1
a 1
smaller 1
race 1
remaind 1
doomd 1
to 1
supply 1
the 1
suitors 1
wasteful 1
feast 1
a 1
stock 1
by 1
daily 1
luxury 1
decreased 1
now 1
scarce 1
four 1
hundred 1
left 1
these 1
to 1
defend 1
four 1
savage 1
dogs 1
a 1
watchful 1
guard 1
attend 1
here 1
sat 1
eumaeus 1
and 1
his 1
cares 1
applied 1
to 1
form 1
strong 1
buskins 1
of 1
wellseasond 1
hide 1
