my 1
wellaimd 1
shaft 1
with 1
death 1
prevents 1
the 1
foe 1
alone 1
superior 1
in 1
the 1
field 1
of 1
troy 1
great 1
philoctetes 1
taught 1
the 1
shaft 1
to 1
fly 1
from 1
all 1
the 1
sons 1
of 1
earth 1
unrivalld 1
praise 1
i 1
justly 1
claim 1
but 1
yield 1
to 1
better 1
days 1
to 1
those 1
famed 1
days 1
when 1
great 1
alcides 1
rose 1
and 1
eurytus 1
who 1
bade 1
the 1
gods 1
be 1
foes 1
vain 1
eurytus 1
whose 1
art 1
became 1
his 1
crime 1
swept 1
from 1
the 1
earth 1
he 1
perishd 1
in 1
his 1
prime 1
sudden 1
the 1
irremeable 1
way 1
he 1
trod 1
who 1
boldly 1
durst 1
defy 1
the 1
bowyer 1
god 1
in 1
fighting 1
fields 1
as 1
far 1
the 1
spear 1
i 1
throw 1
as 1
flies 1
an 1
arrow 1
from 1
the 1
welldrawn 1
bow 1
sole 1
in 1
the 1
race 1
the 1
contest 1
i 1
decline 1
stiff 1
are 1
my 1
weary 1
joints 1
and 1
i 1
resign 1
by 1
storms 1
and 1
hunger 1
worn 1
age 1
well 1
may 1
fail 1
when 1
storms 1
and 1
hunger 1
doth 1
at 1
once 1
assail 1
abashd 1
the 1
numbers 1
hear 1
the 1
godlike 1
man 1
till 1
great 1
alcinous 1
mildly 1
thus 1
began 1
well 1
hast 1
thou 1
spoke 1
and 1
well 1
thy 1
generous 1
tongue 1
with 1
decent 1
pride 1
refutes 1
a 1
public 1
wrong 1
warm 1
are 1
thy 1
words 1
but 1
warm 1
without 1
offence 1
fear 1
only 1
fools 1
secure 1
in 1
men 1
of 1
sense 1
thy 1
worth 1
is 1
known 1
then 1
hear 1
our 1
countrys 1
claim 1
and 1
bear 1
to 1
heroes 1
our 1
heroic 1
fame 1
in 1
distant 1
realms 1
our 1
glorious 1
deeds 1
display 1
repeat 1
them 1
frequent 1
in 1
the 1
genial 1
day 1
when 1
blest 1
with 1
ease 1
thy 1
woes 1
and 1
wanderings 1
end 1
teach 1
them 1
thy 1
consort 1
bid 1
thy 1
sons 1
attend 1
how 1
loved 1
of 1
jove 1
he 1
crownd 1
our 1
sires 1
with 1
praise 1
how 1
we 1
their 1
offspring 1
dignify 1
our 1
race 1
let 1
other 1
realms 1
the 1
deathful 1
gauntlet 1
wield 1
or 1
boast 1
the 1
glories 1
of 1
the 1
athletic 1
field 1
we 1
in 1
the 1
course 1
unrivalld 1
speed 1
display 1
or 1
through 1
cerulean 1
billows 1
plough 1
the 1
way 1
to 1
dress 1
to 1
dance 1
to 1
sing 1
our 1
sole 1
delight 1
the 1
feast 1
or 1
bath 1
by 1
day 1
and 1
love 1
by 1
night 1
rise 1
then 1
ye 1
skilld 1
in 1
measures 1
let 1
him 1
bear 1
your 1
fame 1
to 1
men 1
that 1
breathe 1
a 1
distant 1
air 1
and 1
faithful 1
say 1
to 1
you 1
the 1
powers 1
belong 1
to 1
race 1
to 1
sail 1
to 1
dance 1
to 1
chant 1
the 1
song 1
but 1
herald 1
to 1
the 1
palace 1
swift 1
repair 1
and 1
the 1
soft 1
lyre 1
to 1
grace 1
our 1
pastimes 1
bear 1
swift 1
at 1
the 1
word 1
obedient 1
to 1
the 1
king 1
the 1
herald 1
flies 1
the 1
tuneful 1
lyre 1
to 1
bring 1
up 1
rose 1
nine 1
seniors 1
chosen 1
to 1
survey 1
the 1
future 1
games 1
the 1
judges 1
of 1
the 1
day 1
with 1
instant 1
care 1
they 1
mark 1
a 1
spacious 1
round 1
and 1
level 1
for 1
the 1
dance 1
the 1
allotted 1
ground 1
the 1
herald 1
bears 1
the 1
lyre 1
intent 1
to 1
play 1
the 1
bard 1
advancing 1
meditates 1
the 1
lay 1
skilld 1
in 1
the 1
dance 1
tall 1
youths 1
a 1
blooming 1
band 1
graceful 1
before 1
the 1
heavenly 1
minstrel 1
stand 1
light 1
bounding 1
from 1
the 1
earth 1
at 1
once 1
they 1
rise 1
their 1
feet 1
halfviewless 1
quiver 1
in 1
the 1
skies 1
ulysses 1
gazed 1
astonishd 1
to 1
survey 1
the 1
glancing 1
splendours 1
as 1
their 1
sandals 1
play 1
meantime 1
the 1
bard 1
alternate 1
to 1
the 1
strings 1
the 1
loves 1
of 1
mars 1
and 1
cytherea 1
sings 1
how 1
the 1
stern 1
god 1
enamourd 1
with 1
her 1
charms 1
claspd 1
the 1
gay 1
panting 1
goddess 1
in 1
his 1
arms 1
by 1
bribes 1
seduced 1
and 1
how 1
the 1
sun 1
whose 1
eye 1
views 1
the 1
broad 1
heavens 1
disclosed 1
the 1
lawless 1
joy 1
stung 1
to 1
the 1
soul 1
indignant 1
through 1
the 1
skies 1
to 1
his 1
black 1
forge 1
vindictive 1
vulcan 1
flies 1
arrived 1
his 1
sinewy 1
arms 1
incessant 1
place 1
the 1
eternal 1
anvil 1
on 1
the 1
massy 1
base 1
a 1
wondrous 1
net 1
he 1
labours 1
to 1
betray 1
the 1
wanton 1
lovers 1
as 1
entwined 1
they 1
lay 1
indissolubly 1
strong 1
then 1
instant 1
bears 1
to 1
his 1
immortal 1
dome 1
the 1
finishd 1
snares 1
above 1
below 1
around 1
with 1
art 1
dispread 1
the 1
sure 1
inclosure 1
folds 1
the 1
genial 1
bed 1
whose 1
texture 1
even 1
the 1
search 1
of 1
gods 1
deceives 1
thin 1
as 1
the 1
filmy 1
threads 1
the 1
spider 1
weaves 1
then 1
as 1
withdrawing 1
from 1
the 1
starry 1
bowers 1
he 1
feigns 1
a 1
journey 1
to 1
the 1
lemnian 1
shores 1
his 1
favourite 1
isle 1
observant 1
mars 1
descries 1
his 1
wishd 1
recees 1
and 1
to 1
the 1
goddess 1
flies 1
he 1
glows 1
he 1
burns 1
the 1
fairhaird 1
queen 1
of 1
love 1
descends 1
smooth 1
gliding 1
from 1
the 1
courts 1
of 1
jove 1
gay 1
blooming 1
in 1
full 1
charms 1
her 1
hand 1
he 1
pressd 1
with 1
eager 1
joy 1
and 1
with 1
a 1
sigh 1
addressd 1
come 1
my 1
beloved 1
and 1
taste 1
the 1
soft 1
delights 1
come 1
to 1
repose 1
the 1
genial 1
bed 1
invites 1
thy 1
absent 1
spouse 1
neglectful 1
of 1
thy 1
charms 1
prefers 1
his 1
barbarous 1
sintians 1
to 1
thy 1
arms 1
then 1
nothing 1
loth 1
the 1
enamourd 1
fair 1
he 1
led 1
and 1
sunk 1
transported 1
on 1
the 1
conscious 1
bed 1
down 1
rushd 1
the 1
toils 1
inwrapping 1
as 1
they 1
lay 1
the 1
careless 1
lovers 1
in 1
their 1
wanton 1
play 1
in 1
vain 1
they 1
strive 1
the 1
entangling 1
snares 1
deny 1
inextricably 1
firm 1
the 1
power 1
to 1
fly 1
warnd 1
by 1
the 1
god 1
who 1
sheds 1
the 1
golden 1
day 1
stern 1
vulcan 1
homeward 1
treads 1
the 1
starry 1
way 1
arrived 1
he 1
sees 1
he 1
grieves 1
with 1
rage 1
he 1
burns 1
full 1
horribly 1
he 1
roars 1
his 1
voice 1
all 1
heaven 1
returns 1
o 1
jove 1
he 1
cried 1
o 1
all 1
ye 1
powers 1
above 1
see 1
the 1
lewd 1
dalliance 1
of 1
the 1
queen 1
of 1
love 1
me 1
awkward 1
me 1
she 1
scorns 1
and 1
yields 1
her 1
charms 1
to 1
that 1
fair 1
lecher 1
the 1
strong 1
god 1
of 1
arms 1
if 1
i 1
am 1
lame 1
that 1
stain 1
my 1
natal 1
hour 1
by 1
fate 1
imposed 1
such 1
me 1
my 1
parent 1
bore 1
why 1
was 1
i 1
born 1
see 1
how 1
the 1
wanton 1
lies 1
oh 1
sight 1
tormenting 1
to 1
a 1
husbands 1
eyes 1
but 1
yet 1
i 1
trust 1
this 1
once 1
een 1
mars 1
would 1
fly 1
his 1
fairones 1
armshe 1
thinks 1
her 1
once 1
too 1
nigh 1
but 1
there 1
remain 1
ye 1
guilty 1
in 1
my 1
power 1
till 1
jove 1
refunds 1
his 1
shameless 1
daughters 1
dower 1
too 1
dear 1
i 1
prized 1
a 1
fair 1
enchanting 1
face 1
beauty 1
unchaste 1
is 1
beauty 1
in 1
disgrace 1
meanwhile 1
the 1
gods 1
the 1
dome 1
of 1
vulcan 1
throng 1
apollo 1
comes 1
and 1
neptune 1
comes 1
along 1
with 1
these 1
gay 1
hermes 1
trod 1
the 1
starry 1
plain 1
but 1
modesty 1
withheld 1
the 1
goddess 1
train 1
all 1
heaven 1
beholds 1
imprisond 1
as 1
they 1
lie 1
and 1
unextinguishd 1
laughter 1
shakes 1
the 1
sky 1
then 1
mutual 1
thus 1
they 1
spoke 1
behold 1
on 1
wrong 1
swift 1
vengeance 1
waits 1
and 1
art 1
subdues 1
the 1
strong 1
dwells 1
there 1
a 1
god 1
on 1
all 1
the 1
olympian 1
brow 1
more 1
swift 1
than 1
mars 1
and 1
more 1
than 1
vulcan 1
slow 1
yet 1
vulcan 1
conquers 1
and 1
the 1
god 1
of 1
arms 1
must 1
pay 1
the 1
penalty 1
for 1
lawless 1
charms 1
thus 1
serious 1
they 1
but 1
he 1
who 1
gilds 1
the 1
skies 1
the 1
gay 1
apollo 1
thus 1
to 1
hermes 1
cries 1
wouldst 1
thou 1
enchaind 1
like 1
mars 1
o 1
hermes 1
lie 1
and 1
bear 1
the 1
shame 1
like 1
mars 1
to 1
share 1
the 1
joy 1
o 1
envied 1
shame 1
the 1
smiling 1
youth 1
rejoind 1
and 1
thrice 1
the 1
chains 1
and 1
thrice 1
more 1
firmly 1
bind 1
gaze 1
all 1
ye 1
gods 1
and 1
every 1
goddess 1
gaze 1
yet 1
eager 1
would 1
i 1
bless 1
the 1
sweet 1
disgrace 1
loud 1
laugh 1
the 1
rest 1
een 1
neptune 1
laughs 1
aloud 1
yet 1
sues 1
importunate 1
to 1
loose 1
the 1
god 1
and 1
free 1
he 1
cries 1
o 1
vulcan 1
free 1
from 1
shame 1
thy 1
captives 1
i 1
ensure 1
the 1
penal 1
claim 1
will 1
neptune 1
vulcan 1
then 1
the 1
faithless 1
trust 1
he 1
suffers 1
who 1
gives 1
surety 1
for 1
the 1
unjust 1
but 1
say 1
if 1
that 1
lewd 1
scandal 1
of 1
the 1
sky 1
to 1
liberty 1
restored 1
perfidious 1
fly 1
say 1
wilt 1
thou 1
bear 1
the 1
mulct 1
he 1
instant 1
cries 1
the 1
mulct 1
i 1
bear 1
if 1
mars 1
perfidious 1
flies 1
to 1
whom 1
appeased 1
no 1
more 1
i 1
urge 1
delay 1
when 1
neptune 1
sues 1
my 1
part 1
is 1
to 1
obey 1
then 1
to 1
the 1
snares 1
his 1
force 1
the 1
god 1
applies 1
they 1
burst 1
and 1
mars 1
to 1
thrace 1
indignant 1
flies 1
to 1
the 1
soft 1
cyprian 1
shores 1
the 1
goddess 1
moves 1
to 1
visit 1
paphos 1
and 1
her 1
blooming 1
groves 1
where 1
to 1
the 1
power 1
an 1
hundred 1
altars 1
rise 1
and 1
breathing 1
odours 1
scent 1
the 1
balmy 1
skies 1
concealed 1
she 1
bathes 1
in 1
consecrated 1
bowers 1
the 1
graces 1
unguents 1
shed 1
ambrosial 1
showers 1
unguents 1
that 1
charm 1
the 1
gods 1
she 1
last 1
assumes 1
her 1
wondrous 1
robes 1
and 1
full 1
the 1
goddess 1
blooms 1
thus 1
sung 1
the 1
bard 1
ulysses 1
hears 1
with 1
joy 1
and 1
loud 1
applauses 1
read 1
the 1
vaulted 1
sky 1
then 1
to 1
the 1
sports 1
his 1
sons 1
the 1
king 1
commands 1
each 1
blooming 1
youth 1
before 1
the 1
monarch 1
stands 1
in 1
dance 1
unmatchd 1
a 1
wondrous 1
ball 1
is 1
brought 1
the 1
work 1
of 1
polypus 1
divinely 1
wrought 1
this 1
youth 1
with 1
strength 1
enormous 1
bids 1
it 1
fly 1
and 1
bending 1
backward 1
whirls 1
it 1
to 1
the 1
sky 1
his 1
brother 1
springing 1
with 1
an 1
active 1
bound 1
at 1
distance 1
intercepts 1
it 1
from 1
the 1
ground 1
the 1
ball 1
dismissed 1
in 1
dance 1
they 1
skim 1
the 1
strand 1
turn 1
and 1
return 1
and 1
scarce 1
imprint 1
the 1
sand 1
the 1
assembly 1
gazes 1
with 1
astonished 1
eyes 1
and 1
sends 1
in 1
shouts 1
applauses 1
to 1
the 1
skies 1
then 1
thus 1
ulysses 1
happy 1
king 1
whose 1
name 1
the 1
brightest 1
shines 1
in 1
all 1
the 1
rolls 1
of 1
fame 1
in 1
subjects 1
happy 1
with 1
surprise 1
i 1
gaze 1
thy 1
praise 1
was 1
just 1
their 1
skill 1
transcends 1
thy 1
praise 1
pleasd 1
with 1
his 1
peoples 1
fame 1
the 1
monarch 1
hears 1
and 1
thus 1
benevolent 1
accosts 1
the 1
peers 1
since 1
wisdoms 1
sacred 1
guidance 1
he 1
pursues 1
give 1
to 1
the 1
strangerguest 1
a 1
strangers 1
dues 1
twelve 1
princes 1
in 1
our 1
realm 1
dominion 1
share 1
oer 1
whom 1
supreme 1
imperial 1
power 1
i 1
bear 1
bring 1
gold 1
a 1
pledge 1
of 1
love 1
a 1
talent 1
bring 1
a 1
vest 1
a 1
robe 1
and 1
imitate 1
your 1
king 1
be 1
swift 1
to 1
give 1
that 1
he 1
this 1
night 1
may 1
share 1
the 1
social 1
feast 1
of 1
joy 1
with 1
joy 1
sincere 1
and 1
thou 1
euryalus 1
redeem 1
thy 1
wrong 1
a 1
generous 1
heart 1
repairs 1
a 1
slanderous 1
tongue 1
the 1
assenting 1
peers 1
obedient 1
to 1
the 1
king 1
in 1
haste 1
their 1
heralds 1
send 1
the 1
gifts 1
to 1
bring 1
then 1
thus 1
euryalus 1
o 1
prince 1
whose 1
sway 1
rules 1
this 1
blessd 1
realm 1
repentant 1
i 1
obey 1
be 1
his 1
this 1
sword 1
whose 1
blade 1
of 1
brass 1
displays 1
a 1
ruddy 1
gleam 1
whose 1
hilt 1
a 1
silver 1
blaze 1
whose 1
ivory 1
sheath 1
inwrought 1
with 1
curious 1
pride 1
adds 1
graceful 1
terror 1
to 1
the 1
wearers 1
side 1
he 1
said 1
and 1
to 1
his 1
hand 1
the 1
sword 1
consignd 1
and 1
if 1
he 1
cried 1
my 1
words 1
affect 1
thy 1
mind 1
far 1
from 1
thy 1
mind 1
those 1
words 1
ye 1
whirlwinds 1
bear 1
and 1
scatter 1
them 1
ye 1
storms 1
in 1
empty 1
air 1
crown 1
o 1
ye 1
heavens 1
with 1
joy 1
his 1
peaceful 1
hours 1
and 1
grant 1
him 1
to 1
his 1
spouse 1
and 1
native 1
shores 1
and 1
blest 1
be 1
thou 1
my 1
friend 1
ulysses 1
cries 1
crown 1
him 1
with 1
every 1
joy 1
ye 1
favouring 1
skies 1
to 1
thy 1
calm 1
hours 1
continued 1
peace 1
afford 1
and 1
never 1
never 1
mayst 1
thou 1
want 1
this 1
sword 1
he 1
said 1
and 1
oer 1
his 1
shoulder 1
flung 1
the 1
blade 1
now 1
oer 1
the 1
earth 1
ascends 1
the 1
evening 1
shade 1
the 1
precious 1
gifts 1
the 1
illustrious 1
heralds 1
bear 1
and 1
to 1
the 1
court 1
the 1
embodied 1
peers 1
repair 1
before 1
the 1
queen 1
alcinous 1
sons 1
unfold 1
the 1
vests 1
the 1
robes 1
and 1
heaps 1
of 1
shining 1
gold 1
then 1
to 1
the 1
radiant 1
thrones 1
they 1
move 1
in 1
state 1
aloft 1
the 1
king 1
in 1
pomp 1
imperial 1
sate 1
thence 1
to 1
the 1
queen 1
o 1
partner 1
of 1
our 1
reign 1
o 1
sole 1
beloved 1
command 1
thy 1
menial 1
train 1
a 1
polishd 1
chest 1
and 1
stately 1
robes 1
to 1
bear 1
and 1
healing 1
waters 1
for 1
the 1
bath 1
prepare 1
that 1
bathed 1
our 1
guest 1
may 1
bid 1
his 1
sorrows 1
cease 1
hear 1
the 1
sweet 1
song 1
and 1
taste 1
the 1
feast 1
in 1
peace 1
a 1
bowl 1
that 1
flames 1
with 1
gold 1
of 1
wondrous 1
frame 1
ourself 1
we 1
give 1
memorial 1
of 1
our 1
name 1
to 1
raise 1
in 1
offerings 1
to 1
almighty 1
jove 1
and 1
every 1
god 1
that 1
treads 1
the 1
courts 1
above 1
instant 1
the 1
queen 1
observant 1
of 1
the 1
king 1
commands 1
her 1
train 1
a 1
spacious 1
vase 1
to 1
bring 1
the 1
spacious 1
vase 1
with 1
ample 1
streams 1
suffice 1
heap 1
the 1
high 1
wood 1
and 1
bid 1
the 1
flames 1
arise 1
the 1
flames 1
climb 1
round 1
it 1
with 1
a 1
fierce 1
embrace 1
the 1
fuming 1
waters 1
bubble 1
oer 1
the 1
blaze 1
herself 1
the 1
chest 1
prepares 1
in 1
order 1
rolld 1
the 1
robes 1
the 1
vests 1
are 1
ranged 1
and 1
heaps 1
of 1
gold 1
and 1
adding 1
a 1
rich 1
dress 1
inwrought 1
with 1
art 1
a 1
gift 1
expressive 1
of 1
her 1
bounteous 1
heart 1
thus 1
spoke 1
to 1
ithacus 1
to 1
guard 1
with 1
bands 1
insolvable 1
these 1
gifts 1
thy 1
care 1
demands 1
lest 1
in 1
thy 1
slumbers 1
on 1
the 1
watery 1
main 1
the 1
hand 1
of 1
rapine 1
make 1
our 1
bounty 1
vain 1
then 1
bending 1
with 1
full 1
force 1
around 1
he 1
rolld 1
a 1
labyrinth 1
of 1
bands 1
in 1
fold 1
on 1
fold 1
closed 1
with 1
circaean 1
art 1
a 1
train 1
attends 1
around 1
the 1
bath 1
the 1
bath 1
the 1
king 1
ascends 1
untasted 1
joy 1
since 1
that 1
disastrous 1
hour 1
he 1
saild 1
illfated 1
from 1
calypsos 1
bower 1
where 1
happy 1
as 1
the 1
gods 1
that 1
range 1
the 1
sky 1
he 1
feasted 1
every 1
sense 1
with 1
every 1
joy 1
he 1
bathes 1
the 1
damsels 1
with 1
officious 1
toil 1
shed 1
sweets 1
shed 1
unguents 1
in 1
a 1
shower 1
of 1
oil 1
then 1
oer 1
his 1
limbs 1
a 1
gorgeous 1
robe 1
he 1
spreads 1
and 1
to 1
the 1
feast 1
magnificently 1
treads 1
full 1
where 1
the 1
dome 1
its 1
shining 1
valves 1
expands 1
nausicaa 1
blooming 1
as 1
a 1
goddess 1
stands 1
with 1
wondering 1
eyes 1
the 1
hero 1
she 1
surveyd 1
and 1
graceful 1
thus 1
began 1
the 1
royal 1
maid 1
hail 1
godlike 1
stranger 1
and 1
when 1
heaven 1
restores 1
to 1
thy 1
fond 1
wish 1
thy 1
longexpected 1
shores 1
this 1
ever 1
grateful 1
in 1
remembrance 1
bear 1
to 1
me 1
thou 1
owest 1
to 1
me 1
the 1
vital 1
air 1
o 1
royal 1
maid 1
ulysses 1
straight 1
returns 1
whose 1
worth 1
the 1
splendours 1
of 1
thy 1
race 1
adorns 1
so 1
may 1
dread 1
jove 1
whose 1
arm 1
in 1
vengeance 1
forms 1
the 1
writhen 1
bolt 1
and 1
blackens 1
heaven 1
with 1
storms 1
restore 1
me 1
safe 1
through 1
weary 1
wanderings 1
tossd 1
to 1
my 1
dear 1
countrys 1
everpleasing 1
coast 1
as 1
while 1
the 1
spirit 1
in 1
this 1
bosom 1
glows 1
to 1
thee 1
my 1
goddess 1
i 1
address 1
my 1
vows 1
my 1
life 1
thy 1
gift 1
i 1
boast 1
he 1
said 1
and 1
sate 1
fast 1
by 1
alcinous 1
on 1
a 1
throne 1
of 1
state 1
now 1
each 1
partakes 1
the 1
feast 1
the 1
wine 1
prepares 1
portions 1
the 1
food 1
and 1
each 1
his 1
portion 1
shares 1
the 1
bard 1
a 1
herald 1
guides 1
the 1
gazing 1
throng 1
pay 1
low 1
obeisance 1
as 1
he 1
moves 1
along 1
beneath 1
a 1
sculpturd 1
arch 1
he 1
sits 1
enthroned 1
the 1
peers 1
encircling 1
form 1
an 1
awful 1
round 1
then 1
from 1
the 1
chine 1
ulysses 1
carves 1
with 1
art 1
delicious 1
food 1
an 1
honorary 1
part 1
this 1
let 1
the 1
master 1
of 1
the 1
lyre 1
receive 1
a 1
pledge 1
of 1
love 1
tis 1
all 1
a 1
wretch 1
can 1
give 1
lives 1
there 1
a 1
man 1
beneath 1
the 1
spacious 1
skies 1
who 1
sacred 1
honours 1
to 1
the 1
bard 1
denies 1
the 1
muse 1
the 1
bard 1
inspires 1
exalts 1
his 1
mind 1
the 1
muse 1
indulgent 1
loves 1
the 1
harmonious 1
kind 1
the 1
herald 1
to 1
his 1
hand 1
the 1
charge 1
conveys 1
not 1
fond 1
of 1
flattery 1
nor 1
unpleased 1
with 1
praise 1
when 1
now 1
the 1
rage 1
of 1
hunger 1
was 1
allayd 1
thus 1
to 1
the 1
lyrist 1
wise 1
ulysses 1
said 1
o 1
more 1
than 1
man 1
thy 1
soul 1
the 1
muse 1
inspires 1
or 1
phoebus 1
animates 1
with 1
all 1
his 1
fires 1
for 1
who 1
by 1
phoebus 1
uninformd 1
could 1
know 1
the 1
woe 1
of 1
greece 1
and 1
sing 1
so 1
well 1
the 1
woe 1
just 1
to 1
the 1
tale 1
as 1
present 1
at 1
the 1
fray 1
or 1
taught 1
the 1
labours 1
of 1
the 1
dreadful 1
day 1
the 1
song 1
recalls 1
past 1
horrors 1
to 1
my 1
eyes 1
and 1
bids 1
proud 1
ilion 1
from 1
her 1
ashes 1
rise 1
once 1
more 1
harmonious 1
strike 1
the 1
sounding 1
string 1
the 1
epaean 1
fabric 1
framed 1
by 1
pallas 1
sing 1
how 1
stern 1
ulysses 1
furious 1
to 1
destroy 1
with 1
latent 1
heroes 1
sackd 1
imperial 1
troy 1
if 1
faithful 1
thou 1
record 1
the 1
tale 1
of 1
fame 1
the 1
god 1
himself 1
inspires 1
thy 1
breast 1
with 1
flame 1
and 1
mine 1
shall 1
be 1
the 1
task 1
henceforth 1
to 1
raise 1
in 1
every 1
land 1
thy 1
monument 1
of 1
praise 1
full 1
of 1
the 1
god 1
he 1
raised 1
his 1
lofty 1
strain 1
how 1
the 1
greeks 1
rushd 1
tumultuous 1
to 1
the 1
main 1
how 1
blazing 1
tents 1
illumined 1
half 1
the 1
skies 1
while 1
from 1
the 1
shores 1
the 1
winged 1
navy 1
flies 1
how 1
een 1
in 1
ilions 1
walls 1
in 1
deathful 1
bands 1
came 1
the 1
stern 1
greeks 1
by 1
troys 1
assisting 1
hands 1
all 1
troy 1
upheaved 1
the 1
steed 1
of 1
differing 1
mind 1
various 1
the 1
trojans 1
counselld 1
part 1
consignd 1
the 1
monster 1
to 1
the 1
sword 1
part 1
sentence 1
gave 1
to 1
plunge 1
it 1
headlong 1
in 1
the 1
whelming 1
wave 1
the 1
unwise 1
award 1
to 1
lodge 1
it 1
in 1
the 1
towers 1
an 1
offering 1
sacred 1
to 1
the 1
immortal 1
powers 1
the 1
unwise 1
prevail 1
they 1
lodge 1
it 1
in 1
the 1
walls 1
and 1
by 1
the 1
gods 1
decree 1
proud 1
ilion 1
falls 1
destruction 1
enters 1
in 1
the 1
treacherous 1
wood 1
and 1
vengeful 1
slaughter 1
fierce 1
for 1
human 1
blood 1
he 1
sung 1
the 1
greeks 1
sternissuing 1
from 1
the 1
steed 1
how 1
ilion 1
burns 1
how 1
all 1
her 1
fathers 1
bleed 1
how 1
to 1
thy 1
dome 1
deiphobus 1
ascends 1
the 1
spartan 1
king 1
how 1
ithacus 1
attends 1
horrid 1
as 1
mars 1
and 1
how 1
with 1
dire 1
alarms 1
he 1
fightssubdues 1
for 1
pallas 1
strings 1
his 1
arms 1
thus 1
while 1
he 1
sung 1
ulysses 1
griefs 1
renew 1
tears 1
bathe 1
his 1
cheeks 1
and 1
tears 1
the 1
ground 1
bedew 1
as 1
some 1
fond 1
matron 1
views 1
in 1
mortal 1
fight 1
her 1
husband 1
falling 1
in 1
his 1
countrys 1
right 1
frantic 1
through 1
clashing 1
swords 1
she 1
runs 1
she 1
flies 1
as 1
ghastly 1
pale 1
he 1
groans 1
and 1
faints 1
and 1
dies 1
close 1
to 1
his 1
breast 1
she 1
grovels 1
on 1
the 1
ground 1
and 1
bathes 1
with 1
floods 1
of 1
tears 1
the 1
gaping 1
wound 1
she 1
cries 1
she 1
shrieks 1
the 1
fierce 1
insulting 1
foe 1
relentless 1
mocks 1
her 1
violence 1
of 1
woe 1
to 1
chains 1
condemnd 1
as 1
wildly 1
she 1
deplores 1
a 1
widow 1
and 1
a 1
slave 1
on 1
foreign 1
shores 1
so 1
from 1
the 1
sluices 1
of 1
ulysses 1
eyes 1
fast 1
fell 1
the 1
tears 1
and 1
sighs 1
succeeded 1
sighs 1
conceald 1
he 1
grieved 1
the 1
king 1
observed 1
alone 1
the 1
silent 1
tear 1
and 1
heard 1
the 1
secret 1
groan 1
then 1
to 1
the 1
bard 1
aloud 1
o 1
cease 1
to 1
sing 1
dumb 1
be 1
thy 1
voice 1
and 1
mute 1
the 1
tuneful 1
string 1
to 1
every 1
note 1
his 1
tears 1
responsive 1
flow 1
and 1
his 1
great 1
heart 1
heaves 1
with 1
tumultuous 1
woe 1
thy 1
lay 1
too 1
deeply 1
moves 1
then 1
cease 1
the 1
lay 1
and 1
oer 1
the 1
banquet 1
every 1
heart 1
be 1
gay 1
this 1
social 1
right 1
demands 1
for 1
him 1
the 1
sails 1
floating 1
in 1
air 1
invite 1
the 1
impelling 1
gales 1
his 1
are 1
the 1
gifts 1
of 1
love 1
the 1
wise 1
and 1
good 1
receive 1
the 1
stranger 1
as 1
a 1
brothers 1
blood 1
but 1
friend 1
discover 1
faithful 1
what 1
i 1
crave 1
artful 1
concealment 1
ill 1
becomes 1
the 1
brave 1
say 1
what 1
thy 1
birth 1
and 1
what 1
the 1
name 1
you 1
bore 1
imposed 1
by 1
parents 1
in 1
the 1
natal 1
hour 1
for 1
from 1
the 1
natal 1
hour 1
distinctive 1
names 1
one 1
common 1
right 1
the 1
great 1
and 1
lowly 1
claims 1
say 1
from 1
what 1
city 1
from 1
what 1
regions 1
tossd 1
and 1
what 1
inhabitants 1
those 1
regions 1
boast 1
so 1
shalt 1
thou 1
instant 1
reach 1
the 1
realm 1
assignd 1
in 1
wondrous 1
ships 1
selfmoved 1
instinct 1
with 1
mind 1
no 1
helm 1
secures 1
their 1
course 1
no 1
pilot 1
guides 1
like 1
man 1
intelligent 1
they 1
plough 1
the 1
tides 1
conscious 1
of 1
every 1
coast 1
and 1
every 1
bay 1
that 1
lies 1
beneath 1
the 1
suns 1
allseeing 1
ray 1
though 1
clouds 1
and 1
darkness 1
veil 1
the 1
encumberd 1
sky 1
fearless 1
through 1
darkness 1
and 1
through 1
clouds 1
they 1
fly 1
though 1
tempests 1
rage 1
though 1
rolls 1
the 1
swelling 1
main 1
the 1
seas 1
may 1
roll 1
the 1
tempests 1
rage 1
in 1
vain 1
een 1
the 1
stern 1
god 1
that 1
oer 1
the 1
waves 1
presides 1
safe 1
as 1
they 1
pass 1
and 1
safe 1
repass 1
the 1
tides 1
with 1
fury 1
burns 1
while 1
careless 1
they 1
convey 1
promiscuous 1
every 1
guest 1
to 1
every 1
bay 1
these 1
ears 1
have 1
heard 1
my 1
royal 1
sire 1
disclose 1
a 1
dreadful 1
story 1
big 1
with 1
future 1
woes 1
how 1
neptune 1
raged 1
and 1
how 1
by 1
his 1
command 1
firm 1
rooted 1
in 1
a 1
surge 1
a 1
ship 1
should 1
stand 1
a 1
monument 1
of 1
wrath 1
how 1
mound 1
on 1
mound 1
should 1
bury 1
these 1
proud 1
towers 1
beneath 1
the 1
ground 1
but 1
this 1
the 1
gods 1
may 1
frustrate 1
or 1
fulfil 1
as 1
suits 1
the 1
purpose 1
of 1
the 1
eternal 1
will 1
but 1
say 1
through 1
what 1
waste 1
regions 1
hast 1
thou 1
strayd 1
what 1
customs 1
noted 1
and 1
what 1
coasts 1
surveyd 1
possessd 1
by 1
wild 1
barbarians 1
fierce 1
in 1
arms 1
or 1
men 1
whose 1
bosom 1
tender 1
pity 1
warms 1
say 1
why 1
the 1
fate 1
of 1
troy 1
awaked 1
thy 1
cares 1
why 1
heaved 1
thy 1
bosom 1
and 1
why 1
flowed 1
thy 1
tears 1
just 1
are 1
the 1
ways 1
of 1
heaven 1
from 1
heaven 1
proceed 1
the 1
woes 1
of 1
man 1
heaven 1
doomd 1
the 1
greeks 1
to 1
bleed 1
a 1
theme 1
of 1
future 1
song 1
say 1
then 1
if 1
slain 1
some 1
dearloved 1
brother 1
pressd 1
the 1
phrygian 1
plain 1
or 1
bled 1
some 1
friend 1
who 1
bore 1
a 1
brothers 1
part 1
and 1
claimd 1
by 1
merit 1
not 1
by 1
blood 1
the 1
heart 1
book 1
ix 1
the 1
adventures 1
of 1
the 1
cicons 1
lotophagi 1
and 1
cyclops 1
ulysses 1
begins 1
the 1
relation 1
of 1
his 1
adventures 1
how 1
after 1
the 1
destruction 1
of 1
troy 1
he 1
with 1
his 1
companions 1
made 1
an 1
incursion 1
on 1
the 1
cicons 1
by 1
whom 1
they 1
were 1
repulsed 1
and 1
meeting 1
with 1
a 1
storm 1
were 1
driven 1
to 1
the 1
coast 1
of 1
the 1
lotophagi 1
from 1
there 1
they 1
sailed 1
to 1
the 1
land 1
of 1
the 1
cyclops 1
whose 1
manners 1
and 1
situation 1
are 1
particularly 1
characterised 1
the 1
giant 1
polyphemus 1
and 1
his 1
cave 1
described 1
the 1
usage 1
ulysses 1
and 1
his 1
companions 1
met 1
with 1
there 1
and 1
lastly 1
the 1
method 1
and 1
artifice 1
by 1
which 1
he 1
escaped 1
then 1
thus 1
ulysses 1
thou 1
whom 1
first 1
in 1
sway 1
as 1
first 1
in 1
virtue 1
these 1
thy 1
realms 1
obey 1
how 1
sweet 1
the 1
products 1
of 1
a 1
peaceful 1
reign 1
the 1
heaventaught 1
poet 1
and 1
enchanting 1
strain 1
the 1
wellfilled 1
palace 1
the 1
perpetual 1
feast 1
a 1
land 1
rejoicing 1
and 1
a 1
people 1
blessd 1
how 1
goodly 1
seems 1
it 1
ever 1
to 1
employ 1
mans 1
social 1
days 1
in 1
union 1
and 1
in 1
joy 1
the 1
plenteous 1
hoard 1
highheapd 1
with 1
cates 1
divine 1
and 1
oer 1
the 1
foaming 1
bowl 1
the 1
laughing 1
wine 1
amid 1
these 1
joys 1
why 1
seels 1
thy 1
mind 1
to 1
know 1
the 1
unhappy 1
series 1
of 1
a 1
wanderers 1
woe 1
rememberance 1
sad 1
whose 1
image 1
to 1
review 1
alas 1
i 1
must 1
open 1
all 1
my 1
wounds 1
anew 1
and 1
oh 1
what 1
first 1
what 1
last 1
shall 1
i 1
relate 1
of 1
woes 1
unnumbered 1
sent 1
by 1
heaven 1
and 1
fate 1
know 1
first 1
the 1
man 1
though 1
now 1
a 1
wretch 1
distressd 1
who 1
hopes 1
thee 1
monarch 1
for 1
his 1
future 1
guest 1
behold 1
ulysses 1
no 1
ignoble 1
name 1
earth 1
sounds 1
my 1
wisdom 1
and 1
high 1
heaven 1
my 1
fame 1
my 1
native 1
soil 1
is 1
ithaca 1
the 1
fair 1
where 1
high 1
neritus 1
waves 1
his 1
woods 1
in 1
air 1
dulichium 1
same 1
and 1
zaccynthus 1
crownd 1
with 1
shady 1
mountains 1
spread 1
their 1
isles 1
around 1
these 1
to 1
the 1
north 1
and 1
nights 1
dark 1
regions 1
run 1
those 1
to 1
aurora 1
and 1
the 1
rising 1
sun 1
low 1
lies 1
our 1
isle 1
yet 1
blessd 1
in 1
fruitful 1
stores 1
strong 1
are 1
her 1
sons 1
though 1
rocky 1
are 1
her 1
shores 1
and 1
none 1
ah 1
none 1
no 1
lovely 1
to 1
my 1
sight 1
of 1
all 1
the 1
lands 1
that 1
heaven 1
oerspreads 1
with 1
light 1
in 1
vain 1
calypso 1
long 1
constrained 1
my 1
stay 1
with 1
sweet 1
reluctant 1
amorous 1
delay 1
with 1
all 1
her 1
charms 1
as 1
vainly 1
circe 1
strove 1
and 1
added 1
magic 1
to 1
secure 1
my 1
love 1
in 1
pomps 1
or 1
joys 1
the 1
palace 1
or 1
the 1
grot 1
my 1
countrys 1
image 1
never 1
was 1
forgot 1
my 1
absent 1
parents 1
rose 1
before 1
my 1
sight 1
and 1
distant 1
lay 1
contentment 1
and 1
delight 1
hear 1
then 1
the 1
woes 1
which 1
mighty 1
jove 1
ordaind 1
to 1
wait 1
my 1
passage 1
from 1
the 1
trojan 1
land 1
the 1
winds 1
from 1
ilion 1
to 1
the 1
cicons 1
shore 1
beneath 1
cold 1
ismarus 1
our 1
vessels 1
bore 1
we 1
boldly 1
landed 1
on 1
the 1
hostile 1
place 1
and 1
sackd 1
the 1
city 1
and 1
destroyd 1
the 1
race 1
their 1
wives 1
made 1
captive 1
their 1
possessions 1
shared 1
and 1
every 1
soldier 1
found 1
a 1
like 1
reward 1
i 1
then 1
advised 1
to 1
fly 1
not 1
so 1
the 1
rest 1
who 1
stayd 1
to 1
revel 1
and 1
prolong 1
the 1
feast 1
the 1
fatted 1
sheep 1
and 1
sable 1
bulls 1
they 1
slay 1
and 1
bowls 1
flow 1
round 1
and 1
riot 1
wastes 1
the 1
day 1
meantime 1
the 1
cicons 1
to 1
their 1
holds 1
retired 1
call 1
on 1
the 1
cicons 1
with 1
new 1
fury 1
fired 1
with 1
early 1
morn 1
the 1
gatherd 1
country 1
swarms 1
and 1
all 1
the 1
continent 1
is 1
bright 1
with 1
arms 1
thick 1
as 1
the 1
budding 1
leaves 1
or 1
rising 1
flowers 1
oerspread 1
the 1
land 1
when 1
spring 1
descends 1
in 1
showers 1
all 1
expert 1
soldiers 1
skilld 1
on 1
foot 1
to 1
dare 1
or 1
from 1
the 1
bounding 1
courser 1
urge 1
the 1
war 1
now 1
fortune 1
changes 1
so 1
the 1
fates 1
ordain 1
our 1
hour 1
was 1
come 1
to 1
taste 1
our 1
share 1
of 1
pain 1
close 1
at 1
the 1
ships 1
the 1
bloody 1
fight 1
began 1
wounded 1
they 1
wound 1
and 1
man 1
expires 1
on 1
man 1
long 1
as 1
the 1
morning 1
sun 1
increasing 1
bright 1
oer 1
heavens 1
pure 1
azure 1
spreads 1
the 1
glowing 1
light 1
promiscuous 1
death 1
the 1
form 1
of 1
war 1
confounds 1
each 1
adverse 1
battle 1
gored 1
with 1
equal 1
wounds 1
but 1
when 1
his 1
evening 1
wheels 1
oerhung 1
the 1
main 1
then 1
conquest 1
crownd 1
the 1
fierce 1
ciconian 1
train 1
six 1
brave 1
companions 1
from 1
each 1
ship 1
we 1
lost 1
the 1
rest 1
escape 1
in 1
haste 1
and 1
quit 1
the 1
coast 1
with 1
sails 1
outspread 1
we 1
fly 1
the 1
unequal 1
strife 1
sad 1
for 1
their 1
loss 1
but 1
joyful 1
of 1
our 1
life 1
yet 1
as 1
we 1
fled 1
our 1
fellows 1
rites 1
we 1
paid 1
and 1
thrice 1
we 1
calld 1
on 1
each 1
unhappy 1
shade 1
meanwhile 1
the 1
god 1
whose 1
hand 1
the 1
thunder 1
forms 1
drives 1
clouds 1
on 1
clouds 1
and 1
blackens 1
heaven 1
with 1
storms 1
wide 1
oer 1
the 1
waste 1
the 1
rage 1
of 1
boreas 1
sweeps 1
and 1
night 1
rushd 1
headlong 1
on 1
the 1
shaded 1
deeps 1
now 1
here 1
now 1
there 1
the 1
giddy 1
ships 1
are 1
borne 1
and 1
all 1
the 1
rattling 1
shrouds 1
in 1
fragments 1
torn 1
we 1
furld 1
the 1
sail 1
we 1
plied 1
the 1
labouring 1
oar 1
took 1
down 1
our 1
masts 1
and 1
rowd 1
our 1
ships 1
to 1
shore 1
two 1
tedious 1
days 1
and 1
two 1
long 1
nights 1
we 1
lay 1
oerwatchd 1
and 1
batterd 1
in 1
the 1
naked 1
bay 1
but 1
the 1
third 1
morning 1
when 1
aurora 1
brings 1
we 1
rear 1
the 1
masts 1
we 1
spread 1
the 1
canvas 1
wings 1
refreshd 1
and 1
careless 1
on 1
the 1
deck 1
reclined 1
we 1
sit 1
and 1
trust 1
the 1
pilot 1
and 1
the 1
wind 1
then 1
to 1
my 1
native 1
country 1
had 1
i 1
saild 1
but 1
the 1
cape 1
doubled 1
adverse 1
winds 1
prevaild 1
strong 1
was 1
the 1
tide 1
which 1
by 1
the 1
northern 1
blast 1
impelld 1
our 1
vessels 1
on 1
cythera 1
cast 1
nine 1
days 1
our 1
fleet 1
the 1
uncertain 1
tempest 1
bore 1
far 1
in 1
wide 1
ocean 1
and 1
from 1
sight 1
of 1
shore 1
the 1
tenth 1
we 1
touchd 1
by 1
various 1
errors 1
tossd 1
the 1
land 1
of 1
lotus 1
and 1
the 1
flowery 1
coast 1
we 1
climbd 1
the 1
beach 1
and 1
springs 1
of 1
water 1
found 1
then 1
spread 1
our 1
hasty 1
banquet 1
on 1
the 1
ground 1
three 1
men 1
were 1
sent 1
deputed 1
from 1
the 1
crew 1
a 1
herald 1
one 1
the 1
dubious 1
coast 1
to 1
view 1
and 1
learn 1
what 1
habitants 1
possessd 1
the 1
place 1
they 1
went 1
and 1
found 1
a 1
hospitable 1
race 1
not 1
prone 1
to 1
ill 1
nor 1
strange 1
to 1
foreign 1
guest 1
they 1
eat 1
they 1
drink 1
and 1
nature 1
gives 1
the 1
feast 1
the 1
trees 1
around 1
them 1
all 1
their 1
food 1
produce 1
lotus 1
the 1
name 1
divine 1
nectareous 1
juice 1
thence 1
calld 1
loophagi 1
which 1
whose 1
tastes 1
insatiate 1
riots 1
in 1
the 1
sweet 1
repasts 1
nor 1
other 1
home 1
nor 1
other 1
care 1
intends 1
but 1
quits 1
his 1
house 1
his 1
country 1
and 1
his 1
friends 1
the 1
three 1
we 1
sent 1
from 1
off 1
the 1
enchanting 1
ground 1
we 1
draggd 1
reluctant 1
and 1
by 1
force 1
we 1
bound 1
the 1
rest 1
in 1
haste 1
forsook 1
the 1
pleasing 1
shore 1
or 1
the 1
charm 1
tasted 1
had 1
returnd 1
no 1
more 1
now 1
placed 1
in 1
order 1
on 1
their 1
banks 1
they 1
sweep 1
the 1
seas 1
smooth 1
face 1
and 1
cleave 1
the 1
hoary 1
deep 1
with 1
heavy 1
hearts 1
we 1
labour 1
through 1
the 1
tide 1
to 1
coasts 1
unknown 1
and 1
oceans 1
yet 1
untried 1
the 1
land 1
of 1
cyclops 1
first 1
a 1
savage 1
kind 1
nor 1
tamed 1
by 1
manners 1
nor 1
by 1
laws 1
confined 1
untaught 1
to 1
plant 1
to 1
turn 1
the 1
glebe 1
and 1
sow 1
they 1
all 1
their 1
products 1
to 1
free 1
nature 1
owe 1
the 1
soil 1
untilld 1
a 1
ready 1
harvest 1
yields 1
with 1
wheat 1
and 1
barley 1
wave 1
the 1
golden 1
fields 1
spontaneous 1
wines 1
from 1
weighty 1
clusters 1
pour 1
and 1
jove 1
descends 1
in 1
each 1
prolific 1
shower 1
by 1
these 1
no 1
statues 1
and 1
no 1
rights 1
are 1
known 1
no 1
council 1
held 1
no 1
monarch 1
fills 1
the 1
throne 1
but 1
high 1
on 1
hills 1
or 1
airy 1
cliffs 1
they 1
dwell 1
or 1
deep 1
in 1
caves 1
whose 1
entrance 1
leads 1
to 1
hell 1
each 1
rules 1
his 1
race 1
his 1
neighbour 1
not 1
his 1
care 1
heedless 1
of 1
others 1
to 1
his 1
own 1
severe 1
opposed 1
to 1
the 1
cyclopean 1
coast 1
there 1
lay 1
an 1
isle 1
whose 1
hill 1
their 1
subject 1
fields 1
survey 1
its 1
name 1
lachaea 1
crownd 1
with 1
many 1
a 1
grove 1
where 1
savage 1
goats 1
through 1
pathless 1
thickets 1
rove 1
no 1
needy 1
mortals 1
here 1
with 1
hunger 1
bold 1
or 1
wretched 1
hunters 1
through 1
the 1
wintry 1
cold 1
pursue 1
their 1
flight 1
but 1
leave 1
them 1
safe 1
to 1
bound 1
from 1
hill 1
to 1
hill 1
oer 1
all 1
the 1
desert 1
ground 1
nor 1
knows 1
the 1
soil 1
to 1
feed 1
the 1
fleecy 1
care 1
or 1
feels 1
the 1
labours 1
of 1
the 1
crooked 1
share 1
but 1
uninhabited 1
untilld 1
unsown 1
it 1
lies 1
and 1
breeds 1
the 1
bleating 1
goat 1
alone 1
for 1
there 1
no 1
vessel 1
with 1
vermilion 1
prore 1
or 1
bark 1
of 1
traffic 1
glides 1
from 1
shore 1
to 1
shore 1
the 1
rugged 1
race 1
of 1
savages 1
unskilld 1
the 1
seas 1
to 1
traverse 1
or 1
the 1
ships 1
to 1
build 1
gaze 1
on 1
the 1
coast 1
nor 1
cultivate 1
the 1
soil 1
unlearnd 1
in 1
all 1
the 1
industrious 1
art 1
of 1
toil 1
yet 1
here 1
all 1
produces 1
and 1
all 1
plants 1
abound 1
sprung 1
from 1
the 1
fruitful 1
genius 1
of 1
the 1
ground 1
fields 1
waving 1
high 1
with 1
heavy 1
crops 1
are 1
seen 1
and 1
vines 1
that 1
flourish 1
in 1
eternal 1
green 1
refreshing 1
meads 1
along 1
the 1
murmuring 1
main 1
and 1
fountains 1
streaming 1
down 1
the 1
fruitful 1
plain 1
a 1
port 1
there 1
is 1
inclosed 1
on 1
either 1
side 1
where 1
ships 1
may 1
rest 1
unanchord 1
and 1
untied 1
till 1
the 1
glad 1
mariners 1
incline 1
to 1
sail 1
and 1
the 1
sea 1
whitens 1
with 1
the 1
rising 1
gale 1
high 1
at 1
the 1
head 1
from 1
out 1
the 1
cavernd 1
rock 1
in 1
living 1
rills 1
a 1
gushing 1
fountain 1
broke 1
around 1
it 1
and 1
above 1
for 1
ever 1
green 1
the 1
busy 1
alders 1
formd 1
a 1
shady 1
scene 1
hither 1
some 1
favouring 1
god 1
beyond 1
our 1
thought 1
through 1
all 1
surrounding 1
shade 1
our 1
navy 1
brought 1
for 1
gloomy 1
night 1
descended 1
on 1
the 1
main 1
nor 1
glimmerd 1
phoebe 1
in 1
the 1
ethereal 1
plain 1
but 1
all 1
unseen 1
the 1
clouded 1
island 1
lay 1
and 1
all 1
unseen 1
the 1
surge 1
and 1
rolling 1
sea 1
till 1
safe 1
we 1
anchord 1
in 1
the 1
shelterd 1
bay 1
our 1
sails 1
we 1
gatherd 1
cast 1
our 1
cables 1
oer 1
and 1
slept 1
secure 1
along 1
the 1
sandy 1
shore 1
soon 1
as 1
again 1
the 1
rosy 1
morning 1
shone 1
reveald 1
the 1
landscape 1
and 1
the 1
scene 1
unknown 1
with 1
wonder 1
seized 1
we 1
view 1
the 1
pleasing 1
ground 1
and 1
walk 1
delighted 1
and 1
expatiate 1
round 1
roused 1
by 1
the 1
woodland 1
nymphs 1
at 1
early 1
dawn 1
the 1
mountain 1
goats 1
came 1
bounding 1
oer 1
the 1
lawn 1
in 1
haste 1
our 1
fellows 1
to 1
the 1
ships 1
repair 1
for 1
arms 1
and 1
weapons 1
of 1
the 1
sylvan 1
war 1
straight 1
in 1
three 1
squadrons 1
all 1
our 1
crew 1
we 1
part 1
and 1
bend 1
the 1
bow 1
or 1
wing 1
the 1
missile 1
dart 1
the 1
bounteous 1
gods 1
afford 1
a 1
copious 1
prey 1
and 1
nine 1
fat 1
goats 1
each 1
vessel 1
bears 1
away 1
the 1
royal 1
bark 1
had 1
ten 1
our 1
ships 1
complete 1
we 1
thus 1
supplied 1
for 1
twelve 1
were 1
all 1
the 1
fleet 1
here 1
till 1
the 1
setting 1
sun 1
rolld 1
down 1
the 1
light 1
we 1
sat 1
indulging 1
in 1
the 1
genial 1
rite 1
nor 1
wines 1
were 1
wanting 1
those 1
from 1
ample 1
jars 1
we 1
draind 1
the 1
prize 1
of 1
our 1
ciconian 1
wars 1
the 1
land 1
of 1
cyclops 1
lay 1
in 1
prospect 1
near 1
the 1
voice 1
of 1
goats 1
and 1
bleating 1
flocks 1
we 1
hear 1
and 1
from 1
their 1
mountains 1
rising 1
smokes 1
appear 1
now 1
sunk 1
the 1
sun 1
and 1
darkness 1
coverd 1
oer 1
the 1
face 1
of 1
things 1
along 1
the 1
seabeat 1
shore 1
satiate 1
we 1
slept 1
but 1
when 1
the 1
sacred 1
dawn 1
arising 1
glitterd 1
oer 1
the 1
dewy 1
lawn 1
i 1
calld 1
my 1
fellows 1
and 1
these 1
words 1
addressd 1
my 1
dear 1
associates 1
here 1
indulge 1
your 1
rest 1
while 1
with 1
my 1
single 1
ship 1
adventurous 1
i 1
go 1
forth 1
the 1
manners 1
of 1
you 1
men 1
to 1
try 1
whether 1
a 1
race 1
unjust 1
of 1
barbarous 1
might 1
rude 1
and 1
unconscious 1
of 1
a 1
strangers 1
right 1
or 1
such 1
who 1
harbour 1
pity 1
in 1
their 1
breast 1
revere 1
the 1
gods 1
and 1
succour 1
the 1
distressd 1
this 1
said 1
i 1
climbd 1
my 1
vessels 1
lofty 1
side 1
my 1
train 1
obeyd 1
me 1
and 1
the 1
ship 1
untied 1
in 1
order 1
seated 1
on 1
their 1
banks 1
they 1
sweep 1
neptunes 1
smooth 1
face 1
and 1
cleave 1
the 1
yielding 1
deep 1
when 1
to 1
the 1
nearest 1
verge 1
of 1
land 1
we 1
drew 1
fast 1
by 1
the 1
sea 1
a 1
lonely 1
cave 1
we 1
view 1
high 1
and 1
with 1
darkening 1
laurels 1
covered 1
oer 1
were 1
sheep 1
and 1
goats 1
lay 1
slumbering 1
round 1
the 1
shore 1
near 1
this 1
a 1
fence 1
of 1
marble 1
from 1
the 1
rock 1
brown 1
with 1
oeraching 1
pine 1
and 1
spreading 1
oak 1
a 1
giant 1
shepherd 1
here 1
his 1
flock 1
maintains 1
far 1
from 1
the 1
rest 1
and 1
solitary 1
reigns 1
in 1
shelter 1
thick 1
of 1
horrid 1
shade 1
reclined 1
and 1
gloomy 1
mischiefs 1
labour 1
in 1
his 1
mind 1
a 1
form 1
enormous 1
far 1
unlike 1
the 1
race 1
of 1
human 1
birth 1
in 1
stature 1
or 1
in 1
face 1
as 1
some 1
lone 1
mountains 1
monstrous 1
growth 1
he 1
stood 1
crownd 1
with 1
rough 1
thickets 1
and 1
a 1
nodding 1
wood 1
i 1
left 1
my 1
vessel 1
at 1
the 1
point 1
of 1
land 1
and 1
close 1
to 1
guard 1
it 1
gave 1
our 1
crew 1
command 1
with 1
only 1
twelve 1
the 1
boldest 1
and 1
the 1
best 1
i 1
seek 1
the 1
adventure 1
and 1
forsake 1
the 1
rest 1
then 1
took 1
a 1
goatskin 1
filld 1
with 1
precious 1
wine 1
the 1
gift 1
of 1
maron 1
of 1
evantheus 1
line 1
the 1
priest 1
of 1
phoebus 1
at 1
the 1
ismarian 1
shrine 1
in 1
sacred 1
shade 1
his 1
honourd 1
mansion 1
stood 1
amidst 1
apollos 1
consecrated 1
wood 1
him 1
and 1
his 1
house 1
heaven 1
moved 1
my 1
mind 1
to 1
save 1
and 1
costly 1
presents 1
in 1
return 1
he 1
gave 1
seven 1
golden 1
talents 1
to 1
perfection 1
wrought 1
a 1
silver 1
bowl 1
that 1
held 1
a 1
copious 1
draught 1
and 1
twelve 1
large 1
vessels 1
of 1
unmingled 1
wine 1
mellifluous 1
undecaying 1
and 1
divine 1
which 1
now 1
some 1
ages 1
from 1
his 1
race 1
conceald 1
the 1
hoary 1
sire 1
in 1
gratitude 1
reveald 1
such 1
was 1
the 1
wine 1
to 1
quench 1
whose 1
fervent 1
steam 1
scarce 1
twenty 1
measures 1
from 1
the 1
living 1
stream 1
to 1
cool 1
one 1
cup 1
sufficed 1
the 1
goblet 1
crownd 1
breathed 1
aromatic 1
fragrances 1
around 1
of 1
this 1
an 1
ample 1
vase 1
we 1
heaved 1
aboard 1
and 1
brought 1
another 1
with 1
provisions 1
stored 1
my 1
soul 1
foreboded 1
i 1
should 1
find 1
the 1
bower 1
of 1
some 1
fell 1
monster 1
fierce 1
with 1
barbarous 1
power 1
some 1
rustic 1
wretch 1
who 1
lived 1
in 1
heavens 1
despite 1
contemning 1
laws 1
and 1
trampling 1
on 1
the 1
right 1
the 1
cave 1
we 1
found 1
but 1
vacant 1
all 1
within 1
his 1
flock 1
the 1
giant 1
tended 1
on 1
the 1
green 1
but 1
round 1
the 1
grot 1
we 1
gaze 1
and 1
all 1
we 1
view 1
in 1
order 1
ranged 1
our 1
admiration 1
drew 1
the 1
bending 1
shelves 1
with 1
loads 1
of 1
cheeses 1
pressd 1
the 1
folded 1
flocks 1
each 1
separate 1
from 1
the 1
rest 1
the 1
larger 1
here 1
and 1
there 1
the 1
lesser 1
lambs 1
the 1
newfallen 1
young 1
here 1
bleating 1
for 1
their 1
dams 1
the 1
kid 1
distinguishd 1
from 1
the 1
lambkin 1
lies 1
the 1
cavern 1
echoes 1
with 1
responsive 1
cries 1
capacious 1
chargers 1
all 1
around 1
were 1
laid 1
full 1
pails 1
and 1
vessels 1
of 1
the 1
milking 1
trade 1
with 1
fresh 1
provisions 1
hence 1
our 1
fleet 1
to 1
store 1
my 1
friends 1
advise 1
me 1
and 1
to 1
quit 1
the 1
shore 1
or 1
drive 1
a 1
flock 1
of 1
sheep 1
and 1
goats 1
away 1
consult 1
our 1
safety 1
and 1
put 1
off 1
to 1
sea 1
their 1
wholesome 1
counsel 1
rashly 1
i 1
declined 1
curious 1
to 1
view 1
the 1
man 1
of 1
monstrous 1
kind 1
and 1
try 1
what 1
social 1
rites 1
a 1
savage 1
lends 1
dire 1
rites 1
alas 1
and 1
fatal 1
to 1
my 1
friends 1
then 1
first 1
a 1
fire 1
we 1
kindle 1
and 1
prepare 1
for 1
his 1
return 1
with 1
sacrifice 1
and 1
prayer 1
the 1
loaden 1
shelves 1
afford 1
us 1
full 1
repast 1
we 1
sit 1
expecting 1
lo 1
he 1
comes 1
at 1
last 1
near 1
half 1
a 1
forest 1
on 1
his 1
back 1
he 1
bore 1
and 1
cast 1
the 1
ponderous 1
burden 1
at 1
the 1
door 1
it 1
thunderd 1
as 1
it 1
fell 1
we 1
trembled 1
then 1
and 1
sought 1
the 1
deep 1
recesses 1
of 1
the 1
den 1
new 1
driven 1
before 1
him 1
through 1
the 1
arching 1
rock 1
came 1
tumbling 1
heaps 1
on 1
heaps 1
the 1
unnumberd 1
flock 1
bigudderd 1
ewes 1
and 1
goats 1
of 1
female 1
kind 1
the 1
males 1
were 1
pennd 1
in 1
outward 1
courts 1
behind 1
then 1
heaved 1
on 1
high 1
a 1
rocks 1
enormous 1
weight 1
to 1
the 1
caves 1
mouth 1
he 1
rolld 1
and 1
closed 1
the 1
gate 1
scarce 1
twenty 1
fourwheeld 1
cars 1
compact 1
and 1
strong 1
the 1
massy 1
load 1
could 1
bear 1
or 1
roll 1
along 1
he 1
next 1
betakes 1
him 1
to 1
his 1
evening 1
cares 1
and 1
sitting 1
down 1
to 1
milk 1
his 1
flocks 1
prepares 1
of 1
half 1
their 1
udders 1
eases 1
first 1
the 1
dams 1
then 1
to 1
the 1
mothers 1
teat 1
submits 1
the 1
lambs 1
half 1
the 1
white 1
stream 1
to 1
hardening 1
cheese 1
be 1
pressd 1
and 1
high 1
in 1
wickerbaskets 1
heapd 1
the 1
rest 1
reserved 1
in 1
bowls 1
supplied 1
his 1
nightly 1
feast 1
his 1
labour 1
done 1
he 1
fired 1
the 1
pile 1
that 1
gave 1
a 1
sudden 1
blaze 1
and 1
lighted 1
all 1
the 1
cave 1
we 1
stand 1
discoverd 1
by 1
the 1
rising 1
fires 1
askance 1
the 1
giant 1
glares 1
and 1
thus 1
inquires 1
what 1
are 1
ye 1
guests 1
on 1
what 1
adventure 1
say 1
thus 1
far 1
ye 1
wander 1
through 1
the 1
watery 1
way 1
pirates 1
perhaps 1
who 1
seek 1
through 1
seas 1
unknown 1
the 1
lives 1
of 1
others 1
and 1
expose 1
your 1
own 1
his 1
voice 1
like 1
thunder 1
through 1
the 1
cavern 1
sounds 1
my 1
bold 1
companions 1
thrilling 1
fear 1
confounds 1
appalld 1
at 1
sight 1
of 1
more 1
than 1
mortal 1
man 1
at 1
length 1
with 1
heart 1
recoverd 1
i 1
began 1
from 1
troys 1
famed 1
fields 1
sad 1
wanderers 1
oer 1
the 1
main 1
behold 1
the 1
relics 1
of 1
the 1
grecian 1
train 1
through 1
various 1
seas 1
by 1
various 1
perils 1
tossd 1
and 1
forced 1
by 1
storms 1
unwilling 1
on 1
your 1
coast 1
far 1
from 1
our 1
destined 1
course 1
and 1
native 1
land 1
such 1
was 1
our 1
fate 1
and 1
such 1
high 1
joves 1
command 1
nor 1
what 1
we 1
are 1
befits 1
us 1
to 1
disclaim 1
atrides 1
friends 1
in 1
arms 1
a 1
mighty 1
name 1
who 1
taught 1
proud 1
troy 1
and 1
all 1
her 1
sons 1
to 1
bow 1
victors 1
of 1
late 1
but 1
humble 1
suppliants 1
now 1
low 1
at 1
thy 1
knee 1
thy 1
succour 1
we 1
implore 1
respect 1
us 1
human 1
and 1
relieve 1
us 1
poor 1
at 1
least 1
some 1
hospitable 1
gift 1
bestow 1
tis 1
what 1
the 1
happy 1
to 1
the 1
unhappy 1
owe 1
tis 1
what 1
the 1
gods 1
require 1
those 1
gods 1
revere 1
the 1
poor 1
and 1
stranger 1
are 1
their 1
constant 1
care 1
to 1
jove 1
their 1
cause 1
and 1
their 1
revenge 1
belongs 1
he 1
wanders 1
with 1
them 1
and 1
he 1
feels 1
their 1
wrongs 1
fools 1
that 1
ye 1
are 1
the 1
savage 1
thus 1
replies 1
his 1
inward 1
fury 1
blazing 1
at 1
his 1
eyes 1
or 1
strangers 1
distant 1
far 1
from 1
our 1
abodes 1
to 1
bid 1
me 1
reverence 1
or 1
regard 1
the 1
gods 1
know 1
then 1
we 1
cyclops 1
are 1
a 1
race 1
above 1
those 1
airbred 1
people 1
and 1
their 1
goatnursed 1
jove 1
and 1
learn 1
our 1
power 1
proceeds 1
with 1
thee 1
and 1
thine 1
not 1
as 1
he 1
wills 1
but 1
as 1
ourselves 1
incline 1
but 1
answer 1
the 1
good 1
ship 1
that 1
brought 1
ye 1
oer 1
where 1
lies 1
she 1
anchord 1
near 1
or 1
off 1
the 1
shore 1
thus 1
he 1
his 1
meditated 1
fraud 1
i 1
find 1
versed 1
in 1
the 1
turns 1
of 1
various 1
humankind 1
and 1
cautious 1
thus 1
against 1
a 1
dreadful 1
rock 1
fast 1
by 1
your 1
shore 1
the 1
gallant 1
vessel 1
broke 1
scarce 1
with 1
these 1
few 1
i 1
scaped 1
of 1
all 1
my 1
train 1
whom 1
angry 1
neptune 1
whelmd 1
beneath 1
the 1
main 1
the 1
scattered 1
wreck 1
the 1
winds 1
blew 1
back 1
again 1
he 1
answerd 1
with 1
his 1
deed 1
his 1
bloody 1
hand 1
snatchd 1
two 1
unhappy 1
of 1
my 1
martial 1
band 1
and 1
dashd 1
like 1
dogs 1
against 1
the 1
stony 1
floor 1
the 1
pavement 1
swims 1
with 1
brains 1
and 1
mingled 1
gore 1
torn 1
limb 1
from 1
limb 1
he 1
spreads 1
his 1
horrid 1
feast 1
and 1
fierce 1
devours 1
it 1
like 1
a 1
mountain 1
beast 1
he 1
sucks 1
the 1
marrow 1
and 1
the 1
blood 1
he 1
drains 1
nor 1
entrails 1
flesh 1
nor 1
solid 1
bone 1
remains 1
we 1
see 1
the 1
death 1
from 1
which 1
we 1
cannot 1
move 1
and 1
humbled 1
groan 1
beneath 1
the 1
hand 1
of 1
jove 1
his 1
ample 1
maw 1
with 1
human 1
carnage 1
filld 1
a 1
milky 1
deluge 1
next 1
the 1
giant 1
swilld 1
then 1
stretchd 1
in 1
length 1
oer 1
half 1
the 1
cavernd 1
rock 1
lay 1
senseless 1
and 1
supine 1
amidst 1
the 1
flock 1
to 1
seize 1
the 1
time 1
and 1
with 1
a 1
sudden 1
wound 1
to 1
fix 1
the 1
slumbering 1
monster 1
to 1
the 1
ground 1
my 1
soul 1
impels 1
me 1
and 1
in 1
act 1
i 1
stand 1
to 1
draw 1
the 1
sword 1
but 1
wisdom 1
held 1
my 1
hand 1
a 1
deed 1
so 1
rash 1
had 1
finished 1
all 1
our 1
fate 1
no 1
mortal 1
forces 1
from 1
the 1
lofty 1
gate 1
could 1
roll 1
the 1
rock 1
in 1
hopeless 1
grief 1
we 1
lay 1
and 1
sigh 1
expecting 1
the 1
return 1
of 1
day 1
now 1
did 1
the 1
rosyfingered 1
morn 1
arise 1
and 1
shed 1
her 1
sacred 1
light 1
along 1
the 1
skies 1
he 1
wakes 1
he 1
lights 1
the 1
fire 1
he 1
milks 1
the 1
dams 1
and 1
to 1
the 1
mothers 1
teats 1
submits 1
the 1
lambs 1
the 1
task 1
thus 1
finishd 1
of 1
his 1
morning 1
hours 1
two 1
more 1
he 1
snatches 1
murders 1
and 1
devours 1
then 1
pleased 1
and 1
whistling 1
drives 1
his 1
flock 1
before 1
removes 1
the 1
rocky 1
mountain 1
from 1
the 1
door 1
and 1
shuts 1
again 1
with 1
equal 1
ease 1
disposed 1
as 1
a 1
light 1
quivers 1
lid 1
is 1
oped 1
and 1
closed 1
his 1
giant 1
voice 1
the 1
echoing 1
region 1
fills 1
his 1
flocks 1
obedient 1
spread 1
oer 1
all 1
the 1
hills 1
thus 1
left 1
behind 1
even 1
in 1
the 1
last 1
despair 1
i 1
thought 1
devised 1
and 1
pallas 1
heard 1
my 1
prayer 1
revenge 1
and 1
doubt 1
and 1
caution 1
workd 1
my 1
breast 1
but 1
this 1
of 1
many 1
counsels 1
seemd 1
the 1
best 1
the 1
monsters 1
club 1
within 1
the 1
cave 1
i 1
spied 1
a 1
tree 1
of 1
stateliest 1
growth 1
and 1
yet 1
undried 1
green 1
from 1
the 1
wood 1
of 1
height 1
and 1
bulk 1
so 1
vast 1
the 1
largest 1
ship 1
might 1
claim 1
it 1
for 1
a 1
mast 1
this 1
shortend 1
of 1
its 1
top 1
i 1
gave 1
my 1
train 1
a 1
fathoms 1
length 1
to 1
shape 1
it 1
and 1
to 1
plane 1
the 1
narrower 1
end 1
i 1
sharpend 1
to 1
a 1
spire 1
whose 1
point 1
we 1
hardend 1
with 1
the 1
force 1
of 1
fire 1
and 1
hid 1
it 1
in 1
the 1
dust 1
that 1
strewd 1
the 1
cave 1
then 1
to 1
my 1
few 1
companions 1
bold 1
and 1
brave 1
proposed 1
who 1
first 1
the 1
venturous 1
deed 1
should 1
try 1
in 1
the 1
broad 1
orbit 1
of 1
his 1
monstrous 1
eye 1
to 1
plunge 1
the 1
brand 1
and 1
twirl 1
the 1
pointed 1
wood 1
when 1
slumber 1
next 1
should 1
tame 1
the 1
man 1
of 1
blood 1
just 1
as 1
i 1
wished 1
the 1
lots 1
were 1
cast 1
on 1
four 1
myself 1
the 1
fifth 1
we 1
stand 1
and 1
wait 1
the 1
hour 1
he 1
comes 1
with 1
evening 1
all 1
his 1
fleecy 1
flock 1
before 1
him 1
march 1
and 1
pour 1
into 1
the 1
rock 1
not 1
one 1
or 1
male 1
or 1
female 1
stayed 1
behind 1
so 1
fortune 1
chanced 1
or 1
so 1
some 1
god 1
designed 1
then 1
heaving 1
high 1
the 1
stones 1
unwieldy 1
weight 1
he 1
rolld 1
it 1
on 1
the 1
cave 1
and 1
closed 1
the 1
gate 1
first 1
down 1
he 1
sits 1
to 1
milk 1
the 1
woolly 1
dams 1
and 1
then 1
permits 1
their 1
udder 1
to 1
the 1
lambs 1
next 1
seized 1
two 1
wretches 1
more 1
and 1
headlong 1
cast 1
braind 1
on 1
the 1
rock 1
his 1
second 1
dire 1
repast 1
i 1
then 1
approachd 1
him 1
reeking 1
with 1
their 1
gore 1
and 1
held 1
the 1
brimming 1
goblet 1
foaming 1
oer 1
cyclop 1
since 1
human 1
flesh 1
has 1
been 1
thy 1
feast 1
now 1
drain 1
this 1
goblet 1
potent 1
to 1
digest 1
know 1
hence 1
what 1
treasures 1
in 1
our 1
ship 1
we 1
lost 1
and 1
what 1
rich 1
liquors 1
other 1
climates 1
boast 1
we 1
to 1
thy 1
shore 1
the 1
precious 1
freight 1
shall 1
bear 1
if 1
home 1
thou 1
send 1
us 1
and 1
vouchsafe 1
to 1
spare 1
but 1
oh 1
thus 1
furious 1
thirsting 1
thus 1
for 1
gore 1
the 1
sons 1
of 1
men 1
shall 1
neer 1
approach 1
thy 1
shore 1
and 1
never 1
shalt 1
thou 1
taste 1
this 1
nectar 1
more 1
he 1
heard 1
he 1
took 1
and 1
pouring 1
down 1
his 1
throat 1
delighted 1
swilld 1
the 1
large 1
luxurious 1
draught 1
more 1
give 1
me 1
more 1
he 1
cried 1
the 1
boon 1
be 1
thine 1
whoeer 1
thou 1
art 1
that 1
bearst 1
celestial 1
wine 1
declare 1
thy 1
name 1
not 1
mortal 1
is 1
this 1
juice 1
such 1
as 1
the 1
unblessd 1
cyclopaean 1
climes 1
produce 1
though 1
sure 1
our 1
vine 1
the 1
largest 1
cluster 1
yields 1
and 1
joves 1
scornd 1
thunder 1
serves 1
to 1
drench 1
our 1
fields 1
but 1
this 1
descended 1
from 1
the 1
blessd 1
abodes 1
a 1
rill 1
of 1
nectar 1
streaming 1
from 1
the 1
gods 1
he 1
said 1
and 1
greedy 1
grasped 1
the 1
heady 1
bowl 1
thrice 1
drained 1
and 1
poured 1
the 1
deluge 1
on 1
his 1
soul 1
his 1
sense 1
lay 1
covered 1
with 1
the 1
dozy 1
fume 1
while 1
thus 1
my 1
fraudful 1
speech 1
i 1
reassume 1
thy 1
promised 1
boon 1
o 1
cyclop 1
now 1
i 1
claim 1
and 1
plead 1
my 1
title 1
noman 1
is 1
my 1
name 1
by 1
that 1
distinguishd 1
from 1
my 1
tender 1
years 1
tis 1
what 1
my 1
parents 1
call 1
me 1
and 1
my 1
peers 1
the 1
giant 1
then 1
our 1
promisd 1
grace 1
receive 1
the 1
hospitable 1
boon 1
we 1
mean 1
to 1
give 1
when 1
all 1
thy 1
wretched 1
crew 1
have 1
felt 1
my 1
power 1
noman 1
shall 1
be 1
the 1
last 1
i 1
will 1
devour 1
he 1
said 1
then 1
nodding 1
with 1
the 1
fumes 1
of 1
wine 1
droopd 1
his 1
huge 1
head 1
and 1
snoring 1
lay 1
supine 1
his 1
neck 1
obliquely 1
oer 1
his 1
shoulders 1
hung 1
pressd 1
with 1
the 1
weight 1
of 1
sleep 1
that 1
tames 1
the 1
strong 1
there 1
belchd 1
the 1
mingled 1
streams 1
of 1
wine 1
and 1
blood 1
and 1
human 1
flesh 1
his 1
indigested 1
food 1
sudden 1
i 1
stir 1
the 1
embers 1
and 1
inspire 1
with 1
animating 1
breath 1
the 1
seeds 1
of 1
fire 1
each 1
drooping 1
spirit 1
with 1
bold 1
words 1
repair 1
and 1
urged 1
my 1
train 1
the 1
dreadful 1
deed 1
to 1
dare 1
the 1
stake 1
now 1
glowd 1
beneath 1
the 1
burning 1
bed 1
green 1
as 1
it 1
was 1
and 1
sparkled 1
fiery 1
red 1
then 1
forth 1
the 1
vengeful 1
instrument 1
i 1
bring 1
with 1
beating 1
hearts 1
my 1
fellows 1
form 1
a 1
ring 1
urged 1
my 1
some 1
present 1
god 1
they 1
swift 1
let 1
fall 1
the 1
pointed 1
torment 1
on 1
his 1
visual 1
ball 1
myself 1
above 1
them 1
from 1
a 1
rising 1
ground 1
guide 1
the 1
sharp 1
stake 1
and 1
twirl 1
it 1
round 1
and 1
round 1
as 1
when 1
a 1
shipwright 1
stands 1
his 1
workmen 1
oer 1
who 1
ply 1
the 1
wimble 1
some 1
huge 1
beam 1
to 1
bore 1
urged 1
on 1
all 1
hands 1
it 1
nimbly 1
spins 1
about 1
the 1
grain 1
deeppiercing 1
till 1
it 1
scoops 1
it 1
out 1
in 1
his 1
broad 1
eye 1
he 1
whirls 1
the 1
fiery 1
wood 1
from 1
the 1
pierced 1
pupil 1
spouts 1
the 1
boiling 1
blood 1
singed 1
are 1
his 1
brows 1
the 1
scorching 1
lids 1
grow 1
black 1
the 1
jelly 1
bubbles 1
and 1
the 1
fibres 1
crack 1
and 1
as 1
when 1
armourers 1
temper 1
in 1
the 1
ford 1
the 1
keenedged 1
poleaxe 1
or 1
the 1
shining 1
sword 1
the 1
redhot 1
metal 1
hisses 1
in 1
the 1
lake 1
thus 1
in 1
his 1
eyeball 1
hissd 1
the 1
plunging 1
stake 1
he 1
sends 1
a 1
dreadful 1
groan 1
the 1
rocks 1
around 1
through 1
all 1
their 1
inmost 1
winding 1
caves 1
resound 1
scared 1
we 1
recoiled 1
forth 1
with 1
frantic 1
hand 1
he 1
tore 1
and 1
dashd 1
on 1
earth 1
and 1
gory 1
brand 1
then 1
calls 1
the 1
cyclops 1
all 1
that 1
round 1
him 1
dwell 1
with 1
voice 1
like 1
thunder 1
and 1
a 1
direful 1
yell 1
from 1
all 1
their 1
dens 1
the 1
oneeyed 1
race 1
repair 1
from 1
rifted 1
rocks 1
and 1
mountains 1
bleak 1
in 1
air 1
all 1
haste 1
assembled 1
at 1
his 1
wellknown 1
roar 1
inquire 1
the 1
cause 1
and 1
crowd 1
the 1
cavern 1
door 1
what 1
hurts 1
thee 1
polypheme 1
what 1
strange 1
affright 1
thus 1
breaks 1
our 1
slumbers 1
and 1
disturbs 1
the 1
night 1
does 1
any 1
mortal 1
in 1
the 1
unguarded 1
hour 1
of 1
sleep 1
oppress 1
thee 1
or 1
by 1
fraud 1
or 1
power 1
or 1
thieves 1
insidious 1
thy 1
fair 1
flock 1
surprise 1
thus 1
they 1
the 1
cyclop 1
from 1
his 1
den 1
replies 1
friends 1
noman 1
kills 1
me 1
noman 1
in 1
the 1
hour 1
of 1
sleep 1
oppresses 1
me 1
with 1
fraudful 1
power 1
if 1
no 1
man 1
hurt 1
thee 1
but 1
the 1
hand 1
divine 1
inflict 1
disease 1
it 1
fits 1
thee 1
to 1
resign 1
to 1
jove 1
or 1
to 1
thy 1
father 1
neptune 1
pray 1
the 1
brethren 1
cried 1
and 1
instant 1
strode 1
away 1
joy 1
touchd 1
my 1
secret 1
soul 1
and 1
conscious 1
heart 1
pleased 1
with 1
the 1
effect 1
of 1
conduct 1
and 1
of 1
art 1
meantime 1
the 1
cyclop 1
raging 1
with 1
his 1
wound 1
spreads 1
his 1
wide 1
arms 1
and 1
searches 1
round 1
and 1
round 1
at 1
last 1
the 1
stone 1
removing 1
from 1
the 1
gate 1
with 1
hands 1
extended 1
in 1
the 1
midst 1
he 1
sate 1
and 1
searchd 1
each 1
passing 1
sheep 1
and 1
fell 1
it 1
oer 1
secure 1
to 1
seize 1
us 1
ere 1
we 1
reachd 1
the 1
door 1
such 1
as 1
his 1
shallow 1
wit 1
he 1
deemd 1
was 1
mine 1
but 1
secret 1
i 1
revolved 1
the 1
deep 1
design 1
twas 1
for 1
our 1
lives 1
my 1
labouring 1
bosom 1
wrought 1
each 1
scheme 1
i 1
turnd 1
and 1
sharpend 1
every 1
thought 1
this 1
way 1
and 1
that 1
i 1
cast 1
to 1
save 1
my 1
friends 1
till 1
one 1
resolve 1
my 1
varying 1
counsel 1
ends 1
strong 1
were 1
the 1
rams 1
with 1
native 1
purple 1
fair 1
well 1
fed 1
and 1
largest 1
of 1
the 1
fleecy 1
care 1
these 1
three 1
and 1
three 1
with 1
osier 1
bands 1
we 1
tied 1
the 1
twining 1
bands 1
the 1
cyclops 1
bed 1
supplied 1
the 1
midmost 1
bore 1
a 1
man 1
the 1
outward 1
two 1
secured 1
each 1
side 1
so 1
bound 1
we 1
all 1
the 1
crew 1
one 1
ram 1
remaind 1
the 1
leader 1
of 1
the 1
flock 1
in 1
his 1
deep 1
fleece 1
my 1
grasping 1
hands 1
i 1
lock 1
and 1
fast 1
beneath 1
in 1
wooly 1
curls 1
inwove 1
there 1
cling 1
implicit 1
and 1
confide 1
in 1
jove 1
when 1
rosy 1
morning 1
glimmerd 1
oer 1
the 1
dales 1
he 1
drove 1
to 1
pasture 1
all 1
the 1
lusty 1
males 1
the 1
ewes 1
still 1
folded 1
with 1
distended 1
thighs 1
unmilkd 1
lay 1
bleating 1
in 1
distressful 1
cries 1
but 1
heedless 1
of 1
those 1
cares 1
with 1
anguish 1
stung 1
he 1
felt 1
their 1
fleeces 1
as 1
they 1
passd 1
along 1
fool 1
that 1
he 1
was 1
and 1
let 1
them 1
safely 1
go 1
all 1
unsuspecting 1
of 1
their 1
freight 1
below 1
the 1
master 1
ram 1
at 1
last 1
approachd 1
the 1
gate 1
charged 1
with 1
his 1
wool 1
and 1
with 1
ulysses 1
fate 1
him 1
while 1
he 1
passd 1
the 1
monster 1
blind 1
bespoke 1
what 1
makes 1
my 1
ram 1
the 1
lag 1
of 1
all 1
the 1
flock 1
first 1
thou 1
wert 1
wont 1
to 1
crop 1
the 1
flowery 1
mead 1
first 1
to 1
the 1
field 1
and 1
rivers 1
bank 1
to 1
lead 1
and 1
first 1
with 1
stately 1
step 1
at 1
evening 1
hour 1
thy 1
fleecy 1
fellows 1
usher 1
to 1
their 1
bower 1
now 1
far 1
the 1
last 1
with 1
pensive 1
pace 1
and 1
slow 1
thou 1
movest 1
as 1
conscious 1
of 1
thy 1
masters 1
woe 1
seest 1
thou 1
these 1
lids 1
that 1
now 1
unfold 1
in 1
vain 1
the 1
deed 1
of 1
noman 1
and 1
his 1
wicked 1
train 1
