but 1
with 1
severe 1
rebuke 1
antinous 1
cried 1
these 1
empty 1
vaunts 1
will 1
make 1
the 1
voyage 1
vain 1
alarm 1
not 1
with 1
discourse 1
the 1
menial 1
train 1
the 1
great 1
event 1
with 1
silent 1
hope 1
attend 1
our 1
deeds 1
alone 1
our 1
counsel 1
must 1
commend 1
his 1
speech 1
thus 1
ended 1
short 1
he 1
frowning 1
rose 1
and 1
twenty 1
chiefs 1
renowned 1
for 1
valour 1
chose 1
down 1
to 1
the 1
strand 1
he 1
speeds 1
with 1
haughty 1
strides 1
where 1
anchord 1
in 1
the 1
bay 1
the 1
vessel 1
rides 1
replete 1
with 1
mail 1
and 1
military 1
store 1
in 1
all 1
her 1
tackle 1
trim 1
to 1
quit 1
the 1
shore 1
the 1
desperate 1
crew 1
ascend 1
unfurl 1
the 1
sails 1
the 1
seaward 1
prow 1
invites 1
the 1
tardy 1
gales 1
then 1
take 1
repast 1
till 1
hesperus 1
displayd 1
his 1
golden 1
circlet 1
in 1
the 1
western 1
shade 1
meantime 1
the 1
queen 1
without 1
reflection 1
due 1
heartwounded 1
to 1
the 1
bed 1
of 1
state 1
withdrew 1
in 1
her 1
sad 1
breast 1
the 1
princes 1
fortunes 1
roll 1
and 1
hope 1
and 1
doubt 1
alternate 1
seize 1
her 1
soul 1
so 1
when 1
the 1
woodmans 1
toil 1
her 1
cave 1
surrounds 1
and 1
with 1
the 1
hunters 1
cry 1
the 1
grove 1
resounds 1
with 1
grief 1
and 1
rage 1
the 1
motherlion 1
stung 1
fearless 1
herself 1
yet 1
trembles 1
for 1
her 1
young 1
while 1
pensive 1
in 1
the 1
silent 1
slumberous 1
shade 1
sleeps 1
gentle 1
powers 1
her 1
drooping 1
eyes 1
invade 1
minerva 1
lifelike 1
on 1
embodied 1
air 1
impressd 1
the 1
form 1
of 1
iphthima 1
the 1
fair 1
icarius 1
daughter 1
she 1
whose 1
blooming 1
charms 1
allured 1
eumelus 1
to 1
her 1
virgin 1
arms 1
a 1
sceptred 1
lord 1
who 1
oer 1
the 1
fruitful 1
plain 1
of 1
thessaly 1
wide 1
stretched 1
his 1
ample 1
reign 1
as 1
pallas 1
willd 1
along 1
the 1
sable 1
skies 1
to 1
calm 1
the 1
queen 1
the 1
phantom 1
sister 1
flies 1
swift 1
on 1
the 1
regal 1
dome 1
descending 1
right 1
the 1
bolted 1
valves 1
are 1
pervious 1
to 1
her 1
flight 1
close 1
to 1
her 1
head 1
the 1
pleasing 1
vision 1
stands 1
and 1
thus 1
performs 1
minervas 1
high 1
commands 1
o 1
why 1
penelope 1
this 1
causeless 1
fear 1
to 1
render 1
sleeps 1
soft 1
blessing 1
unsincere 1
alike 1
devote 1
to 1
sorrows 1
dire 1
extreme 1
the 1
dayreflection 1
and 1
the 1
midnightdream 1
thy 1
son 1
the 1
gods 1
propitious 1
will 1
restore 1
and 1
bid 1
thee 1
cease 1
his 1
absence 1
to 1
deplore 1
to 1
whom 1
the 1
queen 1
whilst 1
yet 1
in 1
pensive 1
mind 1
was 1
in 1
the 1
silent 1
gates 1
of 1
sleep 1
confined 1
o 1
sister 1
to 1
my 1
soul 1
forever 1
dear 1
why 1
this 1
first 1
visit 1
to 1
reprove 1
my 1
fear 1
how 1
in 1
a 1
realm 1
so 1
distant 1
should 1
you 1
know 1
from 1
what 1
deep 1
source 1
ceaseless 1
sorrows 1
flow 1
to 1
all 1
my 1
hope 1
my 1
royal 1
lord 1
is 1
lost 1
his 1
countrys 1
buckler 1
and 1
the 1
grecian 1
boast 1
and 1
with 1
consummate 1
woe 1
to 1
weigh 1
me 1
down 1
the 1
heir 1
of 1
all 1
his 1
honours 1
and 1
his 1
crown 1
my 1
darling 1
son 1
is 1
fled 1
an 1
easy 1
prey 1
to 1
the 1
fierce 1
storms 1
or 1
men 1
more 1
fierce 1
than 1
they 1
who 1
in 1
a 1
league 1
of 1
blood 1
associates 1
sworn 1
will 1
intercept 1
the 1
unwary 1
youths 1
return 1
courage 1
resume 1
the 1
shadowy 1
form 1
replied 1
in 1
the 1
protecting 1
care 1
of 1
heaven 1
confide 1
on 1
him 1
attends 1
the 1
blue 1
eyed 1
martial 1
maid 1
what 1
earthly 1
can 1
implore 1
a 1
surer 1
aid 1
me 1
now 1
the 1
guardian 1
goddess 1
deigns 1
to 1
send 1
to 1
bid 1
thee 1
patient 1
his 1
return 1
attend 1
the 1
queen 1
replies 1
if 1
in 1
the 1
blest 1
abodes 1
a 1
goddess 1
thou 1
hast 1
commerce 1
with 1
the 1
gods 1
say 1
breathes 1
my 1
lord 1
the 1
blissful 1
realm 1
of 1
light 1
or 1
lies 1
he 1
wrappd 1
in 1
everduring 1
night 1
inquire 1
not 1
of 1
his 1
doom 1
the 1
phantom 1
cries 1
i 1
speak 1
not 1
all 1
the 1
counsel 1
of 1
the 1
skies 1
nor 1
must 1
indulge 1
with 1
vain 1
discourse 1
or 1
long 1
the 1
windy 1
satisfaction 1
of 1
the 1
tongue 1
swift 1
through 1
the 1
valves 1
the 1
visionary 1
fair 1
repassd 1
and 1
viewless 1
mixd 1
with 1
common 1
air 1
the 1
queen 1
awakes 1
deliverd 1
of 1
her 1
woes 1
with 1
florid 1
joy 1
her 1
heart 1
dilating 1
glows 1
the 1
vision 1
manifest 1
of 1
future 1
fate 1
makes 1
her 1
with 1
hope 1
her 1
sons 1
arrival 1
wait 1
meantime 1
the 1
suitors 1
plough 1
the 1
watery 1
plain 1
telemachus 1
in 1
thought 1
already 1
slain 1
when 1
sight 1
of 1
lessening 1
ithaca 1
was 1
lost 1
their 1
sail 1
directed 1
for 1
the 1
samian 1
coast 1
a 1
small 1
but 1
verdant 1
isle 1
appeard 1
in 1
view 1
and 1
asteris 1
the 1
advancing 1
pilot 1
knew 1
an 1
ample 1
port 1
the 1
rocks 1
projected 1
form 1
to 1
break 1
the 1
rolling 1
waves 1
and 1
ruffling 1
storm 1
that 1
safe 1
recess 1
they 1
gain 1
with 1
happy 1
speed 1
and 1
in 1
close 1
ambush 1
wait 1
the 1
murderous 1
deed 1
book 1
v 1
argument 1
the 1
departure 1
of 1
ulysses 1
from 1
calypso 1
pallas 1
in 1
a 1
council 1
of 1
the 1
gods 1
complains 1
of 1
the 1
detention 1
of 1
ulysses 1
in 1
the 1
island 1
of 1
calypso 1
whereupon 1
mercury 1
is 1
sent 1
to 1
command 1
his 1
removal 1
the 1
seat 1
of 1
calypso 1
described 1
she 1
consents 1
with 1
much 1
difficulty 1
and 1
ulysses 1
builds 1
a 1
vessel 1
with 1
his 1
own 1
hands 1
in 1
which 1
he 1
embarks 1
neptune 1
overtakes 1
him 1
with 1
a 1
terrible 1
tempest 1
in 1
which 1
he 1
is 1
shipwrecked 1
and 1
in 1
the 1
last 1
danger 1
of 1
death 1
till 1
lencothea 1
a 1
seagoddess 1
assists 1
him 1
and 1
after 1
innumerable 1
perils 1
he 1
gets 1
ashore 1
on 1
phaeacia 1
the 1
saffron 1
morn 1
with 1
early 1
blushes 1
spread 1
now 1
rose 1
refulgent 1
from 1
tithonus 1
bed 1
with 1
newborn 1
day 1
to 1
gladden 1
mortal 1
sight 1
and 1
gild 1
the 1
courts 1
of 1
heaven 1
with 1
sacred 1
light 1
then 1
met 1
the 1
eternal 1
synod 1
of 1
the 1
sky 1
before 1
the 1
god 1
who 1
thunders 1
from 1
on 1
high 1
supreme 1
in 1
might 1
sublime 1
in 1
majesty 1
pallas 1
to 1
these 1
deplores 1
the 1
unequal 1
fates 1
of 1
wise 1
ulysses 1
and 1
his 1
toils 1
relates 1
her 1
heros 1
danger 1
touchd 1
the 1
pitying 1
power 1
the 1
nymphs 1
seducements 1
and 1
the 1
magic 1
bower 1
thus 1
she 1
began 1
her 1
plaint 1
immortal 1
jove 1
and 1
you 1
who 1
fill 1
the 1
blissful 1
seats 1
above 1
let 1
kings 1
no 1
more 1
with 1
gentle 1
mercy 1
sway 1
or 1
bless 1
a 1
people 1
willing 1
to 1
obey 1
but 1
crush 1
the 1
nations 1
with 1
an 1
iron 1
rod 1
and 1
every 1
monarch 1
be 1
the 1
scourge 1
of 1
god 1
if 1
from 1
your 1
thoughts 1
ulysses 1
you 1
remove 1
who 1
ruled 1
his 1
subjects 1
with 1
a 1
fathers 1
love 1
sole 1
in 1
an 1
isle 1
encircled 1
by 1
the 1
main 1
abandond 1
banishd 1
from 1
his 1
native 1
reign 1
unblessd 1
he 1
sighs 1
detained 1
by 1
lawless 1
charms 1
and 1
pressd 1
unwilling 1
in 1
calypsos 1
arms 1
nor 1
friends 1
are 1
there 1
nor 1
vessels 1
to 1
convey 1
nor 1
oars 1
to 1
cut 1
the 1
immeasurable 1
way 1
and 1
now 1
fierce 1
traitors 1
studious 1
to 1
destroy 1
his 1
only 1
son 1
their 1
ambushd 1
fraud 1
employ 1
who 1
pious 1
following 1
his 1
great 1
fathers 1
fame 1
to 1
sacred 1
pylos 1
and 1
to 1
sparta 1
came 1
what 1
words 1
are 1
these 1
replied 1
the 1
power 1
who 1
forms 1
the 1
clouds 1
of 1
night 1
and 1
darkens 1
heaven 1
with 1
storms 1
is 1
not 1
already 1
in 1
thy 1
soul 1
decreed 1
the 1
chiefs 1
return 1
shall 1
make 1
the 1
guilty 1
bleed 1
what 1
cannot 1
wisdom 1
do 1
thou 1
mayst 1
restore 1
the 1
son 1
in 1
safety 1
to 1
his 1
native 1
shore 1
while 1
the 1
fell 1
foes 1
who 1
late 1
in 1
ambush 1
lay 1
with 1
fraud 1
defeated 1
measure 1
back 1
their 1
way 1
then 1
thus 1
to 1
hermes 1
the 1
command 1
was 1
given 1
hermes 1
thou 1
chosen 1
messenger 1
of 1
heaven 1
go 1
to 1
the 1
nymph 1
be 1
these 1
our 1
orders 1
borne 1
tis 1
joves 1
decree 1
ulysses 1
shall 1
return 1
the 1
patient 1
man 1
shall 1
view 1
his 1
old 1
abodes 1
nor 1
helped 1
by 1
mortal 1
hand 1
nor 1
guiding 1
gods 1
in 1
twice 1
ten 1
days 1
shall 1
fertile 1
scheria 1
find 1
alone 1
and 1
floating 1
to 1
the 1
wave 1
and 1
wind 1
the 1
bold 1
phaecians 1
there 1
whose 1
haughty 1
line 1
is 1
mixed 1
with 1
gods 1
half 1
human 1
half 1
divine 1
the 1
chief 1
shall 1
honour 1
as 1
some 1
heavenly 1
guest 1
and 1
swift 1
transport 1
him 1
to 1
his 1
place 1
of 1
rest 1
his 1
vessels 1
loaded 1
with 1
a 1
plenteous 1
store 1
of 1
brass 1
of 1
vestures 1
and 1
resplendent 1
ore 1
a 1
richer 1
prize 1
than 1
if 1
his 1
joyful 1
isle 1
received 1
him 1
charged 1
with 1
ilions 1
noble 1
spoil 1
his 1
friends 1
his 1
country 1
he 1
shall 1
see 1
though 1
late 1
such 1
is 1
our 1
sovereign 1
will 1
and 1
such 1
is 1
fate 1
he 1
spoke 1
the 1
god 1
who 1
mounts 1
the 1
winged 1
winds 1
fast 1
to 1
his 1
feet 1
the 1
golden 1
pinions 1
binds 1
that 1
high 1
through 1
fields 1
of 1
air 1
his 1
flight 1
sustain 1
oer 1
the 1
wide 1
earth 1
and 1
oer 1
the 1
boundless 1
main 1
he 1
grasps 1
the 1
wand 1
that 1
causes 1
sleep 1
to 1
fly 1
or 1
in 1
soft 1
slumber 1
seals 1
the 1
wakeful 1
eye 1
then 1
shoots 1
from 1
heaven 1
to 1
high 1
pierias 1
steep 1
and 1
stoops 1
incumbent 1
on 1
the 1
rolling 1
deep 1
so 1
watery 1
fowl 1
that 1
seek 1
their 1
fishy 1
food 1
with 1
wings 1
expanded 1
oer 1
the 1
foaming 1
flood 1
now 1
sailing 1
smooth 1
the 1
level 1
surface 1
sweep 1
now 1
dip 1
their 1
pinions 1
in 1
the 1
briny 1
deep 1
thus 1
oer 1
the 1
word 1
of 1
waters 1
hermes 1
flew 1
till 1
now 1
the 1
distant 1
island 1
rose 1
in 1
view 1
then 1
swift 1
ascending 1
from 1
the 1
azure 1
wave 1
he 1
took 1
the 1
path 1
that 1
winded 1
to 1
the 1
cave 1
large 1
was 1
the 1
grot 1
in 1
which 1
the 1
nymph 1
he 1
found 1
the 1
fairhaird 1
nymph 1
with 1
every 1
beauty 1
crownd 1
the 1
cave 1
was 1
brightend 1
with 1
a 1
rising 1
blaze 1
cedar 1
and 1
frankincense 1
an 1
odorous 1
pile 1
flamed 1
on 1
the 1
hearth 1
and 1
wide 1
perfumed 1
the 1
isle 1
while 1
she 1
with 1
work 1
and 1
song 1
the 1
time 1
divides 1
and 1
through 1
the 1
loom 1
the 1
golden 1
shuttle 1
guides 1
without 1
the 1
grot 1
a 1
various 1
sylvan 1
scene 1
appeard 1
around 1
and 1
groves 1
of 1
living 1
green 1
poplars 1
and 1
alders 1
ever 1
quivering 1
playd 1
and 1
nodding 1
cypress 1
formd 1
a 1
fragrant 1
shade 1
on 1
whose 1
high 1
branches 1
waving 1
with 1
the 1
storm 1
the 1
birds 1
of 1
broadest 1
wing 1
their 1
mansions 1
form 1
the 1
chough 1
the 1
seamew 1
the 1
loquacious 1
crow 1
and 1
scream 1
aloft 1
and 1
skim 1
the 1
deeps 1
below 1
depending 1
vines 1
the 1
shelving 1
cavern 1
screen 1
with 1
purple 1
clusters 1
blushing 1
through 1
the 1
green 1
four 1
limped 1
fountains 1
from 1
the 1
clefts 1
distil 1
and 1
every 1
fountain 1
pours 1
a 1
several 1
rill 1
in 1
mazy 1
windings 1
wandering 1
down 1
the 1
hill 1
where 1
bloomy 1
meads 1
with 1
vivid 1
greens 1
were 1
crownd 1
and 1
glowing 1
violets 1
threw 1
odours 1
round 1
a 1
scene 1
where 1
if 1
a 1
god 1
should 1
cast 1
his 1
sight 1
a 1
god 1
might 1
gaze 1
and 1
wander 1
with 1
delight 1
joy 1
touchd 1
the 1
messenger 1
of 1
heaven 1
he 1
stayd 1
entranced 1
and 1
all 1
the 1
blissful 1
haunts 1
surveyed 1
him 1
entering 1
in 1
the 1
cave 1
calypso 1
knew 1
for 1
powers 1
celestial 1
to 1
each 1
others 1
view 1
stand 1
still 1
confessd 1
though 1
distant 1
far 1
they 1
lie 1
to 1
habitants 1
of 1
earth 1
or 1
sea 1
or 1
sky 1
but 1
sad 1
ulysses 1
by 1
himself 1
apart 1
pourd 1
the 1
big 1
sorrows 1
of 1
his 1
swelling 1
heard 1
all 1
on 1
the 1
lonely 1
shore 1
he 1
sate 1
to 1
weep 1
and 1
rolld 1
his 1
eyes 1
around 1
the 1
restless 1
deep 1
toward 1
his 1
loved 1
coast 1
he 1
rolld 1
his 1
eyes 1
in 1
vain 1
till 1
dimmd 1
with 1
rising 1
grief 1
they 1
streamd 1
again 1
now 1
graceful 1
seated 1
on 1
her 1
shining 1
throne 1
to 1
hermes 1
thus 1
the 1
nymph 1
divine 1
begun 1
god 1
of 1
the 1
golden 1
wand 1
on 1
what 1
behest 1
arrivest 1
thou 1
here 1
an 1
unexpected 1
guest 1
loved 1
as 1
thou 1
art 1
thy 1
free 1
injunctions 1
lay 1
tis 1
mine 1
with 1
joy 1
and 1
duty 1
to 1
obey 1
till 1
now 1
a 1
stranger 1
in 1
a 1
happy 1
hour 1
approach 1
and 1
taste 1
the 1
dainties 1
of 1
my 1
bower 1
thus 1
having 1
spoke 1
the 1
nymph 1
the 1
table 1
spread 1
ambrosial 1
cates 1
with 1
nectar 1
rosyred 1
hermes 1
the 1
hospitable 1
rite 1
partook 1
divine 1
refection 1
then 1
recruited 1
spoke 1
what 1
moves 1
this 1
journey 1
from 1
my 1
native 1
sky 1
a 1
goddess 1
asks 1
nor 1
can 1
a 1
god 1
deny 1
hear 1
then 1
the 1
truth 1
by 1
mighty 1
joves 1
command 1
unwilling 1
have 1
i 1
trod 1
this 1
pleasing 1
land 1
for 1
who 1
selfmoved 1
with 1
weary 1
wing 1
would 1
sweep 1
such 1
length 1
of 1
ocean 1
and 1
unmeasured 1
deep 1
a 1
world 1
of 1
waters 1
far 1
from 1
all 1
the 1
ways 1
where 1
men 1
frequent 1
or 1
sacred 1
altars 1
blaze 1
but 1
to 1
joves 1
will 1
submission 1
we 1
must 1
pay 1
what 1
power 1
so 1
great 1
to 1
dare 1
to 1
disobey 1
a 1
man 1
he 1
says 1
a 1
man 1
resides 1
with 1
thee 1
of 1
all 1
his 1
kind 1
most 1
worn 1
with 1
misery 1
the 1
greeks 1
whose 1
arms 1
for 1
nine 1
long 1
year 1
employd 1
their 1
force 1
on 1
ilion 1
in 1
the 1
tenth 1
destroyd 1
at 1
length 1
embarking 1
in 1
a 1
luckless 1
hour 1
with 1
conquest 1
proud 1
incensed 1
minervas 1
power 1
hence 1
on 1
the 1
guilty 1
race 1
her 1
vengeance 1
hurld 1
with 1
storms 1
pursued 1
them 1
through 1
the 1
liquid 1
world 1
there 1
all 1
his 1
vessels 1
sunk 1
beneath 1
the 1
wave 1
there 1
all 1
his 1
dear 1
companions 1
found 1
their 1
grave 1
saved 1
from 1
the 1
jaws 1
of 1
death 1
by 1
heavens 1
decree 1
the 1
tempest 1
drove 1
him 1
to 1
these 1
shores 1
and 1
thee 1
him 1
jove 1
now 1
orders 1
to 1
his 1
native 1
lands 1
straight 1
to 1
dismiss 1
so 1
destiny 1
commands 1
impatient 1
fate 1
his 1
near 1
return 1
attends 1
and 1
calls 1
him 1
to 1
his 1
country 1
and 1
his 1
friends 1
een 1
to 1
her 1
inmost 1
soul 1
the 1
goddess 1
shook 1
then 1
thus 1
her 1
anguish 1
and 1
her 1
passion 1
broke 1
ungracious 1
gods 1
with 1
spite 1
and 1
envy 1
cursed 1
still 1
to 1
your 1
own 1
ethereal 1
race 1
the 1
worst 1
ye 1
envy 1
mortal 1
and 1
immortal 1
joy 1
and 1
love 1
the 1
only 1
sweet 1
of 1
life 1
destroy 1
did 1
ever 1
goddess 1
by 1
her 1
charms 1
engage 1
a 1
favourd 1
mortal 1
and 1
not 1
feel 1
your 1
rage 1
so 1
when 1
aurora 1
sought 1
orions 1
love 1
her 1
joys 1
disturbed 1
your 1
blissful 1
hours 1
above 1
till 1
in 1
ortygia 1
dians 1
winged 1
dart 1
had 1
pierced 1
the 1
hapless 1
hunter 1
to 1
the 1
heart 1
so 1
when 1
the 1
covert 1
of 1
the 1
thriceeared 1
field 1
saw 1
stately 1
ceres 1
to 1
her 1
passion 1
yield 1
scarce 1
could 1
iasion 1
taste 1
her 1
heavenly 1
charms 1
but 1
joves 1
swift 1
lightning 1
scorched 1
him 1
in 1
her 1
arms 1
and 1
is 1
it 1
now 1
my 1
turn 1
ye 1
mighty 1
powers 1
am 1
i 1
the 1
envy 1
of 1
your 1
blissful 1
bowers 1
a 1
man 1
an 1
outcast 1
to 1
the 1
storm 1
and 1
wave 1
it 1
was 1
my 1
crime 1
to 1
pity 1
and 1
to 1
save 1
when 1
he 1
who 1
thunders 1
rent 1
his 1
bark 1
in 1
twain 1
and 1
sunk 1
his 1
brave 1
companions 1
in 1
the 1
main 1
alone 1
abandond 1
in 1
midocean 1
tossed 1
the 1
sport 1
of 1
winds 1
and 1
driven 1
from 1
every 1
coast 1
hither 1
this 1
man 1
of 1
miseries 1
i 1
led 1
received 1
the 1
friendless 1
and 1
the 1
hungry 1
fed 1
nay 1
promised 1
vainly 1
promised 1
to 1
bestow 1
immortal 1
life 1
exempt 1
from 1
age 1
and 1
woe 1
tis 1
pastand 1
jove 1
decrees 1
he 1
shall 1
remove 1
gods 1
as 1
we 1
are 1
we 1
are 1
but 1
slaves 1
to 1
jove 1
go 1
then 1
he 1
must 1
he 1
must 1
if 1
he 1
ordain 1
try 1
all 1
those 1
dangers 1
all 1
those 1
deeps 1
again 1
but 1
never 1
never 1
shall 1
calypso 1
send 1
to 1
toils 1
like 1
these 1
her 1
husband 1
and 1
her 1
friend 1
what 1
ships 1
have 1
i 1
what 1
sailors 1
to 1
convey 1
what 1
oars 1
to 1
cut 1
the 1
long 1
laborious 1
way 1
yet 1
ill 1
direct 1
the 1
safest 1
means 1
to 1
go 1
that 1
last 1
advice 1
is 1
all 1
i 1
can 1
bestow 1
to 1
her 1
the 1
power 1
who 1
hears 1
the 1
charming 1
rod 1
dismiss 1
the 1
man 1
nor 1
irritate 1
the 1
god 1
prevent 1
the 1
rage 1
of 1
him 1
who 1
reigns 1
above 1
for 1
what 1
so 1
dreadful 1
as 1
the 1
wrath 1
of 1
jove 1
thus 1
having 1
said 1
he 1
cut 1
the 1
cleaving 1
sky 1
and 1
in 1
a 1
moment 1
vanished 1
from 1
her 1
eye 1
the 1
nymph 1
obedient 1
to 1
divine 1
command 1
to 1
seek 1
ulysses 1
paced 1
along 1
the 1
sand 1
him 1
pensive 1
on 1
the 1
lonely 1
beach 1
she 1
found 1
with 1
streaming 1
eyes 1
in 1
briny 1
torrents 1
drownd 1
and 1
inly 1
pining 1
for 1
his 1
native 1
shore 1
for 1
now 1
the 1
soft 1
enchantress 1
pleased 1
no 1
more 1
for 1
now 1
reluctant 1
and 1
constrained 1
by 1
charms 1
absent 1
he 1
lay 1
in 1
her 1
desiring 1
arms 1
in 1
slumber 1
wore 1
the 1
heavy 1
night 1
away 1
on 1
rocks 1
and 1
shores 1
consumed 1
the 1
tedious 1
day 1
there 1
sate 1
all 1
desolate 1
and 1
sighed 1
alone 1
with 1
echoing 1
sorrows 1
made 1
the 1
mountains 1
groan 1
and 1
rolld 1
his 1
eyes 1
oer 1
all 1
the 1
restless 1
main 1
till 1
dimmed 1
with 1
rising 1
grief 1
they 1
streamed 1
again 1
here 1
on 1
his 1
musing 1
mood 1
the 1
goddess 1
pressd 1
approaching 1
soft 1
and 1
thus 1
the 1
chief 1
addressd 1
unhappy 1
man 1
to 1
wasting 1
woes 1
a 1
prey 1
no 1
more 1
in 1
sorrows 1
languish 1
life 1
away 1
free 1
as 1
the 1
winds 1
i 1
give 1
thee 1
now 1
to 1
rove 1
go 1
fell 1
the 1
timber 1
of 1
yon 1
lofty 1
grove 1
and 1
form 1
a 1
raft 1
and 1
build 1
the 1
rising 1
ship 1
sublime 1
to 1
bear 1
thee 1
oer 1
the 1
gloomy 1
deep 1
to 1
store 1
the 1
vessel 1
let 1
the 1
care 1
be 1
mine 1
with 1
water 1
from 1
the 1
rock 1
and 1
rosy 1
wine 1
and 1
lifesustaining 1
bread 1
and 1
fair 1
array 1
and 1
prosperous 1
gales 1
to 1
waft 1
thee 1
on 1
the 1
way 1
these 1
if 1
the 1
gods 1
with 1
my 1
desire 1
comply 1
the 1
gods 1
alas 1
more 1
mighty 1
far 1
than 1
i 1
and 1
better 1
skilld 1
in 1
dark 1
events 1
to 1
come 1
in 1
peace 1
shall 1
land 1
thee 1
at 1
thy 1
native 1
home 1
with 1
sighs 1
ulysses 1
heard 1
the 1
words 1
she 1
spoke 1
then 1
thus 1
his 1
melancholy 1
silence 1
broke 1
some 1
other 1
motive 1
goddess 1
sways 1
thy 1
mind 1
some 1
close 1
design 1
or 1
turn 1
of 1
womankind 1
nor 1
my 1
return 1
the 1
end 1
nor 1
this 1
the 1
way 1
on 1
a 1
slight 1
raft 1
to 1
pass 1
the 1
swelling 1
sea 1
huge 1
horrid 1
vast 1
where 1
scarce 1
in 1
safety 1
sails 1
the 1
bestbuilt 1
ship 1
though 1
jove 1
inspires 1
the 1
gales 1
the 1
bold 1
proposal 1
how 1
shall 1
i 1
fulfil 1
dark 1
as 1
i 1
am 1
unconscious 1
of 1
thy 1
will 1
swear 1
then 1
thou 1
meanst 1
not 1
what 1
my 1
soul 1
forebodes 1
swear 1
by 1
the 1
solemn 1
oath 1
that 1
binds 1
the 1
gods 1
him 1
while 1
he 1
spoke 1
with 1
smiles 1
calypso 1
eyed 1
and 1
gently 1
graspd 1
his 1
hand 1
and 1
thus 1
replied 1
this 1
shows 1
thee 1
friend 1
by 1
old 1
experience 1
taught 1
and 1
learnd 1
in 1
all 1
the 1
wiles 1
of 1
human 1
thought 1
how 1
prone 1
to 1
doubt 1
how 1
cautious 1
are 1
the 1
wise 1
but 1
hear 1
o 1
earth 1
and 1
hear 1
ye 1
sacred 1
skies 1
and 1
thou 1
o 1
styx 1
whose 1
formidable 1
floods 1
glide 1
through 1
the 1
shades 1
and 1
bind 1
the 1
attesting 1
gods 1
no 1
formd 1
design 1
no 1
meditated 1
end 1
lurks 1
in 1
the 1
counsel 1
of 1
thy 1
faithful 1
friend 1
kind 1
the 1
persuasion 1
and 1
sincere 1
my 1
aim 1
the 1
same 1
my 1
practice 1
were 1
my 1
fate 1
the 1
same 1
heaven 1
has 1
not 1
cursed 1
me 1
with 1
a 1
heart 1
of 1
steel 1
but 1
given 1
the 1
sense 1
to 1
pity 1
and 1
to 1
feel 1
thus 1
having 1
said 1
the 1
goddess 1
marched 1
before 1
he 1
trod 1
her 1
footsteps 1
in 1
the 1
sandy 1
shore 1
at 1
the 1
cool 1
cave 1
arrived 1
they 1
took 1
their 1
state 1
he 1
filled 1
the 1
throne 1
where 1
mercury 1
had 1
sate 1
for 1
him 1
the 1
nymph 1
a 1
rich 1
repast 1
ordains 1
such 1
as 1
the 1
mortal 1
life 1
of 1
man 1
sustains 1
before 1
herself 1
were 1
placed 1
the 1
the 1
cates 1
divine 1
ambrosial 1
banquet 1
and 1
celestial 1
wine 1
their 1
hunger 1
satiate 1
and 1
their 1
thirst 1
repressd 1
thus 1
spoke 1
calypso 1
to 1
her 1
godlike 1
guest 1
ulysses 1
with 1
a 1
sigh 1
she 1
thus 1
began 1
o 1
sprung 1
from 1
gods 1
in 1
wisdom 1
more 1
than 1
man 1
is 1
then 1
thy 1
home 1
the 1
passion 1
of 1
thy 1
heart 1
thus 1
wilt 1
thou 1
leave 1
me 1
are 1
we 1
thus 1
to 1
part 1
farewell 1
and 1
ever 1
joyful 1
mayst 1
thou 1
be 1
nor 1
break 1
the 1
transport 1
with 1
one 1
thought 1
of 1
me 1
but 1
ah 1
ulysses 1
wert 1
thou 1
given 1
to 1
know 1
what 1
fate 1
yet 1
dooms 1
these 1
still 1
to 1
undergo 1
thy 1
heart 1
might 1
settle 1
in 1
this 1
scene 1
of 1
ease 1
and 1
een 1
these 1
slighted 1
charms 1
might 1
learn 1
to 1
please 1
a 1
willing 1
goddess 1
and 1
immortal 1
life 1
might 1
banish 1
from 1
thy 1
mind 1
an 1
absent 1
wife 1
am 1
i 1
inferior 1
to 1
a 1
mortal 1
dame 1
less 1
soft 1
my 1
feature 1
less 1
august 1
my 1
frame 1
or 1
shall 1
the 1
daughters 1
of 1
mankind 1
compare 1
their 1
earth 1
born 1
beauties 1
with 1
the 1
heavenly 1
fair 1
alas 1
for 1
this 1
the 1
prudent 1
man 1
replies 1
against 1
ulysses 1
shall 1
thy 1
anger 1
rise 1
loved 1
and 1
adored 1
o 1
goddess 1
as 1
thou 1
art 1
forgive 1
the 1
weakness 1
of 1
a 1
human 1
heart 1
though 1
well 1
i 1
see 1
thy 1
graces 1
far 1
above 1
the 1
dear 1
though 1
mortal 1
object 1
of 1
my 1
love 1
of 1
youth 1
eternal 1
well 1
the 1
difference 1
know 1
and 1
the 1
short 1
date 1
of 1
fading 1
charms 1
below 1
yet 1
every 1
day 1
while 1
absent 1
thus 1
i 1
roam 1
i 1
languish 1
to 1
return 1
and 1
die 1
at 1
home 1
whateer 1
the 1
gods 1
shall 1
destine 1
me 1
to 1
bear 1
in 1
the 1
black 1
ocean 1
or 1
the 1
watery 1
war 1
tis 1
mine 1
to 1
master 1
with 1
a 1
constant 1
mind 1
inured 1
to 1
perils 1
to 1
the 1
worst 1
resignd 1
by 1
seas 1
by 1
wars 1
so 1
many 1
dangers 1
run 1
still 1
i 1
can 1
suffer 1
their 1
high 1
will 1
he 1
done 1
thus 1
while 1
he 1
spoke 1
the 1
beamy 1
sun 1
descends 1
and 1
rising 1
night 1
her 1
friendly 1
shade 1
extends 1
to 1
the 1
close 1
grot 1
the 1
lonely 1
pair 1
remove 1
and 1
slept 1
delighted 1
with 1
the 1
gifts 1
of 1
love 1
when 1
rose 1
morning 1
calld 1
them 1
from 1
their 1
rest 1
ulysses 1
robed 1
him 1
in 1
the 1
cloak 1
and 1
vest 1
the 1
nymphs 1
fair 1
head 1
a 1
veil 1
transparent 1
graced 1
her 1
swelling 1
loins 1
a 1
radiant 1
zone 1
embraced 1
with 1
flowers 1
of 1
gold 1
an 1
under 1
robe 1
unbound 1
in 1
snowy 1
waves 1
flowd 1
glittering 1
on 1
the 1
ground 1
forth 1
issuing 1
thus 1
she 1
gave 1
him 1
first 1
to 1
wield 1
a 1
weighty 1
axe 1
with 1
truest 1
temper 1
steeled 1
and 1
doubleedged 1
the 1
handle 1
smooth 1
and 1
plain 1
wrought 1
of 1
the 1
clouded 1
olives 1
easy 1
grain 1
and 1
next 1
a 1
wedge 1
to 1
drive 1
with 1
sweepy 1
sway 1
then 1
to 1
the 1
neighboring 1
forest 1
led 1
the 1
way 1
on 1
the 1
lone 1
islands 1
utmost 1
verge 1
there 1
stood 1
of 1
poplars 1
pine 1
and 1
firs 1
a 1
lofty 1
wood 1
whose 1
leafless 1
summits 1
to 1
the 1
skies 1
aspire 1
scorchd 1
by 1
the 1
sun 1
or 1
seared 1
by 1
heavenly 1
fire 1
already 1
dried 1
these 1
pointing 1
out 1
to 1
view 1
the 1
nymph 1
just 1
showd 1
him 1
and 1
with 1
tears 1
withdrew 1
now 1
toils 1
the 1
hero 1
trees 1
on 1
trees 1
oerthrown 1
fall 1
crackling 1
round 1
him 1
and 1
the 1
forests 1
groan 1
sudden 1
full 1
twenty 1
on 1
the 1
plain 1
are 1
strowd 1
and 1
loppd 1
and 1
lightend 1
of 1
their 1
branchy 1
load 1
at 1
equal 1
angles 1
these 1
disposed 1
to 1
join 1
he 1
smoothd 1
and 1
squared 1
them 1
by 1
the 1
rule 1
and 1
line 1
the 1
wimbles 1
for 1
the 1
work 1
calypso 1
found 1
with 1
those 1
he 1
pierced 1
them 1
and 1
with 1
clinchers 1
bound 1
long 1
and 1
capacious 1
as 1
a 1
shipwright 1
forms 1
some 1
barks 1
broad 1
bottom 1
to 1
outride 1
the 1
storms 1
so 1
large 1
he 1
built 1
the 1
raft 1
then 1
ribbd 1
it 1
strong 1
from 1
space 1
to 1
space 1
and 1
naild 1
the 1
planks 1
along 1
these 1
formd 1
the 1
sides 1
the 1
deck 1
he 1
fashiond 1
last 1
then 1
oer 1
the 1
vessel 1
raised 1
the 1
taper 1
mast 1
with 1
crossing 1
sailyards 1
dancing 1
in 1
the 1
wind 1
and 1
to 1
the 1
helm 1
the 1
guiding 1
rudder 1
joind 1
with 1
yielding 1
osiers 1
fenced 1
to 1
break 1
the 1
force 1
of 1
surging 1
waves 1
and 1
steer 1
the 1
steady 1
course 1
thy 1
loom 1
calypso 1
for 1
the 1
future 1
sails 1
supplied 1
the 1
cloth 1
capacious 1
of 1
the 1
gales 1
with 1
stays 1
and 1
cordage 1
last 1
he 1
rigged 1
the 1
ship 1
and 1
rolld 1
on 1
levers 1
launchd 1
her 1
in 1
the 1
deep 1
four 1
days 1
were 1
passd 1
and 1
now 1
the 1
work 1
complete 1
shone 1
the 1
fifth 1
morn 1
when 1
from 1
her 1
sacred 1
seat 1
the 1
nymph 1
dismissd 1
him 1
odorous 1
garments 1
given 1
and 1
bathed 1
in 1
fragrant 1
oils 1
that 1
breathed 1
of 1
heaven 1
then 1
filld 1
two 1
goatskins 1
with 1
her 1
hands 1
divine 1
with 1
water 1
one 1
and 1
one 1
with 1
sable 1
wine 1
of 1
every 1
kind 1
provisions 1
heaved 1
aboard 1
and 1
the 1
full 1
decks 1
with 1
copious 1
viands 1
stored 1
the 1
goddess 1
last 1
a 1
gentle 1
breeze 1
supplies 1
to 1
curl 1
old 1
ocean 1
and 1
to 1
warm 1
the 1
skies 1
and 1
now 1
rejoicing 1
in 1
the 1
prosperous 1
gales 1
with 1
beating 1
heart 1
ulysses 1
spreads 1
his 1
sails 1
placed 1
at 1
the 1
helm 1
he 1
sate 1
and 1
markd 1
the 1
skies 1
nor 1
closed 1
in 1
sleep 1
his 1
everwatchful 1
eyes 1
there 1
viewd 1
the 1
pleiads 1
and 1
the 1
northern 1
team 1
and 1
great 1
orions 1
more 1
refulgent 1
beam 1
to 1
which 1
around 1
the 1
axle 1
of 1
the 1
sky 1
the 1
bear 1
revolving 1
points 1
his 1
golden 1
eye 1
who 1
shines 1
exalted 1
on 1
the 1
ethereal 1
plain 1
nor 1
bathes 1
his 1
blazing 1
forehead 1
in 1
the 1
main 1
far 1
on 1
the 1
left 1
those 1
radiant 1
fires 1
to 1
keep 1
the 1
nymph 1
directed 1
as 1
he 1
saild 1
the 1
deep 1
full 1
seventeen 1
nights 1
he 1
cut 1
the 1
foaming 1
way 1
the 1
distant 1
land 1
appeard 1
the 1
following 1
day 1
then 1
swelld 1
to 1
sight 1
phaeacias 1
dusky 1
coast 1
and 1
woody 1
mountains 1
half 1
in 1
vapours 1
lost 1
that 1
lay 1
before 1
him 1
indistinct 1
and 1
vast 1
like 1
a 1
broad 1
shield 1
amid 1
the 1
watery 1
waste 1
but 1
him 1
thus 1
voyaging 1
the 1
deeps 1
below 1
from 1
far 1
on 1
solymes 1
aerial 1
brow 1
the 1
king 1
of 1
ocean 1
saw 1
and 1
seeing 1
burnd 1
from 1
aethiopias 1
happy 1
climes 1
returnd 1
the 1
raging 1
monarch 1
shook 1
his 1
azure 1
head 1
and 1
thus 1
in 1
secret 1
to 1
his 1
soul 1
he 1
said 1
heavens 1
how 1
uncertain 1
are 1
the 1
powers 1
on 1
high 1
is 1
then 1
reversed 1
the 1
sentence 1
of 1
the 1
sky 1
in 1
one 1
mans 1
favour 1
while 1
a 1
distant 1
guest 1
i 1
shared 1
secure 1
the 1
aethiopian 1
feast 1
behold 1
how 1
near 1
phoenecias 1
land 1
he 1
draws 1
the 1
land 1
affixd 1
by 1
fates 1
eternal 1
laws 1
to 1
end 1
his 1
toils 1
is 1
then 1
our 1
anger 1
vain 1
no 1
if 1
this 1
sceptre 1
yet 1
commands 1
the 1
main 1
he 1
spoke 1
and 1
high 1
the 1
forky 1
trident 1
hurld 1
rolls 1
clouds 1
on 1
clouds 1
and 1
stirs 1
the 1
watery 1
world 1
at 1
once 1
the 1
face 1
of 1
earth 1
and 1
sea 1
deforms 1
swells 1
all 1
the 1
winds 1
and 1
rouses 1
all 1
the 1
storms 1
down 1
rushed 1
the 1
night 1
east 1
west 1
together 1
roar 1
and 1
south 1
and 1
north 1
roll 1
mountains 1
to 1
the 1
shore 1
then 1
shook 1
the 1
hero 1
to 1
despair 1
resignd 1
and 1
questiond 1
thus 1
his 1
yet 1
unconquerd 1
mind 1
wretch 1
that 1
i 1
am 1
what 1
farther 1
fates 1
attend 1
this 1
life 1
of 1
toils 1
and 1
what 1
my 1
destined 1
end 1
too 1
well 1
alas 1
the 1
island 1
goddess 1
knew 1
on 1
the 1
black 1
sea 1
what 1
perils 1
should 1
ensue 1
new 1
horrors 1
now 1
this 1
destined 1
head 1
inclose 1
untilld 1
is 1
yet 1
the 1
measure 1
of 1
my 1
woes 1
with 1
what 1
a 1
cloud 1
the 1
brows 1
of 1
heaven 1
are 1
crownd 1
what 1
raging 1
winds 1
what 1
roaring 1
waters 1
round 1
tis 1
jove 1
himself 1
the 1
swelling 1
tempest 1
rears 1
death 1
present 1
death 1
on 1
every 1
side 1
appears 1
happy 1
thrice 1
happy 1
who 1
in 1
battle 1
slain 1
pressd 1
in 1
atrides 1
cause 1
the 1
trojan 1
plain 1
oh 1
had 1
i 1
died 1
before 1
that 1
wellfought 1
wall 1
had 1
some 1
distinguishd 1
day 1
renownd 1
my 1
fall 1
such 1
as 1
was 1
that 1
when 1
showers 1
of 1
javelins 1
fled 1
from 1
conquering 1
troy 1
around 1
achilles 1
dead 1
all 1
greece 1
had 1
paid 1
me 1
solemn 1
funerals 1
then 1
and 1
spread 1
my 1
glory 1
with 1
the 1
sons 1
of 1
men 1
a 1
shameful 1
fate 1
now 1
hides 1
my 1
hapless 1
head 1
unwept 1
unnoted 1
and 1
for 1
ever 1
dead 1
a 1
mighty 1
wave 1
rushd 1
oer 1
him 1
as 1
he 1
spoke 1
the 1
raft 1
is 1
coverd 1
and 1
the 1
mast 1
is 1
broke 1
swept 1
from 1
the 1
deck 1
and 1
from 1
the 1
rudder 1
torn 1
far 1
on 1
the 1
swelling 1
surge 1
the 1
chief 1
was 1
borne 1
while 1
by 1
the 1
howling 1
tempest 1
rent 1
in 1
twain 1
flew 1
sail 1
and 1
sailyards 1
rattling 1
oer 1
the 1
main 1
longpressd 1
he 1
heaved 1
beneath 1
the 1
weighty 1
wave 1
cloggd 1
by 1
the 1
cumbrous 1
vest 1
calypso 1
gave 1
at 1
length 1
emerging 1
from 1
his 1
nostrils 1
wide 1
and 1
gushing 1
mouth 1
effused 1
the 1
briny 1
tide 1
een 1
then 1
not 1
mindless 1
of 1
his 1
last 1
retreat 1
he 1
seized 1
the 1
raft 1
and 1
leapd 1
into 1
his 1
seat 1
strong 1
with 1
the 1
fear 1
of 1
death 1
in 1
rolling 1
flood 1
now 1
here 1
now 1
there 1
impelld 1
the 1
floating 1
wood 1
as 1
when 1
a 1
heap 1
of 1
gatherd 1
thorns 1
is 1
cast 1
now 1
to 1
now 1
fro 1
before 1
the 1
autumnal 1
blast 1
together 1
clung 1
it 1
rolls 1
around 1
the 1
field 1
so 1
rolld 1
the 1
float 1
and 1
so 1
its 1
texture 1
held 1
and 1
now 1
the 1
south 1
and 1
now 1
the 1
north 1
bear 1
sway 1
and 1
now 1
the 1
east 1
the 1
foamy 1
floods 1
obey 1
and 1
now 1
the 1
west 1
wind 1
whirls 1
it 1
oer 1
the 1
sea 1
the 1
wandering 1
chief 1
with 1
toils 1
on 1
toils 1
oppressd 1
leucothea 1
saw 1
and 1
pity 1
touchd 1
her 1
breast 1
herself 1
a 1
mortal 1
once 1
of 1
cadmus 1
strain 1
but 1
now 1
an 1
azure 1
sister 1
of 1
the 1
main 1
swift 1
as 1
a 1
seamew 1
springing 1
from 1
the 1
flood 1
all 1
radiant 1
on 1
the 1
raft 1
the 1
goddess 1
stood 1
then 1
thus 1
addressd 1
him 1
thou 1
whom 1
heaven 1
decrees 1
to 1
neptunes 1
wrath 1
stern 1
tyrant 1
of 1
the 1
seas 1
unequal 1
contest 1
not 1
his 1
rage 1
and 1
power 1
great 1
as 1
he 1
is 1
such 1
virtue 1
shall 1
devour 1
what 1
i 1
suggest 1
thy 1
wisdom 1
will 1
perform 1
forsake 1
thy 1
float 1
and 1
leave 1
it 1
to 1
the 1
storm 1
strip 1
off 1
thy 1
garments 1
neptunes 1
fury 1
brave 1
with 1
naked 1
strength 1
and 1
plunge 1
into 1
the 1
wave 1
to 1
reach 1
phaeacia 1
all 1
thy 1
nerves 1
extend 1
there 1
fate 1
decrees 1
thy 1
miseries 1
shall 1
end 1
this 1
heavenly 1
scarf 1
beneath 1
thy 1
bosom 1
bind 1
and 1
live 1
give 1
all 1
thy 1
terrors 1
to 1
the 1
wind 1
soon 1
as 1
thy 1
arms 1
the 1
happy 1
shore 1
shall 1
gain 1
return 1
the 1
gift 1
and 1
cast 1
it 1
in 1
the 1
main 1
observe 1
my 1
orders 1
and 1
with 1
heed 1
obey 1
cast 1
it 1
far 1
off 1
and 1
turn 1
thy 1
eyes 1
away 1
with 1
that 1
her 1
hand 1
the 1
sacred 1
veil 1
bestows 1
then 1
down 1
the 1
deeps 1
she 1
dived 1
from 1
whence 1
she 1
rose 1
a 1
moment 1
snatchd 1
the 1
shining 1
form 1
away 1
and 1
all 1
was 1
covered 1
with 1
the 1
curling 1
sea 1
struck 1
with 1
amaze 1
yet 1
still 1
to 1
doubt 1
inclined 1
he 1
stands 1
suspended 1
and 1
explores 1
his 1
mind 1
what 1
shall 1
i 1
do 1
unhappy 1
me 1
who 1
knows 1
but 1
other 1
gods 1
intend 1
me 1
other 1
woes 1
whoeer 1
thou 1
art 1
i 1
shall 1
not 1
blindly 1
join 1
thy 1
pleaded 1
reason 1
but 1
consult 1
with 1
mine 1
for 1
scarce 1
in 1
ken 1
appears 1
that 1
distant 1
isle 1
thy 1
voice 1
foretells 1
me 1
shall 1
conclude 1
my 1
toil 1
thus 1
then 1
i 1
judge 1
while 1
yet 1
the 1
planks 1
sustain 1
the 1
wild 1
waves 1
fury 1
here 1
i 1
fixd 1
remain 1
but 1
when 1
their 1
texture 1
to 1
the 1
tempest 1
yields 1
i 1
launch 1
adventurous 1
on 1
the 1
liquid 1
fields 1
join 1
to 1
the 1
help 1
of 1
gods 1
the 1
strength 1
of 1
man 1
and 1
take 1
this 1
method 1
since 1
the 1
best 1
i 1
can 1
while 1
thus 1
his 1
thoughts 1
an 1
anxious 1
council 1
hold 1
the 1
raging 1
god 1
a 1
watery 1
mountain 1
rolld 1
like 1
a 1
black 1
sheet 1
the 1
whelming 1
billows 1
spread 1
burst 1
oer 1
the 1
float 1
and 1
thunderd 1
on 1
his 1
head 1
planks 1
beams 1
disparted 1
fly 1
the 1
scatterd 1
wood 1
rolls 1
diverse 1
and 1
in 1
fragments 1
strews 1
the 1
flood 1
so 1
the 1
rude 1
boreas 1
oer 1
the 1
field 1
newshorn 1
tosses 1
and 1
drives 1
the 1
scatterd 1
heaps 1
of 1
corn 1
and 1
now 1
a 1
single 1
beam 1
the 1
chief 1
bestrides 1
there 1
poised 1
a 1
while 1
above 1
the 1
bounding 1
tides 1
his 1
limbs 1
discumbers 1
of 1
the 1
clinging 1
vest 1
and 1
binds 1
the 1
sacred 1
cincture 1
round 1
his 1
breast 1
then 1
prone 1
an 1
ocean 1
in 1
a 1
moment 1
flung 1
stretchd 1
wide 1
his 1
eager 1
arms 1
and 1
shot 1
the 1
seas 1
along 1
all 1
naked 1
now 1
on 1
heaving 1
billows 1
laid 1
stern 1
neptune 1
eyed 1
him 1
and 1
contemptuous 1
said 1
go 1
learnd 1
in 1
woes 1
and 1
other 1
foes 1
essay 1
go 1
wander 1
helpless 1
on 1
the 1
watery 1
way 1
thus 1
thus 1
find 1
out 1
the 1
destined 1
shore 1
and 1
then 1
if 1
jove 1
ordains 1
it 1
mix 1
with 1
happier 1
men 1
whateer 1
thy 1
fate 1
the 1
ills 1
our 1
wrath 1
could 1
raise 1
shall 1
last 1
rememberd 1
in 1
thy 1
best 1
of 1
days 1
this 1
said 1
his 1
seagreen 1
steeds 1
divide 1
the 1
foam 1
and 1
reach 1
high 1
aegae 1
and 1
the 1
towery 1
dome 1
now 1
scarce 1
withdrawn 1
the 1
fierce 1
earthshaking 1
power 1
joves 1
daughter 1
pallas 1
watchd 1
the 1
favouring 1
hour 1
back 1
to 1
their 1
caves 1
she 1
bade 1
the 1
winds 1
to 1
fly 1
and 1
hushd 1
the 1
blustering 1
brethren 1
of 1
the 1
sky 1
the 1
drier 1
blasts 1
alone 1
of 1
boreas 1
away 1
and 1
bear 1
him 1
soft 1
on 1
broken 1
waves 1
away 1
with 1
gentle 1
force 1
impelling 1
to 1
that 1
shore 1
where 1
fate 1
has 1
destined 1
he 1
shall 1
toil 1
no 1
more 1
and 1
now 1
two 1
nights 1
and 1
now 1
two 1
days 1
were 1
passd 1
since 1
wide 1
he 1
wanderd 1
on 1
the 1
watery 1
waste 1
heaved 1
on 1
the 1
surge 1
with 1
intermitting 1
breath 1
and 1
hourly 1
panting 1
in 1
the 1
arms 1
of 1
death 1
the 1
third 1
fair 1
morn 1
now 1
blazed 1
upon 1
the 1
main 1
then 1
glassy 1
smooth 1
lay 1
all 1
the 1
liquid 1
plain 1
the 1
winds 1
were 1
hushd 1
the 1
billows 1
scarcely 1
curld 1
and 1
a 1
dead 1
silence 1
stilld 1
the 1
watery 1
world 1
when 1
lifted 1
on 1
a 1
ridgy 1
wave 1
he 1
spies 1
the 1
land 1
at 1
distance 1
and 1
with 1
sharpend 1
eyes 1
as 1
pious 1
children 1
joy 1
with 1
vast 1
delight 1
when 1
a 1
loved 1
sire 1
revives 1
before 1
their 1
sight 1
who 1
lingering 1
along 1
has 1
calld 1
on 1
death 1
in 1
vain 1
fixd 1
by 1
some 1
demon 1
to 1
his 1
bed 1
of 1
pain 1
till 1
heaven 1
by 1
miracle 1
his 1
life 1
restore 1
so 1
joys 1
ulysses 1
at 1
the 1
appearing 1
shore 1
and 1
sees 1
and 1
labours 1
onward 1
as 1
he 1
sees 1
the 1
rising 1
forests 1
and 1
the 1
tufted 1
trees 1
and 1
now 1
as 1
near 1
approaching 1
as 1
the 1
sound 1
of 1
human 1
voice 1
the 1
listening 1
ear 1
may 1
wound 1
amidst 1
the 1
rocks 1
he 1
heard 1
a 1
hollow 1
roar 1
of 1
murmuring 1
surges 1
breaking 1
on 1
the 1
shore 1
nor 1
peaceful 1
port 1
was 1
there 1
nor 1
winding 1
bay 1
to 1
shield 1
the 1
vessel 1
from 1
the 1
rolling 1
sea 1
but 1
cliffs 1
and 1
shaggy 1
shores 1
a 1
dreadful 1
sight 1
all 1
rough 1
with 1
rocks 1
with 1
foamy 1
billows 1
white 1
fear 1
seized 1
his 1
slackend 1
limbs 1
and 1
beating 1
heart 1
as 1
thus 1
he 1
communed 1
with 1
his 1
soul 1
apart 1
ah 1
me 1
when 1
oer 1
a 1
length 1
of 1
waters 1
tossd 1
these 1
eyes 1
at 1
last 1
behold 1
the 1
unhopedfor 1
coast 1
no 1
port 1
receives 1
me 1
from 1
the 1
angry 1
main 1
but 1
the 1
loud 1
deeps 1
demand 1
me 1
back 1
again 1
above 1
sharp 1
rocks 1
forbid 1
access 1
around 1
roar 1
the 1
wild 1
waves 1
beneath 1
is 1
sea 1
profound 1
no 1
footing 1
sure 1
affords 1
the 1
faithless 1
sand 1
to 1
stem 1
too 1
rapid 1
and 1
too 1
deep 1
to 1
stand 1
if 1
here 1
i 1
enter 1
my 1
efforts 1
are 1
vain 1
dashd 1
on 1
the 1
cliffs 1
or 1
heaved 1
into 1
the 1
main 1
or 1
round 1
the 1
island 1
if 1
my 1
course 1
i 1
bend 1
where 1
the 1
ports 1
open 1
or 1
the 1
shores 1
descend 1
back 1
to 1
the 1
seas 1
the 1
rolling 1
surge 1
may 1
sweep 1
and 1
bury 1
all 1
my 1
hopes 1
beneath 1
the 1
deep 1
or 1
some 1
enormous 1
whale 1
the 1
god 1
may 1
send 1
for 1
many 1
such 1
an 1
amphitrite 1
attend 1
too 1
well 1
the 1
turns 1
of 1
mortal 1
chance 1
i 1
know 1
and 1
hate 1
relentless 1
of 1
my 1
heavenly 1
foe 1
while 1
thus 1
he 1
thought 1
a 1
monstrous 1
wave 1
upbore 1
the 1
chief 1
and 1
dashd 1
him 1
on 1
the 1
craggy 1
shore 1
torn 1
was 1
his 1
skin 1
nor 1
had 1
the 1
ribs 1
been 1
whole 1
but 1
instant 1
pallas 1
enterd 1
in 1
his 1
soul 1
close 1
to 1
the 1
cliff 1
with 1
both 1
his 1
hands 1
he 1
clung 1
and 1
stuck 1
adherent 1
and 1
suspended 1
hung 1
till 1
the 1
huge 1
surge 1
rolld 1
off 1
then 1
backward 1
sweep 1
the 1
refluent 1
tides 1
and 1
plunge 1
him 1
in 1
the 1
deep 1
as 1
when 1
the 1
polypus 1
from 1
forth 1
his 1
cave 1
torn 1
with 1
full 1
force 1
reluctant 1
beats 1
the 1
wave 1
his 1
ragged 1
claws 1
are 1
stuck 1
with 1
stones 1
and 1
sands 1
so 1
the 1
rough 1
rock 1
had 1
shaggd 1
ulysses 1
hands 1
and 1
now 1
had 1
perishd 1
whelmd 1
beneath 1
the 1
main 1
the 1
unhappy 1
man 1
een 1
fate 1
had 1
been 1
in 1
vain 1
but 1
allsubduing 1
pallas 1
lent 1
her 1
power 1
and 1
prudence 1
saved 1
him 1
in 1
the 1
needful 1
hour 1
beyond 1
the 1
beating 1
surge 1
his 1
course 1
he 1
bore 1
a 1
wider 1
circle 1
but 1
in 1
sight 1
of 1
shore 1
with 1
longing 1
eyes 1
observing 1
to 1
survey 1
some 1
smooth 1
ascent 1
or 1
safe 1
sequesterd 1
bay 1
between 1
the 1
parting 1
rocks 1
at 1
length 1
he 1
spied 1
a 1
failing 1
stream 1
with 1
gentler 1
waters 1
glide 1
where 1
to 1
the 1
seas 1
the 1
shelving 1
shore 1
declined 1
and 1
formd 1
a 1
bay 1
impervious 1
to 1
the 1
wind 1
to 1
this 1
calm 1
port 1
the 1
glad 1
ulysses 1
pressd 1
and 1
haild 1
the 1
river 1
and 1
its 1
god 1
addressd 1
whoeer 1
thou 1
art 1
before 1
whose 1
stream 1
unknown 1
i 1
bend 1
a 1
suppliant 1
at 1
thy 1
watery 1
throne 1
hear 1
azure 1
king 1
nor 1
let 1
me 1
fly 1
in 1
vain 1
to 1
thee 1
from 1
neptune 1
and 1
the 1
raging 1
main 1
heaven 1
hears 1
and 1
pities 1
hapless 1
men 1
like 1
me 1
for 1
sacred 1
even 1
to 1
gods 1
is 1
misery 1
let 1
then 1
thy 1
waters 1
give 1
the 1
weary 1
rest 1
and 1
save 1
a 1
suppliant 1
and 1
a 1
man 1
distressd 1
he 1
prayd 1
and 1
straight 1
the 1
gentle 1
stream 1
subsides 1
detains 1
the 1
rushing 1
current 1
of 1
his 1
tides 1
before 1
the 1
wanderer 1
smooths 1
the 1
watery 1
way 1
and 1
soft 1
receives 1
him 1
from 1
the 1
rolling 1
sea 1
that 1
moment 1
fainting 1
as 1
he 1
touchd 1
the 1
shore 1
he 1
droppd 1
his 1
sinewy 1
arms 1
his 1
knees 1
no 1
more 1
performd 1
their 1
office 1
or 1
his 1
weight 1
upheld 1
his 1
swoln 1
heart 1
heaved 1
his 1
bloated 1
body 1
swelld 1
from 1
mouth 1
and 1
nose 1
the 1
briny 1
torrent 1
ran 1
and 1
lost 1
in 1
lassitude 1
lay 1
all 1
the 1
man 1
deprived 1
of 1
voice 1
of 1
motion 1
and 1
of 1
breath 1
the 1
soul 1
scarce 1
waking 1
in 1
the 1
arms 1
of 1
death 1
soon 1
as 1
warm 1
life 1
its 1
wonted 1
office 1
found 1
the 1
mindful 1
chief 1
leucotheas 1
scarf 1
unbound 1
observant 1
of 1
her 1
word 1
he 1
turnd 1
aside 1
his 1
head 1
and 1
cast 1
it 1
on 1
the 1
rolling 1
tide 1
behind 1
him 1
far 1
upon 1
the 1
purple 1
waves 1
the 1
waters 1
waft 1
it 1
and 1
the 1
nymph 1
receives 1
now 1
parting 1
from 1
the 1
stream 1
ulysses 1
found 1
a 1
mossy 1
bank 1
with 1
pliant 1
rushes 1
crownd 1
the 1
bank 1
he 1
pressd 1
and 1
gently 1
kissd 1
the 1
ground 1
where 1
on 1
the 1
flowery 1
herb 1
as 1
soft 1
he 1
lay 1
thus 1
to 1
his 1
soul 1
the 1
sage 1
began 1
to 1
say 1
what 1
will 1
ye 1
next 1
ordain 1
ye 1
powers 1
on 1
high 1
and 1
yet 1
ah 1
yet 1
what 1
fates 1
are 1
we 1
to 1
try 1
here 1
by 1
the 1
stream 1
if 1
i 1
the 1
night 1
outwear 1
thus 1
spent 1
already 1
how 1
shall 1
nature 1
bear 1
the 1
dews 1
descending 1
and 1
nocturnal 1
air 1
or 1
chilly 1
vapours 1
breathing 1
from 1
the 1
flood 1
when 1
morning 1
risesif 1
i 1
take 1
the 1
wood 1
and 1
in 1
thick 1
shelter 1
of 1
innumerous 1
boughs 1
enjoy 1
the 1
comfort 1
gentle 1
sleep 1
allows 1
though 1
fenced 1
from 1
cold 1
and 1
though 1
my 1
toil 1
be 1
passd 1
what 1
savage 1
beasts 1
may 1
wander 1
in 1
the 1
waste 1
perhaps 1
i 1
yet 1
may 1
fall 1
a 1
bloody 1
prey 1
to 1
prowling 1
bears 1
or 1
lions 1
in 1
the 1
way 1
thus 1
long 1
debating 1
in 1
himself 1
he 1
stood 1
at 1
length 1
he 1
took 1
the 1
passage 1
to 1
the 1
wood 1
whose 1
shady 1
horrors 1
on 1
a 1
rising 1
brow 1
waved 1
high 1
and 1
frownd 1
upon 1
the 1
stream 1
below 1
there 1
grew 1
two 1
olives 1
closest 1
of 1
the 1
grove 1
with 1
roots 1
entwined 1
the 1
branches 1
interwove 1
alike 1
their 1
leaves 1
but 1
not 1
alike 1
they 1
smiled 1
with 1
sisterfruits 1
one 1
fertile 1
one 1
was 1
wild 1
nor 1
here 1
the 1
suns 1
meridian 1
rays 1
had 1
power 1
nor 1
wind 1
sharppiercing 1
nor 1
the 1
rushing 1
shower 1
the 1
verdant 1
arch 1
so 1
close 1
its 1
texture 1
kept 1
beneath 1
this 1
covert 1
great 1
ulysses 1
crept 1
of 1
gatherd 1
leaves 1
an 1
ample 1
bed 1
he 1
made 1
thick 1
strewn 1
by 1
tempest 1
through 1
the 1
bowery 1
shade 1
where 1
three 1
at 1
least 1
might 1
winters 1
cold 1
defy 1
though 1
boreas 1
raged 1
along 1
the 1
inclement 1
sky 1
this 1
store 1
with 1
joy 1
the 1
patient 1
hero 1
found 1
and 1
sunk 1
amidst 1
them 1
heapd 1
the 1
leaves 1
around 1
as 1
some 1
poor 1
peasant 1
fated 1
to 1
reside 1
remote 1
from 1
neighbours 1
in 1
a 1
forest 1
wide 1
studious 1
to 1
save 1
what 1
human 1
wants 1
require 1
in 1
embers 1
heapd 1
preserves 1
the 1
seeds 1
of 1
fire 1
hid 1
in 1
dry 1
foliage 1
thus 1
ulysses 1
lies 1
till 1
pallas 1
pourd 1
soft 1
slumbers 1
on 1
his 1
eyes 1
and 1
golden 1
dreams 1
the 1
gift 1
of 1
sweet 1
repose 1
lulld 1
all 1
his 1
cares 1
and 1
banishd 1
all 1
his 1
woes 1
book 1
vi 1
argument 1
pallas 1
appearing 1
in 1
a 1
dream 1
in 1
to 1
nausicaa 1
the 1
daughter 1
of 1
alcinous 1
king 1
of 1
phaeacia 1
commands 1
her 1
to 1
descend 1
to 1
the 1
river 1
and 1
wash 1
the 1
robes 1
of 1
state 1
in 1
preparation 1
for 1
her 1
nuptials 1
nausicaa 1
goes 1
with 1
her 1
handmaidens 1
to 1
the 1
river 1
where 1
while 1
the 1
garments 1
are 1
spread 1
on 1
the 1
bank 1
they 1
divert 1
themselves 1
in 1
sports 1
their 1
voices 1
awaken 1
ulysses 1
who 1
addressing 1
himself 1
to 1
the 1
princess 1
is 1
by 1
her 1
relieved 1
and 1
clothed 1
and 1
receives 1
directions 1
in 1
what 1
manner 1
to 1
apply 1
to 1
the 1
king 1
and 1
queen 1
of 1
the 1
island 1
while 1
thus 1
the 1
weary 1
wanderer 1
sunk 1
to 1
rest 1
and 1
peaceful 1
slumbers 1
calmed 1
his 1
anxious 1
breast 1
the 1
martial 1
maid 1
from 1
heavens 1
aerial 1
height 1
swift 1
to 1
phaeacia 1
wingd 1
her 1
rapid 1
flight 1
in 1
elder 1
times 1
the 1
soft 1
phaeacian 1
train 1
in 1
ease 1
possessd 1
the 1
wide 1
hyperian 1
plain 1
till 1
the 1
cyclopean 1
race 1
in 1
arms 1
arose 1
a 1
lawless 1
nation 1
of 1
gigantic 1
foes 1
then 1
great 1
nausithous 1
from 1
hyperia 1
far 1
through 1
seas 1
retreating 1
from 1
the 1
sounds 1
of 1
war 1
the 1
recreant 1
nation 1
to 1
fair 1
scheria 1
led 1
where 1
never 1
science 1
reard 1
her 1
laurelld 1
head 1
there 1
round 1
his 1
tribes 1
a 1
strength 1
of 1
wall 1
he 1
raised 1
to 1
heaven 1
the 1
glittering 1
domes 1
and 1
temples 1
blazed 1
just 1
to 1
his 1
realms 1
he 1
parted 1
grounds 1
from 1
grounds 1
and 1
shared 1
the 1
lands 1
and 1
gave 1
the 1
lands 1
their 1
bounds 1
now 1
in 1
the 1
silent 1
grave 1
the 1
monarch 1
lay 1
and 1
wise 1
alcinous 1
held 1
the 1
legal 1
sway 1
to 1
his 1
high 1
palace 1
through 1
the 1
fields 1
of 1
air 1
the 1
goddess 1
shot 1
ulysses 1
was 1
her 1
care 1
there 1
as 1
the 1
night 1
in 1
silence 1
rolld 1
away 1
a 1
heaven 1
of 1
charms 1
divine 1
nausicaa 1
lay 1
through 1
the 1
thick 1
gloom 1
the 1
shining 1
portals 1
blaze 1
two 1
nymphs 1
the 1
portals 1
guard 1
each 1
nymph 1
a 1
grace 1
light 1
as 1
the 1
viewless 1
air 1
the 1
warrior 1
maid 1
glides 1
through 1
the 1
valves 1
and 1
hovers 1
round 1
her 1
head 1
a 1
favourite 1
virgins 1
blooming 1
form 1
she 1
took 1
from 1
dymas 1
sprung 1
and 1
thus 1
the 1
vision 1
spoke 1
oh 1
indolent 1
to 1
waste 1
thy 1
hours 1
away 1
and 1
sleepst 1
thou 1
careless 1
of 1
the 1
bridal 1
day 1
thy 1
spousal 1
ornament 1
neglected 1
lies 1
arise 1
prepare 1
the 1
bridal 1
train 1
arise 1
a 1
just 1
applause 1
the 1
cares 1
of 1
dress 1
impart 1
and 1
give 1
soft 1
transport 1
to 1
a 1
parents 1
heart 1
haste 1
to 1
the 1
limpid 1
stream 1
direct 1
thy 1
way 1
when 1
the 1
gay 1
morn 1
unveils 1
her 1
smiling 1
ray 1
haste 1
to 1
the 1
stream 1
companion 1
of 1
thy 1
care 1
lo 1
i 1
thy 1
steps 1
attend 1
thy 1
labours 1
share 1
virgin 1
awake 1
the 1
marriage 1
hour 1
is 1
nigh 1
see 1
from 1
their 1
thrones 1
thy 1
kindred 1
monarchs 1
sigh 1
the 1
royal 1
car 1
at 1
early 1
dawn 1
obtain 1
and 1
order 1
mules 1
obedient 1
to 1
the 1
rein 1
for 1
rough 1
the 1
way 1
and 1
distant 1
rolls 1
the 1
wave 1
where 1
their 1
fair 1
vests 1
phaeacian 1
virgins 1
lave 1
in 1
pomp 1
ride 1
forth 1
for 1
pomp 1
becomes 1
the 1
great 1
and 1
majesty 1
derives 1
a 1
grace 1
from 1
state 1
then 1
to 1
the 1
palaces 1
of 1
heaven 1
she 1
sails 1
incumbent 1
on 1
the 1
wings 1
of 1
wafting 1
gales 1
the 1
seat 1
of 1
gods 1
the 1
regions 1
mild 1
of 1
peace 1
full 1
joy 1
and 1
calm 1
eternity 1
of 1
ease 1
there 1
no 1
rude 1
winds 1
presume 1
to 1
shake 1
the 1
skies 1
no 1
rains 1
descend 1
no 1
snowy 1
vapours 1
rise 1
but 1
on 1
immortal 1
thrones 1
the 1
blest 1
repose 1
the 1
firmament 1
with 1
living 1
splendours 1
glows 1
hither 1
the 1
goddess 1
winged 1
the 1
aerial 1
way 1
through 1
heavens 1
eternal 1
gates 1
that 1
blazed 1
with 1
day 1
now 1
from 1
her 1
rosy 1
car 1
aurora 1
shed 1
the 1
dawn 1
and 1
all 1
the 1
orient 1
flamed 1
with 1
red 1
up 1
rose 1
the 1
virgin 1
with 1
the 1
morning 1
light 1
obedient 1
to 1
the 1
vision 1
of 1
the 1
night 1
the 1
queen 1
she 1
sought 1
the 1
queen 1
her 1
hours 1
bestowed 1
in 1
curious 1
works 1
the 1
whirling 1
spindle 1
glowd 1
with 1
crimson 1
threads 1
while 1
busy 1
damsels 1
call 1
the 1
snowy 1
fleece 1
or 1
twist 1
the 1
purpled 1
wool 1
meanwhile 1
phaeacias 1
peers 1
in 1
council 1
sate 1
from 1
his 1
high 1
dome 1
the 1
king 1
descends 1
in 1
state 1
then 1
with 1
a 1
filial 1
awe 1
the 1
royal 1
maid 1
approachd 1
him 1
passing 1
and 1
submissive 1
said 1
will 1
my 1
dread 1
sire 1
his 1
ear 1
regardful 1
deign 1
and 1
may 1
his 1
child 1
the 1
royal 1
car 1
obtain 1
say 1
with 1
my 1
garments 1
shall 1
i 1
bend 1
my 1
way 1
where 1
through 1
the 1
vales 1
the 1
mazy 1
waters 1
stray 1
a 1
dignity 1
of 1
dress 1
adorns 1
the 1
great 1
and 1
kings 1
draw 1
lustre 1
from 1
the 1
robe 1
of 1
state 1
five 1
sons 1
thou 1
hast 1
three 1
wait 1
the 1
bridal 1
day 1
and 1
spotless 1
robes 1
become 1
the 1
young 1
and 1
gay 1
so 1
when 1
with 1
praise 1
amid 1
the 1
dance 1
they 1
shine 1
by 1
these 1
my 1
cares 1
adornd 1
that 1
praise 1
is 1
mine 1
thus 1
she 1
but 1
blushes 1
illrestraind 1
betray 1
her 1
thoughts 1
intentive 1
on 1
the 1
bridal 1
day 1
the 1
conscious 1
sire 1
the 1
dawning 1
blush 1
surveyd 1
and 1
smiling 1
thus 1
bespoke 1
the 1
blooming 1
maid 1
my 1
child 1
my 1
darling 1
joy 1
the 1
car 1
receive 1
that 1
and 1
whateer 1
our 1
daughter 1
asks 1
we 1
give 1
swift 1
at 1
the 1
royal 1
nod 1
the 1
attending 1
train 1
the 1
car 1
prepare 1
the 1
mules 1
incessant 1
rein 1
the 1
blooming 1
virgin 1
with 1
despatchful 1
cares 1
tunics 1
and 1
stoles 1
and 1
robes 1
imperial 1
bears 1
the 1
queen 1
assiduous 1
to 1
her 1
train 1
assigns 1
the 1
sumptuous 1
viands 1
and 1
the 1
flavorous 1
wines 1
the 1
train 1
prepare 1
a 1
cruse 1
of 1
curious 1
mould 1
a 1
cruse 1
of 1
fragrance 1
formd 1
of 1
burnishd 1
gold 1
odour 1
divine 1
whose 1
soft 1
refreshing 1
streams 1
sleek 1
the 1
smooth 1
skin 1
and 1
scent 1
the 1
snowy 1
limbs 1
now 1
mounting 1
the 1
gay 1
seat 1
the 1
silken 1
reins 1
shine 1
in 1
her 1
hand 1
along 1
the 1
sounding 1
plains 1
swift 1
fly 1
the 1
mules 1
nor 1
rode 1
the 1
nymph 1
alone 1
around 1
a 1
bevy 1
of 1
bright 1
damsels 1
shone 1
they 1
seek 1
the 1
cisterns 1
where 1
phaeacian 1
dames 1
wash 1
their 1
fair 1
garments 1
in 1
the 1
limpid 1
streams 1
where 1
gathering 1
into 1
depth 1
from 1
falling 1
rills 1
the 1
lucid 1
wave 1
a 1
spacious 1
bason 1
fills 1
the 1
mules 1
unharnessd 1
range 1
beside 1
the 1
main 1
or 1
crop 1
the 1
verdant 1
herbage 1
of 1
the 1
plain 1
then 1
emulous 1
the 1
royal 1
robes 1
they 1
lave 1
and 1
plunge 1
the 1
vestures 1
in 1
the 1
cleansing 1
wave 1
the 1
vestures 1
cleansed 1
oerspread 1
the 1
shelly 1
sand 1
their 1
snowy 1
lustre 1
whitens 1
all 1
the 1
strand 1
then 1
with 1
a 1
short 1
repast 1
relieve 1
their 1
toil 1
and 1
oer 1
their 1
limbs 1
diffuse 1
ambrosial 1
oil 1
and 1
while 1
the 1
robes 1
imbibe 1
the 1
solar 1
ray 1
oer 1
the 1
green 1
mead 1
the 1
sporting 1
virgins 1
play 1
their 1
shining 1
veils 1
unbound 1
along 1
the 1
skies 1
tossd 1
and 1
retossd 1
the 1
ball 1
incessant 1
flies 1
they 1
sport 1
they 1
feast 1
nausicaa 1
lifts 1
her 1
voice 1
and 1
warbling 1
sweet 1
makes 1
earth 1
and 1
heaven 1
rejoice 1
as 1
when 1
oer 1
erymanth 1
diana 1
roves 1
or 1
wide 1
tuygetus 1
resounding 1
groves 1
a 1
sylvan 1
train 1
the 1
huntress 1
queen 1
surrounds 1
her 1
rattling 1
quiver 1
from 1
her 1
shoulders 1
sounds 1
fierce 1
in 1
the 1
sport 1
along 1
the 1
mountains 1
brow 1
they 1
bay 1
the 1
boar 1
or 1
chase 1
the 1
bounding 1
roe 1
high 1
oer 1
the 1
lawn 1
with 1
more 1
majestic 1
pace 1
above 1
the 1
nymphs 1
she 1
treads 1
with 1
stately 1
grace 1
distinguishd 1
excellence 1
the 1
goddess 1
proves 1
exults 1
latona 1
as 1
the 1
virgin 1
moves 1
with 1
equal 1
grace 1
nausicaa 1
trod 1
the 1
plain 1
and 1
shone 1
transcendent 1
oer 1
the 1
beauteous 1
train 1
meantime 1
the 1
care 1
and 1
favourite 1
of 1
the 1
skies 1
wrappd 1
in 1
imbowering 1
shade 1
ulysses 1
lies 1
his 1
woes 1
forgot 1
but 1
pallas 1
now 1
addressd 1
to 1
break 1
the 1
bands 1
of 1
allcomposing 1
rest 1
forth 1
from 1
her 1
snowy 1
hand 1
nausicaa 1
threw 1
the 1
various 1
ball 1
the 1
ball 1
erroneous 1
flew 1
and 1
swam 1
the 1
stream 1
loud 1
shrieks 1
the 1
virgin 1
train 1
and 1
the 1
loud 1
shriek 1
redoubles 1
from 1
the 1
main 1
waked 1
by 1
the 1
shrilling 1
sound 1
ulysses 1
rose 1
and 1
to 1
the 1
deaf 1
woods 1
wailing 1
breathed 1
his 1
woes 1
ah 1
me 1
on 1
what 1
inhospitable 1
coast 1
on 1
what 1
new 1
region 1
is 1
ulysses 1
tossd 1
possessd 1
by 1
wild 1
barbarians 1
fierce 1
in 1
arms 1
or 1
men 1
whose 1
bosom 1
tender 1
pity 1
warms 1
what 1
sounds 1
are 1
these 1
that 1
gather 1
from 1
he 1
shores 1
the 1
voice 1
of 1
nymphs 1
that 1
haunt 1
the 1
sylvan 1
bowers 1
the 1
fairhaird 1
dryads 1
of 1
the 1
shady 1
wood 1
or 1
azure 1
daughters 1
of 1
the 1
silver 1
flood 1
or 1
human 1
voice 1
but 1
issuing 1
from 1
the 1
shades 1
why 1
cease 1
i 1
straight 1
to 1
learn 1
what 1
sound 1
invades 1
then 1
where 1
the 1
grove 1
with 1
leaves 1
umbrageous 1
bends 1
with 1
forceful 1
strength 1
a 1
branch 1
the 1
hero 1
rends 1
around 1
his 1
loins 1
the 1
verdant 1
cincture 1
spreads 1
a 1
wreathy 1
foliage 1
and 1
concealing 1
shades 1
as 1
when 1
a 1
lion 1
in 1
the 1
midnight 1
hours 1
beat 1
by 1
rude 1
blasts 1
and 1
wet 1
with 1
wintry 1
showers 1
descends 1
terrific 1
from 1
the 1
mountains 1
brow 1
with 1
living 1
flames 1
his 1
rolling 1
eye 1
balls 1
glow 1
with 1
conscious 1
strength 1
elate 1
he 1
bends 1
his 1
way 1
majestically 1
fierce 1
to 1
seize 1
his 1
prey 1
the 1
steer 1
or 1
stag 1
or 1
with 1
keen 1
hunger 1
bold 1
spring 1
oer 1
the 1
fence 1
and 1
dissipates 1
the 1
fold 1
no 1
less 1
a 1
terror 1
from 1
the 1
neighbouring 1
groves 1
rough 1
from 1
the 1
tossing 1
surge 1
ulysses 1
moves 1
urged 1
on 1
by 1
want 1
and 1
recent 1
from 1
the 1
storms 1
the 1
brackish 1
ooze 1
his 1
manly 1
grace 1
deforms 1
wide 1
oer 1
the 1
shore 1
with 1
many 1
a 1
piercing 1
cry 1
to 1
rocks 1
to 1
caves 1
the 1
frightened 1
virgins 1
fly 1
all 1
but 1
the 1
nymph 1
the 1
nymph 1
stood 1
fixd 1
alone 1
by 1
pallas 1
armd 1
with 1
boldness 1
not 1
her 1
own 1
meantime 1
in 1
dubious 1
thought 1
the 1
king 1
awaits 1
and 1
selfconsidering 1
as 1
he 1
stands 1
debates 1
distant 1
his 1
mournful 1
story 1
to 1
declare 1
or 1
prostrate 1
at 1
her 1
knee 1
address 1
the 1
prayer 1
but 1
fearful 1
to 1
offend 1
by 1
wisdom 1
swayd 1
at 1
awful 1
distance 1
he 1
accosts 1
the 1
maid 1
if 1
from 1
the 1
skies 1
a 1
goddess 1
or 1
if 1
earth 1
imperial 1
virgin 1
boast 1
thy 1
glorious 1
birth 1
to 1
thee 1
i 1
bend 1
if 1
in 1
that 1
bright 1
disguise 1
thou 1
visit 1
earth 1
a 1
daughter 1
of 1
the 1
skies 1
hail 1
dian 1
hail 1
the 1
huntress 1
of 1
the 1
groves 1
so 1
shines 1
majestic 1
and 1
so 1
stately 1
moves 1
so 1
breathes 1
an 1
air 1
divine 1
but 1
if 1
thy 1
race 1
be 1
mortal 1
and 1
this 1
earth 1
thy 1
native 1
place 1
blest 1
is 1
the 1
father 1
from 1
whose 1
loins 1
you 1
sprung 1
blest 1
is 1
the 1
mother 1
at 1
whose 1
breast 1
you 1
hung 1
