betrayd 1
me 1
tumbling 1
from 1
a 1
towery 1
height 1
staggering 1
i 1
reeld 1
and 1
as 1
i 1
reeld 1
i 1
fell 1
luxd 1
the 1
neckjointmy 1
soul 1
descends 1
to 1
hell 1
but 1
lend 1
me 1
aid 1
i 1
now 1
conjure 1
thee 1
lend 1
by 1
the 1
soft 1
tie 1
and 1
sacred 1
name 1
of 1
friend 1
by 1
thy 1
fond 1
consort 1
by 1
thy 1
fathers 1
cares 1
by 1
loved 1
telemachus 1
blooming 1
years 1
for 1
well 1
i 1
know 1
that 1
soon 1
the 1
heavenly 1
powers 1
will 1
give 1
thee 1
back 1
today 1
and 1
circes 1
shores 1
there 1
pious 1
on 1
my 1
cold 1
remains 1
attend 1
there 1
call 1
to 1
mind 1
thy 1
poor 1
departed 1
friend 1
the 1
tribute 1
of 1
a 1
tear 1
is 1
all 1
i 1
crave 1
and 1
the 1
possession 1
of 1
a 1
peaceful 1
grave 1
but 1
if 1
unheard 1
in 1
vain 1
compassion 1
plead 1
revere 1
the 1
gods 1
the 1
gods 1
avenge 1
the 1
dead 1
a 1
tomb 1
along 1
the 1
watery 1
margin 1
raise 1
the 1
tomb 1
with 1
manly 1
arms 1
and 1
trophies 1
grace 1
to 1
show 1
posterity 1
elpenor 1
was 1
there 1
high 1
in 1
air 1
memorial 1
of 1
my 1
name 1
fix 1
the 1
smooth 1
oar 1
and 1
bid 1
me 1
live 1
to 1
fame 1
to 1
whom 1
with 1
tears 1
these 1
rites 1
o 1
mournful 1
shade 1
due 1
to 1
thy 1
ghost 1
shall 1
to 1
thy 1
ghost 1
be 1
paid 1
still 1
as 1
i 1
spoke 1
the 1
phantom 1
seemd 1
to 1
moan 1
tear 1
followd 1
tear 1
and 1
groan 1
succeeded 1
groan 1
but 1
as 1
my 1
waving 1
sword 1
the 1
blood 1
surrounds 1
the 1
shade 1
withdrew 1
and 1
mutterd 1
empty 1
sounds 1
there 1
as 1
the 1
wondrous 1
visions 1
i 1
surveyd 1
all 1
pale 1
ascends 1
my 1
royal 1
mothers 1
shade 1
a 1
queen 1
to 1
troy 1
she 1
saw 1
our 1
legions 1
pass 1
now 1
a 1
thin 1
form 1
is 1
all 1
anticlea 1
was 1
struck 1
at 1
the 1
sight 1
i 1
melt 1
with 1
filial 1
woe 1
and 1
down 1
my 1
cheek 1
the 1
pious 1
sorrows 1
flow 1
yet 1
as 1
i 1
shook 1
my 1
falchion 1
oer 1
the 1
blood 1
regardless 1
of 1
her 1
son 1
the 1
parent 1
stood 1
when 1
lo 1
the 1
mighty 1
theban 1
i 1
behold 1
to 1
guide 1
his 1
steps 1
he 1
bore 1
a 1
staff 1
of 1
gold 1
awful 1
he 1
trod 1
majestic 1
was 1
his 1
look 1
and 1
from 1
his 1
holy 1
lips 1
these 1
accents 1
broke 1
why 1
mortal 1
wanderest 1
thou 1
from 1
cheerful 1
day 1
to 1
tread 1
the 1
downward 1
melancholy 1
way 1
what 1
angry 1
gods 1
to 1
these 1
dark 1
regions 1
led 1
thee 1
yet 1
alive 1
companion 1
of 1
the 1
deed 1
but 1
sheathe 1
thy 1
poniard 1
while 1
my 1
tongue 1
relates 1
heavens 1
steadfast 1
purpose 1
and 1
thy 1
future 1
fates 1
while 1
yet 1
he 1
spoke 1
the 1
prophet 1
i 1
obeyd 1
and 1
in 1
the 1
scabbard 1
plunged 1
the 1
glittering 1
blade 1
eager 1
he 1
quaffd 1
the 1
gore 1
and 1
then 1
expressd 1
dark 1
things 1
to 1
come 1
the 1
counsels 1
of 1
his 1
breast 1
weary 1
of 1
light 1
ulysses 1
here 1
explores 1
a 1
prosperous 1
voyage 1
to 1
his 1
native 1
shores 1
but 1
knowby 1
me 1
unerring 1
fates 1
disclose 1
new 1
trains 1
of 1
dangers 1
and 1
new 1
scenes 1
of 1
woes 1
i 1
see 1
i 1
see 1
thy 1
bark 1
by 1
neptune 1
tossd 1
for 1
injured 1
cyclops 1
and 1
his 1
eyeball 1
lost 1
yet 1
to 1
thy 1
woes 1
the 1
gods 1
decree 1
an 1
end 1
if 1
heaven 1
thou 1
please 1
and 1
how 1
to 1
please 1
attend 1
where 1
on 1
trinacrian 1
rocks 1
the 1
ocean 1
roars 1
graze 1
numerous 1
herds 1
along 1
the 1
verdant 1
shores 1
though 1
hunger 1
press 1
yet 1
fly 1
the 1
dangerous 1
prey 1
the 1
herds 1
are 1
sacred 1
to 1
the 1
god 1
of 1
day 1
who 1
all 1
surveys 1
with 1
his 1
extensive 1
eye 1
above 1
below 1
on 1
earth 1
and 1
in 1
the 1
sky 1
rob 1
not 1
the 1
god 1
and 1
so 1
propitious 1
gales 1
attend 1
thy 1
voyage 1
and 1
impel 1
thy 1
sails 1
but 1
if 1
his 1
herds 1
ye 1
seize 1
beneath 1
the 1
waves 1
i 1
see 1
thy 1
friends 1
oerwhelmd 1
in 1
liquid 1
graves 1
the 1
direful 1
wreck 1
ulysses 1
scarce 1
survives 1
ulysses 1
at 1
his 1
country 1
scarce 1
arrives 1
strangers 1
thy 1
guides 1
nor 1
there 1
thy 1
labours 1
end 1
new 1
foes 1
arise 1
domestic 1
ills 1
attend 1
there 1
foul 1
adulterers 1
to 1
thy 1
bride 1
resort 1
and 1
lordly 1
gluttons 1
riot 1
in 1
thy 1
court 1
but 1
vengeance 1
hastes 1
amain 1
these 1
eyes 1
behold 1
the 1
deathful 1
scene 1
princes 1
on 1
princes 1
rolld 1
that 1
done 1
a 1
people 1
far 1
from 1
sea 1
explore 1
who 1
neer 1
knew 1
salt 1
or 1
heard 1
the 1
billows 1
roar 1
or 1
saw 1
gay 1
vessel 1
stem 1
the 1
watery 1
plain 1
a 1
painted 1
wonder 1
flying 1
on 1
the 1
main 1
bear 1
on 1
thy 1
back 1
an 1
oar 1
with 1
strange 1
amaze 1
a 1
shepherd 1
meeting 1
thee 1
the 1
oar 1
surveys 1
and 1
names 1
a 1
van 1
there 1
fix 1
it 1
on 1
the 1
plain 1
to 1
calm 1
the 1
god 1
that 1
holds 1
the 1
watery 1
reign 1
a 1
threefold 1
offering 1
to 1
his 1
altar 1
bring 1
a 1
bull 1
a 1
ram 1
a 1
boar 1
and 1
hail 1
the 1
ocean 1
king 1
but 1
home 1
returnd 1
to 1
each 1
ethereal 1
power 1
slay 1
the 1
due 1
victim 1
in 1
the 1
genial 1
hour 1
so 1
peaceful 1
shalt 1
thou 1
end 1
thy 1
blissful 1
days 1
and 1
steal 1
thyself 1
from 1
life 1
by 1
slow 1
decays 1
unknown 1
to 1
pain 1
in 1
age 1
resign 1
thy 1
breath 1
when 1
late 1
stern 1
neptune 1
points 1
the 1
shaft 1
with 1
death 1
to 1
the 1
dark 1
grave 1
retiring 1
as 1
to 1
rest 1
thy 1
people 1
blessing 1
by 1
thy 1
people 1
blessd 1
unerring 1
truths 1
o 1
man 1
my 1
lips 1
relate 1
this 1
is 1
thy 1
life 1
to 1
come 1
and 1
this 1
is 1
fate 1
to 1
whom 1
unmoved 1
if 1
this 1
the 1
gods 1
prepare 1
what 1
heaven 1
ordains 1
the 1
wise 1
with 1
courage 1
bear 1
but 1
say 1
why 1
yonder 1
on 1
the 1
lonely 1
strands 1
unmindful 1
of 1
her 1
son 1
anticlea 1
stands 1
why 1
to 1
the 1
ground 1
she 1
bends 1
her 1
downcast 1
eye 1
why 1
is 1
she 1
silent 1
while 1
her 1
son 1
is 1
nigh 1
the 1
latent 1
cause 1
o 1
sacred 1
seer 1
reveal 1
nor 1
this 1
replies 1
the 1
seer 1
will 1
i 1
conceal 1
know 1
to 1
the 1
spectres 1
that 1
thy 1
beverage 1
taste 1
the 1
scenes 1
of 1
life 1
recur 1
and 1
actions 1
past 1
they 1
seald 1
with 1
truth 1
return 1
the 1
sure 1
reply 1
the 1
rest 1
repelld 1
a 1
train 1
oblivious 1
fly 1
the 1
phantomprophet 1
ceased 1
and 1
sunk 1
from 1
sight 1
to 1
the 1
black 1
palace 1
of 1
eternal 1
night 1
still 1
in 1
the 1
dark 1
abodes 1
of 1
death 1
i 1
stood 1
when 1
near 1
anticlea 1
moved 1
and 1
drank 1
the 1
blood 1
straight 1
all 1
the 1
mother 1
in 1
her 1
soul 1
awakes 1
and 1
owning 1
her 1
ulysses 1
thus 1
she 1
speaks 1
comest 1
thou 1
my 1
son 1
alive 1
to 1
realms 1
beneath 1
the 1
dolesome 1
realms 1
of 1
darkness 1
and 1
of 1
death 1
comest 1
thou 1
alive 1
from 1
pure 1
ethereal 1
day 1
dire 1
is 1
the 1
region 1
dismal 1
is 1
the 1
way 1
here 1
lakes 1
profound 1
there 1
floods 1
oppose 1
their 1
waves 1
there 1
the 1
wide 1
sea 1
with 1
all 1
his 1
billows 1
raves 1
or 1
since 1
to 1
dust 1
proud 1
troy 1
submits 1
her 1
towers 1
comest 1
thou 1
a 1
wanderer 1
from 1
the 1
phrygian 1
shores 1
or 1
say 1
since 1
honour 1
calld 1
thee 1
to 1
the 1
field 1
hast 1
thou 1
thy 1
ithaca 1
thy 1
bride 1
beheld 1
source 1
of 1
my 1
life 1
i 1
cried 1
from 1
earth 1
i 1
fly 1
to 1
seek 1
tiresias 1
in 1
the 1
nether 1
sky 1
to 1
learn 1
my 1
doom 1
for 1
tossd 1
from 1
woe 1
to 1
woe 1
in 1
every 1
land 1
ulysses 1
finds 1
a 1
foe 1
nor 1
have 1
these 1
eyes 1
beheld 1
my 1
native 1
shores 1
since 1
in 1
the 1
dust 1
proud 1
troy 1
submits 1
her 1
towers 1
but 1
when 1
thy 1
soul 1
from 1
her 1
sweet 1
mansion 1
fled 1
say 1
what 1
distemper 1
gave 1
thee 1
to 1
the 1
dead 1
has 1
lifes 1
fair 1
lamp 1
declined 1
by 1
slow 1
decays 1
or 1
swift 1
expired 1
it 1
in 1
a 1
sudden 1
blaze 1
say 1
if 1
my 1
sire 1
good 1
old 1
laertes 1
lives 1
if 1
yet 1
telemachus 1
my 1
son 1
survives 1
say 1
by 1
his 1
rule 1
is 1
my 1
dominion 1
awed 1
or 1
crushd 1
by 1
traitors 1
with 1
an 1
iron 1
rod 1
say 1
if 1
my 1
spouse 1
maintains 1
her 1
royal 1
trust 1
though 1
tempted 1
chaste 1
and 1
obstinately 1
just 1
or 1
if 1
no 1
more 1
her 1
absent 1
lord 1
she 1
wails 1
but 1
the 1
false 1
woman 1
oer 1
the 1
wife 1
prevails 1
thus 1
i 1
and 1
thus 1
the 1
parentshade 1
returns 1
thee 1
ever 1
thee 1
thy 1
faithful 1
consort 1
mourns 1
whether 1
the 1
night 1
descends 1
or 1
day 1
prevails 1
thee 1
she 1
by 1
night 1
and 1
thee 1
by 1
day 1
bewails 1
thee 1
in 1
telemachus 1
thy 1
realm 1
obeys 1
in 1
sacred 1
groves 1
celestial 1
rites 1
he 1
pays 1
and 1
shares 1
the 1
banquet 1
in 1
superior 1
state 1
graced 1
with 1
such 1
honours 1
as 1
become 1
the 1
great 1
thy 1
sire 1
in 1
solitude 1
foments 1
his 1
care 1
the 1
court 1
is 1
joyless 1
for 1
thou 1
art 1
not 1
there 1
no 1
costly 1
carpets 1
raise 1
his 1
hoary 1
head 1
no 1
rich 1
embroidery 1
shines 1
to 1
grace 1
his 1
bed 1
even 1
when 1
keen 1
winter 1
freezes 1
in 1
the 1
skies 1
rankd 1
with 1
his 1
slaves 1
on 1
earth 1
the 1
monarch 1
lies 1
deep 1
are 1
his 1
sighs 1
his 1
visage 1
pale 1
his 1
dress 1
the 1
garb 1
of 1
woe 1
and 1
habit 1
of 1
distress 1
and 1
when 1
the 1
autumn 1
takes 1
his 1
annual 1
round 1
the 1
leafy 1
honours 1
scattering 1
on 1
the 1
ground 1
regardless 1
of 1
his 1
years 1
abroad 1
he 1
lies 1
his 1
bed 1
the 1
leaves 1
his 1
canopy 1
the 1
skies 1
thus 1
cares 1
on 1
cares 1
his 1
painful 1
days 1
consume 1
and 1
bow 1
his 1
age 1
with 1
sorrow 1
to 1
the 1
tomb 1
for 1
thee 1
my 1
son 1
i 1
wept 1
my 1
life 1
away 1
for 1
thee 1
through 1
hells 1
eternal 1
dungeons 1
stray 1
nor 1
came 1
my 1
fate 1
by 1
lingering 1
pains 1
and 1
slow 1
nor 1
bent 1
the 1
silvershafted 1
queen 1
her 1
bow 1
no 1
dire 1
disease 1
bereaved 1
me 1
of 1
my 1
breath 1
thou 1
thou 1
my 1
son 1
wert 1
my 1
disease 1
and 1
death 1
unkindly 1
with 1
my 1
love 1
my 1
son 1
conspired 1
for 1
thee 1
i 1
lived 1
for 1
absent 1
thee 1
expired 1
thrice 1
in 1
my 1
arms 1
i 1
strove 1
her 1
shade 1
to 1
bind 1
thrice 1
through 1
my 1
arms 1
she 1
slippd 1
like 1
empty 1
wind 1
or 1
dreams 1
the 1
vain 1
illusions 1
of 1
the 1
mind 1
wild 1
with 1
despair 1
i 1
shed 1
a 1
copious 1
tide 1
of 1
flowing 1
tears 1
and 1
thus 1
with 1
sighs 1
replied 1
fliest 1
thou 1
loved 1
shade 1
while 1
i 1
thus 1
fondly 1
mourn 1
turn 1
to 1
my 1
arms 1
to 1
my 1
embraces 1
turn 1
is 1
it 1
ye 1
powers 1
that 1
smile 1
at 1
human 1
harms 1
too 1
great 1
a 1
bliss 1
to 1
weep 1
within 1
her 1
arms 1
or 1
has 1
hells 1
queen 1
an 1
empty 1
image 1
sent 1
that 1
wretched 1
i 1
might 1
een 1
my 1
joys 1
lament 1
o 1
son 1
of 1
woe 1
the 1
pensive 1
shade 1
rejoind 1
o 1
most 1
inured 1
to 1
grief 1
of 1
all 1
mankind 1
tis 1
not 1
the 1
queen 1
of 1
hell 1
who 1
thee 1
deceives 1
all 1
all 1
are 1
such 1
when 1
life 1
the 1
body 1
leaves 1
no 1
more 1
the 1
substance 1
of 1
the 1
man 1
remains 1
nor 1
bounds 1
the 1
blood 1
along 1
the 1
purple 1
veins 1
these 1
the 1
funereal 1
flames 1
in 1
atoms 1
bear 1
to 1
wander 1
with 1
the 1
wind 1
in 1
empty 1
air 1
while 1
the 1
impassive 1
soul 1
reluctant 1
flies 1
like 1
a 1
vain 1
dream 1
to 1
these 1
infernal 1
skies 1
but 1
from 1
the 1
dark 1
dominions 1
speed 1
the 1
way 1
and 1
climb 1
the 1
steep 1
ascent 1
to 1
upper 1
day 1
to 1
thy 1
chaste 1
bride 1
the 1
wondrous 1
story 1
tell 1
the 1
woes 1
the 1
horrors 1
and 1
the 1
laws 1
of 1
hell 1
thus 1
while 1
she 1
spoke 1
in 1
swarms 1
hells 1
empress 1
brings 1
daughters 1
and 1
wives 1
of 1
heroes 1
and 1
of 1
kings 1
thick 1
and 1
more 1
thick 1
they 1
gather 1
round 1
the 1
blood 1
ghost 1
thronged 1
on 1
ghost 1
a 1
dire 1
assembly 1
stood 1
dauntless 1
my 1
sword 1
i 1
seize 1
the 1
airy 1
crew 1
swift 1
as 1
it 1
flashd 1
along 1
the 1
gloom 1
withdrew 1
then 1
shade 1
to 1
shade 1
in 1
mutual 1
forms 1
succeeds 1
her 1
race 1
recounts 1
and 1
their 1
illustrious 1
deeds 1
tyro 1
began 1
whom 1
great 1
salmoneus 1
bred 1
the 1
royal 1
partner 1
of 1
famed 1
cretheus 1
bed 1
for 1
fair 1
enipeus 1
as 1
from 1
fruitful 1
urns 1
he 1
pours 1
his 1
watery 1
store 1
the 1
virgin 1
burns 1
smooth 1
flows 1
the 1
gentle 1
stream 1
with 1
wanton 1
pride 1
and 1
in 1
soft 1
mazes 1
rolls 1
a 1
silver 1
tide 1
as 1
on 1
his 1
banks 1
the 1
maid 1
enamourd 1
roves 1
the 1
monarch 1
of 1
the 1
deep 1
beholds 1
and 1
loves 1
in 1
her 1
enipeus 1
form 1
and 1
borrowd 1
charms 1
the 1
amorous 1
god 1
descends 1
into 1
her 1
arms 1
around 1
a 1
spacious 1
arch 1
of 1
waves 1
he 1
throws 1
and 1
high 1
in 1
air 1
the 1
liquid 1
mountain 1
rose 1
thus 1
in 1
surrounding 1
floods 1
conceald 1
he 1
proves 1
the 1
pleasing 1
transport 1
and 1
completes 1
his 1
loves 1
then 1
softly 1
sighing 1
he 1
the 1
fair 1
addressd 1
and 1
as 1
he 1
spoke 1
her 1
tender 1
hand 1
he 1
pressd 1
hail 1
happy 1
nymph 1
no 1
vulgar 1
births 1
are 1
owed 1
to 1
the 1
prolific 1
raptures 1
of 1
a 1
god 1
lo 1
when 1
nine 1
times 1
the 1
moon 1
renews 1
her 1
horn 1
two 1
brother 1
heroes 1
shall 1
from 1
thee 1
be 1
born 1
thy 1
early 1
care 1
the 1
future 1
worthies 1
claim 1
to 1
point 1
them 1
to 1
the 1
arduous 1
paths 1
of 1
fame 1
but 1
in 1
thy 1
breast 1
the 1
important 1
truth 1
conceal 1
nor 1
dare 1
the 1
secret 1
of 1
a 1
god 1
reveal 1
for 1
know 1
thou 1
neptune 1
viewst 1
and 1
at 1
my 1
nod 1
earth 1
trembles 1
and 1
the 1
waves 1
confess 1
their 1
god 1
he 1
added 1
not 1
but 1
mounting 1
spurnd 1
the 1
plain 1
then 1
plunged 1
into 1
the 1
chambers 1
of 1
the 1
main 1
now 1
in 1
the 1
times 1
full 1
process 1
forth 1
she 1
brings 1
joves 1
dread 1
vicegerents 1
in 1
two 1
future 1
kings 1
oer 1
proud 1
iolcos 1
pelias 1
stretchd 1
his 1
reign 1
and 1
godlike 1
neleus 1
ruled 1
the 1
pylian 1
plain 1
then 1
fruitful 1
to 1
her 1
cretheus 1
royal 1
bed 1
she 1
gallant 1
pheres 1
and 1
famed 1
aeson 1
bred 1
from 1
the 1
same 1
fountain 1
amythaon 1
rose 1
pleased 1
with 1
the 1
din 1
of 1
scar 1
and 1
noble 1
shout 1
of 1
foes 1
there 1
moved 1
antiope 1
with 1
haughty 1
charms 1
who 1
blessd 1
the 1
almighty 1
thunderer 1
in 1
her 1
arms 1
hence 1
sprung 1
amphion 1
hence 1
brave 1
zethus 1
came 1
founders 1
of 1
thebes 1
and 1
men 1
of 1
mighty 1
name 1
though 1
bold 1
in 1
open 1
field 1
they 1
yet 1
surround 1
the 1
town 1
with 1
walls 1
and 1
mound 1
inject 1
on 1
mound 1
here 1
ramparts 1
stood 1
there 1
towers 1
rose 1
high 1
in 1
air 1
and 1
here 1
through 1
seven 1
wide 1
portals 1
rushd 1
the 1
war 1
there 1
with 1
soft 1
step 1
the 1
fair 1
alcmena 1
trod 1
who 1
bore 1
alcides 1
to 1
the 1
thundering 1
god 1
and 1
megara 1
who 1
charmd 1
the 1
son 1
of 1
jove 1
and 1
softend 1
his 1
stern 1
soul 1
to 1
tender 1
love 1
sullen 1
and 1
sour 1
with 1
discontented 1
mien 1
jocasta 1
frownd 1
the 1
incestuous 1
theban 1
queen 1
with 1
her 1
own 1
son 1
she 1
joind 1
in 1
nuptial 1
bands 1
though 1
fathers 1
blood 1
imbrued 1
his 1
murderous 1
hands 1
the 1
gods 1
and 1
men 1
the 1
dire 1
offence 1
detest 1
the 1
gods 1
with 1
all 1
their 1
furies 1
rend 1
his 1
breast 1
in 1
lofty 1
thebes 1
he 1
wore 1
the 1
imperial 1
crown 1
a 1
pompous 1
wretch 1
accursed 1
upon 1
a 1
throne 1
the 1
wife 1
selfmurderd 1
from 1
a 1
beam 1
depends 1
and 1
her 1
foul 1
soul 1
to 1
blackest 1
hell 1
descends 1
thence 1
to 1
her 1
son 1
the 1
choicest 1
plagues 1
she 1
brings 1
and 1
the 1
fiends 1
haunt 1
him 1
with 1
a 1
thousand 1
stings 1
and 1
now 1
the 1
beauteous 1
chloris 1
i 1
descry 1
a 1
lovely 1
shade 1
amphions 1
youngest 1
joy 1
with 1
gifts 1
unnumberd 1
neleus 1
sought 1
her 1
arms 1
nor 1
paid 1
too 1
dearly 1
for 1
unequalld 1
charms 1
great 1
in 1
orchomenos 1
in 1
pylos 1
great 1
he 1
swayd 1
the 1
sceptre 1
with 1
imperial 1
state 1
three 1
gallant 1
sons 1
the 1
joyful 1
monarch 1
told 1
sage 1
nestor 1
periclimenus 1
the 1
bold 1
and 1
chromius 1
last 1
but 1
of 1
the 1
softer 1
race 1
one 1
nymph 1
alone 1
a 1
myracle 1
of 1
grace 1
kings 1
on 1
their 1
thrones 1
for 1
lovely 1
pero 1
burn 1
the 1
sire 1
denies 1
and 1
kings 1
rejected 1
mourn 1
to 1
him 1
alone 1
the 1
beauteous 1
prize 1
he 1
yields 1
whose 1
arm 1
should 1
ravish 1
from 1
phylacian 1
fields 1
the 1
herds 1
of 1
iphyclus 1
detaind 1
in 1
wrong 1
wild 1
furious 1
herds 1
unconquerably 1
strong 1
this 1
dares 1
a 1
seer 1
but 1
nought 1
the 1
seer 1
prevails 1
in 1
beautys 1
cause 1
illustriously 1
he 1
fails 1
twelve 1
moons 1
the 1
foe 1
the 1
captive 1
youth 1
detains 1
in 1
painful 1
dungeons 1
and 1
coercive 1
chains 1
the 1
foe 1
at 1
last 1
from 1
durance 1
where 1
he 1
lay 1
his 1
heart 1
revering 1
give 1
him 1
back 1
to 1
day 1
won 1
by 1
prophetic 1
knowledge 1
to 1
fulfil 1
the 1
steadfast 1
purpose 1
of 1
the 1
almighty 1
will 1
with 1
graceful 1
port 1
advancing 1
now 1
i 1
spied 1
leda 1
the 1
fair 1
the 1
godlike 1
tyndars 1
bride 1
hence 1
pollux 1
sprung 1
who 1
wields 1
the 1
furious 1
sway 1
the 1
deathful 1
gauntlet 1
matchless 1
in 1
the 1
fray 1
and 1
castor 1
glorious 1
on 1
the 1
embattled 1
plain 1
curbs 1
the 1
proud 1
steeds 1
reluctant 1
to 1
the 1
rein 1
by 1
turns 1
they 1
visit 1
this 1
ethereal 1
sky 1
and 1
live 1
alternate 1
and 1
alternate 1
die 1
in 1
hell 1
beneath 1
on 1
earth 1
in 1
heaven 1
above 1
reign 1
the 1
twingods 1
the 1
favourite 1
sons 1
of 1
jove 1
there 1
ephimedia 1
trod 1
the 1
gloomy 1
plain 1
who 1
charmd 1
the 1
monarch 1
of 1
the 1
boundless 1
main 1
hence 1
ephialtes 1
hence 1
stern 1
otus 1
sprung 1
more 1
fierce 1
than 1
giants 1
more 1
than 1
giants 1
strong 1
the 1
earth 1
oerburdend 1
groand 1
beneath 1
their 1
weight 1
none 1
but 1
orion 1
eer 1
surpassed 1
their 1
height 1
the 1
wondrous 1
youths 1
had 1
scarce 1
nine 1
winters 1
told 1
when 1
high 1
in 1
air 1
tremendous 1
to 1
behold 1
nine 1
ells 1
aloft 1
they 1
reard 1
their 1
towering 1
head 1
and 1
full 1
nine 1
cubits 1
broad 1
their 1
shoulders 1
spread 1
proud 1
of 1
their 1
strength 1
and 1
more 1
than 1
mortal 1
size 1
the 1
gods 1
they 1
challenge 1
and 1
affect 1
the 1
skies 1
heaved 1
on 1
olympus 1
tottering 1
ossa 1
stood 1
on 1
ossa 1
pelion 1
nods 1
with 1
all 1
his 1
wood 1
such 1
were 1
they 1
youths 1
i 1
had 1
they 1
to 1
manhood 1
grown 1
almighty 1
jove 1
had 1
trembled 1
on 1
his 1
throne 1
but 1
ere 1
the 1
harvest 1
of 1
the 1
beard 1
began 1
to 1
bristle 1
on 1
the 1
chin 1
and 1
promise 1
man 1
his 1
shafts 1
apollo 1
aimd 1
at 1
once 1
they 1
sound 1
and 1
stretch 1
the 1
giant 1
monsters 1
oer 1
the 1
ground 1
there 1
mournful 1
phaedra 1
with 1
sad 1
procris 1
moves 1
both 1
beauteous 1
shades 1
both 1
hapless 1
in 1
their 1
loves 1
and 1
near 1
them 1
walkd 1
with 1
solemn 1
pace 1
and 1
slow 1
sad 1
adriadne 1
partner 1
of 1
their 1
woe 1
the 1
royal 1
minos 1
ariadne 1
bred 1
she 1
theseus 1
loved 1
from 1
crete 1
with 1
theseus 1
fled 1
swift 1
to 1
the 1
dian 1
isle 1
the 1
hero 1
flies 1
and 1
towards 1
his 1
athens 1
bears 1
the 1
lovely 1
prize 1
there 1
bacchus 1
with 1
fierce 1
rage 1
diana 1
fires 1
the 1
goddess 1
aims 1
her 1
shaft 1
the 1
nymph 1
expires 1
there 1
clymene 1
and 1
mera 1
i 1
behold 1
there 1
eriphyle 1
weeps 1
who 1
loosely 1
sold 1
her 1
lord 1
her 1
honour 1
for 1
the 1
lust 1
of 1
gold 1
but 1
should 1
i 1
all 1
recount 1
the 1
night 1
would 1
fail 1
unequal 1
to 1
the 1
melancholy 1
tale 1
and 1
allcomposing 1
rest 1
my 1
nature 1
craves 1
here 1
in 1
the 1
court 1
or 1
yonder 1
on 1
the 1
waves 1
in 1
you 1
i 1
trust 1
and 1
in 1
the 1
heavenly 1
powers 1
to 1
land 1
ulysses 1
on 1
his 1
native 1
shores 1
he 1
ceased 1
but 1
left 1
so 1
charming 1
on 1
their 1
ear 1
his 1
voice 1
that 1
listening 1
still 1
they 1
seemd 1
to 1
hear 1
till 1
rising 1
up 1
arete 1
silence 1
broke 1
stretchd 1
out 1
her 1
snowy 1
hand 1
and 1
thus 1
she 1
spoke 1
what 1
wondrous 1
man 1
heaven 1
sends 1
us 1
in 1
our 1
guest 1
through 1
all 1
his 1
woes 1
the 1
hero 1
shines 1
confessd 1
his 1
comely 1
port 1
his 1
ample 1
frame 1
express 1
a 1
manly 1
air 1
majestic 1
in 1
distress 1
he 1
as 1
my 1
guest 1
is 1
my 1
peculiar 1
care 1
you 1
share 1
the 1
pleasure 1
then 1
in 1
bounty 1
share 1
to 1
worth 1
in 1
misery 1
a 1
reverence 1
pay 1
and 1
with 1
a 1
generous 1
hand 1
reward 1
his 1
stay 1
for 1
since 1
kind 1
heaven 1
with 1
wealth 1
our 1
realm 1
has 1
blessd 1
give 1
it 1
to 1
heaven 1
by 1
aiding 1
the 1
distressd 1
then 1
sage 1
echeneus 1
whose 1
grave 1
reverend 1
brow 1
the 1
hand 1
of 1
time 1
had 1
silvered 1
oer 1
with 1
snow 1
mature 1
in 1
wisdom 1
rose 1
your 1
words 1
he 1
cries 1
demand 1
obedience 1
for 1
your 1
words 1
are 1
wise 1
but 1
let 1
our 1
king 1
direct 1
the 1
glorious 1
way 1
to 1
generous 1
acts 1
our 1
part 1
is 1
to 1
obey 1
while 1
life 1
informs 1
these 1
limbs 1
the 1
king 1
replied 1
well 1
to 1
deserve 1
be 1
all 1
my 1
cares 1
employed 1
but 1
here 1
this 1
night 1
the 1
royal 1
guest 1
detain 1
till 1
the 1
sun 1
flames 1
along 1
the 1
ethereal 1
plain 1
be 1
it 1
my 1
task 1
to 1
send 1
with 1
ample 1
stores 1
the 1
stranger 1
from 1
our 1
hospitable 1
shores 1
tread 1
you 1
my 1
steps 1
tis 1
mine 1
to 1
lead 1
the 1
race 1
the 1
first 1
in 1
glory 1
as 1
the 1
first 1
in 1
place 1
to 1
whom 1
the 1
prince 1
this 1
night 1
with 1
joy 1
i 1
stay 1
o 1
monarch 1
great 1
in 1
virtue 1
as 1
in 1
sway 1
if 1
thou 1
the 1
circling 1
year 1
my 1
stay 1
control 1
to 1
raise 1
a 1
bounty 1
noble 1
as 1
thy 1
soul 1
the 1
circling 1
year 1
i 1
wait 1
with 1
ampler 1
stores 1
and 1
fitter 1
pomp 1
to 1
hail 1
my 1
native 1
shores 1
then 1
by 1
my 1
realms 1
due 1
homage 1
would 1
be 1
paid 1
for 1
wealthy 1
kings 1
are 1
loyally 1
obeyed 1
o 1
king 1
for 1
such 1
thou 1
art 1
and 1
sure 1
thy 1
blood 1
through 1
veins 1
he 1
cried 1
of 1
royal 1
fathers 1
flowd 1
unlike 1
those 1
vagrants 1
who 1
on 1
falsehood 1
live 1
skilld 1
in 1
smooth 1
tales 1
and 1
artful 1
to 1
deceive 1
thy 1
better 1
soul 1
abhors 1
the 1
liars 1
part 1
wise 1
is 1
thy 1
voice 1
and 1
noble 1
is 1
thy 1
heart 1
thy 1
words 1
like 1
music 1
every 1
breast 1
control 1
steal 1
through 1
the 1
ear 1
and 1
win 1
upon 1
the 1
soul 1
soft 1
as 1
some 1
song 1
divine 1
thy 1
story 1
flows 1
nor 1
better 1
could 1
the 1
muse 1
record 1
thy 1
woes 1
but 1
say 1
upon 1
the 1
dark 1
and 1
dismal 1
coast 1
sawst 1
thou 1
the 1
worthies 1
of 1
the 1
grecian 1
host 1
the 1
godlike 1
leaders 1
who 1
in 1
battle 1
slain 1
fell 1
before 1
troy 1
and 1
nobly 1
pressd 1
the 1
plain 1
and 1
lo 1
a 1
length 1
of 1
night 1
behind 1
remains 1
the 1
evening 1
stars 1
still 1
mount 1
the 1
ethereal 1
plains 1
thy 1
tale 1
with 1
raptures 1
i 1
could 1
hear 1
thee 1
tell 1
thy 1
woes 1
on 1
earth 1
the 1
wondrous 1
scenes 1
in 1
hell 1
till 1
in 1
the 1
vault 1
of 1
heaven 1
the 1
stars 1
decay 1
and 1
the 1
sky 1
reddens 1
with 1
the 1
rising 1
day 1
o 1
worthy 1
of 1
the 1
power 1
the 1
gods 1
assignd 1
ulysses 1
thus 1
replies 1
a 1
king 1
in 1
mind 1
since 1
yet 1
the 1
early 1
hour 1
of 1
night 1
allows 1
time 1
for 1
discourse 1
and 1
time 1
for 1
soft 1
repose 1
if 1
scenes 1
of 1
misery 1
can 1
entertain 1
woes 1
i 1
unfold 1
of 1
woes 1
a 1
dismal 1
train 1
prepare 1
to 1
heir 1
of 1
murder 1
and 1
of 1
blood 1
of 1
godlike 1
heroes 1
who 1
uninjured 1
stood 1
amidst 1
a 1
war 1
of 1
spears 1
in 1
foreign 1
lands 1
yet 1
bled 1
at 1
home 1
and 1
bled 1
by 1
female 1
hands 1
now 1
summond 1
proserpine 1
to 1
hells 1
black 1
hall 1
the 1
heroine 1
shades 1
they 1
vanishd 1
at 1
her 1
call 1
when 1
lo 1
advanced 1
the 1
forms 1
of 1
heroes 1
slain 1
by 1
stern 1
aegysthus 1
a 1
majestic 1
train 1
and 1
high 1
above 1
the 1
rest 1
atrides 1
pressd 1
the 1
plain 1
he 1
quaffd 1
the 1
gore 1
and 1
straight 1
his 1
soldier 1
knew 1
and 1
from 1
his 1
eyes 1
pourd 1
down 1
the 1
tender 1
dew 1
his 1
arms 1
he 1
stretchd 1
his 1
arms 1
the 1
touch 1
deceive 1
nor 1
in 1
the 1
fond 1
embrace 1
embraces 1
give 1
his 1
substance 1
vanishd 1
and 1
his 1
strength 1
decayd 1
now 1
all 1
atrides 1
is 1
an 1
empty 1
shade 1
moved 1
at 1
the 1
sight 1
i 1
for 1
a 1
apace 1
resignd 1
to 1
soft 1
affliction 1
all 1
my 1
manly 1
mind 1
at 1
last 1
with 1
tears 1
o 1
what 1
relentless 1
doom 1
imperial 1
phantom 1
bowd 1
thee 1
to 1
the 1
tomb 1
say 1
while 1
the 1
sea 1
and 1
while 1
the 1
tempest 1
raves 1
has 1
fate 1
oppressd 1
thee 1
in 1
the 1
roaring 1
waves 1
or 1
nobly 1
seized 1
thee 1
in 1
the 1
dire 1
alarms 1
of 1
war 1
and 1
slaughter 1
and 1
the 1
clash 1
of 1
arms 1
the 1
ghost 1
returns 1
o 1
chief 1
of 1
human 1
kind 1
for 1
active 1
courage 1
and 1
a 1
patient 1
mind 1
nor 1
while 1
the 1
sea 1
nor 1
while 1
the 1
tempest 1
raves 1
has 1
fate 1
oppressd 1
me 1
on 1
the 1
roaring 1
waves 1
nor 1
nobly 1
seized 1
me 1
in 1
the 1
dire 1
alarms 1
of 1
war 1
and 1
slaughter 1
and 1
the 1
clash 1
of 1
arms 1
stabbd 1
by 1
a 1
murderous 1
hand 1
atrides 1
died 1
a 1
foul 1
adulterer 1
and 1
a 1
faithless 1
bride 1
een 1
in 1
my 1
mirth 1
and 1
at 1
the 1
friendly 1
feast 1
oer 1
the 1
full 1
bowl 1
the 1
traitor 1
stabbd 1
his 1
guest 1
thus 1
by 1
the 1
gory 1
arm 1
of 1
slaughter 1
falls 1
the 1
stately 1
ox 1
and 1
bleeds 1
within 1
the 1
stalls 1
but 1
not 1
with 1
me 1
the 1
direful 1
murder 1
ends 1
these 1
these 1
expired 1
their 1
crime 1
they 1
were 1
my 1
friends 1
thick 1
as 1
the 1
boars 1
which 1
some 1
luxurious 1
lord 1
kills 1
for 1
the 1
feast 1
to 1
crown 1
the 1
nuptial 1
board 1
when 1
war 1
has 1
thunderd 1
with 1
its 1
loudest 1
storms 1
death 1
thou 1
hast 1
seen 1
in 1
all 1
her 1
ghastly 1
forms 1
in 1
duel 1
met 1
her 1
on 1
the 1
listed 1
ground 1
when 1
hand 1
to 1
hand 1
they 1
wound 1
return 1
for 1
wound 1
but 1
never 1
have 1
the 1
eyes 1
astonishd 1
viewd 1
so 1
vile 1
a 1
deed 1
so 1
dire 1
a 1
scene 1
of 1
blood 1
een 1
in 1
the 1
flow 1
of 1
joy 1
when 1
now 1
the 1
bowl 1
glows 1
in 1
our 1
veins 1
and 1
opens 1
every 1
soul 1
we 1
groan 1
we 1
faint 1
with 1
blood 1
the 1
doom 1
is 1
dyed 1
and 1
oer 1
the 1
pavement 1
floats 1
the 1
dreadful 1
tide 1
her 1
breast 1
all 1
gore 1
with 1
lamentable 1
cries 1
the 1
bleeding 1
innocent 1
cassandra 1
dies 1
then 1
though 1
pale 1
death 1
froze 1
cold 1
in 1
every 1
vein 1
my 1
sword 1
i 1
strive 1
to 1
wield 1
but 1
strive 1
in 1
vain 1
nor 1
did 1
my 1
traitress 1
wife 1
these 1
eyelids 1
close 1
or 1
decently 1
in 1
death 1
my 1
limbs 1
compose 1
o 1
woman 1
woman 1
when 1
to 1
ill 1
thy 1
mind 1
is 1
bent 1
all 1
hell 1
contains 1
no 1
fouler 1
fiend 1
and 1
such 1
was 1
mine 1
who 1
basely 1
plunged 1
her 1
sword 1
through 1
the 1
fond 1
bosom 1
where 1
she 1
reignd 1
adored 1
alas 1
i 1
hoped 1
the 1
toils 1
of 1
war 1
oercome 1
to 1
meet 1
soft 1
quiet 1
and 1
repose 1
at 1
home 1
delusive 1
hope 1
o 1
wife 1
thy 1
deeds 1
disgrace 1
the 1
perjured 1
sex 1
and 1
blacken 1
all 1
the 1
race 1
and 1
should 1
posterity 1
one 1
virtuous 1
find 1
name 1
clytemnestra 1
they 1
will 1
curse 1
the 1
kind 1
oh 1
injured 1
shade 1
i 1
cried 1
what 1
mighty 1
woes 1
to 1
thy 1
imperial 1
race 1
from 1
woman 1
rose 1
by 1
woman 1
here 1
thou 1
treadst 1
this 1
mournful 1
strand 1
and 1
greece 1
by 1
woman 1
lies 1
a 1
desert 1
land 1
warnd 1
by 1
my 1
ills 1
beware 1
the 1
shade 1
replies 1
nor 1
trust 1
the 1
sex 1
that 1
is 1
so 1
rarely 1
wise 1
when 1
earnest 1
to 1
explore 1
thy 1
secret 1
breast 1
unfold 1
some 1
trifle 1
but 1
conceal 1
the 1
rest 1
but 1
in 1
thy 1
consort 1
cease 1
to 1
fear 1
a 1
foe 1
for 1
thee 1
she 1
feels 1
sincerity 1
of 1
woe 1
when 1
troy 1
first 1
bled 1
beneath 1
the 1
grecian 1
arms 1
she 1
shone 1
unrivalld 1
with 1
a 1
blaze 1
of 1
charms 1
thy 1
infant 1
son 1
her 1
fragrant 1
bosom 1
pressd 1
hung 1
at 1
her 1
knee 1
or 1
wantond 1
at 1
her 1
breast 1
but 1
now 1
the 1
years 1
a 1
numerous 1
train 1
have 1
ran 1
the 1
blooming 1
boy 1
is 1
ripend 1
into 1
man 1
thy 1
eyes 1
shall 1
see 1
him 1
burn 1
with 1
noble 1
fire 1
the 1
sire 1
shall 1
bless 1
his 1
son 1
the 1
son 1
his 1
sire 1
but 1
my 1
orestes 1
never 1
met 1
these 1
eyes 1
without 1
one 1
look 1
the 1
murderd 1
father 1
dies 1
then 1
from 1
a 1
wretched 1
friend 1
this 1
wisdom 1
learn 1
een 1
to 1
thy 1
queen 1
disguised 1
unknown 1
return 1
for 1
since 1
of 1
womankind 1
so 1
few 1
are 1
just 1
think 1
all 1
are 1
false 1
nor 1
een 1
the 1
faithful 1
trust 1
but 1
say 1
resides 1
my 1
son 1
in 1
royal 1
port 1
in 1
rich 1
orchomenos 1
or 1
spartas 1
court 1
or 1
say 1
in 1
pyle 1
for 1
yet 1
he 1
views 1
the 1
light 1
nor 1
glides 1
a 1
phantom 1
through 1
the 1
realms 1
of 1
night 1
then 1
i 1
thy 1
suit 1
is 1
vain 1
nor 1
can 1
i 1
say 1
if 1
yet 1
he 1
breathes 1
in 1
realms 1
of 1
cheerful 1
day 1
or 1
pale 1
or 1
wan 1
beholds 1
these 1
nether 1
skies 1
truth 1
i 1
revere 1
for 1
wisdom 1
never 1
lies 1
thus 1
in 1
a 1
tide 1
of 1
tears 1
our 1
sorrows 1
flow 1
and 1
add 1
new 1
horror 1
to 1
the 1
realms 1
of 1
woe 1
till 1
side 1
by 1
side 1
along 1
the 1
dreary 1
coast 1
advanced 1
achilles 1
and 1
patroclus 1
ghost 1
a 1
friendly 1
pair 1
near 1
these 1
the 1
pylian 1
strayd 1
and 1
towering 1
ajax 1
an 1
illustrious 1
shade 1
war 1
was 1
his 1
joy 1
and 1
pleased 1
with 1
loud 1
alarms 1
none 1
but 1
pelides 1
brighter 1
shone 1
in 1
arms 1
through 1
the 1
thick 1
gloom 1
his 1
friend 1
achilles 1
knew 1
and 1
as 1
he 1
speaks 1
the 1
tears 1
descend 1
in 1
dew 1
comest 1
thou 1
alive 1
to 1
view 1
the 1
stygian 1
bounds 1
where 1
the 1
wan 1
spectres 1
walk 1
eternal 1
rounds 1
nor 1
fearst 1
the 1
dark 1
and 1
dismal 1
waste 1
to 1
tread 1
throngd 1
with 1
pale 1
ghosts 1
familiar 1
with 1
the 1
dead 1
to 1
whom 1
with 1
sighs 1
i 1
pass 1
these 1
dreadful 1
gates 1
to 1
seek 1
the 1
theban 1
and 1
consult 1
the 1
fates 1
for 1
still 1
distressd 1
i 1
rove 1
from 1
coast 1
to 1
coast 1
lost 1
to 1
my 1
friends 1
and 1
to 1
my 1
country 1
lost 1
but 1
sure 1
the 1
eye 1
of 1
time 1
beholds 1
no 1
name 1
so 1
blessd 1
as 1
thine 1
in 1
all 1
the 1
rolls 1
of 1
fame 1
alive 1
we 1
haild 1
thee 1
with 1
our 1
guardian 1
gods 1
and 1
dead 1
thou 1
rulest 1
a 1
king 1
in 1
these 1
abodes 1
talk 1
not 1
of 1
ruling 1
in 1
this 1
dolorous 1
gloom 1
nor 1
think 1
vain 1
words 1
he 1
cried 1
can 1
ease 1
my 1
doom 1
rather 1
id 1
choose 1
laboriously 1
to 1
bear 1
a 1
weight 1
of 1
woes 1
and 1
breathe 1
the 1
vital 1
air 1
a 1
slave 1
to 1
some 1
poor 1
hind 1
that 1
toils 1
for 1
bread 1
than 1
reign 1
the 1
sceptred 1
monarch 1
of 1
the 1
dead 1
but 1
say 1
if 1
in 1
my 1
steps 1
my 1
son 1
proceeds 1
and 1
emulates 1
his 1
godlike 1
fathers 1
deeds 1
if 1
at 1
the 1
clash 1
of 1
arms 1
and 1
shout 1
of 1
foes 1
swells 1
his 1
bold 1
heart 1
his 1
bosom 1
nobly 1
glows 1
say 1
if 1
my 1
sire 1
the 1
reverend 1
peleus 1
reigns 1
great 1
in 1
his 1
phthia 1
and 1
his 1
throne 1
maintains 1
or 1
weak 1
and 1
old 1
my 1
youthful 1
arm 1
demands 1
to 1
fix 1
the 1
sceptre 1
steadfast 1
in 1
his 1
hands 1
o 1
might 1
the 1
lamp 1
of 1
life 1
rekindled 1
burn 1
and 1
death 1
release 1
me 1
from 1
the 1
silent 1
urn 1
this 1
arm 1
that 1
thunderd 1
oer 1
the 1
phrygian 1
plain 1
and 1
swelld 1
the 1
ground 1
with 1
mountains 1
of 1
the 1
slain 1
should 1
vindicate 1
my 1
injured 1
fathers 1
fame 1
crush 1
the 1
proud 1
rebel 1
and 1
assert 1
his 1
claim 1
illustrious 1
shade 1
i 1
cried 1
of 1
peleus 1
fates 1
no 1
circumstance 1
the 1
voice 1
of 1
fame 1
relates 1
but 1
hear 1
with 1
pleased 1
attention 1
the 1
renown 1
the 1
wars 1
and 1
wisdom 1
of 1
thy 1
gallant 1
son 1
with 1
me 1
from 1
scyros 1
to 1
the 1
field 1
of 1
fame 1
radiant 1
in 1
arms 1
the 1
blooming 1
hero 1
came 1
when 1
greece 1
assembled 1
all 1
her 1
hundred 1
states 1
to 1
ripen 1
counsels 1
and 1
decide 1
debates 1
heavens 1
how 1
he 1
charmd 1
us 1
with 1
a 1
flow 1
of 1
sense 1
and 1
won 1
the 1
heart 1
with 1
manly 1
eloquence 1
he 1
first 1
was 1
seen 1
of 1
all 1
the 1
peers 1
to 1
rise 1
the 1
third 1
in 1
wisdom 1
where 1
they 1
all 1
were 1
wise 1
but 1
when 1
to 1
try 1
the 1
fortune 1
of 1
the 1
day 1
host 1
moved 1
toward 1
host 1
in 1
terrible 1
array 1
before 1
the 1
van 1
impatient 1
for 1
the 1
fight 1
with 1
martial 1
port 1
he 1
strode 1
and 1
stern 1
delight 1
heaps 1
strewd 1
on 1
heaps 1
beneath 1
his 1
falchion 1
groand 1
and 1
monuments 1
of 1
dead 1
deformd 1
the 1
ground 1
the 1
time 1
would 1
fail 1
should 1
i 1
in 1
order 1
tell 1
what 1
foes 1
were 1
vanquishd 1
and 1
what 1
numbers 1
fell 1
how 1
lost 1
through 1
love 1
eurypylus 1
was 1
slain 1
and 1
round 1
him 1
bled 1
his 1
bold 1
cetaean 1
train 1
to 1
troy 1
no 1
hero 1
came 1
of 1
nobler 1
line 1
or 1
if 1
of 1
nobler 1
memnon 1
it 1
was 1
thine 1
when 1
ilion 1
in 1
the 1
horse 1
received 1
her 1
doom 1
and 1
unseen 1
armies 1
ambushd 1
in 1
its 1
womb 1
greece 1
gave 1
her 1
latent 1
warriors 1
to 1
my 1
care 1
twas 1
mine 1
on 1
troy 1
to 1
pour 1
the 1
imprisond 1
war 1
then 1
when 1
the 1
boldest 1
bosom 1
beat 1
with 1
fear 1
when 1
the 1
stern 1
eyes 1
of 1
heroes 1
droppd 1
a 1
tear 1
fierce 1
in 1
his 1
look 1
his 1
ardent 1
valour 1
glowd 1
flushd 1
in 1
his 1
cheek 1
or 1
sallied 1
in 1
his 1
blood 1
indignant 1
in 1
the 1
dark 1
recess 1
he 1
stands 1
pants 1
for 1
the 1
battle 1
and 1
the 1
war 1
demands 1
his 1
voice 1
breathed 1
death 1
and 1
with 1
a 1
martial 1
air 1
he 1
graspd 1
his 1
sword 1
and 1
shook 1
his 1
glittering 1
spear 1
and 1
when 1
the 1
gods 1
our 1
arms 1
with 1
conquest 1
crownd 1
when 1
troys 1
proud 1
bulwarks 1
smoked 1
upon 1
the 1
ground 1
greece 1
to 1
reward 1
her 1
soldiers 1
gallant 1
toils 1
heapd 1
high 1
his 1
navy 1
with 1
unnumberd 1
spoils 1
thus 1
great 1
in 1
glory 1
from 1
the 1
din 1
of 1
war 1
safe 1
he 1
returnd 1
without 1
one 1
hostile 1
scar 1
though 1
spears 1
in 1
iron 1
tempests 1
raind 1
around 1
yet 1
innocent 1
they 1
playd 1
and 1
guiltless 1
of 1
a 1
wound 1
while 1
yet 1
i 1
spoke 1
the 1
shade 1
with 1
transport 1
glowd 1
rose 1
in 1
his 1
majesty 1
and 1
nobler 1
trod 1
with 1
haughty 1
stalk 1
he 1
sought 1
the 1
distant 1
glades 1
of 1
warrior 1
kings 1
and 1
joind 1
the 1
illustrious 1
shades 1
now 1
without 1
number 1
ghost 1
by 1
ghost 1
arose 1
all 1
wailing 1
with 1
unutterable 1
woes 1
alone 1
apart 1
in 1
discontented 1
mood 1
a 1
gloomy 1
shade 1
the 1
sullen 1
ajax 1
stood 1
for 1
ever 1
sad 1
with 1
proud 1
disdain 1
he 1
pined 1
and 1
the 1
lost 1
arms 1
for 1
ever 1
stung 1
his 1
mind 1
though 1
to 1
the 1
contest 1
thetis 1
gave 1
the 1
laws 1
and 1
pallas 1
by 1
the 1
trojans 1
judged 1
the 1
cause 1
o 1
why 1
was 1
i 1
victorious 1
in 1
the 1
strife 1
o 1
dear 1
bought 1
honour 1
with 1
so 1
brave 1
a 1
life 1
with 1
him 1
the 1
strength 1
of 1
war 1
the 1
soldiers 1
pride 1
our 1
second 1
hope 1
to 1
great 1
achilles 1
died 1
touchd 1
at 1
the 1
sight 1
from 1
tears 1
i 1
scarce 1
refrain 1
and 1
tender 1
sorrow 1
thrills 1
in 1
every 1
vein 1
pensive 1
and 1
sad 1
i 1
stand 1
at 1
length 1
accost 1
with 1
accents 1
mild 1
the 1
inexorable 1
ghost 1
still 1
burns 1
thy 1
rage 1
and 1
can 1
brave 1
souls 1
resent 1
een 1
after 1
death 1
relent 1
great 1
shade 1
relent 1
perish 1
those 1
arms 1
which 1
by 1
the 1
gods 1
decree 1
accursed 1
our 1
army 1
with 1
the 1
loss 1
of 1
thee 1
with 1
thee 1
we 1
fall 1
greece 1
wept 1
thy 1
hapless 1
fates 1
and 1
shook 1
astonishd 1
through 1
her 1
hundred 1
states 1
not 1
more 1
when 1
great 1
achilles 1
pressd 1
the 1
ground 1
and 1
breathed 1
his 1
manly 1
spirit 1
through 1
the 1
wound 1
o 1
deem 1
thy 1
fall 1
not 1
owed 1
to 1
mans 1
decree 1
jove 1
hated 1
greece 1
and 1
punishd 1
greece 1
in 1
thee 1
turn 1
then 1
oh 1
peaceful 1
turn 1
thy 1
wrath 1
control 1
and 1
calm 1
the 1
raging 1
tempest 1
of 1
thy 1
soul 1
while 1
yet 1
i 1
speak 1
the 1
shade 1
disdains 1
to 1
stay 1
in 1
silence 1
turns 1
and 1
sullen 1
stalks 1
away 1
touchd 1
at 1
his 1
sour 1
retreat 1
through 1
deepest 1
night 1
through 1
hells 1
black 1
bounds 1
i 1
had 1
pursued 1
his 1
flight 1
and 1
forced 1
the 1
stubborn 1
spectre 1
to 1
reply 1
but 1
wondrous 1
visions 1
drew 1
my 1
curious 1
eye 1
high 1
on 1
a 1
throne 1
tremendous 1
to 1
behold 1
stern 1
minos 1
waves 1
a 1
mace 1
of 1
burnishd 1
gold 1
around 1
ten 1
thousand 1
thousand 1
spectres 1
stand 1
through 1
the 1
wide 1
dome 1
of 1
dis 1
a 1
trembling 1
band 1
still 1
as 1
they 1
plead 1
the 1
fatal 1
lots 1
he 1
rolls 1
absolves 1
the 1
just 1
and 1
dooms 1
the 1
guilty 1
souls 1
the 1
huge 1
orion 1
of 1
portentous 1
size 1
swift 1
through 1
the 1
gloom 1
a 1
gianthunter 1
flies 1
a 1
ponderous 1
mace 1
of 1
brass 1
with 1
direful 1
sway 1
aloft 1
he 1
whirls 1
to 1
crush 1
the 1
savage 1
prey 1
stern 1
beasts 1
in 1
trains 1
that 1
by 1
his 1
truncheon 1
fell 1
now 1
grisly 1
forms 1
shoot 1
oer 1
the 1
lawns 1
of 1
hell 1
there 1
tityus 1
large 1
and 1
long 1
in 1
fetters 1
bound 1
oerspreads 1
nine 1
acres 1
of 1
infernal 1
ground 1
two 1
ravenous 1
vultures 1
furious 1
for 1
their 1
food 1
scream 1
oer 1
the 1
fiend 1
and 1
riot 1
in 1
his 1
blood 1
incessant 1
gore 1
the 1
liver 1
in 1
his 1
breast 1
the 1
immortal 1
liver 1
grows 1
and 1
gives 1
the 1
immortal 1
feast 1
for 1
as 1
oer 1
panopes 1
enamelld 1
plains 1
latona 1
journeyd 1
to 1
the 1
pythian 1
fanes 1
with 1
haughty 1
love 1
the 1
audacious 1
monster 1
strove 1
to 1
force 1
the 1
goddess 1
and 1
to 1
rival 1
jove 1
there 1
tantalus 1
along 1
the 1
stygian 1
bounds 1
pours 1
out 1
deep 1
groans 1
with 1
groans 1
all 1
hell 1
resounds 1
een 1
in 1
the 1
circling 1
floods 1
refreshment 1
craves 1
and 1
pines 1
with 1
thirst 1
amidst 1
a 1
sea 1
of 1
waves 1
when 1
to 1
the 1
water 1
he 1
his 1
lip 1
applies 1
back 1
from 1
his 1
lip 1
the 1
treacherous 1
water 1
flies 1
above 1
beneath 1
around 1
his 1
hapless 1
head 1
trees 1
of 1
all 1
kinds 1
delicious 1
fruitage 1
spread 1
there 1
figs 1
skydyed 1
a 1
purple 1
hue 1
disclose 1
green 1
looks 1
the 1
olive 1
the 1
pomegranate 1
glows 1
there 1
dangling 1
pears 1
exalting 1
scents 1
unfold 1
and 1
yellow 1
apples 1
ripen 1
into 1
gold 1
the 1
fruit 1
he 1
strives 1
to 1
seize 1
but 1
blasts 1
arise 1
toss 1
it 1
on 1
high 1
and 1
whirl 1
it 1
to 1
the 1
skies 1
i 1
turnd 1
my 1
eye 1
and 1
as 1
i 1
turnd 1
surveyd 1
a 1
mournful 1
vision 1
the 1
sisyphian 1
shade 1
with 1
many 1
a 1
weary 1
step 1
and 1
many 1
a 1
groan 1
up 1
the 1
high 1
hill 1
he 1
heaves 1
a 1
huge 1
round 1
stone 1
the 1
huge 1
round 1
stone 1
resulting 1
with 1
a 1
bound 1
thunders 1
impetuous 1
down 1
and 1
smokes 1
along 1
the 1
ground 1
again 1
the 1
restless 1
orb 1
his 1
toil 1
renews 1
dust 1
mounts 1
in 1
clouds 1
and 1
sweat 1
descends 1
in 1
dews 1
now 1
i 1
the 1
strength 1
of 1
hercules 1
behold 1
a 1
towering 1
spectre 1
of 1
gigantic 1
mould 1
a 1
shadowy 1
form 1
for 1
high 1
in 1
heavens 1
abodes 1
himself 1
resides 1
a 1
god 1
among 1
the 1
gods 1
there 1
in 1
the 1
bright 1
assemblies 1
of 1
the 1
skies 1
he 1
nectar 1
quaffs 1
and 1
hebe 1
crowns 1
his 1
joys 1
here 1
hovering 1
ghosts 1
like 1
fowl 1
his 1
shade 1
surround 1
and 1
clang 1
their 1
pinions 1
with 1
terrific 1
sound 1
gloomy 1
as 1
night 1
he 1
stands 1
in 1
act 1
to 1
throw 1
the 1
aerial 1
arrow 1
from 1
the 1
twanging 1
bow 1
around 1
his 1
breast 1
a 1
wondrous 1
zone 1
is 1
rolld 1
where 1
woodland 1
monsters 1
grin 1
in 1
fretted 1
gold 1
there 1
sullen 1
lions 1
sternly 1
seem 1
to 1
roar 1
the 1
bear 1
to 1
growl 1
to 1
foam 1
the 1
tusky 1
boar 1
there 1
war 1
and 1
havoc 1
and 1
destruction 1
stood 1
and 1
vengeful 1
murder 1
red 1
with 1
human 1
blood 1
thus 1
terribly 1
adorned 1
the 1
figures 1
shine 1
inimitably 1
wrought 1
with 1
skill 1
divine 1
the 1
mighty 1
good 1
advanced 1
with 1
awful 1
look 1
and 1
turning 1
his 1
grim 1
visage 1
sternly 1
spoke 1
o 1
exercise 1
in 1
grief 1
by 1
arts 1
refined 1
o 1
taught 1
to 1
bear 1
the 1
wrongs 1
of 1
base 1
mankind 1
such 1
such 1
was 1
i 1
still 1
tossd 1
from 1
care 1
to 1
care 1
while 1
in 1
your 1
world 1
i 1
drew 1
the 1
vital 1
air 1
een 1
i 1
who 1
from 1
the 1
lord 1
of 1
thunders 1
rose 1
bore 1
toils 1
and 1
dangers 1
and 1
a 1
weight 1
of 1
woes 1
to 1
a 1
base 1
monarch 1
still 1
a 1
slave 1
confined 1
the 1
hardest 1
bondage 1
to 1
a 1
generous 1
mind 1
down 1
to 1
these 1
worlds 1
i 1
trod 1
the 1
dismal 1
way 1
and 1
draggd 1
the 1
threemouthd 1
dog 1
to 1
upper 1
day 1
een 1
hell 1
i 1
conquerd 1
through 1
the 1
friendly 1
aid 1
of 1
maias 1
offspring 1
and 1
the 1
martial 1
maid 1
thus 1
he 1
nor 1
deignd 1
for 1
our 1
reply 1
to 1
stay 1
but 1
turning 1
stalkd 1
with 1
giantstrides 1
away 1
curious 1
to 1
view 1
the 1
kings 1
of 1
ancient 1
days 1
the 1
mighty 1
dead 1
that 1
live 1
in 1
endless 1
praise 1
resolved 1
i 1
stand 1
and 1
haply 1
had 1
surveyd 1
the 1
godlike 1
theseus 1
and 1
pirithous 1
shade 1
but 1
swarms 1
of 1
spectres 1
rose 1
from 1
deepest 1
hell 1
with 1
bloodless 1
visage 1
and 1
with 1
hideous 1
yell 1
they 1
scream 1
they 1
shriek 1
and 1
groans 1
and 1
dismal 1
sounds 1
stun 1
my 1
scared 1
ears 1
and 1
pierce 1
hells 1
utmost 1
bounds 1
no 1
more 1
my 1
heart 1
the 1
dismal 1
din 1
sustains 1
and 1
my 1
cold 1
blood 1
hangs 1
shivering 1
in 1
my 1
veins 1
lest 1
gorgon 1
rising 1
from 1
the 1
infernal 1
lakes 1
with 1
horrors 1
armd 1
and 1
curls 1
of 1
hissing 1
snakes 1
should 1
fix 1
me 1
stiffend 1
at 1
the 1
monstrous 1
sight 1
a 1
stony 1
image 1
in 1
eternal 1
night 1
straight 1
from 1
the 1
direful 1
coast 1
to 1
purer 1
air 1
i 1
speed 1
my 1
flight 1
and 1
to 1
my 1
mates 1
repair 1
my 1
mates 1
ascend 1
the 1
ship 1
they 1
strike 1
their 1
oars 1
the 1
mountains 1
lessen 1
and 1
retreat 1
the 1
shores 1
swift 1
oer 1
the 1
waves 1
we 1
fly 1
the 1
freshening 1
gales 1
sing 1
through 1
the 1
shrouds 1
and 1
stretch 1
the 1
swelling 1
sails 1
book 1
xii 1
argument 1
the 1
sirene 1
scylla 1
and 1
charybdis 1
he 1
relates 1
how 1
after 1
his 1
return 1
from 1
the 1
shades 1
he 1
was 1
sent 1
by 1
circe 1
on 1
his 1
voyage 1
by 1
the 1
coast 1
of 1
the 1
sirens 1
and 1
by 1
the 1
strait 1
of 1
scylla 1
and 1
charybdis 1
the 1
manner 1
in 1
which 1
he 1
escaped 1
those 1
dangers 1
how 1
being 1
cast 1
on 1
the 1
island 1
trinacria 1
his 1
companions 1
destroyed 1
the 1
oxen 1
of 1
the 1
sun 1
the 1
vengeance 1
that 1
followed 1
how 1
all 1
perished 1
by 1
shipwreck 1
except 1
himself 1
who 1
swimming 1
on 1
the 1
mast 1
of 1
the 1
ship 1
arrived 1
on 1
the 1
island 1
of 1
calypso 1
with 1
which 1
his 1
narration 1
concludes 1
thus 1
oer 1
the 1
rolling 1
surge 1
the 1
vessel 1
flies 1
till 1
from 1
the 1
waves 1
the 1
aeaean 1
hills 1
arise 1
here 1
the 1
gay 1
morn 1
resides 1
in 1
radiant 1
bowers 1
here 1
keeps 1
here 1
revels 1
with 1
the 1
dancing 1
hours 1
here 1
phoebus 1
rising 1
in 1
the 1
ethereal 1
way 1
through 1
heavens 1
bright 1
portals 1
pours 1
the 1
beamy 1
day 1
at 1
once 1
we 1
fix 1
our 1
halsers 1
on 1
the 1
land 1
at 1
once 1
descend 1
and 1
press 1
the 1
desert 1
sand 1
there 1
worn 1
and 1
wasted 1
lose 1
our 1
cares 1
in 1
sleep 1
to 1
the 1
hoarse 1
murmurs 1
of 1
the 1
rolling 1
deep 1
soon 1
as 1
the 1
morn 1
restored 1
the 1
day 1
we 1
paid 1
sepulchral 1
honours 1
to 1
elpenors 1
shade 1
now 1
by 1
the 1
axe 1
the 1
rushing 1
forest 1
bends 1
and 1
the 1
huge 1
pile 1
along 1
the 1
shore 1
ascends 1
around 1
we 1
stand 1
a 1
melancholy 1
train 1
and 1
a 1
loud 1
groan 1
reechoes 1
from 1
the 1
main 1
fierce 1
oer 1
the 1
pyre 1
by 1
fanning 1
breezes 1
spread 1
the 1
hungry 1
flames 1
devour 1
the 1
silent 1
dead 1
a 1
rising 1
tomb 1
the 1
silent 1
dead 1
to 1
grace 1
fast 1
by 1
the 1
roarings 1
of 1
the 1
main 1
we 1
place 1
the 1
rising 1
tomb 1
a 1
lofty 1
column 1
bore 1
and 1
high 1
above 1
it 1
rose 1
the 1
tapering 1
oar 1
meantime 1
the 1
goddess 1
our 1
return 1
surveyd 1
from 1
the 1
pale 1
ghosts 1
and 1
hells 1
tremendous 1
shade 1
swift 1
she 1
descends 1
a 1
train 1
of 1
nymphs 1
divine 1
bear 1
the 1
rich 1
viands 1
and 1
the 1
generous 1
wine 1
in 1
act 1
to 1
speak 1
the 1
power 1
of 1
magic 1
stands 1
and 1
graceful 1
thus 1
accosts 1
the 1
listening 1
bands 1
o 1
sons 1
of 1
woe 1
decreed 1
by 1
adverse 1
fates 1
alive 1
to 1
pass 1
through 1
hells 1
eternal 1
gates 1
all 1
soon 1
or 1
late 1
are 1
doomd 1
that 1
path 1
to 1
tread 1
more 1
wretched 1
you 1
twice 1
numberd 1
with 1
the 1
dead 1
this 1
day 1
adjourn 1
your 1
cares 1
exalt 1
your 1
souls 1
indulge 1
the 1
taste 1
and 1
drain 1
the 1
sparkling 1
bowls 1
and 1
when 1
the 1
morn 1
unveils 1
her 1
saffron 1
ray 1
spread 1
your 1
broad 1
sails 1
and 1
plough 1
the 1
liquid 1
way 1
lo 1
i 1
this 1
night 1
your 1
faithful 1
guide 1
explain 1
your 1
woes 1
by 1
land 1
your 1
dangers 1
on 1
the 1
main 1
the 1
goddess 1
spoke 1
in 1
feasts 1
we 1
waste 1
the 1
day 1
till 1
phoebus 1
downward 1
plunged 1
his 1
burning 1
ray 1
then 1
sable 1
night 1
ascends 1
and 1
balmy 1
rest 1
seals 1
every 1
eye 1
and 1
calms 1
the 1
troubled 1
breast 1
then 1
curious 1
she 1
commands 1
me 1
to 1
relate 1
the 1
dreadful 1
scenes 1
of 1
plutos 1
dreary 1
state 1
she 1
sat 1
in 1
silence 1
while 1
the 1
tale 1
i 1
tell 1
the 1
wondrous 1
visions 1
and 1
the 1
laws 1
of 1
hell 1
then 1
thus 1
the 1
lot 1
of 1
man 1
the 1
gods 1
dispose 1
these 1
ills 1
are 1
past 1
now 1
hear 1
thy 1
future 1
woes 1
o 1
prince 1
attend 1
some 1
favouring 1
power 1
be 1
kind 1
and 1
print 1
the 1
important 1
story 1
on 1
thy 1
mind 1
next 1
where 1
the 1
sirens 1
dwells 1
you 1
plough 1
the 1
seas 1
their 1
song 1
is 1
death 1
and 1
makes 1
destruction 1
please 1
unblest 1
the 1
man 1
whom 1
music 1
wins 1
to 1
stay 1
nigh 1
the 1
cursed 1
shore 1
and 1
listen 1
to 1
the 1
lay 1
no 1
more 1
that 1
wretch 1
shall 1
view 1
the 1
joys 1
of 1
life 1
his 1
blooming 1
offspring 1
or 1
his 1
beauteous 1
wife 1
in 1
verdant 1
meads 1
they 1
sport 1
and 1
wide 1
around 1
lie 1
human 1
bones 1
that 1
whiten 1
all 1
the 1
ground 1
the 1
ground 1
polluted 1
floats 1
with 1
human 1
gore 1
and 1
human 1
carnage 1
taints 1
the 1
dreadful 1
shore 1
fly 1
swift 1
the 1
dangerous 1
coast 1
let 1
every 1
ear 1
be 1
stoppd 1
against 1
the 1
song 1
tis 1
death 1
to 1
hear 1
firm 1
to 1
the 1
mast 1
with 1
chains 1
thyself 1
be 1
bound 1
nor 1
trust 1
thy 1
virtue 1
to 1
the 1
enchanting 1
sound 1
if 1
mad 1
with 1
transport 1
freedom 1
thou 1
demand 1
be 1
every 1
fetter 1
straind 1
and 1
added 1
band 1
to 1
band 1
these 1
seas 1
oerpassd 1
be 1
wise 1
but 1
i 1
refrain 1
to 1
mark 1
distinct 1
thy 1
voyage 1
oer 1
the 1
main 1
new 1
horrors 1
rise 1
let 1
prudence 1
be 1
thy 1
guide 1
and 1
guard 1
thy 1
various 1
passage 1
through 1
the 1
tide 1
high 1
oer 1
the 1
main 1
two 1
rocks 1
exalt 1
their 1
brow 1
the 1
boiling 1
billows 1
thundering 1
roll 1
below 1
through 1
the 1
vast 1
waves 1
the 1
dreadful 1
wonders 1
move 1
hence 1
named 1
erratic 1
by 1
the 1
gods 1
above 1
no 1
bird 1
of 1
air 1
no 1
dove 1
of 1
swiftest 1
wing 1
that 1
bears 1
ambrosia 1
to 1
the 1
ethereal 1
king 1
shuns 1
the 1
dire 1
rocks 1
in 1
vain 1
she 1
cuts 1
the 1
skies 1
the 1
dire 1
rocks 1
meet 1
and 1
crush 1
her 1
as 1
she 1
flies 1
not 1
the 1
fleet 1
bark 1
when 1
prosperous 1
breezes 1
play 1
ploughs 1
oer 1
that 1
roaring 1
surge 1
its 1
desperate 1
way 1
oerwhelmd 1
it 1
sinks 1
while 1
round 1
a 1
smoke 1
expires 1
and 1
the 1
waves 1
flashing 1
seem 1
to 1
burn 1
with 1
fires 1
scarce 1
the 1
famed 1
argo 1
passd 1
these 1
raging 1
floods 1
the 1
sacred 1
argo 1
filld 1
with 1
demigods 1
een 1
she 1
had 1
sunk 1
but 1
joves 1
imperial 1
bride 1
wingd 1
her 1
fleet 1
sail 1
and 1
pushd 1
her 1
oer 1
the 1
tide 1
high 1
in 1
the 1
air 1
the 1
rock 1
its 1
summit 1
shrouds 1
in 1
brooding 1
tempests 1
and 1
in 1
rolling 1
clouds 1
loud 1
storms 1
around 1
and 1
mists 1
eternal 1
rise 1
beat 1
its 1
bleak 1
brow 1
and 1
intercept 1
the 1
skies 1
when 1
all 1
the 1
broad 1
expansion 1
bright 1
with 1
day 1
glows 1
with 1
the 1
autumnal 1
or 1
the 1
summer 1
ray 1
the 1
summer 1
and 1
the 1
autumn 1
glow 1
in 1
vain 1
the 1
sky 1
for 1
ever 1
lowers 1
for 1
ever 1
clouds 1
remain 1
impervious 1
to 1
the 1
step 1
of 1
man 1
it 1
stands 1
though 1
borne 1
by 1
twenty 1
feet 1
though 1
armd 1
with 1
twenty 1
hands 1
smooth 1
as 1
the 1
polish 1
of 1
the 1
mirror 1
rise 1
the 1
slippery 1
sides 1
and 1
shoot 1
into 1
the 1
skies 1
full 1
in 1
the 1
centre 1
of 1
this 1
rock 1
displayd 1
a 1
yawning 1
cavern 1
casts 1
a 1
dreadful 1
shade 1
nor 1
the 1
fleet 1
arrow 1
from 1
the 1
twanging 1
bow 1
sent 1
with 1
full 1
force 1
could 1
reach 1
the 1
depth 1
below 1
wide 1
to 1
the 1
west 1
the 1
horrid 1
gulf 1
extends 1
and 1
the 1
dire 1
passage 1
down 1
to 1
hell 1
descends 1
o 1
fly 1
the 1
dreadful 1
sight 1
expand 1
thy 1
sails 1
ply 1
the 1
strong 1
oar 1
and 1
catch 1
the 1
nimble 1
gales 1
here 1
scylla 1
bellows 1
from 1
the 1
dire 1
abodes 1
tremendous 1
pest 1
abhorrd 1
by 1
man 1
and 1
gods 1
hideous 1
her 1
voice 1
and 1
with 1
less 1
terrors 1
roar 1
the 1
whelps 1
of 1
lions 1
in 1
the 1
midnight 1
hour 1
twelve 1
feet 1
deformd 1
and 1
foul 1
the 1
fiend 1
dispreads 1
six 1
horrid 1
necks 1
she 1
rears 1
and 1
six 1
terrific 1
heads 1
her 1
jaws 1
grin 1
dreadful 1
with 1
three 1
rows 1
of 1
teeth 1
jaggy 1
they 1
stand 1
the 1
gaping 1
den 1
of 1
death 1
her 1
parts 1
obscene 1
the 1
raging 1
billows 1
hide 1
her 1
bosom 1
terribly 1
oerlooks 1
the 1
tide 1
when 1
stung 1
with 1
hunger 1
she 1
embroils 1
the 1
flood 1
the 1
seadog 1
and 1
the 1
dolphin 1
are 1
her 1
food 1
she 1
makes 1
the 1
huge 1
leviathan 1
her 1
prey 1
and 1
all 1
the 1
monsters 1
of 1
the 1
watery 1
way 1
the 1
swiftest 1
racer 1
of 1
the 1
azure 1
plain 1
here 1
fills 1
her 1
sails 1
and 1
spreads 1
her 1
oars 1
in 1
vain 1
fell 1
scylla 1
rises 1
in 1
her 1
fury 1
roars 1
at 1
once 1
six 1
mouths 1
expands 1
at 1
once 1
six 1
men 1
devours 1
close 1
by 1
a 1
rock 1
of 1
less 1
enormous 1
height 1
breaks 1
the 1
wild 1
waves 1
and 1
forms 1
a 1
dangerous 1
strait 1
full 1
on 1
its 1
crown 1
a 1
figs 1
green 1
branches 1
rise 1
and 1
shoot 1
a 1
leafy 1
forest 1
to 1
the 1
skies 1
beneath 1
charybdis 1
holds 1
her 1
boisterous 1
reign 1
midst 1
roaring 1
whirlpools 1
and 1
absorbs 1
the 1
main 1
thrice 1
in 1
her 1
gulfs 1
the 1
boiling 1
seas 1
subside 1
thrice 1
in 1
dire 1
thunders 1
she 1
refunds 1
the 1
tide 1
oh 1
if 1
thy 1
vessel 1
plough 1
the 1
direful 1
waves 1
when 1
seas 1
retreating 1
roar 1
within 1
her 1
caves 1
ye 1
perish 1
all 1
though 1
he 1
who 1
rules 1
the 1
main 1
lends 1
his 1
strong 1
aid 1
his 1
aid 1
he 1
lends 1
in 1
vain 1
ah 1
shun 1
the 1
horrid 1
gulf 1
by 1
scylla 1
fly 1
tis 1
better 1
six 1
to 1
lose 1
than 1
all 1
to 1
die 1
i 1
then 1
o 1
nymph 1
propitious 1
to 1
my 1
prayer 1
goddess 1
divine 1
my 1
guardian 1
power 1
declare 1
is 1
the 1
foul 1
fiend 1
from 1
human 1
vengeance 1
freed 1
or 1
if 1
i 1
rise 1
in 1
arms 1
can 1
scylla 1
bleed 1
then 1
she 1
o 1
worn 1
by 1
toils 1
o 1
broke 1
in 1
fight 1
still 1
are 1
new 1
toils 1
and 1
war 1
thy 1
dire 1
delight 1
will 1
martial 1
flames 1
for 1
ever 1
fire 1
thy 1
mind 1
and 1
never 1
never 1
be 1
to 1
heaven 1
resignd 1
how 1
vain 1
thy 1
efforts 1
to 1
avenge 1
the 1
wrong 1
deathless 1
the 1
pest 1
impenetrably 1
strong 1
furious 1
and 1
fell 1
tremendous 1
to 1
behold 1
een 1
with 1
a 1
look 1
she 1
withers 1
all 1
the 1
bold 1
she 1
mocks 1
the 1
weak 1
attempts 1
of 1
human 1
might 1
oh 1
fly 1
her 1
rage 1
thy 1
conquest 1
is 1
thy 1
flight 1
if 1
but 1
to 1
seize 1
thy 1
arms 1
thou 1
make 1
delay 1
again 1
thy 1
fury 1
vindicates 1
her 1
prey 1
her 1
six 1
mouths 1
yawn 1
and 1
six 1
are 1
snatchd 1
away 1
from 1
her 1
foul 1
wound 1
crataeis 1
gave 1
to 1
air 1
this 1
dreadful 1
pest 1
to 1
her 1
direct 1
thy 1
prayer 1
to 1
curb 1
the 1
monster 1
in 1
her 1
dire 1
abodes 1
and 1
guard 1
thee 1
through 1
the 1
tumult 1
of 1
the 1
floods 1
thence 1
to 1
trinacrias 1
shore 1
you 1
bend 1
your 1
way 1
where 1
graze 1
thy 1
herds 1
illustrious 1
source 1
of 1
day 1
seven 1
herds 1
seven 1
flocks 1
enrich 1
the 1
sacred 1
plains 1
each 1
herd 1
each 1
flock 1
full 1
fifty 1
heads 1
contains 1
the 1
wondrous 1
kind 1
a 1
length 1
of 1
age 1
survey 1
by 1
breed 1
increase 1
not 1
nor 1
by 1
death 1
decay 1
two 1
sister 1
goddesses 1
possess 1
the 1
plain 1
the 1
constant 1
guardian 1
of 1
the 1
woolly 1
train 1
lampetie 1
fair 1
and 1
phaethusa 1
young 1
from 1
phoebus 1
and 1
the 1
bright 1
neaea 1
sprung 1
here 1
watchful 1
oer 1
the 1
flocks 1
in 1
shady 1
bowers 1
and 1
flowery 1
meads 1
they 1
waste 1
the 1
joyous 1
hours 1
rob 1
not 1
the 1
gods 1
and 1
so 1
propitious 1
gales 1
attend 1
thy 1
voyage 1
and 1
impel 1
thy 1
sails 1
but 1
if 1
thy 1
impious 1
hands 1
the 1
flocks 1
destroy 1
the 1
gods 1
the 1
gods 1
avenge 1
it 1
and 1
ye 1
die 1
tis 1
thine 1
alone 1
thy 1
friends 1
and 1
navy 1
lost 1
through 1
tedious 1
toils 1
to 1
view 1
thy 1
native 1
coast 1
she 1
ceased 1
and 1
now 1
arose 1
the 1
morning 1
ray 1
swift 1
to 1
her 1
dome 1
the 1
goddess 1
held 1
her 1
way 1
then 1
to 1
my 1
mates 1
i 1
measured 1
back 1
the 1
plain 1
climbd 1
the 1
tall 1
bark 1
and 1
rushd 1
into 1
the 1
main 1
then 1
bending 1
to 1
the 1
stroke 1
their 1
oars 1
they 1
drew 1
to 1
their 1
broad 1
breasts 1
and 1
swift 1
the 1
galley 1
flew 1
up 1
sprung 1
a 1
brisker 1
breeze 1
with 1
freshening 1
gales 1
