a 1
blooming 1
train 1
in 1
rich 1
embroidery 1
dressd 1
with 1
earths 1
whole 1
tribute 1
the 1
bright 1
table 1
bends 1
and 1
smiling 1
round 1
celestial 1
youth 1
attends 1
stay 1
then 1
no 1
eye 1
askance 1
beholds 1
thee 1
here 1
sweet 1
is 1
thy 1
converse 1
to 1
each 1
social 1
ear 1
well 1
pleased 1
and 1
pleasing 1
in 1
our 1
cottage 1
rest 1
till 1
good 1
telemachus 1
accepts 1
his 1
guest 1
with 1
genial 1
gifts 1
and 1
change 1
of 1
fair 1
attires 1
and 1
safe 1
conveys 1
thee 1
where 1
thy 1
soul 1
desires 1
to 1
him 1
the 1
man 1
of 1
woes 1
o 1
gracious 1
jove 1
reward 1
this 1
strangers 1
hospitable 1
love 1
who 1
knows 1
the 1
son 1
of 1
sorrow 1
to 1
relieve 1
cheers 1
the 1
sad 1
heart 1
nor 1
lets 1
affliction 1
grieve 1
of 1
all 1
the 1
ills 1
unhappy 1
mortals 1
know 1
a 1
life 1
of 1
wanderings 1
is 1
the 1
greatest 1
woe 1
on 1
all 1
their 1
weary 1
ways 1
wait 1
care 1
and 1
pain 1
and 1
pine 1
and 1
penury 1
a 1
meagre 1
train 1
to 1
such 1
a 1
man 1
since 1
harbour 1
you 1
afford 1
relate 1
the 1
farther 1
fortunes 1
of 1
your 1
lord 1
what 1
cares 1
his 1
mothers 1
tender 1
breast 1
engage 1
and 1
sire 1
forsaken 1
on 1
the 1
verge 1
of 1
age 1
beneath 1
the 1
sun 1
prolong 1
they 1
yet 1
their 1
breath 1
or 1
range 1
the 1
house 1
of 1
darkness 1
and 1
of 1
death 1
to 1
whom 1
the 1
swain 1
attend 1
what 1
you 1
enquire 1
laertes 1
lives 1
the 1
miserable 1
sire 1
lives 1
but 1
implores 1
of 1
every 1
power 1
to 1
lay 1
the 1
burden 1
down 1
and 1
wishes 1
for 1
the 1
day 1
torn 1
from 1
his 1
offspring 1
in 1
the 1
eve 1
of 1
life 1
torn 1
from 1
the 1
embraces 1
of 1
his 1
tender 1
wife 1
sole 1
and 1
all 1
comfortless 1
he 1
wastes 1
away 1
old 1
age 1
untimely 1
posting 1
ere 1
his 1
day 1
she 1
too 1
sad 1
mother 1
for 1
ulysses 1
lost 1
pined 1
out 1
her 1
bloom 1
and 1
vanishd 1
to 1
a 1
ghost 1
so 1
dire 1
a 1
fate 1
ye 1
righteous 1
gods 1
avert 1
from 1
every 1
friendly 1
every 1
feeling 1
heart 1
while 1
yet 1
she 1
was 1
though 1
clouded 1
oer 1
with 1
grief 1
her 1
pleasing 1
converse 1
ministerd 1
relief 1
with 1
climene 1
her 1
youngest 1
daughter 1
bred 1
one 1
roof 1
containd 1
us 1
and 1
one 1
table 1
fed 1
but 1
when 1
the 1
softlystealing 1
pace 1
of 1
time 1
crept 1
on 1
from 1
childhood 1
into 1
youthful 1
prime 1
to 1
samos 1
isle 1
she 1
sent 1
the 1
wedded 1
fair 1
me 1
to 1
the 1
fields 1
to 1
tend 1
the 1
rural 1
care 1
arrayd 1
in 1
garments 1
her 1
own 1
hands 1
had 1
wove 1
nor 1
less 1
the 1
darling 1
object 1
of 1
her 1
love 1
her 1
hapless 1
death 1
my 1
brighter 1
days 1
oercast 1
yet 1
providence 1
deserts 1
me 1
not 1
at 1
last 1
my 1
present 1
labours 1
food 1
and 1
drink 1
procure 1
and 1
more 1
the 1
pleasure 1
to 1
relieve 1
the 1
poor 1
small 1
is 1
the 1
comfort 1
from 1
the 1
queen 1
to 1
hear 1
unwelcome 1
news 1
or 1
vex 1
the 1
royal 1
ear 1
blank 1
and 1
discountenanced 1
the 1
servants 1
stand 1
nor 1
dare 1
to 1
question 1
where 1
the 1
proud 1
command 1
no 1
profit 1
springs 1
beneath 1
usurping 1
powers 1
want 1
feeds 1
not 1
there 1
where 1
luxury 1
devours 1
nor 1
harbours 1
charity 1
where 1
riot 1
reigns 1
proud 1
are 1
the 1
lords 1
and 1
wretched 1
are 1
the 1
swains 1
the 1
suffering 1
chief 1
at 1
this 1
began 1
to 1
melt 1
and 1
o 1
eumaeus 1
thou 1
he 1
cries 1
hast 1
felt 1
the 1
spite 1
of 1
fortune 1
too 1
her 1
cruel 1
hand 1
snatchd 1
thee 1
an 1
infant 1
from 1
thy 1
native 1
land 1
snatchd 1
from 1
thy 1
parents 1
arms 1
thy 1
parents 1
eyes 1
to 1
early 1
wants 1
a 1
man 1
of 1
miseries 1
the 1
whole 1
sad 1
story 1
from 1
its 1
first 1
declare 1
sunk 1
the 1
fair 1
city 1
by 1
the 1
rage 1
of 1
war 1
where 1
once 1
thy 1
parents 1
dwelt 1
or 1
did 1
they 1
keep 1
in 1
humbler 1
life 1
the 1
lowing 1
herds 1
and 1
sheep 1
so 1
left 1
perhaps 1
to 1
tend 1
the 1
fleecy 1
train 1
rude 1
pirates 1
seized 1
and 1
shippd 1
thee 1
oer 1
the 1
main 1
doomd 1
a 1
fair 1
prize 1
to 1
grace 1
some 1
princes 1
board 1
the 1
worthy 1
purchase 1
of 1
a 1
foreign 1
lord 1
if 1
then 1
my 1
fortunes 1
can 1
delight 1
my 1
friend 1
a 1
story 1
fruitful 1
of 1
events 1
attend 1
anothers 1
sorrow 1
may 1
thy 1
ears 1
enjoy 1
and 1
wine 1
the 1
lengthend 1
intervals 1
employ 1
long 1
nights 1
the 1
now 1
declining 1
year 1
bestows 1
a 1
part 1
we 1
consecrate 1
to 1
soft 1
repose 1
a 1
part 1
in 1
pleasing 1
talk 1
we 1
entertain 1
for 1
too 1
much 1
rest 1
itself 1
becomes 1
a 1
pain 1
let 1
those 1
whom 1
sleep 1
invites 1
the 1
call 1
obey 1
their 1
cares 1
resuming 1
with 1
the 1
dawning 1
day 1
here 1
let 1
us 1
feast 1
and 1
to 1
the 1
feast 1
be 1
joind 1
discourse 1
the 1
sweeter 1
banquet 1
of 1
the 1
mind 1
review 1
the 1
series 1
of 1
our 1
lives 1
and 1
taste 1
the 1
melancholy 1
joy 1
of 1
evils 1
passd 1
for 1
he 1
who 1
much 1
has 1
sufferd 1
much 1
will 1
know 1
and 1
pleased 1
remembrance 1
builds 1
delight 1
on 1
woe 1
above 1
ortygia 1
lies 1
an 1
isle 1
of 1
fame 1
far 1
hence 1
remote 1
and 1
syria 1
is 1
the 1
name 1
there 1
curious 1
eyes 1
inscribed 1
with 1
wonder 1
trace 1
the 1
suns 1
diurnal 1
and 1
his 1
annual 1
race 1
not 1
large 1
but 1
fruitful 1
stored 1
with 1
grass 1
to 1
keep 1
the 1
bellowing 1
oxen 1
and 1
the 1
bleating 1
sheep 1
her 1
sloping 1
hills 1
the 1
mantling 1
vines 1
adorn 1
and 1
her 1
rich 1
valleys 1
wave 1
with 1
golden 1
corn 1
no 1
want 1
no 1
famine 1
the 1
glad 1
natives 1
know 1
nor 1
sink 1
by 1
sickness 1
to 1
the 1
shades 1
below 1
but 1
when 1
a 1
length 1
of 1
years 1
unnerves 1
the 1
strong 1
apollo 1
comes 1
and 1
cynthia 1
comes 1
along 1
they 1
bend 1
the 1
silver 1
bow 1
with 1
tender 1
skill 1
and 1
void 1
of 1
pain 1
the 1
silent 1
arrows 1
kill 1
two 1
equal 1
tribes 1
this 1
fertile 1
land 1
divide 1
where 1
two 1
fair 1
cities 1
rise 1
with 1
equal 1
pride 1
but 1
both 1
in 1
constant 1
peace 1
one 1
prince 1
obey 1
and 1
ctesius 1
there 1
my 1
father 1
holds 1
the 1
sway 1
freighted 1
it 1
seems 1
with 1
toys 1
of 1
every 1
sort 1
a 1
ship 1
of 1
sidon 1
anchord 1
in 1
our 1
port 1
what 1
time 1
it 1
chanced 1
the 1
palace 1
entertaind 1
skilld 1
in 1
rich 1
works 1
a 1
woman 1
of 1
their 1
land 1
this 1
nymph 1
where 1
anchord 1
the 1
phoenician 1
train 1
to 1
wash 1
her 1
robes 1
descending 1
to 1
the 1
main 1
a 1
smooth 1
tongued 1
sailor 1
won 1
her 1
to 1
his 1
mind 1
for 1
love 1
deceives 1
the 1
best 1
of 1
womankind 1
a 1
sudden 1
trust 1
from 1
sudden 1
liking 1
grew 1
she 1
told 1
her 1
name 1
her 1
race 1
and 1
all 1
she 1
knew 1
i 1
too 1
she 1
cried 1
from 1
glorious 1
sidon 1
came 1
my 1
father 1
arybas 1
of 1
wealthy 1
fame 1
but 1
snatchd 1
by 1
pirates 1
from 1
my 1
native 1
place 1
the 1
taphians 1
sold 1
me 1
to 1
this 1
mans 1
embrace 1
haste 1
then 1
the 1
false 1
designing 1
youth 1
replied 1
haste 1
to 1
thy 1
country 1
love 1
shall 1
be 1
thy 1
guide 1
haste 1
to 1
thy 1
fathers 1
house 1
thy 1
fathers 1
breast 1
for 1
still 1
he 1
lives 1
and 1
lives 1
with 1
riches 1
blest 1
swear 1
first 1
she 1
cried 1
ye 1
sailors 1
to 1
restore 1
a 1
wretch 1
in 1
safety 1
to 1
her 1
native 1
shore 1
swift 1
as 1
she 1
askd 1
the 1
ready 1
sailors 1
swore 1
she 1
then 1
proceeds 1
now 1
let 1
our 1
compact 1
made 1
be 1
nor 1
by 1
signal 1
nor 1
by 1
word 1
betrayd 1
nor 1
near 1
me 1
any 1
of 1
your 1
crew 1
descried 1
by 1
road 1
frequented 1
or 1
by 1
fountain 1
side 1
be 1
silence 1
still 1
our 1
guard 1
the 1
monarchs 1
spies 1
for 1
watchful 1
age 1
is 1
ready 1
to 1
surmise 1
are 1
still 1
at 1
hand 1
and 1
this 1
revealed 1
must 1
be 1
death 1
to 1
yourselves 1
eternal 1
chains 1
to 1
me 1
your 1
vessel 1
loaded 1
and 1
your 1
traffic 1
passd 1
despatch 1
a 1
wary 1
messenger 1
with 1
haste 1
then 1
gold 1
and 1
costly 1
treasures 1
will 1
i 1
bring 1
and 1
more 1
the 1
infant 1
offspring 1
of 1
the 1
king 1
him 1
childlike 1
wandering 1
forth 1
ill 1
lead 1
away 1
a 1
noble 1
prize 1
and 1
to 1
your 1
ship 1
convey 1
thus 1
spoke 1
the 1
dame 1
and 1
homeward 1
took 1
the 1
road 1
a 1
year 1
they 1
traffic 1
and 1
their 1
vessel 1
load 1
their 1
stores 1
complete 1
and 1
ready 1
now 1
to 1
weigh 1
a 1
spy 1
was 1
sent 1
their 1
summons 1
to 1
convey 1
an 1
artist 1
to 1
my 1
fathers 1
palace 1
came 1
with 1
gold 1
and 1
amber 1
chains 1
elaborate 1
frame 1
each 1
female 1
eye 1
the 1
glittering 1
links 1
employ 1
they 1
turn 1
review 1
and 1
cheapen 1
every 1
toy 1
he 1
took 1
the 1
occasion 1
as 1
they 1
stood 1
intent 1
gave 1
her 1
the 1
sign 1
and 1
to 1
his 1
vessel 1
went 1
she 1
straight 1
pursued 1
and 1
seized 1
my 1
willing 1
arm 1
i 1
followd 1
smiling 1
innocent 1
of 1
harm 1
three 1
golden 1
goblets 1
in 1
the 1
porch 1
she 1
found 1
the 1
guests 1
not 1
enterd 1
but 1
the 1
table 1
crownd 1
hid 1
in 1
her 1
fraudful 1
bosom 1
these 1
she 1
bore 1
now 1
set 1
the 1
sun 1
and 1
darkend 1
all 1
the 1
shore 1
arriving 1
then 1
where 1
tilting 1
on 1
the 1
tides 1
prepared 1
to 1
launch 1
the 1
freighted 1
vessel 1
rides 1
aboard 1
they 1
heave 1
us 1
mount 1
their 1
decks 1
and 1
sweep 1
with 1
level 1
oar 1
along 1
the 1
glassy 1
deep 1
six 1
calmy 1
days 1
and 1
six 1
smooth 1
nights 1
we 1
sail 1
and 1
constant 1
jove 1
supplied 1
the 1
gentle 1
gale 1
the 1
seventh 1
the 1
fraudful 1
wretch 1
no 1
cause 1
descried 1
touchd 1
by 1
dianas 1
vengeful 1
arrow 1
died 1
down 1
droppd 1
the 1
caitiffcorse 1
a 1
worthless 1
load 1
down 1
to 1
the 1
deep 1
there 1
rolld 1
the 1
future 1
food 1
of 1
fierce 1
seawolves 1
and 1
monsters 1
of 1
the 1
flood 1
an 1
helpless 1
infant 1
i 1
remaind 1
behind 1
thence 1
borne 1
to 1
ithaca 1
by 1
wave 1
and 1
wind 1
sold 1
to 1
laertes 1
by 1
divine 1
command 1
and 1
now 1
adopted 1
to 1
a 1
foreign 1
land 1
to 1
him 1
the 1
king 1
reciting 1
thus 1
thy 1
cares 1
my 1
secret 1
soul 1
in 1
all 1
thy 1
sorrow 1
shares 1
but 1
one 1
choice 1
blessing 1
such 1
is 1
joves 1
high 1
will 1
has 1
sweetend 1
all 1
thy 1
bitter 1
draught 1
of 1
ill 1
torn 1
from 1
thy 1
country 1
to 1
no 1
hapless 1
end 1
the 1
gods 1
have 1
in 1
a 1
master 1
given 1
a 1
friend 1
whatever 1
frugal 1
nature 1
needs 1
is 1
thine 1
for 1
she 1
needs 1
little 1
daily 1
bread 1
and 1
wine 1
while 1
i 1
so 1
many 1
wanderings 1
past 1
and 1
woes 1
live 1
but 1
on 1
what 1
thy 1
poverty 1
bestows 1
so 1
passed 1
in 1
pleasing 1
dialogue 1
away 1
the 1
night 1
then 1
down 1
to 1
short 1
repose 1
they 1
lay 1
till 1
radiant 1
rose 1
the 1
messenger 1
of 1
day 1
while 1
in 1
the 1
port 1
of 1
ithaca 1
the 1
band 1
of 1
young 1
telemachus 1
approachd 1
the 1
land 1
their 1
sails 1
they 1
loosed 1
they 1
lashd 1
the 1
mast 1
aside 1
and 1
cast 1
their 1
anchors 1
and 1
the 1
cables 1
tied 1
then 1
on 1
the 1
breezy 1
shore 1
descending 1
join 1
in 1
grateful 1
banquet 1
oer 1
the 1
rosy 1
wine 1
when 1
thus 1
the 1
prince 1
now 1
each 1
his 1
course 1
pursue 1
i 1
to 1
the 1
fields 1
and 1
to 1
the 1
city 1
you 1
long 1
absent 1
hence 1
i 1
dedicate 1
this 1
day 1
my 1
swains 1
to 1
visit 1
and 1
the 1
works 1
survey 1
expect 1
me 1
with 1
the 1
morn 1
to 1
pay 1
the 1
skies 1
our 1
debt 1
of 1
safe 1
return 1
in 1
feast 1
and 1
sacrifice 1
then 1
theoclymenus 1
but 1
who 1
shall 1
lend 1
meantime 1
protection 1
to 1
thy 1
stranger 1
friend 1
straight 1
to 1
the 1
queen 1
and 1
palace 1
shall 1
i 1
fly 1
or 1
yet 1
more 1
distant 1
to 1
some 1
lord 1
apply 1
the 1
prince 1
returnd 1
renownd 1
in 1
days 1
of 1
yore 1
has 1
stood 1
our 1
fathers 1
hospitable 1
door 1
no 1
other 1
roof 1
a 1
stranger 1
should 1
receive 1
no 1
other 1
hands 1
than 1
ours 1
the 1
welcome 1
give 1
but 1
in 1
my 1
absence 1
riot 1
fills 1
the 1
place 1
nor 1
bears 1
the 1
modest 1
queen 1
a 1
strangers 1
face 1
from 1
noiseful 1
revel 1
far 1
remote 1
she 1
flies 1
but 1
rarely 1
seen 1
or 1
seen 1
with 1
weeping 1
eyes 1
nolet 1
eurymachus 1
receive 1
my 1
guest 1
of 1
nature 1
courteous 1
and 1
by 1
far 1
the 1
best 1
he 1
woos 1
the 1
queen 1
with 1
more 1
respectful 1
flame 1
and 1
emulates 1
her 1
former 1
husbands 1
fame 1
with 1
what 1
success 1
tis 1
joves 1
alone 1
to 1
know 1
and 1
the 1
hoped 1
nuptials 1
turn 1
to 1
joy 1
or 1
woe 1
thus 1
speaking 1
on 1
the 1
right 1
upsoard 1
in 1
air 1
the 1
hawk 1
apollos 1
swiftwingd 1
messenger 1
his 1
dreadful 1
pounces 1
tore 1
a 1
trembling 1
dove 1
the 1
clotted 1
feathers 1
scatterd 1
from 1
above 1
between 1
the 1
hero 1
and 1
the 1
vessel 1
pour 1
thick 1
plumage 1
mingled 1
with 1
a 1
sanguine 1
shower 1
the 1
observing 1
augur 1
took 1
the 1
prince 1
aside 1
seized 1
by 1
the 1
hand 1
and 1
thus 1
prophetic 1
cried 1
yon 1
bird 1
that 1
dexter 1
cuts 1
the 1
aerial 1
road 1
rose 1
ominous 1
nor 1
flies 1
without 1
a 1
god 1
no 1
race 1
but 1
thine 1
shall 1
ithaca 1
obey 1
to 1
thine 1
for 1
ages 1
heaven 1
decrees 1
the 1
sway 1
succeed 1
the 1
omens 1
gods 1
the 1
youth 1
rejoind 1
soon 1
shall 1
my 1
bounties 1
speak 1
a 1
grateful 1
mind 1
and 1
soon 1
each 1
envied 1
happiness 1
attend 1
the 1
man 1
who 1
calls 1
telemachus 1
his 1
friend 1
then 1
to 1
peiraeus 1
thou 1
whom 1
time 1
has 1
proved 1
a 1
faithful 1
servant 1
by 1
thy 1
prince 1
beloved 1
till 1
we 1
returning 1
shall 1
our 1
guest 1
demand 1
accept 1
this 1
charge 1
with 1
honour 1
at 1
our 1
hand 1
to 1
this 1
peiraeus 1
joyful 1
i 1
obey 1
well 1
pleased 1
the 1
hospitable 1
rites 1
to 1
pay 1
the 1
presence 1
of 1
thy 1
guest 1
shall 1
best 1
reward 1
if 1
long 1
thy 1
stay 1
the 1
absence 1
of 1
my 1
lord 1
with 1
that 1
their 1
anchors 1
he 1
commands 1
to 1
weigh 1
mount 1
the 1
tall 1
bark 1
and 1
launch 1
into 1
the 1
sea 1
all 1
with 1
obedient 1
haste 1
forsake 1
the 1
shores 1
and 1
placed 1
in 1
order 1
spread 1
their 1
equal 1
oars 1
then 1
from 1
the 1
deck 1
the 1
prince 1
his 1
sandals 1
takes 1
poised 1
in 1
his 1
hand 1
the 1
pointed 1
javelin 1
shakes 1
they 1
part 1
while 1
lessening 1
from 1
the 1
heros 1
view 1
swift 1
to 1
the 1
town 1
the 1
wellrowd 1
galley 1
flew 1
the 1
hero 1
trod 1
the 1
margin 1
of 1
the 1
main 1
and 1
reachd 1
the 1
mansion 1
of 1
his 1
faithful 1
swain 1
book 1
xvi 1
argument 1
the 1
discovery 1
of 1
ulysses 1
to 1
telemachus 1
telemachus 1
arriving 1
at 1
the 1
lodge 1
of 1
eumaeus 1
sends 1
him 1
to 1
carry 1
penelope 1
the 1
news 1
of 1
his 1
return 1
minerva 1
appearing 1
to 1
ulysses 1
commands 1
him 1
to 1
discover 1
himself 1
to 1
his 1
son 1
the 1
princes 1
who 1
had 1
lain 1
in 1
ambush 1
to 1
intercept 1
telemachus 1
in 1
his 1
way 1
their 1
project 1
being 1
defeated 1
return 1
to 1
ithaca 1
soon 1
as 1
the 1
morning 1
blushd 1
along 1
the 1
plains 1
ulysses 1
and 1
the 1
monarch 1
of 1
the 1
swains 1
awake 1
the 1
sleeping 1
fires 1
their 1
meals 1
prepare 1
and 1
forth 1
to 1
pasture 1
send 1
the 1
bristly 1
care 1
the 1
princes 1
near 1
approach 1
the 1
dogs 1
descry 1
and 1
fawning 1
round 1
his 1
feet 1
confess 1
their 1
joy 1
their 1
gentle 1
blandishment 1
the 1
king 1
surveyd 1
heard 1
his 1
resounding 1
step 1
and 1
instant 1
said 1
some 1
wellknown 1
friend 1
eumaeus 1
bends 1
this 1
way 1
his 1
steps 1
i 1
hear 1
the 1
dogs 1
familiar 1
play 1
while 1
yet 1
he 1
spoke 1
the 1
prince 1
advancing 1
drew 1
nigh 1
to 1
the 1
lodge 1
and 1
now 1
appeard 1
in 1
view 1
transported 1
from 1
his 1
seat 1
eumaeus 1
sprung 1
droppd 1
the 1
full 1
bowl 1
and 1
round 1
his 1
bosom 1
hung 1
kissing 1
his 1
cheek 1
his 1
hand 1
while 1
from 1
his 1
eye 1
the 1
tears 1
raind 1
copious 1
in 1
a 1
shower 1
of 1
joy 1
as 1
some 1
fond 1
sire 1
who 1
ten 1
long 1
winters 1
grieves 1
from 1
foreign 1
climes 1
an 1
only 1
son 1
receives 1
child 1
of 1
his 1
age 1
with 1
strong 1
paternal 1
joy 1
forward 1
he 1
springs 1
and 1
clasps 1
the 1
favourite 1
boy 1
so 1
round 1
the 1
youth 1
his 1
arms 1
eumaeus 1
spread 1
as 1
if 1
the 1
grave 1
had 1
given 1
him 1
from 1
the 1
dead 1
and 1
is 1
it 1
thou 1
my 1
everdear 1
delight 1
oh 1
art 1
thou 1
come 1
to 1
bless 1
my 1
longing 1
sight 1
never 1
i 1
never 1
hoped 1
to 1
view 1
this 1
day 1
when 1
oer 1
the 1
waves 1
you 1
ploughd 1
the 1
desperate 1
way 1
enter 1
my 1
child 1
beyond 1
my 1
hopes 1
restored 1
oh 1
give 1
these 1
eyes 1
to 1
feast 1
upon 1
their 1
lord 1
enter 1
oh 1
seldom 1
seen 1
for 1
lawless 1
powers 1
too 1
much 1
detain 1
thee 1
from 1
these 1
sylvan 1
bowers 1
the 1
prince 1
replied 1
eumaeus 1
i 1
obey 1
to 1
seek 1
thee 1
friend 1
i 1
hither 1
took 1
my 1
way 1
but 1
say 1
if 1
in 1
the 1
court 1
the 1
queen 1
reside 1
severely 1
chaste 1
or 1
if 1
commenced 1
a 1
bride 1
thus 1
he 1
and 1
thus 1
the 1
monarch 1
of 1
the 1
swains 1
severely 1
chaste 1
penelope 1
remains 1
but 1
lost 1
to 1
every 1
joy 1
she 1
wastes 1
the 1
day 1
in 1
tedious 1
cares 1
and 1
weeps 1
the 1
night 1
away 1
he 1
ended 1
and 1
receiving 1
as 1
they 1
pass 1
the 1
javelin 1
pointed 1
with 1
a 1
star 1
of 1
brass 1
they 1
reachd 1
the 1
dome 1
the 1
dome 1
with 1
marble 1
shined 1
his 1
seat 1
ulysses 1
to 1
the 1
prince 1
resignd 1
not 1
so 1
exclaims 1
the 1
prince 1
with 1
decent 1
grace 1
for 1
me 1
this 1
house 1
shall 1
find 1
an 1
humbler 1
place 1
to 1
usurp 1
the 1
honours 1
due 1
to 1
silver 1
hairs 1
and 1
reverend 1
strangers 1
modest 1
youth 1
forbears 1
instant 1
the 1
swain 1
the 1
spoils 1
of 1
beasts 1
supplies 1
and 1
bids 1
the 1
rural 1
throne 1
with 1
osiers 1
rise 1
there 1
sate 1
the 1
prince 1
the 1
feast 1
eumaeus 1
spread 1
and 1
heapd 1
the 1
shining 1
canisters 1
with 1
bread 1
thick 1
oer 1
the 1
board 1
the 1
plenteous 1
viands 1
lay 1
the 1
frugal 1
remnants 1
of 1
the 1
former 1
day 1
then 1
in 1
a 1
bowl 1
he 1
tempers 1
generous 1
wines 1
around 1
whose 1
verge 1
a 1
mimic 1
ivy 1
twines 1
and 1
now 1
the 1
rage 1
of 1
thirst 1
and 1
hunger 1
fled 1
thus 1
young 1
ulysses 1
to 1
eumaeus 1
said 1
whence 1
father 1
from 1
what 1
shore 1
this 1
stranger 1
say 1
what 1
vessel 1
bore 1
him 1
oer 1
the 1
watery 1
way 1
to 1
human 1
step 1
our 1
land 1
impervious 1
lies 1
and 1
round 1
the 1
coast 1
circumfluent 1
oceans 1
rise 1
the 1
swain 1
returns 1
a 1
tale 1
of 1
sorrows 1
hear 1
in 1
spacious 1
crete 1
he 1
drew 1
his 1
natal 1
air 1
long 1
doomd 1
to 1
wander 1
oer 1
the 1
land 1
and 1
main 1
for 1
heaven 1
has 1
wove 1
his 1
thread 1
of 1
life 1
with 1
pain 1
half 1
breathless 1
scaping 1
to 1
the 1
land 1
he 1
flew 1
from 1
thesprot 1
mariners 1
a 1
murderous 1
crew 1
to 1
thee 1
my 1
son 1
the 1
suppliant 1
i 1
resign 1
i 1
gave 1
him 1
my 1
protection 1
grant 1
him 1
thine 1
hard 1
task 1
he 1
cries 1
thy 1
virtue 1
gives 1
thy 1
friend 1
willing 1
to 1
aid 1
unable 1
to 1
defend 1
can 1
strangers 1
safely 1
in 1
the 1
court 1
reside 1
midst 1
the 1
swelld 1
insolence 1
of 1
lust 1
and 1
pride 1
een 1
i 1
unsafe 1
the 1
queen 1
in 1
doubt 1
to 1
wed 1
or 1
pay 1
due 1
honours 1
to 1
the 1
nuptial 1
bed 1
perhaps 1
she 1
weds 1
regardless 1
of 1
her 1
fame 1
deaf 1
to 1
the 1
mighty 1
ulyssean 1
name 1
however 1
stranger 1
from 1
our 1
grace 1
receive 1
such 1
honours 1
as 1
befit 1
a 1
prince 1
to 1
give 1
sandals 1
a 1
sword 1
and 1
robes 1
respect 1
to 1
prove 1
and 1
safe 1
to 1
sail 1
with 1
ornaments 1
of 1
love 1
till 1
then 1
thy 1
guest 1
amid 1
the 1
rural 1
train 1
far 1
from 1
the 1
court 1
from 1
danger 1
far 1
detain 1
tis 1
mine 1
with 1
food 1
the 1
hungry 1
to 1
supply 1
and 1
clothe 1
the 1
naked 1
from 1
the 1
inclement 1
sky 1
here 1
dwell 1
in 1
safety 1
from 1
the 1
suitors 1
wrongs 1
and 1
the 1
rude 1
insults 1
of 1
ungovernd 1
tongues 1
for 1
shouldst 1
thou 1
suffer 1
powerless 1
to 1
relieve 1
i 1
must 1
behold 1
it 1
and 1
can 1
only 1
grieve 1
the 1
brave 1
encompassd 1
by 1
an 1
hostile 1
train 1
oerpowerd 1
by 1
numbers 1
is 1
but 1
brave 1
in 1
vain 1
to 1
whom 1
while 1
anger 1
in 1
his 1
bosom 1
glows 1
with 1
warmth 1
replies 1
the 1
man 1
of 1
mighty 1
woes 1
since 1
audience 1
mild 1
is 1
deignd 1
permit 1
my 1
tongue 1
at 1
once 1
to 1
pity 1
and 1
resent 1
thy 1
wrong 1
my 1
heart 1
weeps 1
blood 1
to 1
see 1
a 1
soul 1
so 1
brave 1
live 1
to 1
base 1
insolence 1
or 1
power 1
a 1
slave 1
but 1
tell 1
me 1
dost 1
thou 1
prince 1
dost 1
thou 1
behold 1
and 1
hear 1
their 1
midnight 1
revels 1
uncontrolld 1
say 1
do 1
thy 1
subjects 1
in 1
bold 1
faction 1
rise 1
or 1
priests 1
in 1
fabled 1
oracles 1
advise 1
or 1
are 1
thy 1
brothers 1
who 1
should 1
aid 1
thy 1
power 1
turnd 1
mean 1
deserters 1
in 1
the 1
needful 1
hour 1
oh 1
that 1
i 1
were 1
from 1
great 1
ulysses 1
sprung 1
or 1
that 1
these 1
witherd 1
nerves 1
like 1
thine 1
were 1
strung 1
or 1
heavens 1
might 1
he 1
return 1
and 1
soon 1
appear 1
he 1
shall 1
i 1
trust 1
a 1
hero 1
scorns 1
despair 1
might 1
he 1
return 1
i 1
yield 1
my 1
life 1
a 1
prey 1
to 1
my 1
worst 1
foe 1
if 1
that 1
avenging 1
day 1
be 1
not 1
their 1
last 1
but 1
should 1
i 1
lose 1
my 1
life 1
oppressd 1
by 1
numbers 1
in 1
the 1
glorious 1
strife 1
i 1
chose 1
the 1
nobler 1
part 1
and 1
yield 1
my 1
breath 1
rather 1
than 1
bear 1
dishonor 1
worse 1
than 1
death 1
than 1
see 1
the 1
hand 1
of 1
violence 1
invade 1
the 1
reverend 1
stranger 1
and 1
the 1
spotless 1
maid 1
than 1
see 1
the 1
wealth 1
of 1
kings 1
consumed 1
in 1
waste 1
the 1
drunkards 1
revel 1
and 1
the 1
gluttons 1
feast 1
thus 1
he 1
with 1
anger 1
flashing 1
from 1
his 1
eye 1
sincere 1
the 1
youthful 1
hero 1
made 1
reply 1
nor 1
leagued 1
in 1
factious 1
arms 1
my 1
subjects 1
rise 1
nor 1
priests 1
in 1
fabled 1
oracles 1
advise 1
nor 1
are 1
my 1
brothers 1
who 1
should 1
aid 1
my 1
power 1
turnd 1
mean 1
deserters 1
in 1
the 1
needful 1
hour 1
ah 1
me 1
i 1
boast 1
no 1
brother 1
heavens 1
dread 1
king 1
gives 1
from 1
our 1
stock 1
an 1
only 1
branch 1
to 1
spring 1
alone 1
laertes 1
reignd 1
arcesius 1
heir 1
alone 1
ulysses 1
drew 1
the 1
vital 1
air 1
and 1
i 1
alone 1
the 1
bed 1
connubial 1
graced 1
an 1
unblessd 1
offspring 1
of 1
a 1
sire 1
unblessd 1
each 1
neighbouring 1
realm 1
conducive 1
to 1
our 1
woe 1
sends 1
forth 1
her 1
peers 1
and 1
every 1
peer 1
a 1
foe 1
the 1
court 1
proud 1
samos 1
and 1
dulichium 1
fills 1
and 1
lofty 1
zacinth 1
crownd 1
with 1
shady 1
hills 1
een 1
ithaca 1
and 1
all 1
her 1
lords 1
invade 1
the 1
imperial 1
sceptre 1
and 1
the 1
regal 1
bed 1
the 1
queen 1
averse 1
to 1
love 1
yet 1
awed 1
by 1
power 1
seems 1
half 1
to 1
yield 1
yet 1
flies 1
the 1
bridal 1
hour 1
meantime 1
their 1
licence 1
uncontrolld 1
i 1
bear 1
een 1
now 1
they 1
envy 1
me 1
the 1
vital 1
air 1
but 1
heaven 1
will 1
sure 1
revenge 1
and 1
gods 1
there 1
are 1
but 1
go 1
eumaeus 1
to 1
the 1
queen 1
impart 1
our 1
safe 1
return 1
and 1
ease 1
a 1
mothers 1
heart 1
yet 1
secret 1
go 1
for 1
numerous 1
are 1
my 1
foes 1
and 1
here 1
at 1
least 1
i 1
may 1
in 1
peace 1
repose 1
to 1
whom 1
the 1
swain 1
i 1
hear 1
and 1
i 1
obey 1
but 1
old 1
laertes 1
weeps 1
his 1
life 1
away 1
and 1
deems 1
thee 1
lost 1
shall 1
i 1
speed 1
employ 1
to 1
bless 1
his 1
age 1
a 1
messenger 1
of 1
joy 1
the 1
mournful 1
hour 1
that 1
tore 1
his 1
son 1
away 1
sent 1
the 1
sad 1
sire 1
in 1
solitude 1
to 1
stray 1
yet 1
busied 1
with 1
his 1
slaves 1
to 1
ease 1
his 1
woe 1
he 1
dressd 1
the 1
vine 1
and 1
bade 1
the 1
garden 1
blow 1
nor 1
food 1
nor 1
wine 1
refused 1
but 1
since 1
the 1
day 1
that 1
you 1
to 1
pylos 1
ploughd 1
the 1
watery 1
way 1
nor 1
wine 1
nor 1
food 1
he 1
tastes 1
but 1
sunk 1
in 1
woes 1
wild 1
springs 1
the 1
vine 1
no 1
more 1
the 1
garden 1
blows 1
shut 1
from 1
the 1
walks 1
of 1
men 1
to 1
pleasure 1
lost 1
pensive 1
and 1
pale 1
he 1
wanders 1
half 1
a 1
ghost 1
wretched 1
old 1
man 1
with 1
tears 1
the 1
prince 1
returns 1
yet 1
cease 1
to 1
gowhat 1
man 1
so 1
blest 1
but 1
mourns 1
were 1
every 1
wish 1
indulged 1
by 1
favouring 1
skies 1
this 1
hour 1
should 1
give 1
ulysses 1
to 1
my 1
eyes 1
but 1
to 1
the 1
queen 1
with 1
speed 1
dispatchful 1
bear 1
our 1
safe 1
return 1
and 1
back 1
with 1
speed 1
repair 1
and 1
let 1
some 1
handmaid 1
of 1
her 1
train 1
resort 1
to 1
good 1
laertes 1
in 1
his 1
rural 1
court 1
while 1
yet 1
he 1
spoke 1
impatient 1
of 1
delay 1
he 1
braced 1
his 1
sandals 1
on 1
and 1
strode 1
away 1
then 1
from 1
the 1
heavens 1
the 1
martial 1
goddess 1
flies 1
through 1
the 1
wild 1
fields 1
of 1
air 1
and 1
cleaves 1
the 1
skies 1
in 1
form 1
a 1
virgin 1
in 1
soft 1
beautys 1
bloom 1
skilld 1
in 1
the 1
illustrious 1
labours 1
of 1
the 1
loom 1
alone 1
to 1
ithaca 1
she 1
stood 1
displayd 1
but 1
unapparent 1
as 1
a 1
viewless 1
shade 1
escaped 1
telemachus 1
the 1
powers 1
above 1
seen 1
or 1
unseen 1
oer 1
earth 1
at 1
pleasure 1
move 1
the 1
dogs 1
intelligent 1
confessd 1
the 1
tread 1
of 1
power 1
divine 1
and 1
howling 1
trembling 1
fled 1
the 1
goddess 1
beckoning 1
waves 1
her 1
deathless 1
hands 1
dauntless 1
the 1
king 1
before 1
the 1
goddess 1
stands 1
then 1
why 1
she 1
said 1
o 1
favourd 1
of 1
the 1
skies 1
why 1
to 1
thy 1
godlike 1
son 1
this 1
long 1
disguise 1
stand 1
forth 1
reveald 1
with 1
him 1
thy 1
cares 1
employ 1
against 1
thy 1
foes 1
be 1
valiant 1
and 1
destroy 1
lo 1
i 1
descend 1
in 1
that 1
avenging 1
hour 1
to 1
combat 1
by 1
thy 1
side 1
thy 1
guardian 1
power 1
she 1
said 1
and 1
oer 1
him 1
waves 1
her 1
wand 1
of 1
gold 1
imperial 1
robes 1
his 1
manly 1
limbs 1
infold 1
at 1
once 1
with 1
grace 1
divine 1
his 1
frame 1
improves 1
at 1
once 1
with 1
majesty 1
enlarged 1
he 1
moves 1
youth 1
flushd 1
his 1
reddening 1
cheek 1
and 1
from 1
his 1
brows 1
a 1
length 1
of 1
hair 1
in 1
sable 1
ringlets 1
flows 1
his 1
blackening 1
chin 1
receives 1
a 1
deeper 1
shade 1
then 1
from 1
his 1
eyes 1
upsprung 1
the 1
warriormaid 1
the 1
hero 1
reascends 1
the 1
prince 1
oerawed 1
scarce 1
lifts 1
his 1
eyes 1
and 1
bows 1
as 1
to 1
a 1
god 1
then 1
with 1
surprise 1
surprise 1
chastised 1
by 1
fears 1
how 1
art 1
thou 1
changed 1
he 1
crieda 1
god 1
appears 1
far 1
other 1
vests 1
thy 1
limbs 1
majestic 1
grace 1
far 1
other 1
glories 1
lighten 1
from 1
thy 1
face 1
if 1
heaven 1
be 1
thy 1
abode 1
with 1
pious 1
care 1
lo 1
i 1
the 1
ready 1
sacrifice 1
prepare 1
lo 1
gifts 1
of 1
labourd 1
gold 1
adorn 1
thy 1
shrine 1
to 1
win 1
thy 1
grace 1
o 1
save 1
us 1
power 1
divine 1
few 1
are 1
my 1
days 1
ulysses 1
made 1
reply 1
nor 1
i 1
alas 1
descendant 1
of 1
the 1
sky 1
i 1
am 1
thy 1
father 1
o 1
my 1
son 1
my 1
son 1
that 1
father 1
for 1
whose 1
sake 1
thy 1
days 1
have 1
run 1
one 1
scene 1
of 1
woe 1
to 1
endless 1
cares 1
consignd 1
and 1
outraged 1
by 1
the 1
wrongs 1
of 1
base 1
mankind 1
then 1
rushing 1
to 1
his 1
arms 1
he 1
kissd 1
his 1
boy 1
with 1
the 1
strong 1
raptures 1
of 1
a 1
parents 1
joy 1
tears 1
bathe 1
his 1
cheek 1
and 1
tears 1
the 1
ground 1
bedew 1
he 1
straind 1
him 1
close 1
as 1
to 1
his 1
breast 1
he 1
grew 1
ah 1
me 1
exclaims 1
the 1
prince 1
with 1
fond 1
desire 1
thou 1
art 1
notno 1
thou 1
canst 1
not 1
be 1
my 1
sire 1
heaven 1
such 1
illusion 1
only 1
can 1
impose 1
by 1
the 1
false 1
joy 1
to 1
aggravate 1
my 1
woes 1
who 1
but 1
a 1
god 1
can 1
change 1
the 1
general 1
doom 1
and 1
give 1
to 1
witherd 1
age 1
a 1
youthful 1
bloom 1
late 1
worn 1
with 1
years 1
in 1
weeds 1
obscene 1
you 1
trod 1
now 1
clothed 1
in 1
majesty 1
you 1
move 1
a 1
god 1
forbear 1
he 1
cried 1
for 1
heaven 1
reserve 1
that 1
name 1
give 1
to 1
thy 1
father 1
but 1
a 1
fathers 1
claim 1
other 1
ulysses 1
shalt 1
thou 1
never 1
see 1
i 1
am 1
ulysses 1
i 1
my 1
son 1
am 1
he 1
twice 1
ten 1
sad 1
years 1
oer 1
earth 1
and 1
ocean 1
tossd 1
tis 1
given 1
at 1
length 1
to 1
view 1
my 1
native 1
coast 1
pallas 1
unconquerd 1
maid 1
my 1
frame 1
surrounds 1
with 1
grace 1
divine 1
her 1
power 1
admits 1
no 1
bounds 1
she 1
oer 1
my 1
limbs 1
old 1
age 1
and 1
wrinkles 1
shed 1
now 1
strong 1
as 1
youth 1
magnificent 1
i 1
tread 1
the 1
gods 1
with 1
ease 1
frail 1
man 1
depress 1
or 1
raise 1
exalt 1
the 1
lowly 1
or 1
the 1
proud 1
debase 1
he 1
spoke 1
and 1
sate 1
the 1
prince 1
with 1
transport 1
flew 1
hung 1
round 1
his 1
neck 1
while 1
tears 1
his 1
cheek 1
bedew 1
nor 1
less 1
the 1
father 1
pourd 1
a 1
social 1
flood 1
they 1
wept 1
abundant 1
and 1
they 1
wept 1
aloud 1
as 1
the 1
bold 1
eagle 1
with 1
fierce 1
sorrow 1
stung 1
or 1
parent 1
vulture 1
mourns 1
her 1
ravishd 1
young 1
they 1
cry 1
they 1
scream 1
their 1
unfledged 1
brood 1
a 1
prey 1
to 1
some 1
rude 1
churl 1
and 1
borne 1
by 1
stealth 1
away 1
so 1
they 1
aloud 1
and 1
tears 1
in 1
tides 1
had 1
run 1
their 1
grief 1
unfinishd 1
with 1
the 1
setting 1
sun 1
but 1
checking 1
the 1
full 1
torrent 1
in 1
its 1
flow 1
the 1
prince 1
thus 1
interrupts 1
the 1
solemn 1
woe 1
what 1
ship 1
transported 1
thee 1
o 1
father 1
say 1
and 1
what 1
blessd 1
hands 1
have 1
oard 1
thee 1
on 1
the 1
way 1
all 1
all 1
ulysses 1
instant 1
made 1
reply 1
i 1
tell 1
thee 1
all 1
my 1
child 1
my 1
only 1
joy 1
phaeacians 1
bore 1
me 1
to 1
the 1
port 1
assignd 1
a 1
nation 1
ever 1
to 1
the 1
stranger 1
kind 1
wrappd 1
in 1
the 1
embrace 1
of 1
sleep 1
the 1
faithful 1
train 1
oer 1
seas 1
conveyd 1
me 1
to 1
my 1
native 1
reign 1
embroiderd 1
vestures 1
gold 1
and 1
brass 1
are 1
laid 1
conceald 1
in 1
caverns 1
in 1
the 1
sylvan 1
shade 1
hither 1
intent 1
the 1
rival 1
rout 1
to 1
slay 1
and 1
plan 1
the 1
scene 1
of 1
death 1
i 1
bend 1
my 1
way 1
so 1
pallas 1
willsbut 1
thou 1
my 1
son 1
explain 1
the 1
names 1
and 1
numbers 1
of 1
the 1
audacious 1
train 1
tis 1
mine 1
to 1
judge 1
if 1
better 1
to 1
employ 1
assistant 1
force 1
or 1
singly 1
to 1
destroy 1
oer 1
earth 1
returns 1
the 1
prince 1
resounds 1
thy 1
name 1
thy 1
welltried 1
wisdom 1
and 1
thy 1
martial 1
fame 1
yet 1
at 1
thy 1
words 1
i 1
start 1
in 1
wonder 1
lost 1
can 1
we 1
engage 1
not 1
decades 1
but 1
an 1
host 1
can 1
we 1
alone 1
in 1
furious 1
battle 1
stand 1
against 1
that 1
numerous 1
and 1
determined 1
band 1
hear 1
then 1
their 1
numbers 1
from 1
dulichium 1
came 1
twice 1
twentysix 1
all 1
peers 1
of 1
mighty 1
name 1
six 1
are 1
their 1
menial 1
train 1
twice 1
twelve 1
the 1
boast 1
of 1
samos 1
twenty 1
from 1
zacynthus 1
coast 1
and 1
twelve 1
our 1
countrys 1
pride 1
to 1
these 1
belong 1
medon 1
and 1
phemius 1
skilld 1
in 1
heavenly 1
song 1
two 1
sewers 1
from 1
day 1
to 1
day 1
the 1
revels 1
wait 1
exact 1
of 1
taste 1
and 1
serve 1
the 1
feast 1
in 1
state 1
with 1
such 1
a 1
foe 1
the 1
unequal 1
fight 1
to 1
try 1
were 1
by 1
false 1
courage 1
unrevenged 1
to 1
die 1
then 1
what 1
assistant 1
powers 1
you 1
boast 1
relate 1
ere 1
yet 1
we 1
mingle 1
in 1
the 1
stern 1
debate 1
mark 1
well 1
my 1
voice 1
ulysses 1
straight 1
replies 1
what 1
need 1
of 1
aids 1
if 1
favourd 1
by 1
the 1
skies 1
if 1
shielded 1
to 1
the 1
dreadful 1
fight 1
we 1
move 1
by 1
mighty 1
pallas 1
and 1
by 1
thundering 1
jove 1
sufficient 1
they 1
telemachus 1
rejoind 1
against 1
the 1
banded 1
powers 1
of 1
all 1
mankind 1
they 1
high 1
enthroned 1
above 1
the 1
rolling 1
clouds 1
wither 1
the 1
strength 1
of 1
man 1
and 1
awe 1
the 1
gods 1
such 1
aids 1
expect 1
he 1
cries 1
when 1
strong 1
in 1
might 1
we 1
rise 1
terrific 1
to 1
the 1
task 1
of 1
fight 1
but 1
thou 1
when 1
morn 1
salutes 1
the 1
aerial 1
plain 1
the 1
court 1
revisit 1
and 1
the 1
lawless 1
train 1
me 1
thither 1
in 1
disguise 1
eumaeus 1
leads 1
an 1
aged 1
mendicant 1
in 1
tatterd 1
weeds 1
there 1
if 1
base 1
scorn 1
insult 1
my 1
reverend 1
age 1
bear 1
it 1
my 1
son 1
repress 1
thy 1
rising 1
rage 1
if 1
outraged 1
cease 1
that 1
outrage 1
to 1
repel 1
bear 1
it 1
my 1
son 1
howeer 1
thy 1
heart 1
rebel 1
yet 1
strive 1
by 1
prayer 1
and 1
counsel 1
to 1
restrain 1
their 1
lawless 1
insults 1
though 1
thou 1
strive 1
in 1
vain 1
for 1
wicked 1
ears 1
are 1
deaf 1
to 1
wisdoms 1
call 1
and 1
vengeance 1
strikes 1
whom 1
heaven 1
has 1
doomd 1
to 1
fall 1
once 1
more 1
attend 1
when 1
she 1
whose 1
power 1
inspires 1
the 1
thinking 1
mind 1
my 1
soul 1
to 1
vengeance 1
fires 1
i 1
give 1
the 1
sign 1
that 1
instant 1
from 1
beneath 1
aloft 1
convey 1
the 1
instruments 1
of 1
death 1
armour 1
and 1
arms 1
and 1
if 1
mistrust 1
arise 1
thus 1
veil 1
the 1
truth 1
in 1
plausible 1
disguise 1
these 1
glittering 1
weapons 1
ere 1
he 1
saild 1
to 1
troy 1
ulysses 1
viewd 1
with 1
stern 1
heroic 1
joy 1
then 1
beaming 1
oer 1
the 1
illumined 1
wall 1
they 1
shone 1
now 1
dust 1
dishonours 1
all 1
their 1
lustre 1
gone 1
i 1
bear 1
them 1
hence 1
so 1
jove 1
my 1
soul 1
inspires 1
from 1
the 1
pollution 1
of 1
the 1
fuming 1
fires 1
lest 1
when 1
the 1
bowl 1
inflames 1
in 1
vengeful 1
mood 1
ye 1
rush 1
to 1
arms 1
and 1
stain 1
the 1
feast 1
with 1
blood 1
oft 1
ready 1
swords 1
in 1
luckless 1
hour 1
incite 1
the 1
hand 1
of 1
wrath 1
and 1
arm 1
it 1
for 1
the 1
fight 1
such 1
be 1
the 1
plea 1
and 1
by 1
the 1
plea 1
deceive 1
for 1
jove 1
infatuates 1
all 1
and 1
all 1
believe 1
yet 1
leave 1
for 1
each 1
of 1
us 1
a 1
sword 1
to 1
wield 1
a 1
pointed 1
javelin 1
and 1
a 1
fenceful 1
shield 1
but 1
by 1
my 1
blood 1
that 1
in 1
thy 1
bosom 1
glows 1
by 1
that 1
regard 1
a 1
son 1
his 1
father 1
owes 1
the 1
secret 1
that 1
thy 1
father 1
lives 1
retain 1
lockd 1
in 1
thy 1
bosom 1
from 1
the 1
household 1
train 1
hide 1
it 1
from 1
all 1
een 1
from 1
eumaeus 1
hide 1
from 1
my 1
dear 1
father 1
and 1
my 1
dearer 1
bride 1
one 1
care 1
remains 1
to 1
note 1
the 1
loyal 1
few 1
whose 1
faith 1
yet 1
lasts 1
among 1
the 1
menial 1
crew 1
and 1
noting 1
ere 1
we 1
rise 1
in 1
vengeance 1
prove 1
who 1
love 1
his 1
prince 1
for 1
sure 1
you 1
merit 1
love 1
to 1
whom 1
the 1
youth 1
to 1
emulate 1
i 1
aim 1
the 1
brave 1
and 1
wise 1
and 1
my 1
great 1
fathers 1
fame 1
but 1
reconsider 1
since 1
the 1
wisest 1
err 1
vengeance 1
resolved 1
tis 1
dangerous 1
to 1
defer 1
what 1
length 1
of 1
time 1
must 1
we 1
consume 1
in 1
vain 1
too 1
curious 1
to 1
explore 1
the 1
menial 1
train 1
while 1
the 1
proud 1
foes 1
industrious 1
to 1
destroy 1
thy 1
wealth 1
in 1
riot 1
the 1
delay 1
enjoy 1
suffice 1
it 1
in 1
this 1
exigence 1
alone 1
to 1
mark 1
the 1
damsels 1
that 1
attend 1
the 1
throne 1
dispersed 1
the 1
youth 1
reside 1
their 1
faith 1
to 1
prove 1
jove 1
grants 1
henceforth 1
if 1
thou 1
hast 1
spoke 1
from 1
jove 1
while 1
in 1
debate 1
they 1
waste 1
the 1
hours 1
away 1
the 1
associates 1
of 1
the 1
prince 1
repassd 1
the 1
bay 1
with 1
speed 1
they 1
guide 1
the 1
vessel 1
to 1
the 1
shores 1
with 1
speed 1
debarking 1
land 1
the 1
naval 1
stores 1
then 1
faithful 1
to 1
their 1
charge 1
to 1
clytius 1
bear 1
and 1
trust 1
the 1
presents 1
to 1
his 1
friendly 1
care 1
swift 1
to 1
the 1
queen 1
a 1
herald 1
flies 1
to 1
impart 1
her 1
sons 1
return 1
and 1
ease 1
a 1
parents 1
heart 1
lest 1
a 1
sad 1
prey 1
to 1
evermusing 1
cares 1
pale 1
grief 1
destroy 1
what 1
time 1
awhile 1
forbears 1
the 1
incautious 1
herald 1
with 1
impatience 1
burns 1
and 1
cries 1
aloud 1
thy 1
son 1
o 1
queen 1
returns 1
eumaeus 1
sage 1
approachd 1
the 1
imperial 1
throne 1
and 1
breathed 1
his 1
mandate 1
to 1
her 1
ear 1
alone 1
then 1
measured 1
back 1
the 1
way 1
the 1
suitor 1
band 1
stung 1
to 1
the 1
soul 1
abashd 1
confounded 1
stand 1
and 1
issuing 1
from 1
the 1
dome 1
before 1
the 1
gate 1
with 1
clouded 1
looks 1
a 1
pale 1
assembly 1
sate 1
at 1
length 1
eurymachus 1
our 1
hopes 1
are 1
vain 1
telemachus 1
in 1
triumph 1
sails 1
the 1
main 1
haste 1
rear 1
the 1
mast 1
the 1
swelling 1
shroud 1
display 1
haste 1
to 1
our 1
ambushd 1
friends 1
the 1
news 1
convey 1
scarce 1
had 1
he 1
spake 1
when 1
turning 1
to 1
the 1
strand 1
amphinomos 1
surveyd 1
the 1
associate 1
band 1
full 1
to 1
the 1
bay 1
within 1
the 1
winding 1
shores 1
with 1
gatherd 1
sails 1
they 1
stood 1
and 1
lifted 1
oars 1
o 1
friends 1
he 1
cried 1
elate 1
with 1
rising 1
joy 1
see 1
to 1
the 1
port 1
secure 1
the 1
vessel 1
fly 1
some 1
god 1
has 1
told 1
them 1
or 1
themselves 1
survey 1
the 1
bark 1
escaped 1
and 1
measure 1
back 1
their 1
way 1
swift 1
at 1
the 1
word 1
descending 1
to 1
the 1
shores 1
they 1
moor 1
the 1
vessel 1
and 1
unlade 1
the 1
stores 1
then 1
moving 1
from 1
the 1
strand 1
apart 1
they 1
sate 1
and 1
full 1
and 1
frequent 1
formd 1
a 1
dire 1
debate 1
lives 1
then 1
the 1
boy 1
he 1
lives 1
antinous 1
cries 1
the 1
care 1
of 1
gods 1
and 1
favourite 1
of 1
the 1
skies 1
all 1
night 1
we 1
watchd 1
till 1
with 1
her 1
orient 1
wheels 1
aurora 1
flamed 1
above 1
the 1
eastern 1
hills 1
and 1
from 1
the 1
lofty 1
brow 1
of 1
rocks 1
by 1
day 1
took 1
in 1
the 1
ocean 1
with 1
a 1
broad 1
survey 1
yet 1
safe 1
he 1
sails 1
the 1
powers 1
celestial 1
give 1
to 1
shun 1
the 1
hidden 1
snares 1
of 1
death 1
and 1
live 1
but 1
die 1
he 1
shall 1
and 1
thus 1
condemnd 1
to 1
bleed 1
be 1
now 1
the 1
scene 1
of 1
instant 1
death 1
decreed 1
hope 1
ye 1
success 1
undaunted 1
crush 1
the 1
foe 1
is 1
he 1
not 1
wise 1
know 1
this 1
and 1
strike 1
the 1
blow 1
wait 1
ye 1
till 1
he 1
to 1
arms 1
in 1
council 1
draws 1
the 1
greeks 1
averse 1
too 1
justly 1
to 1
our 1
cause 1
strike 1
ere 1
the 1
states 1
convened 1
the 1
foe 1
betray 1
our 1
murderous 1
ambush 1
on 1
the 1
watery 1
way 1
or 1
choose 1
ye 1
vagrant 1
from 1
their 1
rage 1
to 1
fly 1
outcasts 1
of 1
earth 1
to 1
breathe 1
an 1
unknown 1
sky 1
the 1
brave 1
prevent 1
misfortune 1
then 1
be 1
brave 1
and 1
bury 1
future 1
danger 1
in 1
his 1
grave 1
returns 1
he 1
ambushd 1
well 1
his 1
walk 1
invade 1
or 1
where 1
he 1
hides 1
in 1
solitude 1
and 1
shade 1
and 1
give 1
the 1
palace 1
to 1
the 1
queen 1
a 1
dower 1
or 1
him 1
she 1
blesses 1
in 1
the 1
bridal 1
hour 1
but 1
if 1
submissive 1
you 1
resign 1
the 1
sway 1
slaves 1
to 1
a 1
boy 1
go 1
flatter 1
and 1
obey 1
retire 1
we 1
instant 1
to 1
our 1
native 1
reign 1
nor 1
be 1
the 1
wealth 1
of 1
kings 1
consumed 1
in 1
vain 1
then 1
wed 1
whom 1
choice 1
approves 1
the 1
queen 1
be 1
given 1
to 1
some 1
blest 1
prince 1
the 1
prince 1
decreed 1
by 1
heaven 1
abashd 1
the 1
suitor 1
train 1
his 1
voice 1
attends 1
till 1
from 1
his 1
throne 1
amphinomus 1
ascends 1
who 1
oer 1
dulichium 1
stretchd 1
his 1
spacious 1
reign 1
a 1
land 1
of 1
plenty 1
blessd 1
with 1
every 1
grain 1
chief 1
of 1
the 1
numbers 1
who 1
the 1
queen 1
addressd 1
and 1
though 1
displeasing 1
yet 1
displeasing 1
least 1
soft 1
were 1
his 1
words 1
his 1
actions 1
wisdom 1
swayd 1
graceful 1
awhile 1
he 1
paused 1
then 1
mildly 1
said 1
o 1
friends 1
forbear 1
and 1
be 1
the 1
thought 1
withstood 1
tis 1
horrible 1
to 1
shed 1
imperial 1
blood 1
consult 1
we 1
first 1
the 1
allseeing 1
powers 1
above 1
and 1
the 1
sure 1
oracles 1
of 1
righteous 1
jove 1
if 1
they 1
assent 1
een 1
by 1
this 1
hand 1
he 1
dies 1
if 1
they 1
forbid 1
i 1
war 1
not 1
with 1
the 1
skies 1
he 1
said 1
the 1
rival 1
train 1
his 1
voice 1
approved 1
and 1
rising 1
instant 1
to 1
the 1
palace 1
moved 1
arrived 1
with 1
wild 1
tumultuous 1
noise 1
they 1
sate 1
recumbent 1
on 1
the 1
shining 1
thrones 1
of 1
state 1
the 1
medon 1
conscious 1
of 1
their 1
dire 1
debates 1
the 1
murderous 1
counsel 1
to 1
the 1
queen 1
relates 1
touchd 1
at 1
the 1
dreadful 1
story 1
she 1
descends 1
her 1
hasty 1
steps 1
a 1
damsel 1
train 1
attends 1
full 1
where 1
the 1
dome 1
its 1
shining 1
valves 1
expands 1
sudden 1
before 1
the 1
rival 1
powers 1
she 1
stands 1
and 1
veiling 1
decent 1
with 1
a 1
modest 1
shade 1
her 1
cheek 1
indignant 1
to 1
antinous 1
said 1
o 1
void 1
of 1
faith 1
of 1
all 1
bad 1
men 1
the 1
worst 1
renownd 1
for 1
wisdom 1
by 1
the 1
abuse 1
accursed 1
mistaking 1
fame 1
proclaims 1
thy 1
generous 1
mind 1
thy 1
deeds 1
denote 1
thee 1
of 1
the 1
basest 1
kind 1
wretch 1
to 1
destroy 1
a 1
prince 1
that 1
friendship 1
gives 1
while 1
in 1
his 1
guest 1
his 1
murderer 1
he 1
receives 1
nor 1
dread 1
superior 1
jove 1
to 1
whom 1
belong 1
the 1
cause 1
of 1
suppliants 1
and 1
revenge 1
of 1
wrong 1
hast 1
thou 1
forgot 1
ungrateful 1
as 1
thou 1
art 1
who 1
saved 1
thy 1
father 1
with 1
a 1
friendly 1
part 1
lawless 1
he 1
ravaged 1
with 1
his 1
martial 1
powers 1
the 1
taphian 1
pirates 1
on 1
thesprotias 1
shores 1
enraged 1
his 1
life 1
his 1
treasures 1
they 1
demand 1
ulysses 1
saved 1
him 1
from 1
the 1
avengers 1
hand 1
and 1
wouldst 1
thou 1
evil 1
for 1
his 1
good 1
repay 1
his 1
bed 1
dishonour 1
and 1
his 1
house 1
betray 1
afflict 1
his 1
queen 1
and 1
with 1
a 1
murderous 1
hand 1
destroy 1
his 1
heirbut 1
cease 1
tis 1
i 1
command 1
far 1
hence 1
those 1
fears 1
eurymachus 1
replied 1
o 1
prudent 1
princess 1
bid 1
thy 1
soul 1
confide 1
breathes 1
there 1
a 1
man 1
who 1
dares 1
that 1
hero 1
slay 1
while 1
i 1
behold 1
the 1
golden 1
light 1
of 1
day 1
no 1
by 1
the 1
righteous 1
powers 1
of 1
heaven 1
i 1
swear 1
his 1
blood 1
in 1
vengeance 1
smokes 1
upon 1
my 1
spear 1
ulysses 1
when 1
my 1
infant 1
days 1
i 1
led 1
with 1
wine 1
sufficed 1
me 1
and 1
with 1
dainties 1
fed 1
my 1
generous 1
soul 1
abhors 1
the 1
ungrateful 1
part 1
and 1
my 1
friends 1
son 1
lives 1
nearest 1
to 1
my 1
heart 1
then 1
fear 1
no 1
mortal 1
arm 1
if 1
heaven 1
destroy 1
we 1
must 1
resign 1
for 1
man 1
is 1
born 1
to 1
die 1
thus 1
smooth 1
he 1
ended 1
yet 1
his 1
death 1
conspired 1
then 1
sorrowing 1
with 1
sad 1
step 1
the 1
queen 1
retired 1
with 1
streaming 1
eyes 1
all 1
comfortless 1
deplored 1
touchd 1
with 1
the 1
dear 1
remembrance 1
of 1
her 1
lord 1
nor 1
ceased 1
till 1
pallas 1
bids 1
her 1
sorrows 1
fly 1
and 1
in 1
soft 1
slumber 1
seald 1
her 1
flowing 1
eye 1
and 1
now 1
eumaeus 1
at 1
the 1
evening 1
hour 1
came 1
late 1
returning 1
to 1
his 1
sylvan 1
bower 1
ulysses 1
and 1
his 1
son 1
had 1
dressd 1
with 1
art 1
a 1
yearling 1
boar 1
and 1
gave 1
the 1
gods 1
their 1
part 1
holy 1
repast 1
that 1
instant 1
from 1
the 1
skies 1
the 1
martial 1
goddess 1
to 1
ulysses 1
flies 1
she 1
waves 1
her 1
golden 1
wand 1
and 1
reassumes 1
from 1
every 1
feature 1
every 1
grace 1
that 1
blooms 1
at 1
once 1
his 1
vestures 1
change 1
at 1
once 1
she 1
sheds 1
age 1
oer 1
his 1
limbs 1
that 1
tremble 1
as 1
he 1
treads 1
lest 1
to 1
the 1
queen 1
the 1
swain 1
with 1
transport 1
fly 1
unable 1
to 1
contain 1
the 1
unruly 1
joy 1
when 1
near 1
he 1
drew 1
the 1
prince 1
breaks 1
forth 1
proclaim 1
what 1
tidings 1
friend 1
what 1
speaks 1
the 1
voice 1
of 1
fame 1
say 1
if 1
the 1
suitors 1
measure 1
back 1
the 1
main 1
or 1
still 1
in 1
ambush 1
thirst 1
for 1
blood 1
in 1
vain 1
whether 1
he 1
cries 1
they 1
measure 1
back 1
the 1
flood 1
or 1
still 1
in 1
ambush 1
thirst 1
in 1
vain 1
for 1
blood 1
escaped 1
my 1
care 1
where 1
lawless 1
suitors 1
sway 1
thy 1
mandate 1
borne 1
my 1
soul 1
disdaind 1
to 1
stay 1
but 1
from 1
the 1
hermaean 1
height 1
i 1
cast 1
a 1
view 1
where 1
to 1
the 1
port 1
a 1
bark 1
highbounding 1
flew 1
her 1
freight 1
a 1
shining 1
band 1
with 1
martial 1
air 1
each 1
poised 1
his 1
shield 1
and 1
each 1
advanced 1
his 1
spear 1
and 1
if 1
aright 1
these 1
searching 1
eyes 1
survey 1
the 1
eluded 1
suitors 1
stem 1
the 1
watery 1
way 1
the 1
prince 1
well 1
pleased 1
to 1
disappoint 1
their 1
wiles 1
steals 1
on 1
his 1
sire 1
a 1
glance 1
and 1
secret 1
smiles 1
and 1
now 1
a 1
short 1
repast 1
prepared 1
they 1
fed 1
till 1
the 1
keen 1
rage 1
of 1
craving 1
hunger 1
fled 1
then 1
to 1
repose 1
withdrawn 1
apart 1
they 1
lay 1
and 1
in 1
soft 1
sleep 1
forgot 1
the 1
cares 1
of 1
day 1
book 1
xvii 1
argument 1
telemachus 1
returning 1
to 1
the 1
city 1
relates 1
to 1
penelope 1
the 1
sum 1
of 1
his 1
travels 1
ulysses 1
is 1
conducted 1
by 1
eumaeus 1
to 1
the 1
palace 1
where 1
his 1
old 1
dog 1
argus 1
acknowledges 1
his 1
master 1
after 1
an 1
absence 1
of 1
twenty 1
years 1
and 1
dies 1
with 1
joy 1
eumaeus 1
returns 1
into 1
the 1
country 1
and 1
ulysses 1
remains 1
among 1
the 1
suitors 1
whose 1
behaviour 1
is 1
described 1
soon 1
as 1
aurora 1
daughter 1
of 1
the 1
dawn 1
sprinkled 1
with 1
roseate 1
light 1
the 1
dewy 1
lawn 1
in 1
haste 1
the 1
prince 1
arose 1
prepared 1
to 1
part 1
his 1
hand 1
impatient 1
grasps 1
the 1
pointed 1
dart 1
fair 1
on 1
his 1
feet 1
the 1
polishd 1
sandals 1
shine 1
and 1
thus 1
he 1
greets 1
the 1
master 1
of 1
the 1
swine 1
my 1
friend 1
adieu 1
let 1
this 1
short 1
stay 1
suffice 1
i 1
haste 1
to 1
meet 1
my 1
mothers 1
longing 1
eyes 1
and 1
end 1
her 1
tears 1
her 1
sorrows 1
and 1
her 1
sighs 1
but 1
thou 1
attentive 1
what 1
we 1
order 1
heed 1
this 1
hapless 1
stranger 1
to 1
the 1
city 1
lead 1
by 1
public 1
bounty 1
let 1
him 1
there 1
be 1
fed 1
and 1
bless 1
the 1
hand 1
that 1
stretches 1
forth 1
the 1
bread 1
to 1
wipe 1
the 1
tears 1
from 1
all 1
afflicted 1
eyes 1
my 1
will 1
may 1
covet 1
but 1
my 1
power 1
denies 1
if 1
this 1
raise 1
anger 1
in 1
the 1
strangers 1
thought 1
the 1
pain 1
of 1
anger 1
punishes 1
the 1
fault 1
the 1
very 1
truth 1
i 1
undisguised 1
declare 1
for 1
what 1
so 1
easy 1
as 1
to 1
be 1
sincere 1
to 1
this 1
ulysses 1
what 1
the 1
prince 1
requires 1
of 1
swift 1
removal 1
seconds 1
my 1
desires 1
to 1
want 1
like 1
mine 1
the 1
peopled 1
town 1
can 1
yield 1
more 1
hopes 1
of 1
comfort 1
than 1
the 1
lonely 1
field 1
nor 1
fits 1
my 1
age 1
to 1
till 1
the 1
labourd 1
lands 1
or 1
stoop 1
to 1
tasks 1
a 1
rural 1
lord 1
demands 1
adieu 1
but 1
since 1
this 1
ragged 1
garb 1
can 1
bear 1
so 1
ill 1
the 1
inclemencies 1
of 1
morning 1
air 1
a 1
few 1
hours 1
space 1
permit 1
me 1
here 1
to 1
stay 1
my 1
steps 1
eumaeus 1
shall 1
to 1
town 1
convey 1
with 1
riper 1
beams 1
when 1
phoebus 1
warms 1
the 1
day 1
thus 1
he 1
nor 1
aught 1
telemachus 1
replied 1
but 1
left 1
the 1
mansion 1
with 1
a 1
lofty 1
stride 1
schemes 1
of 1
revenge 1
his 1
pondering 1
breast 1
elate 1
revolving 1
deep 1
the 1
suitors 1
sudden 1
fate 1
arriving 1
now 1
before 1
the 1
imperial 1
hall 1
he 1
props 1
his 1
spear 1
against 1
the 1
pillard 1
wall 1
then 1
like 1
a 1
lion 1
oer 1
the 1
threshold 1
bounds 1
the 1
marble 1
pavement 1
with 1
his 1
steps 1
resounds 1
his 1
eye 1
first 1
glanced 1
where 1
euryclea 1
spreads 1
with 1
furry 1
spoils 1
of 1
beasts 1
the 1
splendid 1
beds 1
she 1
saw 1
she 1
wept 1
she 1
ran 1
with 1
eager 1
pace 1
and 1
reachd 1
her 1
master 1
with 1
a 1
long 1
embrace 1
all 1
crowded 1
round 1
the 1
family 1
appears 1
with 1
wild 1
entrancement 1
and 1
ecstatic 1
tears 1
swift 1
from 1
above 1
descends 1
the 1
royal 1
fair 1
her 1
beauteous 1
cheeks 1
the 1
blush 1
of 1
venus 1
wear 1
chastend 1
with 1
coy 1
dianas 1
pensive 1
air 1
hangs 1
oer 1
her 1
son 1
in 1
his 1
embraces 1
dies 1
rains 1
kisses 1
on 1
his 1
neck 1
his 1
face 1
his 1
eyes 1
few 1
words 1
she 1
spoke 1
though 1
much 1
she 1
had 1
to 1
say 1
and 1
scarce 1
those 1
few 1
for 1
tears 1
could 1
force 1
their 1
way 1
light 1
of 1
my 1
eyes 1
he 1
comes 1
unhopedfor 1
joy 1
has 1
heaven 1
from 1
pylos 1
brought 1
my 1
lovely 1
boy 1
so 1
snatchd 1
from 1
all 1
our 1
carestell 1
hast 1
thou 1
known 1
thy 1
fathers 1
fate 1
and 1
tell 1
me 1
all 1
thy 1
own 1
oh 1
dearest 1
most 1
revered 1
of 1
womankind 1
cease 1
with 1
those 1
tears 1
to 1
melt 1
a 1
manly 1
mind 1
replied 1
the 1
prince 1
nor 1
be 1
our 1
fates 1
deplored 1
from 1
death 1
and 1
treason 1
to 1
thy 1
arms 1
restored 1
go 1
bathe 1
and 1
robed 1
in 1
white 1
ascend 1
the 1
towers 1
with 1
all 1
thy 1
handmaids 1
thank 1
the 1
immortal 1
powers 1
to 1
every 1
god 1
vow 1
hecatombs 1
to 1
bleed 1
and 1
call 1
joves 1
vengeance 1
on 1
their 1
guilty 1
deed 1
while 1
to 1
the 1
assembled 1
council 1
i 1
repair 1
a 1
stranger 1
sent 1
by 1
heaven 1
attends 1
me 1
there 1
my 1
new 1
accepted 1
guest 1
i 1
haste 1
to 1
find 1
now 1
to 1
peiraeus 1
honourd 1
charge 1
consignd 1
the 1
matron 1
heard 1
nor 1
was 1
his 1
word 1
in 1
vain 1
she 1
bathed 1
and 1
robed 1
in 1
white 1
with 1
all 1
her 1
train 1
to 1
every 1
god 1
vowd 1
hecatombs 1
to 1
bleed 1
and 1
calld 1
joves 1
vengeance 1
on 1
the 1
guilty 1
deed 1
armd 1
with 1
his 1
lance 1
the 1
prince 1
then 1
passd 1
the 1
gate 1
two 1
dogs 1
behind 1
a 1
faithful 1
guard 1
await 1
pallas 1
his 1
form 1
with 1
grace 1
divine 1
improves 1
the 1
gazing 1
crowd 1
admires 1
him 1
as 1
he 1
moves 1
him 1
gathering 1
round 1
the 1
haughty 1
suitors 1
greet 1
with 1
semblance 1
fair 1
but 1
inward 1
deep 1
deceit 1
their 1
false 1
addresses 1
generous 1
he 1
denied 1
passd 1
on 1
and 1
sate 1
by 1
faithful 1
mentors 1
side 1
with 1
antiphus 1
and 1
halitherses 1
sage 1
his 1
fathers 1
counsellors 1
revered 1
for 1
age 1
of 1
his 1
own 1
fortunes 1
and 1
ulysses 1
fame 1
much 1
askd 1
the 1
seniors 1
till 1
peiraeus 1
came 1
the 1
strangerguest 1
pursued 1
him 1
close 1
behind 1
whom 1
when 1
telemachus 1
beheld 1
he 1
joind 1
he 1
when 1
peiraeus 1
askd 1
for 1
slaves 1
to 1
bring 1
the 1
gifts 1
and 1
treasures 1
of 1
the 1
spartan 1
king 1
thus 1
thoughtful 1
answerd 1
those 1
we 1
shall 1
not 1
move 1
dark 1
and 1
unconscious 1
of 1
the 1
will 1
of 1
jove 1
we 1
know 1
not 1
yet 1
the 1
full 1
event 1
of 1
all 1
stabbd 1
in 1
his 1
palace 1
if 1
your 1
prince 1
must 1
fall 1
us 1
and 1
our 1
house 1
if 1
treason 1
must 1
oerthrow 1
better 1
a 1
friend 1
possess 1
them 1
than 1
a 1
foe 1
if 1
death 1
to 1
these 1
and 1
vengeance 1
heaven 1
decree 1
riches 1
are 1
welcome 1
then 1
not 1
else 1
to 1
me 1
till 1
then 1
retain 1
the 1
giftsthe 1
hero 1
said 1
and 1
in 1
his 1
hand 1
the 1
willing 1
stranger 1
led 1
then 1
disarrayd 1
the 1
shining 1
bath 1
they 1
sought 1
with 1
unguents 1
smooth 1
of 1
polishd 1
marble 1
wrought 1
obedient 1
handmaids 1
with 1
assistant 1
toil 1
supply 1
the 1
limpid 1
wave 1
and 1
fragrant 1
oil 1
then 1
oer 1
their 1
limbs 1
refulgent 1
robes 1
they 1
threw 1
and 1
fresh 1
from 1
bathing 1
to 1
their 1
seats 1
withdrew 1
the 1
golden 1
ewer 1
a 1
nymph 1
attendant 1
brings 1
replenishd 1
from 1
the 1
pure 1
translucent 1
springs 1
with 1
copious 1
streams 1
that 1
golden 1
ewer 1
supplies 1
a 1
silver 1
layer 1
of 1
capacious 1
size 1
they 1
wash 1
the 1
table 1
in 1
fair 1
order 1
spread 1
is 1
piled 1
with 1
viands 1
and 1
the 1
strength 1
of 1
bread 1
full 1
opposite 1
before 1
the 1
folding 1
gate 1
the 1
pensive 1
mother 1
sits 1
in 1
humble 1
state 1
lowly 1
she 1
sate 1
and 1
with 1
dejected 1
view 1
the 1
fleecy 1
threads 1
her 1
ivory 1
fingers 1
drew 1
the 1
prince 1
and 1
stranger 1
shared 1
the 1
genial 1
feast 1
till 1
now 1
the 1
rage 1
of 1
thirst 1
and 1
hunger 1
ceased 1
when 1
thus 1
the 1
queen 1
my 1
son 1
my 1
only 1
friend 1
say 1
to 1
my 1
mournful 1
couch 1
shall 1
i 1
ascend 1
the 1
couch 1
deserted 1
now 1
a 1
length 1
of 1
years 1
the 1
couch 1
for 1
ever 1
waterd 1
with 1
my 1
tears 1
say 1
wilt 1
thou 1
not 1
ere 1
yet 1
the 1
suitor 1
crew 1
return 1
and 1
riot 1
shakes 1
our 1
walls 1
anew 1
say 1
wilt 1
thou 1
not 1
the 1
least 1
account 1
afford 1
the 1
least 1
glad 1
tidings 1
of 1
my 1
absent 1
lord 1
to 1
her 1
the 1
youth 1
we 1
reachd 1
the 1
pylian 1
plains 1
where 1
nestor 1
shepherd 1
of 1
his 1
people 1
reigns 1
all 1
arts 1
of 1
tenderness 1
to 1
him 1
are 1
known 1
kind 1
to 1
ulysses 1
race 1
as 1
to 1
his 1
own 1
no 1
father 1
with 1
a 1
fonder 1
grasp 1
of 1
joy 1
strains 1
to 1
his 1
bosom 1
his 1
longabsent 1
boy 1
but 1
all 1
unknown 1
if 1
yet 1
ulysses 1
breathe 1
or 1
glide 1
a 1
spectre 1
in 1
the 1
realms 1
beneath 1
for 1
farther 1
search 1
his 1
rapid 1
steeds 1
transport 1
my 1
lengthend 1
journey 1
to 1
the 1
spartan 1
court 1
there 1
argive 1
helen 1
i 1
beheld 1
whose 1
charms 1
so 1
heaven 1
decreed 1
engaged 1
the 1
great 1
in 1
arms 1
my 1
cause 1
of 1
coming 1
told 1
he 1
thus 1
rejoind 1
and 1
still 1
his 1
words 1
live 1
perfect 1
in 1
my 1
mind 1
heavens 1
would 1
a 1
soft 1
inglorious 1
dastard 1
train 1
an 1
absent 1
heros 1
nuptial 1
joys 1
profane 1
so 1
with 1
her 1
young 1
amid 1
the 1
woodland 1
shades 1
a 1
timorous 1
hind 1
the 1
lions 1
court 1
invades 1
leaves 1
in 1
that 1
fatal 1
lair 1
her 1
tender 1
fawns 1
and 1
climbs 1
the 1
cliffs 1
or 1
feeds 1
along 1
the 1
lawns 1
meantime 1
returning 1
with 1
remorseless 1
sway 1
the 1
monarch 1
savage 1
rends 1
the 1
panting 1
prey 1
with 1
equal 1
fury 1
and 1
with 1
equal 1
fame 1
shall 1
great 1
ulysses 1
reassert 1
his 1
claim 1
o 1
jove 1
supreme 1
whom 1
men 1
and 1
gods 1
revere 1
