ceasing 1
benevolent 1
he 1
straight 1
assigns 1
the 1
royal 1
portion 1
of 1
the 1
choicest 1
chines 1
to 1
each 1
accepted 1
friend 1
with 1
grateful 1
haste 1
they 1
share 1
the 1
honours 1
of 1
the 1
rich 1
repast 1
sufficed 1
soft 1
whispering 1
thus 1
to 1
nestors 1
son 1
his 1
head 1
reclined 1
young 1
ithacus 1
begun 1
viewst 1
thou 1
unmoved 1
o 1
everhonourd 1
most 1
these 1
prodigies 1
of 1
art 1
and 1
wondrous 1
cost 1
above 1
beneath 1
around 1
the 1
palace 1
shines 1
the 1
sunless 1
treasure 1
of 1
exhausted 1
mines 1
the 1
spoils 1
of 1
elephants 1
the 1
roofs 1
inlay 1
and 1
studded 1
amber 1
darts 1
the 1
golden 1
ray 1
such 1
and 1
not 1
nobler 1
in 1
the 1
realms 1
above 1
my 1
wonder 1
dictates 1
is 1
the 1
dome 1
of 1
jove 1
the 1
monarch 1
took 1
the 1
word 1
and 1
grave 1
replied 1
presumptuous 1
are 1
the 1
vaunts 1
and 1
vain 1
the 1
pride 1
of 1
man 1
who 1
dares 1
in 1
pomp 1
with 1
jove 1
contest 1
unchanged 1
immortal 1
and 1
supremely 1
blest 1
with 1
all 1
my 1
affluence 1
when 1
my 1
woes 1
are 1
weighd 1
envy 1
will 1
own 1
the 1
purchase 1
dearly 1
paid 1
for 1
eight 1
slowcircling 1
years 1
by 1
tempests 1
tossd 1
from 1
cypress 1
to 1
the 1
far 1
phoenician 1
coast 1
sidon 1
the 1
capital 1
i 1
stretchd 1
my 1
toil 1
through 1
regions 1
fattend 1
with 1
the 1
flows 1
of 1
nile 1
next 1
aethiopias 1
utmost 1
bound 1
explore 1
and 1
the 1
parchd 1
borders 1
of 1
the 1
arabian 1
shore 1
then 1
warp 1
my 1
voyage 1
on 1
the 1
southern 1
gales 1
oer 1
the 1
warm 1
lybian 1
wave 1
to 1
spread 1
my 1
sails 1
that 1
happy 1
clime 1
where 1
each 1
revolving 1
year 1
the 1
teeming 1
ewes 1
a 1
triple 1
offspring 1
bear 1
and 1
two 1
fair 1
crescents 1
of 1
translucent 1
horn 1
the 1
brows 1
of 1
all 1
their 1
young 1
increase 1
adorn 1
the 1
shepherd 1
swains 1
with 1
sure 1
abundance 1
blest 1
on 1
the 1
fat 1
flock 1
and 1
rural 1
dainties 1
feast 1
nor 1
want 1
of 1
herbage 1
makes 1
the 1
dairy 1
fail 1
but 1
every 1
season 1
fills 1
the 1
foaming 1
pail 1
whilst 1
heaping 1
unwashd 1
wealth 1
i 1
distant 1
roam 1
the 1
best 1
of 1
brothers 1
at 1
his 1
natal 1
home 1
by 1
the 1
dire 1
fury 1
of 1
a 1
traitress 1
wife 1
ends 1
the 1
sad 1
evening 1
of 1
a 1
stormy 1
life 1
whence 1
with 1
incessant 1
grief 1
my 1
soul 1
annoyd 1
these 1
riches 1
are 1
possessd 1
but 1
not 1
enjoyd 1
my 1
wars 1
the 1
copious 1
theme 1
of 1
every 1
tongue 1
to 1
you 1
your 1
fathers 1
have 1
recorded 1
long 1
how 1
favouring 1
heaven 1
repaid 1
my 1
glorious 1
toils 1
with 1
a 1
sackd 1
palace 1
and 1
barbaric 1
spoils 1
oh 1
had 1
the 1
gods 1
so 1
large 1
a 1
boon 1
denied 1
and 1
life 1
the 1
just 1
equivalent 1
supplied 1
to 1
those 1
brave 1
warriors 1
who 1
with 1
glory 1
fired 1
far 1
from 1
their 1
country 1
in 1
my 1
cause 1
expired 1
still 1
in 1
short 1
intervals 1
of 1
pleasing 1
woe 1
regardful 1
of 1
the 1
friendly 1
dues 1
i 1
owe 1
i 1
to 1
the 1
glorious 1
dead 1
for 1
ever 1
dear 1
indulge 1
the 1
tribute 1
of 1
a 1
grateful 1
tear 1
but 1
oh 1
ulyssesdeeper 1
than 1
the 1
rest 1
that 1
sad 1
idea 1
wounds 1
my 1
anxious 1
breast 1
my 1
heart 1
bleeds 1
fresh 1
with 1
agonizing 1
pain 1
the 1
bowl 1
and 1
tasteful 1
viands 1
tempt 1
in 1
vain 1
nor 1
sleeps 1
soft 1
power 1
can 1
close 1
my 1
streaming 1
eyes 1
when 1
imaged 1
to 1
my 1
soul 1
his 1
sorrows 1
rise 1
no 1
peril 1
in 1
my 1
cause 1
he 1
ceased 1
to 1
prove 1
his 1
labours 1
equalld 1
only 1
by 1
my 1
love 1
and 1
both 1
alike 1
to 1
bitter 1
fortune 1
born 1
for 1
him 1
to 1
suffer 1
and 1
for 1
me 1
to 1
mourn 1
whether 1
he 1
wanders 1
on 1
some 1
friendly 1
coast 1
or 1
glides 1
in 1
stygian 1
gloom 1
a 1
pensive 1
ghost 1
no 1
fame 1
reveals 1
but 1
doubtful 1
of 1
his 1
doom 1
his 1
good 1
old 1
sire 1
with 1
sorrow 1
to 1
the 1
tomb 1
declines 1
his 1
trembling 1
steps 1
untimely 1
care 1
withers 1
the 1
blooming 1
vigour 1
of 1
his 1
heir 1
and 1
the 1
chaste 1
partner 1
of 1
his 1
bed 1
and 1
throne 1
wastes 1
all 1
her 1
widowd 1
hours 1
in 1
tender 1
moan 1
while 1
thus 1
pathetic 1
to 1
the 1
prince 1
he 1
spoke 1
from 1
the 1
brave 1
youth 1
the 1
streaming 1
passion 1
broke 1
studious 1
to 1
veil 1
the 1
grief 1
in 1
vain 1
repressd 1
his 1
face 1
he 1
shrouded 1
with 1
his 1
purple 1
vest 1
the 1
conscious 1
monarch 1
pierced 1
the 1
coy 1
disguise 1
and 1
viewd 1
his 1
filial 1
love 1
with 1
vast 1
surprise 1
dubious 1
to 1
press 1
the 1
tender 1
theme 1
or 1
wait 1
to 1
hear 1
the 1
youth 1
inquire 1
his 1
fathers 1
fate 1
in 1
this 1
suspense 1
bright 1
helen 1
graced 1
the 1
room 1
before 1
her 1
breathed 1
a 1
gale 1
of 1
rich 1
perfume 1
so 1
moves 1
adornd 1
with 1
each 1
attractive 1
grace 1
the 1
silver 1
shafted 1
goddess 1
of 1
the 1
chase 1
the 1
seat 1
of 1
majesty 1
adraste 1
brings 1
with 1
art 1
illustrious 1
for 1
the 1
pomp 1
of 1
kings 1
to 1
spread 1
the 1
pall 1
beneath 1
the 1
regal 1
chair 1
of 1
softest 1
wool 1
is 1
bright 1
alcippes 1
care 1
a 1
silver 1
canister 1
divinely 1
wrought 1
in 1
her 1
soft 1
hands 1
the 1
beauteous 1
phylo 1
brought 1
to 1
spartas 1
queen 1
of 1
old 1
the 1
radiant 1
vase 1
alcandra 1
gave 1
a 1
pledge 1
of 1
royal 1
grace 1
for 1
polybus 1
her 1
lord 1
whose 1
sovereign 1
sway 1
the 1
wealthy 1
tribes 1
of 1
pharian 1
thebes 1
obey 1
when 1
to 1
that 1
court 1
atrides 1
came 1
caressd 1
with 1
vast 1
munificence 1
the 1
imperial 1
guest 1
two 1
lavers 1
from 1
the 1
richest 1
ore 1
refined 1
with 1
silver 1
tripods 1
the 1
kind 1
host 1
assignd 1
and 1
bounteous 1
from 1
the 1
royal 1
treasure 1
told 1
ten 1
equal 1
talents 1
of 1
refulgent 1
gold 1
alcandra 1
consort 1
of 1
his 1
high 1
command 1
a 1
golden 1
distaff 1
gave 1
to 1
helens 1
hand 1
and 1
that 1
rich 1
vase 1
with 1
living 1
sculpture 1
wrought 1
which 1
heapd 1
with 1
wool 1
the 1
beauteous 1
phylo 1
brought 1
the 1
silken 1
fleece 1
impurpled 1
for 1
the 1
loom 1
rivalld 1
the 1
hyacinth 1
in 1
vernal 1
bloom 1
the 1
sovereign 1
seat 1
then 1
jove 1
born 1
helen 1
pressd 1
and 1
pleasing 1
thus 1
her 1
sceptred 1
lord 1
addressd 1
who 1
grace 1
our 1
palace 1
now 1
that 1
friendly 1
pair 1
speak 1
they 1
their 1
lineage 1
or 1
their 1
names 1
declare 1
uncertain 1
of 1
the 1
truth 1
yet 1
uncontrolld 1
hear 1
me 1
the 1
bodings 1
of 1
my 1
breast 1
unfold 1
with 1
wonder 1
wrappd 1
on 1
yonder 1
check 1
i 1
trace 1
the 1
feature 1
of 1
the 1
ulyssean 1
race 1
diffused 1
oer 1
each 1
resembling 1
line 1
appear 1
in 1
just 1
similitude 1
the 1
grace 1
and 1
air 1
of 1
young 1
telemachus 1
the 1
lovely 1
boy 1
who 1
blessd 1
ulysses 1
with 1
a 1
fathers 1
joy 1
what 1
time 1
the 1
greeks 1
combined 1
their 1
social 1
arms 1
to 1
avenge 1
the 1
stain 1
of 1
my 1
illfated 1
charms 1
just 1
is 1
thy 1
thought 1
the 1
king 1
assenting 1
cries 1
methinks 1
ulysses 1
strikes 1
my 1
wondering 1
eyes 1
full 1
shines 1
the 1
father 1
in 1
the 1
filial 1
frame 1
his 1
port 1
his 1
features 1
and 1
his 1
shape 1
the 1
same 1
such 1
quick 1
regards 1
his 1
sparkling 1
eyes 1
bestow 1
such 1
wavy 1
ringlets 1
oer 1
his 1
shoulders 1
flow 1
and 1
when 1
he 1
heard 1
the 1
long 1
disastrous 1
store 1
of 1
cares 1
which 1
in 1
my 1
cause 1
ulysses 1
bore 1
dismayd 1
heartwounded 1
with 1
paternal 1
woes 1
above 1
restraint 1
the 1
tide 1
of 1
sorrow 1
rose 1
cautious 1
to 1
let 1
the 1
gushing 1
grief 1
appear 1
his 1
purple 1
garment 1
veild 1
the 1
falling 1
tear 1
see 1
there 1
confessd 1
pisistratus 1
replies 1
the 1
genuine 1
worth 1
of 1
ithacus 1
the 1
wise 1
of 1
that 1
heroic 1
sire 1
the 1
youth 1
is 1
sprung 1
but 1
modest 1
awe 1
hath 1
chaind 1
his 1
timorous 1
tongue 1
thy 1
voice 1
o 1
king 1
with 1
pleased 1
attention 1
heard 1
is 1
like 1
the 1
dictates 1
of 1
a 1
god 1
revered 1
with 1
him 1
at 1
nestors 1
high 1
command 1
i 1
came 1
whose 1
age 1
i 1
honour 1
with 1
a 1
parents 1
name 1
by 1
adverse 1
destiny 1
constrained 1
to 1
sue 1
for 1
counsel 1
and 1
redress 1
he 1
sues 1
to 1
you 1
whatever 1
ill 1
the 1
friendless 1
orphan 1
bears 1
bereaved 1
of 1
parents 1
in 1
his 1
infant 1
years 1
still 1
must 1
the 1
wrongd 1
telemachus 1
sustain 1
if 1
hopeful 1
of 1
your 1
aid 1
he 1
hopes 1
in 1
vain 1
affianced 1
in 1
your 1
friendly 1
power 1
alone 1
the 1
youth 1
would 1
vindicate 1
the 1
vacant 1
throne 1
is 1
sparta 1
blest 1
and 1
these 1
desiring 1
eyes 1
view 1
my 1
friends 1
son 1
the 1
king 1
exalting 1
cries 1
son 1
of 1
my 1
friend 1
by 1
glorious 1
toils 1
approved 1
whose 1
sword 1
was 1
sacred 1
to 1
the 1
man 1
he 1
loved 1
mirror 1
of 1
constant 1
faith 1
revered 1
and 1
mournd 1
when 1
troy 1
was 1
ruind 1
had 1
the 1
chief 1
returnd 1
no 1
greek 1
an 1
equal 1
space 1
had 1
ere 1
possessd 1
of 1
dear 1
affection 1
in 1
my 1
grateful 1
breast 1
i 1
to 1
confirm 1
the 1
mutual 1
joys 1
we 1
shared 1
for 1
his 1
abode 1
a 1
capital 1
prepared 1
argos 1
the 1
seat 1
of 1
sovereign 1
rule 1
i 1
chose 1
fair 1
in 1
the 1
plan 1
the 1
future 1
palace 1
rose 1
where 1
my 1
ulysses 1
and 1
his 1
race 1
might 1
reign 1
and 1
portion 1
to 1
his 1
tribes 1
the 1
wide 1
domain 1
to 1
them 1
my 1
vassals 1
had 1
resignd 1
a 1
soil 1
with 1
teeming 1
plenty 1
to 1
reward 1
their 1
toil 1
there 1
with 1
commutual 1
zeal 1
we 1
both 1
had 1
strove 1
in 1
acts 1
of 1
dear 1
benevolence 1
and 1
love 1
brothers 1
in 1
peace 1
not 1
rivals 1
in 1
command 1
and 1
death 1
alone 1
dissolved 1
the 1
friendly 1
band 1
some 1
envious 1
power 1
the 1
blissful 1
scene 1
destroys 1
vanishd 1
are 1
all 1
the 1
visionary 1
joys 1
the 1
soul 1
of 1
friendship 1
to 1
my 1
hope 1
is 1
lost 1
fated 1
to 1
wander 1
from 1
his 1
natal 1
coast 1
he 1
ceased 1
a 1
gush 1
of 1
grief 1
began 1
to 1
rise 1
fast 1
streams 1
a 1
tide 1
from 1
beauteous 1
helens 1
eyes 1
fast 1
for 1
the 1
sire 1
the 1
filial 1
sorrows 1
flow 1
the 1
weeping 1
monarch 1
swells 1
the 1
mighty 1
woe 1
thy 1
cheeks 1
pisistratus 1
the 1
tears 1
bedew 1
while 1
pictured 1
so 1
thy 1
mind 1
appeard 1
in 1
view 1
thy 1
martial 1
brother 1
on 1
the 1
phrygian 1
plain 1
extended 1
pale 1
by 1
swarthy 1
memnon 1
slain 1
but 1
silence 1
soon 1
the 1
son 1
of 1
nestor 1
broke 1
and 1
melting 1
with 1
fraternal 1
pity 1
spoke 1
frequent 1
o 1
king 1
was 1
nestor 1
wont 1
to 1
raise 1
and 1
charm 1
attention 1
with 1
thy 1
copious 1
praise 1
to 1
crowd 1
thy 1
various 1
gifts 1
the 1
sage 1
assignd 1
the 1
glory 1
of 1
a 1
firm 1
capacious 1
mind 1
with 1
that 1
superior 1
attribute 1
control 1
this 1
unavailing 1
impotence 1
of 1
soul 1
let 1
not 1
your 1
roof 1
with 1
echoing 1
grief 1
resound 1
now 1
for 1
the 1
feast 1
the 1
friendly 1
bowl 1
is 1
crownd 1
but 1
when 1
from 1
dewy 1
shade 1
emerging 1
bright 1
aurora 1
streaks 1
the 1
sky 1
with 1
orient 1
light 1
let 1
each 1
deplore 1
his 1
dead 1
the 1
rites 1
of 1
woe 1
are 1
all 1
alas 1
the 1
living 1
can 1
bestow 1
oer 1
the 1
congenial 1
dust 1
enjoind 1
to 1
shear 1
the 1
graceful 1
curl 1
and 1
drop 1
the 1
tender 1
tear 1
then 1
mingling 1
in 1
the 1
mournful 1
pomp 1
with 1
you 1
ill 1
pay 1
my 1
brothers 1
ghost 1
a 1
warriors 1
due 1
and 1
mourn 1
the 1
brave 1
antilochus 1
a 1
name 1
not 1
unrecorded 1
in 1
the 1
rolls 1
of 1
fame 1
with 1
strength 1
and 1
speed 1
superior 1
formd 1
in 1
fight 1
to 1
face 1
the 1
foe 1
or 1
intercept 1
his 1
flight 1
too 1
early 1
snatchd 1
by 1
fate 1
ere 1
known 1
to 1
me 1
i 1
boast 1
a 1
witness 1
of 1
his 1
worth 1
in 1
thee 1
young 1
and 1
mature 1
the 1
monarch 1
thus 1
rejoins 1
in 1
thee 1
renewd 1
the 1
soul 1
of 1
nestor 1
shines 1
formd 1
by 1
the 1
care 1
of 1
that 1
consummate 1
sage 1
in 1
early 1
bloom 1
an 1
oracle 1
of 1
age 1
wheneer 1
his 1
influence 1
jove 1
vouchsafes 1
to 1
shower 1
to 1
bless 1
the 1
natal 1
and 1
the 1
nuptial 1
hour 1
from 1
the 1
great 1
sire 1
transmissive 1
to 1
the 1
race 1
the 1
boon 1
devolving 1
gives 1
distinguishd 1
grace 1
such 1
happy 1
nestor 1
was 1
thy 1
glorious 1
doom 1
around 1
thee 1
full 1
of 1
years 1
thy 1
offspring 1
bloom 1
expert 1
of 1
arms 1
and 1
prudent 1
in 1
debate 1
the 1
gifts 1
of 1
heaven 1
to 1
guard 1
thy 1
hoary 1
state 1
but 1
now 1
let 1
each 1
becalm 1
his 1
troubled 1
breast 1
wash 1
and 1
partake 1
serene 1
the 1
friendly 1
feast 1
to 1
move 1
thy 1
suit 1
telemachus 1
delay 1
till 1
heavens 1
revolving 1
lamp 1
restores 1
the 1
day 1
he 1
said 1
asphalion 1
swift 1
the 1
laver 1
brings 1
alternate 1
all 1
partake 1
the 1
grateful 1
springs 1
then 1
from 1
the 1
rites 1
of 1
purity 1
repair 1
and 1
with 1
keen 1
gust 1
the 1
savoury 1
viands 1
share 1
meantime 1
with 1
genial 1
joy 1
to 1
warm 1
the 1
soul 1
bright 1
helen 1
mixd 1
a 1
mirth 1
inspiring 1
bowl 1
temperd 1
with 1
drugs 1
of 1
sovereign 1
use 1
to 1
assuage 1
the 1
boiling 1
bosom 1
of 1
tumultuous 1
rage 1
to 1
clear 1
the 1
cloudy 1
front 1
of 1
wrinkled 1
care 1
and 1
dry 1
the 1
tearful 1
sluices 1
of 1
despair 1
charmd 1
with 1
that 1
virtuous 1
draught 1
the 1
exalted 1
mind 1
all 1
sense 1
of 1
woe 1
delivers 1
to 1
the 1
wind 1
though 1
on 1
the 1
blazing 1
pile 1
his 1
parent 1
lay 1
or 1
a 1
loved 1
brother 1
groand 1
his 1
life 1
away 1
or 1
darling 1
son 1
oppressd 1
by 1
ruffian 1
force 1
fell 1
breathless 1
at 1
his 1
feet 1
a 1
mangled 1
corse 1
from 1
morn 1
to 1
eve 1
impassive 1
and 1
serene 1
the 1
man 1
entranced 1
would 1
view 1
the 1
dreadful 1
scene 1
these 1
drugs 1
so 1
friendly 1
to 1
the 1
joys 1
of 1
life 1
bright 1
helen 1
learnd 1
from 1
thones 1
imperial 1
wife 1
who 1
swayd 1
the 1
sceptre 1
where 1
prolific 1
nile 1
with 1
various 1
simples 1
clothes 1
the 1
fattend 1
soil 1
with 1
wholesome 1
herbage 1
mixd 1
the 1
direful 1
bane 1
of 1
vegetable 1
venom 1
taints 1
the 1
plain 1
from 1
paeon 1
sprung 1
their 1
patrongod 1
imparts 1
to 1
all 1
the 1
pharian 1
race 1
his 1
healing 1
arts 1
the 1
beverage 1
now 1
prepared 1
to 1
inspire 1
the 1
feast 1
the 1
circle 1
thus 1
the 1
beauteous 1
queen 1
addressed 1
throned 1
in 1
omnipotence 1
supremest 1
jove 1
tempers 1
the 1
fates 1
of 1
human 1
race 1
above 1
by 1
the 1
firm 1
sanction 1
of 1
his 1
sovereign 1
will 1
alternate 1
are 1
decreed 1
our 1
good 1
and 1
ill 1
to 1
feastful 1
mirth 1
be 1
this 1
white 1
hour 1
assignd 1
and 1
sweet 1
discourse 1
the 1
banquet 1
of 1
the 1
mind 1
myself 1
assisting 1
in 1
the 1
social 1
joy 1
will 1
tell 1
ulysses 1
bold 1
exploit 1
in 1
troy 1
sole 1
witness 1
of 1
the 1
deed 1
i 1
now 1
declare 1
speak 1
you 1
who 1
saw 1
his 1
wonders 1
in 1
the 1
war 1
seamd 1
oer 1
with 1
wounds 1
which 1
his 1
own 1
sabre 1
gave 1
in 1
the 1
vile 1
habit 1
of 1
a 1
village 1
slave 1
the 1
foe 1
deceived 1
he 1
passd 1
the 1
tented 1
plain 1
in 1
troy 1
to 1
mingle 1
with 1
the 1
hostile 1
train 1
in 1
this 1
attire 1
secure 1
from 1
searching 1
eyes 1
till 1
happily 1
piercing 1
through 1
the 1
dark 1
disguise 1
the 1
chief 1
i 1
challenged 1
he 1
whose 1
practised 1
wit 1
knew 1
all 1
the 1
serpent 1
mazes 1
of 1
deceit 1
eludes 1
my 1
search 1
but 1
when 1
his 1
form 1
i 1
viewd 1
fresh 1
from 1
the 1
bath 1
with 1
fragrant 1
oils 1
renewd 1
his 1
limbs 1
in 1
military 1
purple 1
dressd 1
each 1
brightening 1
grace 1
the 1
genuine 1
greek 1
confessd 1
a 1
previous 1
pledge 1
of 1
sacred 1
faith 1
obtaind 1
till 1
he 1
the 1
lines 1
and 1
argive 1
fleet 1
regaind 1
to 1
keep 1
his 1
stay 1
conceald 1
the 1
chief 1
declared 1
the 1
plans 1
of 1
war 1
against 1
the 1
town 1
prepared 1
exploring 1
then 1
the 1
secrets 1
of 1
the 1
state 1
he 1
learnd 1
what 1
best 1
might 1
urge 1
the 1
dardan 1
fate 1
and 1
safe 1
returning 1
to 1
the 1
grecian 1
host 1
sent 1
many 1
a 1
shade 1
to 1
plutos 1
dreary 1
coast 1
loud 1
grief 1
resounded 1
through 1
the 1
towers 1
of 1
troy 1
but 1
my 1
pleased 1
bosom 1
glowd 1
with 1
secret 1
joy 1
for 1
then 1
with 1
dire 1
remorse 1
and 1
conscious 1
shame 1
i 1
viewd 1
the 1
effects 1
of 1
that 1
disastrous 1
flame 1
which 1
kindled 1
by 1
the 1
imperious 1
queen 1
of 1
love 1
constraind 1
me 1
from 1
my 1
native 1
realm 1
to 1
rove 1
and 1
oft 1
in 1
bitterness 1
of 1
soul 1
deplored 1
my 1
absent 1
daughter 1
and 1
my 1
dearer 1
lord 1
admired 1
among 1
the 1
first 1
of 1
human 1
race 1
for 1
every 1
gift 1
of 1
mind 1
and 1
manly 1
grace 1
right 1
well 1
replied 1
the 1
king 1
your 1
speech 1
displays 1
the 1
matchless 1
merit 1
of 1
the 1
chief 1
you 1
praise 1
heroes 1
in 1
various 1
climes 1
myself 1
have 1
found 1
for 1
martial 1
deeds 1
and 1
depth 1
of 1
thought 1
renownd 1
but 1
ithacus 1
unrivalld 1
in 1
his 1
claim 1
may 1
boast 1
a 1
title 1
to 1
the 1
loudest 1
fame 1
in 1
battle 1
calm 1
he 1
guides 1
the 1
rapid 1
storm 1
wise 1
to 1
resolve 1
and 1
patient 1
to 1
perform 1
what 1
wondrous 1
conduct 1
in 1
the 1
chief 1
appeard 1
when 1
the 1
vast 1
fabric 1
of 1
the 1
steed 1
we 1
reard 1
some 1
demon 1
anxious 1
for 1
the 1
trojan 1
doom 1
urged 1
you 1
with 1
great 1
deiphobus 1
to 1
come 1
to 1
explore 1
the 1
fraud 1
with 1
guile 1
opposed 1
to 1
guile 1
slowpacing 1
thrice 1
around 1
the 1
insidious 1
pile 1
each 1
noted 1
leaders 1
name 1
you 1
thrice 1
invoke 1
your 1
accent 1
varying 1
as 1
their 1
spouses 1
spoke 1
the 1
pleasing 1
sounds 1
each 1
latent 1
warrior 1
warmd 1
but 1
most 1
tydides 1
and 1
coy 1
heart 1
alarmd 1
to 1
quit 1
the 1
steed 1
we 1
both 1
impatient 1
press 1
threatening 1
to 1
answer 1
from 1
the 1
dark 1
recess 1
unmoved 1
the 1
mind 1
of 1
ithacus 1
remaind 1
and 1
the 1
vain 1
ardours 1
of 1
our 1
love 1
restraind 1
but 1
anticlus 1
unable 1
to 1
control 1
spoke 1
loud 1
the 1
language 1
of 1
his 1
yearning 1
soul 1
ulysses 1
straight 1
with 1
indignation 1
fired 1
for 1
so 1
the 1
common 1
care 1
of 1
greece 1
required 1
firm 1
to 1
his 1
lips 1
his 1
forceful 1
hands 1
applied 1
till 1
on 1
his 1
tongue 1
the 1
fluttering 1
murmurs 1
died 1
meantime 1
minerva 1
from 1
the 1
fraudful 1
horse 1
back 1
to 1
the 1
court 1
of 1
priam 1
bent 1
your 1
course 1
inclement 1
fate 1
telemachus 1
replies 1
frail 1
is 1
the 1
boasted 1
attribute 1
of 1
wise 1
the 1
leader 1
mingling 1
with 1
the 1
vulgar 1
host 1
is 1
in 1
the 1
common 1
mass 1
of 1
matter 1
lost 1
but 1
now 1
let 1
sleep 1
the 1
painful 1
waste 1
repair 1
of 1
sad 1
reflection 1
and 1
corroding 1
care 1
he 1
ceased 1
the 1
menial 1
fair 1
that 1
round 1
her 1
wait 1
at 1
helens 1
beck 1
prepare 1
the 1
room 1
of 1
state 1
beneath 1
an 1
ample 1
portico 1
they 1
spread 1
the 1
downy 1
fleece 1
to 1
form 1
the 1
slumberous 1
bed 1
and 1
oer 1
soft 1
palls 1
of 1
purple 1
grain 1
unfold 1
rich 1
tapestry 1
stiff 1
with 1
interwoven 1
gold 1
then 1
through 1
the 1
illumined 1
dome 1
to 1
balmy 1
rest 1
the 1
obsequious 1
herald 1
guides 1
each 1
princely 1
guest 1
while 1
to 1
his 1
regal 1
bower 1
the 1
king 1
ascends 1
and 1
beauteous 1
helen 1
on 1
her 1
lord 1
attends 1
soon 1
as 1
the 1
morn 1
in 1
orient 1
purple 1
dressd 1
unbarrd 1
the 1
portal 1
of 1
the 1
roseate 1
east 1
the 1
monarch 1
rose 1
magnificent 1
to 1
view 1
the 1
imperial 1
mantle 1
oer 1
his 1
vest 1
he 1
threw 1
the 1
glittering 1
zone 1
athwart 1
his 1
shoulders 1
cast 1
a 1
starry 1
falchion 1
lowdepending 1
graced 1
claspd 1
on 1
his 1
feet 1
the 1
embroidered 1
sandals 1
shine 1
and 1
forth 1
he 1
moves 1
majestic 1
and 1
divine 1
instant 1
to 1
young 1
telemachus 1
he 1
pressd 1
and 1
thus 1
benevolent 1
his 1
speech 1
addressed 1
say 1
royal 1
youth 1
sincere 1
of 1
soul 1
report 1
whit 1
cause 1
hath 1
led 1
you 1
to 1
the 1
spartan 1
court 1
do 1
public 1
or 1
domestic 1
care 1
constrain 1
this 1
toilsome 1
voyage 1
oer 1
the 1
surgy 1
main 1
o 1
highlyflavourd 1
delegate 1
of 1
jove 1
replies 1
the 1
prince 1
inflamed 1
with 1
filial 1
love 1
and 1
anxious 1
hope 1
to 1
hear 1
my 1
parents 1
doom 1
a 1
suppliant 1
to 1
your 1
royal 1
court 1
i 1
come 1
our 1
sovereign 1
seat 1
a 1
lewd 1
usurping 1
race 1
with 1
lawless 1
riot 1
and 1
misrule 1
disgrace 1
to 1
pamperd 1
insolence 1
devoted 1
fall 1
prime 1
of 1
the 1
flock 1
and 1
choicest 1
of 1
the 1
stall 1
for 1
wild 1
ambition 1
wings 1
their 1
bold 1
desire 1
and 1
all 1
to 1
mount 1
the 1
imperial 1
bed 1
aspire 1
but 1
prostrate 1
i 1
implore 1
o 1
king 1
relate 1
the 1
mournful 1
series 1
of 1
my 1
fathers 1
fate 1
each 1
known 1
disaster 1
of 1
the 1
man 1
disclose 1
born 1
by 1
his 1
mother 1
to 1
a 1
world 1
of 1
woes 1
recite 1
them 1
nor 1
in 1
erring 1
pity 1
fear 1
to 1
wound 1
with 1
storied 1
grief 1
the 1
filial 1
ear 1
if 1
eer 1
ulysses 1
to 1
reclaim 1
your 1
right 1
avowd 1
his 1
zeal 1
in 1
council 1
or 1
in 1
fight 1
if 1
phrygian 1
camps 1
the 1
friendly 1
toils 1
attest 1
to 1
the 1
sires 1
merit 1
give 1
the 1
sons 1
request 1
deep 1
from 1
his 1
inmost 1
soul 1
atrides 1
sighd 1
and 1
thus 1
indignant 1
to 1
the 1
prince 1
replied 1
heavens 1
would 1
a 1
soft 1
inglorious 1
dastard 1
train 1
an 1
absent 1
heros 1
nuptial 1
joys 1
profane 1
so 1
with 1
her 1
young 1
amid 1
the 1
woodland 1
shades 1
a 1
timorous 1
hind 1
the 1
lions 1
court 1
invades 1
leaves 1
in 1
the 1
fatal 1
lair 1
the 1
tender 1
fawns 1
climbs 1
the 1
green 1
cliff 1
or 1
feeds 1
the 1
flowery 1
lawns 1
meantime 1
returnd 1
with 1
dire 1
remorseless 1
sway 1
the 1
monarchsavage 1
rends 1
the 1
trembling 1
prey 1
with 1
equal 1
fury 1
and 1
with 1
equal 1
fame 1
ulysses 1
soon 1
shall 1
reassert 1
his 1
claim 1
o 1
jove 1
supreme 1
whom 1
gods 1
and 1
men 1
revere 1
and 1
thou 1
to 1
whom 1
tis 1
given 1
to 1
gild 1
the 1
sphere 1
with 1
power 1
congenial 1
joind 1
propitious 1
aid 1
the 1
chief 1
adopted 1
by 1
the 1
martial 1
maid 1
such 1
to 1
our 1
wish 1
the 1
warrior 1
soon 1
restore 1
as 1
when 1
contending 1
on 1
the 1
lesbian 1
shore 1
his 1
prowess 1
philomelidies 1
confessd 1
and 1
loudacclaiming 1
greeks 1
the 1
victor 1
blessd 1
then 1
soon 1
the 1
invaders 1
of 1
his 1
bed 1
and 1
throne 1
their 1
love 1
presumptuous 1
shall 1
with 1
life 1
atone 1
with 1
patient 1
ear 1
o 1
royal 1
youth 1
attend 1
the 1
storied 1
labour 1
of 1
thy 1
fathers 1
friend 1
fruitful 1
of 1
deeds 1
the 1
copious 1
tale 1
is 1
long 1
but 1
truth 1
severe 1
shall 1
dictate 1
to 1
my 1
tongue 1
learn 1
what 1
i 1
heard 1
the 1
seaborn 1
seer 1
relate 1
whose 1
eye 1
can 1
pierce 1
the 1
dark 1
recess 1
of 1
fate 1
long 1
on 1
the 1
egyptian 1
coast 1
by 1
calms 1
confined 1
heaven 1
to 1
my 1
fleet 1
refused 1
a 1
prosperous 1
wind 1
no 1
vows 1
had 1
we 1
preferrd 1
nor 1
victims 1
slain 1
for 1
this 1
the 1
gods 1
each 1
favouring 1
gale 1
restrain 1
jealous 1
to 1
see 1
their 1
high 1
behests 1
obeyd 1
severe 1
if 1
men 1
the 1
eternal 1
rights 1
evade 1
high 1
oer 1
a 1
gulfy 1
sea 1
the 1
pharian 1
isle 1
fronts 1
the 1
deep 1
roar 1
of 1
disemboguing 1
nile 1
her 1
distance 1
from 1
the 1
shore 1
the 1
course 1
begun 1
at 1
dawn 1
and 1
ending 1
with 1
the 1
setting 1
sun 1
a 1
galley 1
measures 1
when 1
the 1
stiffer 1
gales 1
rise 1
on 1
the 1
poop 1
and 1
fully 1
stretch 1
the 1
sails 1
there 1
anchord 1
vessels 1
safe 1
in 1
harbour 1
lie 1
whilst 1
limpid 1
springs 1
the 1
failing 1
cask 1
supply 1
and 1
now 1
the 1
twentieth 1
sun 1
descending 1
laves 1
his 1
glowing 1
axle 1
in 1
the 1
western 1
waves 1
still 1
with 1
expanded 1
sails 1
we 1
court 1
in 1
vain 1
propitious 1
winds 1
to 1
waft 1
us 1
oer 1
the 1
main 1
and 1
the 1
pale 1
mariner 1
at 1
once 1
deplores 1
his 1
drooping 1
vigour 1
and 1
exhausted 1
stores 1
when 1
lo 1
a 1
bright 1
cerulean 1
form 1
appears 1
proteus 1
her 1
sire 1
divine 1
with 1
pity 1
pressd 1
me 1
sole 1
the 1
daughter 1
of 1
the 1
deep 1
addressd 1
what 1
time 1
with 1
hunger 1
pined 1
my 1
absent 1
mates 1
roam 1
the 1
wide 1
isle 1
in 1
search 1
of 1
rural 1
cates 1
bait 1
the 1
barbd 1
steel 1
and 1
from 1
the 1
fishy 1
flood 1
appease 1
the 1
afflictive 1
fierce 1
desire 1
of 1
food 1
whoeer 1
thou 1
art 1
the 1
azure 1
goddess 1
cries 1
thy 1
conduct 1
illdeserves 1
the 1
praise 1
of 1
wise 1
is 1
death 1
thy 1
choice 1
or 1
misery 1
thy 1
boast 1
that 1
here 1
inglorious 1
on 1
a 1
barren 1
coast 1
thy 1
brave 1
associates 1
droop 1
a 1
meagre 1
train 1
with 1
famine 1
pale 1
and 1
ask 1
thy 1
care 1
in 1
vain 1
struck 1
with 1
the 1
loud 1
reproach 1
i 1
straight 1
reply 1
whateer 1
thy 1
title 1
in 1
thy 1
native 1
sky 1
a 1
goddess 1
sure 1
for 1
more 1
than 1
moral 1
grace 1
speaks 1
thee 1
descendant 1
of 1
ethereal 1
race 1
deem 1
not 1
that 1
here 1
of 1
choice 1
my 1
fleet 1
remains 1
some 1
heavenly 1
power 1
averse 1
my 1
stay 1
constrains 1
o 1
piteous 1
of 1
my 1
fate 1
vouchsafe 1
to 1
show 1
for 1
whats 1
sequesterd 1
from 1
celestial 1
view 1
what 1
power 1
becalms 1
the 1
innavigable 1
seas 1
what 1
guilt 1
provokes 1
him 1
and 1
what 1
vows 1
appease 1
i 1
ceased 1
when 1
affable 1
the 1
goddess 1
cried 1
observe 1
and 1
in 1
the 1
truths 1
i 1
speak 1
confide 1
the 1
oracular 1
seer 1
frequents 1
the 1
pharian 1
coast 1
from 1
whose 1
high 1
bed 1
my 1
birth 1
divine 1
i 1
boast 1
proteus 1
a 1
name 1
tremendous 1
oer 1
the 1
main 1
the 1
delegate 1
of 1
neptunes 1
watery 1
reign 1
watch 1
with 1
insidious 1
care 1
his 1
known 1
abode 1
there 1
fast 1
in 1
chains 1
constrain 1
the 1
various 1
god 1
who 1
bound 1
obedient 1
to 1
superior 1
force 1
unerring 1
will 1
prescribe 1
your 1
destined 1
course 1
if 1
studious 1
on 1
your 1
realms 1
you 1
then 1
demand 1
their 1
state 1
since 1
last 1
you 1
left 1
your 1
natal 1
land 1
instant 1
the 1
god 1
obsequious 1
will 1
disclose 1
bright 1
tracts 1
of 1
glory 1
or 1
a 1
cloud 1
of 1
woes 1
she 1
ceased 1
and 1
suppliant 1
thus 1
i 1
made 1
reply 1
o 1
goddess 1
i 1
on 1
thy 1
aid 1
my 1
hopes 1
rely 1
dictate 1
propitious 1
to 1
my 1
duteous 1
ear 1
what 1
arts 1
can 1
captivate 1
the 1
changeful 1
seer 1
for 1
perilous 1
the 1
assay 1
unheard 1
the 1
toil 1
to 1
elude 1
the 1
prescience 1
of 1
a 1
god 1
by 1
guile 1
thus 1
to 1
the 1
goddess 1
mild 1
my 1
suit 1
i 1
end 1
then 1
she 1
obedient 1
to 1
my 1
rule 1
attend 1
when 1
through 1
the 1
zone 1
of 1
heaven 1
the 1
mounted 1
sun 1
hath 1
journeyed 1
half 1
and 1
half 1
remains 1
to 1
run 1
the 1
seer 1
while 1
zephyrs 1
curl 1
the 1
swelling 1
deep 1
basks 1
on 1
the 1
breezy 1
shore 1
in 1
grateful 1
sleep 1
his 1
oozy 1
limbs 1
emerging 1
from 1
the 1
wave 1
the 1
phocas 1
swift 1
surround 1
his 1
rocky 1
cave 1
frequent 1
and 1
full 1
the 1
consecrated 1
train 1
of 1
her 1
whose 1
azure 1
trident 1
awes 1
the 1
main 1
there 1
wallowing 1
warm 1
the 1
enormous 1
herd 1
exhales 1
an 1
oily 1
steam 1
and 1
taints 1
the 1
noontide 1
gales 1
to 1
that 1
recess 1
commodious 1
for 1
surprise 1
when 1
purple 1
light 1
shall 1
next 1
suffuse 1
the 1
skies 1
with 1
me 1
repair 1
and 1
from 1
thy 1
warriorband 1
three 1
chosen 1
chiefs 1
of 1
dauntless 1
soul 1
command 1
let 1
their 1
auxiliar 1
force 1
befriend 1
the 1
toil 1
for 1
strong 1
the 1
god 1
and 1
perfected 1
in 1
guile 1
strechd 1
on 1
the 1
shelly 1
shore 1
he 1
first 1
surveys 1
the 1
flouncing 1
herd 1
ascending 1
from 1
the 1
seas 1
their 1
number 1
summd 1
reposed 1
in 1
sleep 1
profound 1
the 1
scaly 1
charge 1
their 1
guardian 1
god 1
surround 1
so 1
with 1
his 1
battening 1
flocks 1
the 1
careful 1
swain 1
abides 1
paviliond 1
on 1
the 1
grassy 1
plain 1
with 1
powers 1
united 1
obstinately 1
bold 1
invade 1
him 1
couchd 1
amid 1
the 1
scaly 1
fold 1
instant 1
he 1
wears 1
elusive 1
of 1
the 1
rape 1
the 1
mimic 1
force 1
of 1
every 1
savage 1
shape 1
or 1
glides 1
with 1
liquid 1
lapse 1
a 1
murmuring 1
stream 1
or 1
wrappd 1
in 1
flame 1
he 1
glows 1
at 1
every 1
limb 1
yet 1
still 1
retentive 1
with 1
redoubled 1
might 1
through 1
each 1
vain 1
passive 1
form 1
constrain 1
his 1
flight 1
but 1
when 1
his 1
native 1
shape 1
renamed 1
he 1
stands 1
patient 1
of 1
conquest 1
and 1
your 1
cause 1
demands 1
the 1
cause 1
that 1
urged 1
the 1
bold 1
attempt 1
declare 1
and 1
soothe 1
the 1
vanquishd 1
with 1
a 1
victors 1
prayer 1
the 1
bands 1
releasd 1
implore 1
the 1
seer 1
to 1
say 1
what 1
godhead 1
interdicts 1
the 1
watery 1
way 1
who 1
straight 1
propitious 1
in 1
prophetic 1
strain 1
will 1
teach 1
you 1
to 1
repass 1
the 1
unmeasured 1
main 1
she 1
ceased 1
and 1
bounding 1
from 1
the 1
shelfy 1
shore 1
round 1
the 1
descending 1
nymph 1
the 1
waves 1
resounding 1
roar 1
high 1
wrappd 1
in 1
wonder 1
of 1
the 1
future 1
deed 1
with 1
joy 1
impetuous 1
to 1
the 1
port 1
i 1
speed 1
the 1
wants 1
of 1
nature 1
with 1
repast 1
suffice 1
till 1
night 1
with 1
grateful 1
shade 1
involved 1
the 1
skies 1
and 1
shed 1
ambrosial 1
dews 1
fast 1
by 1
the 1
deep 1
along 1
the 1
tented 1
shore 1
in 1
balmy 1
sleep 1
our 1
cares 1
were 1
lost 1
when 1
oer 1
the 1
eastern 1
lawn 1
in 1
saffron 1
robes 1
the 1
daughter 1
of 1
the 1
dawn 1
advanced 1
her 1
rosy 1
steps 1
before 1
the 1
bay 1
due 1
ritual 1
honours 1
to 1
the 1
gods 1
i 1
pay 1
then 1
seek 1
the 1
place 1
the 1
seaborn 1
nymph 1
assignd 1
with 1
three 1
associates 1
of 1
undaunted 1
mind 1
arrived 1
to 1
form 1
along 1
the 1
appointed 1
strand 1
for 1
each 1
a 1
bed 1
she 1
scoops 1
the 1
hilly 1
sand 1
then 1
from 1
her 1
azure 1
cave 1
the 1
finny 1
spoils 1
of 1
four 1
vast 1
phocae 1
takes 1
to 1
veil 1
her 1
wiles 1
beneath 1
the 1
finny 1
spoils 1
extended 1
prone 1
hard 1
toil 1
the 1
prophets 1
piercing 1
eye 1
to 1
shun 1
new 1
from 1
the 1
corse 1
the 1
scaly 1
frauds 1
diffuse 1
unsavoury 1
stench 1
of 1
oil 1
and 1
brackish 1
ooze 1
but 1
the 1
bright 1
seamaids 1
gentle 1
power 1
implored 1
with 1
nectard 1
drops 1
the 1
sickening 1
sense 1
restored 1
thus 1
till 1
the 1
sun 1
had 1
travelld 1
half 1
the 1
skies 1
ambushd 1
we 1
lie 1
and 1
wait 1
the 1
bold 1
emprise 1
when 1
thronging 1
quick 1
to 1
bask 1
in 1
open 1
air 1
the 1
flocks 1
of 1
ocean 1
to 1
the 1
strand 1
repair 1
couchd 1
on 1
the 1
sunny 1
sand 1
the 1
monsters 1
sleep 1
then 1
proteus 1
mounting 1
from 1
the 1
hoary 1
deep 1
surveys 1
his 1
charge 1
unknowing 1
of 1
deceit 1
in 1
order 1
told 1
we 1
make 1
the 1
sum 1
complete 1
pleased 1
with 1
the 1
false 1
review 1
secure 1
he 1
lies 1
and 1
leaden 1
slumbers 1
press 1
his 1
drooping 1
eyes 1
rushing 1
impetuous 1
forth 1
we 1
straight 1
prepare 1
a 1
furious 1
onset 1
with 1
the 1
sound 1
of 1
war 1
and 1
shouting 1
seize 1
the 1
god 1
our 1
force 1
to 1
evade 1
his 1
various 1
arts 1
he 1
soon 1
resumes 1
in 1
aid 1
a 1
lion 1
now 1
he 1
curls 1
a 1
surgy 1
mane 1
sudden 1
our 1
hands 1
a 1
spotted 1
paid 1
restrain 1
then 1
armd 1
with 1
tusks 1
and 1
lightning 1
in 1
his 1
eyes 1
a 1
boars 1
obscener 1
shape 1
the 1
god 1
belies 1
on 1
spiry 1
volumes 1
there 1
a 1
dragon 1
rides 1
here 1
from 1
our 1
strict 1
embrace 1
a 1
stream 1
he 1
glides 1
at 1
last 1
sublime 1
his 1
stately 1
growth 1
he 1
rears 1
a 1
tree 1
and 1
welldissembled 1
foliage 1
wears 1
vain 1
efforts 1
with 1
superior 1
power 1
compressd 1
me 1
with 1
reluctance 1
thus 1
the 1
seer 1
addressd 1
say 1
son 1
of 1
atreus 1
say 1
what 1
god 1
inspired 1
this 1
daring 1
fraud 1
and 1
what 1
the 1
boon 1
desired 1
i 1
thus 1
o 1
thou 1
whose 1
certain 1
eye 1
foresees 1
the 1
fixd 1
event 1
of 1
fates 1
remote 1
decrees 1
after 1
long 1
woes 1
and 1
various 1
toil 1
endured 1
still 1
on 1
this 1
desert 1
isle 1
my 1
fleet 1
is 1
moord 1
unfriended 1
of 1
the 1
gales 1
allknowing 1
say 1
what 1
godhead 1
interdicts 1
the 1
watery 1
way 1
what 1
vows 1
repentant 1
will 1
the 1
power 1
appease 1
to 1
speed 1
a 1
prosperous 1
voyage 1
oer 1
the 1
seas 1
to 1
jove 1
with 1
stern 1
regard 1
the 1
god 1
replies 1
and 1
all 1
the 1
offended 1
synod 1
of 1
the 1
skies 1
just 1
hecatombs 1
with 1
due 1
devotion 1
slain 1
thy 1
guilt 1
absolved 1
a 1
prosperous 1
voyage 1
gain 1
to 1
the 1
firm 1
sanction 1
of 1
thy 1
fate 1
attend 1
an 1
exile 1
thou 1
nor 1
cheering 1
face 1
of 1
friend 1
nor 1
sight 1
of 1
natal 1
shore 1
nor 1
regal 1
dome 1
shalt 1
yet 1
enjoy 1
but 1
still 1
art 1
doomd 1
to 1
roam 1
once 1
more 1
the 1
nile 1
who 1
from 1
the 1
secret 1
source 1
of 1
joves 1
high 1
seat 1
descends 1
with 1
sweepy 1
force 1
must 1
view 1
his 1
billows 1
white 1
beneath 1
thy 1
oar 1
and 1
altars 1
blaze 1
along 1
his 1
sanguine 1
shore 1
then 1
will 1
the 1
gods 1
with 1
holy 1
pomp 1
adored 1
to 1
thy 1
long 1
vows 1
a 1
safe 1
return 1
accord 1
he 1
ceased 1
heart 1
wounded 1
with 1
afflictive 1
pain 1
doomd 1
to 1
repeat 1
the 1
perils 1
of 1
the 1
main 1
a 1
shelfy 1
track 1
and 1
long 1
o 1
seer 1
i 1
cry 1
to 1
the 1
stern 1
sanction 1
of 1
the 1
offended 1
sky 1
my 1
prompt 1
obedience 1
bows 1
but 1
deign 1
to 1
say 1
what 1
fate 1
propitious 1
or 1
what 1
dire 1
dismay 1
sustain 1
those 1
peers 1
the 1
relics 1
of 1
our 1
host 1
whom 1
i 1
with 1
nestor 1
on 1
the 1
phrygian 1
coast 1
embracing 1
left 1
must 1
i 1
the 1
warriors 1
weep 1
whelmd 1
in 1
the 1
bottom 1
of 1
the 1
monstrous 1
deep 1
or 1
did 1
the 1
kind 1
domestic 1
friend 1
deplore 1
the 1
breathless 1
heroes 1
on 1
their 1
native 1
shore 1
press 1
not 1
too 1
far 1
replied 1
the 1
god 1
but 1
cease 1
to 1
know 1
what 1
known 1
will 1
violate 1
thy 1
peace 1
too 1
curious 1
of 1
their 1
doom 1
with 1
friendly 1
woe 1
thy 1
breast 1
will 1
heave 1
and 1
tears 1
eternal 1
flow 1
part 1
live 1
the 1
rest 1
a 1
lamentable 1
train 1
range 1
the 1
dark 1
bounds 1
of 1
plutos 1
dreary 1
reign 1
two 1
foremost 1
in 1
the 1
roll 1
of 1
mars 1
renownd 1
whose 1
arms 1
with 1
conquest 1
in 1
thy 1
cause 1
were 1
crownd 1
fell 1
by 1
disastrous 1
fate 1
by 1
tempests 1
tossd 1
a 1
third 1
lives 1
wretched 1
on 1
a 1
distant 1
coast 1
by 1
neptune 1
rescued 1
from 1
minervas 1
hate 1
on 1
gyrae 1
safe 1
oilean 1
ajax 1
sate 1
his 1
ship 1
oerwhelmd 1
but 1
frowning 1
on 1
the 1
floods 1
impious 1
he 1
roard 1
defiance 1
to 1
the 1
gods 1
to 1
his 1
own 1
prowess 1
all 1
the 1
glory 1
gave 1
the 1
power 1
defrauding 1
who 1
vouchsafed 1
to 1
save 1
this 1
heard 1
the 1
raging 1
ruler 1
of 1
the 1
main 1
his 1
spear 1
indignant 1
for 1
such 1
high 1
disdain 1
he 1
launched 1
dividing 1
with 1
his 1
forky 1
mace 1
the 1
aerial 1
summit 1
from 1
the 1
marble 1
base 1
the 1
rock 1
rushd 1
seaward 1
with 1
impetuous 1
roar 1
ingulfd 1
and 1
to 1
the 1
abyss 1
the 1
boaster 1
bore 1
by 1
junos 1
guardian 1
aid 1
the 1
watery 1
vast 1
secure 1
of 1
storms 1
your 1
royal 1
brother 1
passd 1
till 1
coasting 1
nigh 1
the 1
cape 1
where 1
malen 1
shrouds 1
her 1
spiry 1
cliffs 1
amid 1
surrounding 1
clouds 1
a 1
whirling 1
gust 1
tumultuous 1
from 1
the 1
shore 1
across 1
the 1
deep 1
his 1
labouring 1
vessel 1
bore 1
in 1
an 1
illfated 1
hour 1
the 1
coast 1
he 1
gaind 1
where 1
late 1
in 1
regal 1
pomp 1
thyestes 1
reigned 1
but 1
when 1
his 1
hoary 1
honours 1
bowd 1
to 1
fate 1
aegysthus 1
governd 1
in 1
paternal 1
state 1
the 1
surges 1
now 1
subside 1
the 1
tempest 1
ends 1
from 1
his 1
tall 1
ship 1
the 1
king 1
of 1
men 1
descends 1
there 1
fondly 1
thinks 1
the 1
gods 1
conclude 1
his 1
toil 1
far 1
from 1
his 1
own 1
domain 1
salutes 1
the 1
soil 1
with 1
rapture 1
oft 1
the 1
urge 1
of 1
greece 1
reviews 1
and 1
the 1
dear 1
turf 1
with 1
tears 1
of 1
joy 1
bedews 1
him 1
thus 1
exulting 1
on 1
the 1
distant 1
stand 1
a 1
spy 1
distinguishd 1
from 1
his 1
airy 1
stand 1
to 1
bribe 1
whose 1
vigilance 1
aegysthus 1
told 1
a 1
mighty 1
sum 1
of 1
illpersuading 1
gold 1
there 1
watchd 1
this 1
guardian 1
of 1
his 1
guilty 1
fear 1
till 1
the 1
twelfth 1
moon 1
had 1
wheeld 1
her 1
pale 1
career 1
and 1
now 1
admonishd 1
by 1
his 1
eye 1
to 1
court 1
with 1
terror 1
wingd 1
conveys 1
the 1
dread 1
report 1
of 1
deathful 1
arts 1
expert 1
his 1
lord 1
employs 1
the 1
ministers 1
of 1
blood 1
in 1
dark 1
surprise 1
and 1
twenty 1
youths 1
in 1
radiant 1
mail 1
incased 1
close 1
ambushd 1
nigh 1
the 1
spacious 1
hall 1
he 1
placed 1
then 1
bids 1
prepare 1
the 1
hospitable 1
treat 1
vain 1
shows 1
of 1
love 1
to 1
veil 1
his 1
felon 1
hate 1
to 1
grace 1
the 1
victors 1
welcome 1
from 1
the 1
wars 1
a 1
train 1
of 1
coursers 1
and 1
triumphal 1
cars 1
magnificent 1
he 1
leads 1
the 1
royal 1
guest 1
thoughtless 1
of 1
ill 1
accepts 1
the 1
fraudful 1
feast 1
the 1
troop 1
forthissuing 1
from 1
the 1
dark 1
recess 1
with 1
homicidal 1
rage 1
the 1
king 1
oppress 1
so 1
whilst 1
he 1
feeds 1
luxurious 1
in 1
the 1
stall 1
the 1
sovereign 1
of 1
the 1
herd 1
is 1
doomed 1
to 1
fall 1
the 1
partners 1
of 1
his 1
fame 1
and 1
toils 1
at 1
troy 1
around 1
their 1
lord 1
a 1
mighty 1
ruin 1
lie 1
mixd 1
with 1
the 1
brave 1
the 1
base 1
invaders 1
bleed 1
aegysthus 1
sole 1
survives 1
to 1
boast 1
the 1
deed 1
he 1
said 1
chill 1
horrors 1
shook 1
my 1
shivering 1
soul 1
rackd 1
wish 1
convulsive 1
pangs 1
in 1
dust 1
i 1
roll 1
and 1
hate 1
in 1
madness 1
of 1
extreme 1
despair 1
to 1
view 1
the 1
sun 1
or 1
breathe 1
the 1
vital 1
air 1
but 1
when 1
superior 1
to 1
the 1
rage 1
of 1
woe 1
i 1
stood 1
restored 1
and 1
tears 1
had 1
ceased 1
to 1
flow 1
lenient 1
of 1
grief 1
the 1
pitying 1
god 1
began 1
forget 1
the 1
brother 1
and 1
resume 1
the 1
man 1
to 1
fates 1
supreme 1
dispose 1
the 1
dead 1
resign 1
that 1
care 1
be 1
fates 1
a 1
speedy 1
passage 1
thine 1
still 1
lives 1
the 1
wretch 1
who 1
wrought 1
the 1
death 1
deplored 1
but 1
lives 1
a 1
victim 1
for 1
thy 1
vengeful 1
sword 1
unless 1
with 1
filial 1
rage 1
orestes 1
glow 1
and 1
swift 1
prevent 1
the 1
meditated 1
blow 1
you 1
timely 1
will 1
return 1
a 1
welcome 1
guest 1
with 1
him 1
to 1
share 1
the 1
sad 1
funereal 1
feast 1
he 1
said 1
new 1
thoughts 1
my 1
beating 1
heart 1
employ 1
my 1
gloomy 1
soul 1
receives 1
a 1
gleam 1
of 1
joy 1
fair 1
hope 1
revives 1
and 1
eager 1
i 1
addressd 1
the 1
prescient 1
godhead 1
to 1
reveal 1
the 1
rest 1
the 1
doom 1
decreed 1
of 1
those 1
disastrous 1
two 1
ive 1
heard 1
with 1
pain 1
but 1
oh 1
the 1
tale 1
pursue 1
what 1
third 1
brave 1
son 1
of 1
mars 1
the 1
fates 1
constrain 1
to 1
roam 1
the 1
howling 1
desert 1
of 1
the 1
main 1
or 1
in 1
eternal 1
shade 1
of 1
cold 1
he 1
lies 1
provoke 1
new 1
sorrows 1
from 1
these 1
grateful 1
eyes 1
that 1
chief 1
rejoind 1
the 1
god 1
his 1
race 1
derives 1
from 1
ithaca 1
and 1
wondrous 1
woes 1
survives 1
laertes 1
son 1
girt 1
with 1
circumfluous 1
tides 1
he 1
still 1
calamitous 1
constraint 1
abides 1
him 1
in 1
calypsos 1
cave 1
of 1
late 1
viewd 1
when 1
streaming 1
grief 1
his 1
faded 1
cheek 1
bedowd 1
but 1
vain 1
his 1
prayer 1
his 1
arts 1
are 1
vain 1
to 1
move 1
the 1
enamourd 1
goddess 1
or 1
elude 1
her 1
love 1
his 1
vessel 1
sunk 1
and 1
dear 1
companions 1
lost 1
he 1
lives 1
reluctant 1
on 1
a 1
foreign 1
coast 1
but 1
oh 1
beloved 1
by 1
heaven 1
reserved 1
to 1
thee 1
a 1
happier 1
lot 1
the 1
smiling 1
fates 1
decree 1
free 1
from 1
that 1
law 1
beneath 1
whose 1
mortal 1
sway 1
matter 1
is 1
changed 1
and 1
varying 1
forms 1
decay 1
elysium 1
shall 1
be 1
thine 1
the 1
blissful 1
plains 1
of 1
utmost 1
earth 1
where 1
rhadamanthus 1
reigns 1
joys 1
ever 1
young 1
unmixd 1
with 1
pain 1
or 1
fear 1
fill 1
the 1
wide 1
circle 1
of 1
the 1
eternal 1
year 1
stern 1
winter 1
smiles 1
on 1
that 1
auspicious 1
clime 1
the 1
fields 1
are 1
florid 1
with 1
unfading 1
prime 1
from 1
the 1
bleak 1
pole 1
no 1
winds 1
inclement 1
blow 1
mould 1
the 1
round 1
hail 1
or 1
flake 1
the 1
fleecy 1
snow 1
but 1
from 1
the 1
breezy 1
deep 1
the 1
blest 1
inhale 1
the 1
fragrant 1
murmurs 1
of 1
the 1
western 1
gale 1
this 1
grace 1
peculiar 1
will 1
the 1
gods 1
afford 1
to 1
thee 1
the 1
son 1
of 1
jove 1
and 1
beauteous 1
helens 1
lord 1
he 1
ceased 1
and 1
plunging 1
in 1
the 1
vast 1
profound 1
beneath 1
the 1
god 1
and 1
whirling 1
billows 1
bound 1
then 1
speeding 1
back 1
involved 1
in 1
various 1
thought 1
my 1
friends 1
attending 1
at 1
the 1
shore 1
i 1
sought 1
arrived 1
the 1
rage 1
of 1
hunger 1
we 1
control 1
till 1
night 1
with 1
silent 1
shade 1
invests 1
the 1
pole 1
then 1
lose 1
the 1
cares 1
of 1
life 1
in 1
pleasing 1
rest 1
soon 1
as 1
the 1
morn 1
reveals 1
the 1
roseate 1
east 1
with 1
sails 1
we 1
wing 1
the 1
masts 1
our 1
anchors 1
weigh 1
unmoor 1
the 1
fleet 1
and 1
rush 1
into 1
the 1
sea 1
ranged 1
on 1
the 1
banks 1
beneath 1
our 1
equal 1
oars 1
white 1
curl 1
the 1
waves 1
and 1
the 1
vexd 1
ocean 1
roars 1
then 1
steering 1
backward 1
from 1
the 1
pharian 1
isle 1
we 1
gain 1
the 1
stream 1
of 1
jovedescended 1
nile 1
there 1
quit 1
the 1
ships 1
and 1
on 1
the 1
destined 1
shore 1
with 1
ritual 1
hecatombs 1
the 1
gods 1
adore 1
their 1
wrath 1
atoned 1
to 1
agamemnons 1
name 1
a 1
cenotaph 1
i 1
raise 1
of 1
deathless 1
fame 1
these 1
rites 1
to 1
piety 1
and 1
grief 1
discharged 1
the 1
friendly 1
gods 1
a 1
springing 1
gale 1
enlarged 1
the 1
fleet 1
swift 1
tilting 1
oer 1
the 1
surges 1
flew 1
till 1
grecian 1
cliffs 1
appeard 1
a 1
blissful 1
view 1
thy 1
patient 1
ear 1
hath 1
heard 1
me 1
long 1
relate 1
a 1
story 1
fruitful 1
of 1
disastrous 1
fate 1
and 1
now 1
young 1
prince 1
indulge 1
my 1
fond 1
request 1
be 1
sparta 1
honoured 1
with 1
his 1
royal 1
guest 1
till 1
from 1
his 1
eastern 1
goal 1
the 1
joyous 1
sun 1
his 1
twelfth 1
diurnal 1
race 1
begins 1
to 1
run 1
meantime 1
my 1
train 1
the 1
friendly 1
gifts 1
prepare 1
the 1
sprightly 1
coursers 1
and 1
a 1
polishd 1
car 1
with 1
these 1
a 1
goblet 1
of 1
capacious 1
mould 1
figured 1
with 1
art 1
to 1
dignify 1
the 1
gold 1
formd 1
for 1
libation 1
to 1
the 1
gods 1
shall 1
prove 1
a 1
pledge 1
and 1
monument 1
of 1
sacred 1
love 1
my 1
quick 1
return 1
young 1
ithacus 1
rejoind 1
damps 1
the 1
warm 1
wishes 1
of 1
my 1
raptured 1
mind 1
did 1
not 1
my 1
fate 1
my 1
needful 1
haste 1
constrain 1
charmd 1
by 1
your 1
speech 1
so 1
graceful 1
and 1
humane 1
lost 1
in 1
delight 1
the 1
circling 1
year 1
would 1
roll 1
while 1
deep 1
attention 1
fixd 1
my 1
listening 1
soul 1
but 1
now 1
to 1
pyle 1
permit 1
my 1
destined 1
way 1
my 1
loved 1
associates 1
chide 1
my 1
long 1
delay 1
in 1
dear 1
remembrance 1
of 1
your 1
royal 1
grace 1
i 1
take 1
the 1
present 1
of 1
the 1
promised 1
vase 1
the 1
coursers 1
for 1
the 1
champaign 1
sports 1
retain 1
that 1
gift 1
our 1
barren 1
rocks 1
will 1
render 1
vain 1
horrid 1
with 1
cliffs 1
our 1
meagre 1
land 1
allows 1
thin 1
herbage 1
for 1
the 1
mountain 1
goat 1
to 1
browse 1
but 1
neither 1
mead 1
nor 1
plain 1
supplies 1
to 1
feed 1
the 1
sprightly 1
courser 1
or 1
indulge 1
his 1
speed 1
to 1
seasurrounded 1
realms 1
the 1
gods 1
assign 1
small 1
tract 1
of 1
fertile 1
lawn 1
the 1
least 1
to 1
mine 1
his 1
hand 1
the 1
king 1
with 1
tender 1
passion 1
pressd 1
and 1
smiling 1
thus 1
the 1
royal 1
youth 1
addressd 1
o 1
early 1
worth 1
a 1
soul 1
so 1
wise 1
and 1
young 1
proclaims 1
you 1
from 1
the 1
sage 1
ulysses 1
sprung 1
selected 1
from 1
my 1
stores 1
of 1
matchless 1
price 1
an 1
urn 1
shall 1
recompense 1
your 1
prudent 1
choice 1
by 1
vulcans 1
art 1
the 1
verge 1
with 1
gold 1
enchased 1
a 1
pledge 1
the 1
sceptred 1
power 1
of 1
sidon 1
gave 1
when 1
to 1
his 1
realm 1
i 1
ploughd 1
the 1
orient 1
wave 1
thus 1
they 1
alternate 1
while 1
with 1
artful 1
care 1
the 1
menial 1
train 1
the 1
regal 1
feast 1
prepare 1
the 1
firstlings 1
of 1
the 1
flock 1
are 1
doomd 1
to 1
die 1
rich 1
fragrant 1
wines 1
the 1
cheering 1
bowl 1
supply 1
a 1
female 1
band 1
the 1
gift 1
of 1
ceres 1
bring 1
and 1
the 1
gilt 1
roofs 1
with 1
genial 1
triumph 1
ring 1
meanwhile 1
in 1
ithaca 1
the 1
suitor 1
powers 1
in 1
active 1
games 1
divide 1
their 1
jovial 1
hours 1
in 1
areas 1
varied 1
with 1
mosaic 1
art 1
some 1
whirl 1
the 1
disk 1
and 1
some 1
the 1
javelin 1
dart 1
aside 1
sequesterd 1
from 1
the 1
vast 1
resort 1
antinous 1
sole 1
spectator 1
of 1
the 1
sport 1
with 1
great 1
eurymachus 1
of 1
worth 1
confessd 1
and 1
high 1
descent 1
superior 1
to 1
the 1
rest 1
whom 1
young 1
noemon 1
lowly 1
thus 1
addressd 1
my 1
ship 1
equippd 1
within 1
the 1
neighboring 1
port 1
the 1
prince 1
departing 1
for 1
the 1
pylian 1
court 1
requested 1
for 1
his 1
speed 1
but 1
courteous 1
say 1
when 1
steers 1
he 1
home 1
or 1
why 1
this 1
long 1
delay 1
for 1
elis 1
i 1
should 1
sail 1
with 1
utmost 1
speed 1
to 1
import 1
twelve 1
mares 1
which 1
there 1
luxurious 1
feed 1
and 1
twelve 1
young 1
mules 1
a 1
strong 1
laborious 1
race 1
new 1
to 1
the 1
plow 1
unpractised 1
in 1
the 1
trace 1
unknowing 1
of 1
the 1
course 1
to 1
pyle 1
designd 1
a 1
sudden 1
horror 1
seized 1
on 1
either 1
mind 1
the 1
prince 1
in 1
rural 1
bower 1
they 1
fondly 1
thought 1
numbering 1
his 1
flocks 1
and 1
herds 1
not 1
far 1
remote 1
relate 1
antinous 1
cries 1
devoid 1
of 1
guile 1
when 1
spread 1
the 1
prince 1
his 1
sale 1
for 1
distant 1
pyle 1
did 1
chosen 1
chiefs 1
across 1
the 1
gulfy 1
main 1
attend 1
his 1
voyage 1
or 1
domestic 1
train 1
spontaneous 1
did 1
you 1
speed 1
his 1
secret 1
course 1
or 1
was 1
the 1
vessel 1
seized 1
by 1
fraud 1
or 1
force 1
with 1
willing 1
duty 1
not 1
reluctant 1
mind 1
noemon 1
cried 1
the 1
vessel 1
was 1
resignd 1
who 1
in 1
the 1
balance 1
with 1
the 1
great 1
affairs 1
of 1
courts 1
presume 1
to 1
weigh 1
their 1
private 1
cares 1
with 1
him 1
the 1
peerage 1
next 1
in 1
power 1
to 1
you 1
and 1
mentor 1
captain 1
of 1
the 1
lordly 1
crew 1
or 1
some 1
celestial 1
in 1
his 1
reverend 1
form 1
safe 1
from 1
the 1
secret 1
rock 1
and 1
adverse 1
storm 1
pilots 1
the 1
course 1
for 1
when 1
the 1
glimmering 1
ray 1
of 1
yester 1
dawn 1
disclosed 1
the 1
tender 1
day 1
mentor 1
himself 1
i 1
saw 1
and 1
much 1
admired 1
then 1
ceased 1
the 1
youth 1
and 1
from 1
the 1
court 1
retired 1
confounded 1
and 1
appalld 1
the 1
unfinishd 1
game 1
the 1
suitors 1
quit 1
and 1
all 1
to 1
council 1
came 1
antinous 1
first 1
the 1
assembled 1
peers 1
addressd 1
rage 1
sparkling 1
in 1
his 1
eyes 1
and 1
burning 1
in 1
his 1
breast 1
o 1
shame 1
to 1
manhood 1
shall 1
one 1
daring 1
boy 1
the 1
scheme 1
of 1
all 1
our 1
happiness 1
destroy 1
fly 1
unperceived 1
seducing 1
half 1
the 1
flower 1
of 1
nobles 1
and 1
invite 1
a 1
foreign 1
power 1
the 1
ponderous 1
engine 1
raised 1
to 1
crush 1
us 1
all 1
recoiling 1
on 1
his 1
head 1
is 1
sure 1
to 1
fall 1
instant 1
prepare 1
me 1
on 1
the 1
neighbouring 1
strand 1
with 1
twenty 1
chosen 1
mates 1
a 1
vessel 1
mannd 1
for 1
ambushd 1
close 1
beneath 1
the 1
samian 1
shore 1
his 1
ship 1
returning 1
shall 1
my 1
spies 1
explore 1
he 1
soon 1
his 1
rashness 1
shall 1
with 1
life 1
atone 1
seek 1
for 1
his 1
fathers 1
fate 1
but 1
find 1
his 1
own 1
with 1
vast 1
applause 1
the 1
sentence 1
all 1
approve 1
then 1
rise 1
and 1
to 1
the 1
feastful 1
hall 1
remove 1
swift 1
to 1
the 1
queen 1
the 1
herald 1
medon 1
ran 1
who 1
heard 1
the 1
consult 1
of 1
the 1
dire 1
divan 1
before 1
her 1
dome 1
the 1
royal 1
matron 1
stands 1
and 1
thus 1
the 1
message 1
of 1
his 1
haste 1
demands 1
what 1
will 1
the 1
suitors 1
must 1
my 1
servanttrain 1
the 1
allotted 1
labours 1
of 1
the 1
day 1
refrain 1
for 1
them 1
to 1
form 1
some 1
exquisite 1
repast 1
heaven 1
grant 1
this 1
festival 1
may 1
prove 1
their 1
last 1
or 1
if 1
they 1
still 1
must 1
live 1
from 1
me 1
remove 1
the 1
double 1
plague 1
of 1
luxury 1
and 1
love 1
forbear 1
ye 1
sons 1
of 1
insolence 1
forbear 1
in 1
riot 1
to 1
consume 1
a 1
wretched 1
heir 1
in 1
the 1
young 1
soul 1
illustrious 1
thought 1
to 1
raise 1
were 1
ye 1
not 1
tutord 1
with 1
ulysses 1
praise 1
have 1
not 1
your 1
fathers 1
oft 1
my 1
lord 1
defined 1
gentle 1
of 1
speech 1
beneficent 1
of 1
mind 1
some 1
kings 1
with 1
arbitrary 1
rage 1
devour 1
or 1
in 1
their 1
tyrantminions 1
vest 1
the 1
power 1
ulysses 1
let 1
no 1
partial 1
favours 1
fall 1
the 1
peoples 1
parent 1
he 1
protected 1
all 1
but 1
absent 1
now 1
perfidious 1
and 1
ingrate 1
his 1
stores 1
ye 1
ravage 1
and 1
usurp 1
his 1
state 1
he 1
thus 1
o 1
were 1
the 1
woes 1
you 1
speak 1
the 1
worst 1
they 1
form 1
a 1
deed 1
more 1
odious 1
and 1
accursed 1
more 1
dreadful 1
than 1
your 1
boding 1
soul 1
divines 1
but 1
pitying 1
jove 1
avert 1
the 1
dire 1
designs 1
the 1
darling 1
object 1
of 1
your 1
royal 1
care 1
is 1
marked 1
to 1
perish 1
in 1
a 1
deathful 1
snare 1
before 1
he 1
anchors 1
in 1
his 1
native 1
port 1
from 1
pyle 1
resailing 1
and 1
the 1
spartan 1
court 1
horrid 1
to 1
speak 1
in 1
ambush 1
is 1
decreed 1
the 1
hope 1
and 1
heir 1
of 1
ithaca 1
to 1
bleed 1
sudden 1
she 1
sunk 1
beneath 1
the 1
weighty 1
woes 1
the 1
vital 1
streams 1
a 1
chilling 1
horror 1
froze 1
the 1
big 1
round 1
tear 1
stands 1
trembling 1
in 1
her 1
eye 1
and 1
on 1
her 1
tongue 1
imperfect 1
accents 1
die 1
at 1
length 1
in 1
tender 1
language 1
interwove 1
with 1
sighs 1
she 1
thus 1
expressed 1
her 1
anxious 1
love 1
why 1
rarely 1
would 1
my 1
son 1
his 1
fate 1
explore 1
ride 1
the 1
wild 1
waves 1
and 1
quit 1
the 1
safer 1
shore 1
did 1
he 1
with 1
all 1
the 1
greatly 1
wretched 1
crave 1
a 1
blank 1
oblivion 1
and 1
untimely 1
grave 1
tis 1
not 1
replied 1
the 1
sage 1
to 1
medon 1
given 1
to 1
know 1
if 1
some 1
inhabitant 1
of 1
heaven 1
in 1
his 1
young 1
breast 1
the 1
daring 1
thought 1
inspired 1
or 1
if 1
alone 1
with 1
filial 1
duty 1
fired 1
the 1
winds 1
end 1
waves 1
he 1
tempts 1
in 1
early 1
bloom 1
studious 1
to 1
learn 1
his 1
absent 1
fathers 1
doom 1
the 1
sage 1
retired 1
unable 1
to 1
control 1
the 1
mighty 1
griefs 1
that 1
swell 1
her 1
labouring 1
soul 1
rolling 1
convulsive 1
on 1
the 1
floor 1
is 1
seen 1
the 1
piteous 1
object 1
of 1
a 1
prostrate 1
queen 1
words 1
to 1
her 1
dumb 1
complaint 1
a 1
pause 1
supplies 1
and 1
breath 1
to 1
waste 1
in 1
unavailing 1
cries 1
around 1
their 1
sovereign 1
wept 1
the 1
menial 1
fair 1
to 1
whom 1
she 1
thus 1
addressd 1
her 1
deep 1
despair 1
behold 1
a 1
wretch 1
whom 1
all 1
the 1
gods 1
consign 1
to 1
woe 1
did 1
ever 1
sorrows 1
equal 1
mine 1
long 1
to 1
my 1
joys 1
my 1
dearest 1
lord 1
is 1
lost 1
his 1
countrys 1
buckler 1
and 1
the 1
grecian 1
boast 1
now 1
from 1
my 1
fond 1
embrace 1
by 1
tempests 1
torn 1
our 1
other 1
column 1
of 1
the 1
state 1
is 1
borne 1
nor 1
took 1
a 1
kind 1
adieu 1
nor 1
sought 1
consent 1
unkind 1
confederates 1
in 1
his 1
dire 1
intent 1
ill 1
suits 1
it 1
with 1
your 1
shows 1
of 1
duteous 1
zeal 1
from 1
me 1
the 1
purposed 1
voyage 1
to 1
conceal 1
though 1
at 1
the 1
solemn 1
midnight 1
hour 1
he 1
rose 1
why 1
did 1
you 1
fear 1
to 1
trouble 1
my 1
repose 1
he 1
either 1
had 1
obeyd 1
my 1
fond 1
desire 1
or 1
seen 1
his 1
mother 1
pierced 1
with 1
grief 1
expire 1
bid 1
dolius 1
quick 1
attend 1
the 1
faithful 1
slave 1
whom 1
to 1
my 1
nuptial 1
train 1
icarius 1
gave 1
to 1
tend 1
the 1
fruit 1
groves 1
with 1
incessant 1
speed 1
he 1
shall 1
this 1
violence 1
of 1
death 1
decreed 1
to 1
good 1
laertes 1
tell 1
experienced 1
age 1
may 1
timely 1
intercept 1
the 1
ruffian 1
rage 1
convene 1
the 1
tribes 1
the 1
murderous 1
plot 1
reveal 1
and 1
to 1
their 1
power 1
to 1
save 1
his 1
race 1
appeal 1
then 1
euryclea 1
thus 1
my 1
dearest 1
dread 1
though 1
to 1
the 1
sword 1
i 1
bow 1
this 1
hoary 1
head 1
or 1
if 1
a 1
dungeon 1
be 1
the 1
pain 1
decreed 1
i 1
own 1
me 1
conscious 1
of 1
the 1
unpleasing 1
deed 1
auxiliar 1
to 1
his 1
flight 1
my 1
aid 1
implored 1
with 1
wine 1
and 1
viands 1
i 1
the 1
vessel 1
stored 1
a 1
solemn 1
oath 1
imposed 1
the 1
secret 1
seald 1
till 1
the 1
twelfth 1
dawn 1
the 1
light 1
of 1
day 1
reveald 1
dreading 1
the 1
effect 1
of 1
a 1
fond 1
mothers 1
fear 1
he 1
dared 1
not 1
violate 1
your 1
royal 1
ear 1
but 1
bathe 1
and 1
in 1
imperial 1
robes 1
arrayd 1
pay 1
due 1
devotions 1
to 1
the 1
martial 1
maid 1
and 1
rest 1
affianced 1
in 1
her 1
guardian 1
aid 1
send 1
not 1
to 1
good 1
laertes 1
nor 1
engage 1
in 1
toils 1
of 1
state 1
the 1
miseries 1
of 1
age 1
tis 1
impious 1
to 1
surmise 1
the 1
powers 1
divine 1
to 1
ruin 1
doom 1
the 1
jovedescended 1
line 1
long 1
shall 1
the 1
race 1
of 1
just 1
arcesius 1
reign 1
and 1
isles 1
remote 1
enlarge 1
his 1
old 1
domain 1
the 1
queen 1
her 1
speech 1
with 1
calm 1
attention 1
hears 1
her 1
eyes 1
restrain 1
the 1
silverstreaming 1
tears 1
she 1
bathes 1
and 1
robed 1
the 1
sacred 1
dome 1
ascends 1
her 1
pious 1
speed 1
a 1
female 1
train 1
attends 1
the 1
salted 1
cakes 1
in 1
canisters 1
are 1
laid 1
and 1
thus 1
the 1
queen 1
invokes 1
minervas 1
aid 1
daughter 1
divine 1
of 1
jove 1
whose 1
arm 1
can 1
wield 1
the 1
avenging 1
bolt 1
and 1
shake 1
the 1
dreadful 1
shield 1
if 1
eer 1
ulysses 1
to 1
thy 1
fane 1
preferrd 1
the 1
best 1
and 1
choicest 1
of 1
his 1
flock 1
and 1
herd 1
hear 1
goddess 1
hear 1
by 1
those 1
oblations 1
won 1
and 1
for 1
the 1
pious 1
sire 1
preserve 1
the 1
son 1
his 1
wishd 1
return 1
with 1
happy 1
power 1
befriend 1
and 1
on 1
the 1
suitors 1
let 1
thy 1
wrath 1
descend 1
she 1
ceased 1
shrill 1
ecstasies 1
of 1
joy 1
declare 1
the 1
favouring 1
goddess 1
present 1
to 1
the 1
prayer 1
the 1
suitors 1
heard 1
and 1
deemd 1
the 1
mirthful 1
voice 1
a 1
signal 1
of 1
her 1
hymeneal 1
choice 1
whilst 1
one 1
most 1
jovial 1
thus 1
accosts 1
the 1
board 1
too 1
late 1
the 1
queen 1
selects 1
a 1
second 1
lord 1
in 1
evil 1
hour 1
the 1
nuptial 1
rite 1
intends 1
when 1
oer 1
her 1
son 1
disastrous 1
death 1
impends 1
thus 1
he 1
unskilld 1
of 1
what 1
the 1
fates 1
provide 1
