of 1
four 1
assistants 1
who 1
his 1
labour 1
share 1
three 1
now 1
were 1
absent 1
on 1
the 1
rural 1
care 1
the 1
fourth 1
drove 1
victims 1
to 1
a 1
suitor 1
train 1
but 1
he 1
of 1
ancient 1
faith 1
a 1
simple 1
swain 1
sighd 1
while 1
he 1
furnishd 1
the 1
luxurious 1
board 1
and 1
wearied 1
heaven 1
with 1
wishes 1
for 1
his 1
lord 1
soon 1
as 1
ulysses 1
near 1
the 1
inclosure 1
drew 1
with 1
open 1
mouths 1
the 1
furious 1
mastiffs 1
flew 1
down 1
sat 1
the 1
sage 1
and 1
cautious 1
to 1
withstand 1
let 1
fall 1
the 1
offensive 1
truncheon 1
from 1
his 1
hand 1
sudden 1
the 1
master 1
runs 1
aloud 1
he 1
calls 1
and 1
from 1
his 1
hasty 1
hand 1
the 1
leather 1
falls 1
with 1
showers 1
of 1
stones 1
he 1
drives 1
then 1
far 1
away 1
the 1
scattering 1
dogs 1
around 1
at 1
distance 1
bay 1
unhappy 1
stranger 1
thus 1
the 1
faithful 1
swain 1
began 1
with 1
accent 1
gracious 1
and 1
humane 1
what 1
sorrow 1
had 1
been 1
mine 1
if 1
at 1
my 1
gate 1
thy 1
reverend 1
age 1
had 1
met 1
a 1
shameful 1
fate 1
enough 1
of 1
woes 1
already 1
have 1
i 1
known 1
enough 1
my 1
masters 1
sorrows 1
and 1
my 1
own 1
while 1
here 1
ungrateful 1
task 1
his 1
herds 1
i 1
feed 1
ordaind 1
for 1
lawless 1
rioters 1
to 1
bleed 1
perhaps 1
supported 1
at 1
anothers 1
board 1
far 1
from 1
his 1
country 1
roams 1
my 1
hapless 1
lord 1
or 1
sighd 1
in 1
exile 1
forth 1
his 1
latest 1
breath 1
now 1
coverd 1
with 1
the 1
eternal 1
shade 1
of 1
death 1
but 1
enter 1
this 1
my 1
homely 1
roof 1
and 1
see 1
our 1
woods 1
not 1
void 1
of 1
hospitality 1
then 1
tell 1
me 1
whence 1
thou 1
art 1
and 1
what 1
the 1
share 1
of 1
woes 1
and 1
wanderings 1
thou 1
wert 1
born 1
to 1
bear 1
he 1
said 1
and 1
seconding 1
the 1
kind 1
request 1
with 1
friendly 1
step 1
precedes 1
his 1
unknown 1
guest 1
a 1
shaggy 1
goats 1
soft 1
hide 1
beneath 1
him 1
spread 1
and 1
with 1
fresh 1
rushes 1
heapd 1
an 1
ample 1
bed 1
jove 1
touchd 1
the 1
heros 1
tender 1
soul 1
to 1
find 1
so 1
just 1
reception 1
from 1
a 1
heart 1
so 1
kind 1
and 1
oh 1
ye 1
gods 1
with 1
all 1
your 1
blessings 1
grace 1
he 1
thus 1
broke 1
forth 1
this 1
friend 1
of 1
human 1
race 1
the 1
swain 1
replied 1
it 1
never 1
was 1
our 1
guise 1
to 1
slight 1
the 1
poor 1
or 1
aught 1
humane 1
despise 1
for 1
jove 1
unfold 1
our 1
hospitable 1
door 1
tis 1
jove 1
that 1
sends 1
the 1
stranger 1
and 1
the 1
poor 1
little 1
alas 1
is 1
all 1
the 1
good 1
i 1
can 1
a 1
man 1
oppressd 1
dependent 1
yet 1
a 1
man 1
accept 1
such 1
treatment 1
as 1
a 1
swain 1
affords 1
slave 1
to 1
the 1
insolence 1
of 1
youthful 1
lords 1
far 1
hence 1
is 1
by 1
unequal 1
gods 1
removed 1
that 1
man 1
of 1
bounties 1
loving 1
and 1
beloved 1
to 1
whom 1
whateer 1
his 1
slave 1
enjoys 1
is 1
owed 1
and 1
more 1
had 1
fate 1
allowd 1
had 1
been 1
bestowd 1
but 1
fate 1
condemnd 1
him 1
to 1
a 1
foreign 1
shore 1
much 1
have 1
i 1
sorrowd 1
but 1
my 1
master 1
more 1
now 1
cold 1
he 1
lies 1
to 1
deaths 1
embrace 1
resignd 1
ah 1
perish 1
helen 1
perish 1
all 1
her 1
kind 1
for 1
whose 1
cursed 1
cause 1
in 1
agamemnons 1
name 1
he 1
trod 1
so 1
fatally 1
the 1
paths 1
of 1
fame 1
his 1
vest 1
succinct 1
then 1
girding 1
round 1
his 1
waist 1
forth 1
rushd 1
the 1
swain 1
with 1
hospitable 1
haste 1
straight 1
to 1
the 1
lodgments 1
of 1
his 1
herd 1
he 1
run 1
where 1
the 1
fat 1
porkers 1
slept 1
beneath 1
the 1
sun 1
of 1
two 1
his 1
cutlass 1
launchd 1
the 1
spouting 1
blood 1
these 1
quarterd 1
singed 1
and 1
fixd 1
on 1
forks 1
of 1
wood 1
all 1
hasty 1
on 1
the 1
hissing 1
coals 1
he 1
threw 1
and 1
smoking 1
back 1
the 1
tasteful 1
viands 1
drew 1
broachers 1
and 1
all 1
then 1
an 1
the 1
board 1
displayd 1
the 1
ready 1
meal 1
before 1
ulysses 1
laid 1
with 1
flour 1
imbrownd 1
next 1
mingled 1
wine 1
yet 1
new 1
and 1
luscious 1
as 1
the 1
bees 1
nectareous 1
dew 1
then 1
sate 1
companion 1
of 1
the 1
friendly 1
feast 1
with 1
open 1
look 1
and 1
thus 1
bespoke 1
his 1
guest 1
take 1
with 1
free 1
welcome 1
what 1
our 1
hands 1
prepare 1
such 1
food 1
as 1
falls 1
to 1
simple 1
servants 1
share 1
the 1
best 1
our 1
lords 1
consume 1
those 1
thoughtless 1
peers 1
rich 1
without 1
bounty 1
guilty 1
without 1
fears 1
yet 1
sure 1
the 1
gods 1
their 1
impious 1
acts 1
detest 1
and 1
honour 1
justice 1
and 1
the 1
righteous 1
breast 1
pirates 1
and 1
conquerors 1
of 1
hardend 1
mind 1
the 1
foes 1
of 1
peace 1
and 1
scourges 1
of 1
mankind 1
to 1
whom 1
offending 1
men 1
are 1
made 1
a 1
prey 1
when 1
jove 1
in 1
vengeance 1
gives 1
a 1
land 1
away 1
een 1
these 1
when 1
of 1
their 1
illgot 1
spoils 1
possessd 1
find 1
sure 1
tormentors 1
in 1
the 1
guilty 1
breast 1
some 1
voice 1
of 1
god 1
close 1
whispering 1
from 1
within 1
wretch 1
this 1
is 1
villainy 1
and 1
this 1
is 1
sin 1
but 1
these 1
no 1
doubt 1
some 1
oracle 1
explore 1
that 1
tells 1
the 1
great 1
ulysses 1
is 1
no 1
more 1
hence 1
springs 1
their 1
confidence 1
and 1
from 1
our 1
sighs 1
their 1
rapine 1
strengthens 1
and 1
their 1
riots 1
rise 1
constant 1
as 1
jove 1
the 1
night 1
and 1
day 1
bestows 1
bleeds 1
a 1
whole 1
hecatomb 1
a 1
vintage 1
flows 1
none 1
matchd 1
this 1
heros 1
wealth 1
of 1
all 1
who 1
reign 1
oer 1
the 1
fair 1
islands 1
of 1
the 1
neighbouring 1
main 1
nor 1
all 1
the 1
monarchs 1
whose 1
fardreaded 1
sway 1
the 1
wideextended 1
continents 1
obey 1
first 1
on 1
the 1
main 1
land 1
of 1
ulysses 1
breed 1
twelve 1
herds 1
twelve 1
flocks 1
on 1
oceans 1
margin 1
feed 1
as 1
many 1
stalls 1
for 1
shaggy 1
goats 1
are 1
reard 1
as 1
many 1
lodgments 1
for 1
the 1
tusky 1
herd 1
two 1
foreign 1
keepers 1
guard 1
and 1
here 1
are 1
seen 1
twelve 1
herds 1
of 1
goats 1
that 1
graze 1
our 1
utmost 1
green 1
to 1
native 1
pastors 1
is 1
their 1
charge 1
assignd 1
and 1
mine 1
the 1
care 1
to 1
feed 1
the 1
bristly 1
kind 1
each 1
day 1
the 1
fattest 1
bleeds 1
of 1
either 1
herd 1
all 1
to 1
the 1
suitors 1
wasteful 1
board 1
preferrd 1
thus 1
he 1
benevolent 1
his 1
unknown 1
guest 1
with 1
hunger 1
keen 1
devours 1
the 1
savoury 1
feast 1
while 1
schemes 1
of 1
vengeance 1
ripen 1
in 1
his 1
breast 1
silent 1
and 1
thoughtful 1
while 1
the 1
board 1
he 1
eyed 1
eumaeus 1
pours 1
on 1
high 1
the 1
purple 1
tide 1
the 1
king 1
with 1
smiling 1
looks 1
his 1
joy 1
expressd 1
and 1
thus 1
the 1
kind 1
inviting 1
host 1
addressd 1
say 1
now 1
what 1
man 1
is 1
he 1
the 1
man 1
deplored 1
so 1
rich 1
so 1
potent 1
whom 1
you 1
style 1
your 1
lord 1
late 1
with 1
such 1
affluence 1
and 1
possessions 1
blessd 1
and 1
now 1
in 1
honours 1
glorious 1
bed 1
at 1
rest 1
whoever 1
was 1
the 1
warrior 1
he 1
must 1
be 1
to 1
fame 1
no 1
stranger 1
nor 1
perhaps 1
to 1
me 1
who 1
so 1
the 1
gods 1
and 1
so 1
the 1
fates 1
ordaind 1
have 1
wanderd 1
many 1
a 1
sea 1
and 1
many 1
a 1
land 1
small 1
is 1
the 1
faith 1
the 1
prince 1
and 1
queen 1
ascribe 1
replied 1
eumaeus 1
to 1
the 1
wandering 1
tribe 1
for 1
needy 1
strangers 1
still 1
to 1
flattery 1
fly 1
and 1
want 1
too 1
oft 1
betrays 1
the 1
tongue 1
to 1
lie 1
each 1
vagrant 1
traveller 1
that 1
touches 1
here 1
deludes 1
with 1
fallacies 1
the 1
royal 1
ear 1
to 1
dear 1
remembrance 1
makes 1
his 1
image 1
rise 1
and 1
calls 1
the 1
springing 1
sorrows 1
from 1
her 1
eyes 1
such 1
thou 1
mayst 1
be 1
but 1
he 1
whose 1
name 1
you 1
crave 1
moulders 1
in 1
earth 1
or 1
welters 1
on 1
the 1
wave 1
or 1
food 1
for 1
fish 1
or 1
dogs 1
his 1
relics 1
lie 1
or 1
torn 1
by 1
birds 1
are 1
scatterd 1
through 1
the 1
sky 1
so 1
perishd 1
he 1
and 1
left 1
for 1
ever 1
lost 1
much 1
woe 1
to 1
all 1
but 1
sure 1
to 1
me 1
the 1
most 1
so 1
mild 1
a 1
master 1
never 1
shall 1
i 1
find 1
less 1
dear 1
the 1
parents 1
whom 1
i 1
left 1
behind 1
less 1
soft 1
my 1
mother 1
less 1
my 1
father 1
kind 1
not 1
with 1
such 1
transport 1
would 1
my 1
eyes 1
run 1
oer 1
again 1
to 1
hail 1
them 1
in 1
their 1
native 1
shore 1
as 1
loved 1
ulysses 1
once 1
more 1
to 1
embrace 1
restored 1
and 1
breathing 1
in 1
his 1
natal 1
place 1
that 1
name 1
for 1
ever 1
dread 1
yet 1
ever 1
dear 1
een 1
in 1
his 1
absence 1
i 1
pronounce 1
with 1
fear 1
in 1
my 1
respect 1
he 1
bears 1
a 1
princes 1
part 1
but 1
lives 1
a 1
very 1
brother 1
in 1
my 1
heart 1
thus 1
spoke 1
the 1
faithful 1
swain 1
and 1
thus 1
rejoind 1
the 1
master 1
of 1
his 1
grief 1
the 1
man 1
of 1
patient 1
mind 1
ulysses 1
friend 1
shall 1
view 1
his 1
old 1
abodes 1
distrustful 1
as 1
thou 1
art 1
nor 1
doubt 1
the 1
gods 1
nor 1
speak 1
i 1
rashly 1
but 1
with 1
faith 1
averrd 1
and 1
what 1
i 1
speak 1
attesting 1
heaven 1
has 1
heard 1
if 1
so 1
a 1
cloak 1
and 1
vesture 1
be 1
my 1
meed 1
till 1
his 1
return 1
no 1
title 1
shall 1
i 1
plead 1
though 1
certain 1
be 1
my 1
news 1
and 1
great 1
my 1
need 1
whom 1
want 1
itself 1
can 1
force 1
untruths 1
to 1
tell 1
my 1
soul 1
detests 1
him 1
as 1
the 1
gates 1
of 1
hell 1
thou 1
first 1
be 1
witness 1
hospitable 1
jove 1
and 1
every 1
god 1
inspiring 1
social 1
love 1
and 1
witness 1
every 1
household 1
power 1
that 1
waits 1
guard 1
of 1
these 1
fires 1
and 1
angel 1
of 1
these 1
gates 1
ere 1
the 1
next 1
moon 1
increase 1
or 1
this 1
decay 1
his 1
ancient 1
realms 1
ulysses 1
shall 1
survey 1
in 1
blood 1
and 1
dust 1
each 1
proud 1
oppressor 1
mourn 1
and 1
the 1
lost 1
glories 1
of 1
his 1
house 1
return 1
nor 1
shall 1
that 1
meed 1
be 1
thine 1
nor 1
ever 1
more 1
shall 1
loved 1
ulysses 1
hail 1
this 1
happy 1
shore 1
replied 1
eumaeus 1
to 1
the 1
present 1
hour 1
now 1
turn 1
thy 1
thought 1
and 1
joys 1
within 1
our 1
power 1
from 1
sad 1
reflection 1
let 1
my 1
soul 1
repose 1
the 1
name 1
of 1
him 1
awakes 1
a 1
thousand 1
woes 1
but 1
guard 1
him 1
gods 1
and 1
to 1
these 1
arms 1
restore 1
not 1
his 1
true 1
consort 1
can 1
desire 1
him 1
more 1
not 1
old 1
laertes 1
broken 1
with 1
despair 1
not 1
young 1
telemachus 1
his 1
blooming 1
heir 1
alas 1
telemachus 1
my 1
sorrows 1
flow 1
afresh 1
for 1
thee 1
my 1
second 1
cause 1
of 1
woe 1
like 1
some 1
fair 1
plant 1
set 1
by 1
a 1
heavenly 1
hand 1
he 1
grew 1
he 1
flourishd 1
and 1
he 1
blessd 1
the 1
land 1
in 1
all 1
the 1
youth 1
his 1
fathers 1
image 1
shined 1
bright 1
in 1
his 1
person 1
brighter 1
in 1
his 1
mind 1
what 1
man 1
or 1
god 1
deceived 1
his 1
better 1
sense 1
far 1
on 1
the 1
swelling 1
seas 1
to 1
wander 1
hence 1
to 1
distant 1
pylos 1
hapless 1
is 1
he 1
gone 1
to 1
seek 1
his 1
fathers 1
fate 1
and 1
find 1
his 1
own 1
for 1
traitors 1
wait 1
his 1
way 1
with 1
dire 1
design 1
to 1
end 1
at 1
once 1
the 1
great 1
arcesian 1
line 1
but 1
let 1
us 1
leave 1
him 1
to 1
their 1
wills 1
above 1
the 1
fates 1
of 1
men 1
are 1
in 1
the 1
hand 1
of 1
jove 1
and 1
now 1
my 1
venerable 1
guest 1
declare 1
your 1
name 1
your 1
parents 1
and 1
your 1
native 1
air 1
sincere 1
from 1
whence 1
begun 1
your 1
course 1
relate 1
and 1
to 1
what 1
ship 1
i 1
owe 1
the 1
friendly 1
freight 1
thus 1
he 1
and 1
thus 1
with 1
prompt 1
invention 1
bold 1
the 1
cautious 1
chief 1
his 1
ready 1
story 1
told 1
on 1
dark 1
reserve 1
what 1
better 1
can 1
prevail 1
or 1
from 1
the 1
fluent 1
tongue 1
produce 1
the 1
tale 1
than 1
when 1
two 1
friends 1
alone 1
in 1
peaceful 1
place 1
confer 1
and 1
wines 1
and 1
cates 1
the 1
table 1
grace 1
but 1
most 1
the 1
kind 1
inviters 1
cheerful 1
face 1
thus 1
might 1
we 1
sit 1
with 1
social 1
goblets 1
crownd 1
till 1
the 1
whole 1
circle 1
of 1
the 1
year 1
goes 1
round 1
not 1
the 1
whole 1
circle 1
of 1
the 1
year 1
would 1
close 1
my 1
long 1
narration 1
of 1
a 1
life 1
of 1
woes 1
but 1
such 1
was 1
heavens 1
high 1
will 1
know 1
then 1
i 1
came 1
from 1
sacred 1
crete 1
and 1
from 1
a 1
sire 1
of 1
fame 1
castor 1
hylacides 1
that 1
name 1
he 1
bore 1
beloved 1
and 1
honourd 1
in 1
his 1
native 1
shore 1
blessd 1
in 1
his 1
riches 1
in 1
his 1
children 1
more 1
sprung 1
of 1
a 1
handmaid 1
from 1
a 1
bought 1
embrace 1
i 1
shared 1
his 1
kindness 1
with 1
his 1
lawful 1
race 1
but 1
when 1
that 1
fate 1
which 1
all 1
must 1
undergo 1
from 1
earth 1
removed 1
him 1
to 1
the 1
shades 1
below 1
the 1
large 1
domain 1
his 1
greedy 1
sons 1
divide 1
and 1
each 1
was 1
portiond 1
as 1
the 1
lots 1
decide 1
little 1
alas 1
was 1
left 1
my 1
wretched 1
share 1
except 1
a 1
house 1
a 1
covert 1
from 1
the 1
air 1
but 1
what 1
by 1
niggard 1
fortune 1
was 1
denied 1
a 1
willing 1
widows 1
copious 1
wealth 1
supplied 1
my 1
valour 1
was 1
my 1
plea 1
a 1
gallant 1
mind 1
that 1
true 1
to 1
honour 1
never 1
laggd 1
behind 1
the 1
sex 1
is 1
ever 1
to 1
a 1
soldier 1
kind 1
now 1
wasting 1
years 1
my 1
former 1
strength 1
confound 1
and 1
added 1
woes 1
have 1
bowd 1
me 1
to 1
the 1
ground 1
yet 1
by 1
the 1
stubble 1
you 1
may 1
guess 1
the 1
grain 1
and 1
mark 1
the 1
ruins 1
of 1
no 1
vulgar 1
man 1
me 1
pallas 1
gave 1
to 1
lead 1
the 1
martial 1
storm 1
and 1
the 1
fair 1
ranks 1
of 1
battle 1
to 1
deform 1
me 1
mars 1
inspired 1
to 1
turn 1
the 1
foe 1
to 1
flight 1
and 1
tempt 1
the 1
secret 1
ambush 1
of 1
the 1
night 1
let 1
ghastly 1
death 1
in 1
all 1
his 1
forms 1
appear 1
i 1
saw 1
him 1
not 1
it 1
was 1
not 1
mine 1
to 1
fear 1
before 1
the 1
rest 1
i 1
raised 1
my 1
ready 1
steel 1
the 1
first 1
i 1
met 1
he 1
yielded 1
or 1
he 1
fell 1
but 1
works 1
of 1
peace 1
my 1
soul 1
disdaind 1
to 1
bear 1
the 1
rural 1
labour 1
or 1
domestic 1
care 1
to 1
raise 1
the 1
mast 1
the 1
missile 1
dart 1
to 1
wing 1
and 1
send 1
swift 1
arrows 1
from 1
the 1
bounding 1
string 1
were 1
arts 1
the 1
gods 1
made 1
grateful 1
to 1
my 1
mind 1
those 1
gods 1
who 1
turn 1
to 1
various 1
ends 1
designd 1
the 1
various 1
thoughts 1
and 1
talents 1
of 1
mankind 1
before 1
the 1
grecians 1
touchd 1
the 1
trojan 1
plain 1
nine 1
times 1
commander 1
or 1
by 1
land 1
or 1
main 1
in 1
foreign 1
fields 1
i 1
spread 1
my 1
glory 1
far 1
great 1
in 1
the 1
praise 1
rich 1
in 1
the 1
spoils 1
of 1
war 1
thence 1
charged 1
with 1
riches 1
as 1
increased 1
in 1
fame 1
to 1
crete 1
returnd 1
an 1
honourable 1
name 1
but 1
when 1
great 1
jove 1
that 1
direful 1
war 1
decreed 1
which 1
roused 1
all 1
greece 1
and 1
made 1
the 1
mighty 1
bleed 1
our 1
states 1
myself 1
and 1
idomen 1
employ 1
to 1
lead 1
their 1
fleets 1
and 1
carry 1
death 1
to 1
troy 1
nine 1
years 1
we 1
warrd 1
the 1
tenth 1
saw 1
ilion 1
fall 1
homeward 1
we 1
saild 1
but 1
heaven 1
dispersed 1
us 1
all 1
one 1
only 1
month 1
my 1
wife 1
enjoyd 1
my 1
stay 1
so 1
willd 1
the 1
god 1
who 1
gives 1
and 1
takes 1
away 1
nine 1
ships 1
i 1
mannd 1
equippd 1
with 1
ready 1
stores 1
intent 1
to 1
voyage 1
to 1
the 1
aegyptian 1
shores 1
in 1
feast 1
and 1
sacrifice 1
my 1
chosen 1
train 1
six 1
days 1
consumd 1
the 1
seventh 1
we 1
ploughd 1
the 1
main 1
cretes 1
ample 1
fields 1
diminish 1
to 1
our 1
eye 1
before 1
the 1
boreal 1
blast 1
the 1
vessels 1
fly 1
safe 1
through 1
the 1
level 1
seas 1
we 1
sweep 1
our 1
way 1
the 1
steersman 1
governs 1
and 1
the 1
ships 1
obey 1
the 1
fifth 1
fair 1
morn 1
we 1
stem 1
the 1
aegyptian 1
tide 1
and 1
tilting 1
oer 1
the 1
bay 1
the 1
vessels 1
ride 1
to 1
anchor 1
there 1
my 1
fellows 1
i 1
command 1
and 1
spies 1
commission 1
to 1
explore 1
the 1
land 1
but 1
swayd 1
by 1
lust 1
of 1
gain 1
and 1
headlong 1
will 1
the 1
coasts 1
they 1
ravage 1
and 1
the 1
natives 1
kill 1
the 1
spreading 1
clamour 1
to 1
their 1
city 1
flies 1
and 1
horse 1
and 1
foot 1
in 1
mingled 1
tumult 1
rise 1
the 1
reddening 1
dawn 1
reveals 1
the 1
circling 1
fields 1
horrid 1
with 1
bristly 1
spears 1
and 1
glancing 1
shields 1
jove 1
thunderd 1
on 1
their 1
side 1
our 1
guilty 1
head 1
we 1
turnd 1
to 1
flight 1
the 1
gathering 1
vengeance 1
spread 1
on 1
all 1
parts 1
round 1
and 1
heaps 1
on 1
heaps 1
lie 1
dead 1
i 1
then 1
explored 1
my 1
thought 1
what 1
course 1
to 1
prove 1
and 1
sure 1
the 1
thought 1
was 1
dictated 1
by 1
jove 1
oh 1
had 1
he 1
left 1
me 1
to 1
that 1
happier 1
doom 1
and 1
saved 1
a 1
life 1
of 1
miseries 1
to 1
come 1
the 1
radiant 1
helmet 1
from 1
my 1
brows 1
unlaced 1
and 1
low 1
on 1
earth 1
my 1
shield 1
and 1
javelin 1
cast 1
i 1
meet 1
the 1
monarch 1
with 1
a 1
suppliants 1
face 1
approach 1
his 1
chariot 1
and 1
his 1
knees 1
embrace 1
he 1
heard 1
he 1
saved 1
he 1
placed 1
me 1
at 1
his 1
side 1
my 1
state 1
he 1
pitied 1
and 1
my 1
tears 1
he 1
dried 1
restraind 1
the 1
rage 1
the 1
vengeful 1
foe 1
expressd 1
and 1
turnd 1
the 1
deadly 1
weapons 1
from 1
my 1
breast 1
pious 1
to 1
guard 1
the 1
hospitable 1
rite 1
and 1
fearing 1
jove 1
whom 1
mercys 1
works 1
delight 1
in 1
aegypt 1
thus 1
with 1
peace 1
and 1
plenty 1
blessd 1
i 1
lived 1
and 1
happy 1
still 1
have 1
lived 1
a 1
guest 1
on 1
seven 1
bright 1
years 1
successive 1
blessings 1
wait 1
the 1
next 1
changed 1
all 1
the 1
colour 1
of 1
my 1
fate 1
a 1
false 1
phoenician 1
of 1
insiduous 1
mind 1
versed 1
in 1
vile 1
arts 1
and 1
foe 1
to 1
humankind 1
with 1
semblance 1
fair 1
invites 1
me 1
to 1
his 1
home 1
i 1
seized 1
the 1
proffer 1
ever 1
fond 1
to 1
roam 1
domestic 1
in 1
his 1
faithless 1
roof 1
i 1
stayd 1
till 1
the 1
swift 1
sun 1
his 1
annual 1
circle 1
made 1
to 1
libya 1
then 1
he 1
mediates 1
the 1
way 1
with 1
guileful 1
art 1
a 1
stranger 1
to 1
betray 1
and 1
sell 1
to 1
bondage 1
in 1
a 1
foreign 1
land 1
much 1
doubting 1
yet 1
compelld 1
i 1
quit 1
the 1
strand 1
through 1
the 1
mid 1
seas 1
the 1
nimble 1
pinnace 1
sails 1
aloof 1
from 1
crete 1
before 1
the 1
northern 1
gales 1
but 1
when 1
remote 1
her 1
chalky 1
cliffs 1
we 1
lost 1
and 1
far 1
from 1
ken 1
of 1
any 1
other 1
coast 1
when 1
all 1
was 1
wild 1
expanse 1
of 1
sea 1
and 1
air 1
then 1
doomd 1
high 1
jove 1
due 1
vengeance 1
to 1
prepare 1
he 1
hung 1
a 1
night 1
of 1
horrors 1
oer 1
their 1
head 1
the 1
shaded 1
ocean 1
blackend 1
as 1
it 1
spread 1
he 1
launchd 1
the 1
fiery 1
bolt 1
from 1
pole 1
to 1
pole 1
broad 1
burst 1
the 1
lightnings 1
deep 1
the 1
thunders 1
roll 1
in 1
giddy 1
rounds 1
the 1
whirling 1
ship 1
is 1
tossd 1
an 1
all 1
in 1
clouds 1
of 1
smothering 1
sulphur 1
lost 1
as 1
from 1
a 1
hanging 1
rocks 1
tremendous 1
height 1
the 1
sable 1
crows 1
with 1
intercepted 1
flight 1
drop 1
endlong 1
scarrd 1
and 1
black 1
with 1
sulphurous 1
hue 1
so 1
from 1
the 1
deck 1
are 1
hurld 1
the 1
ghastly 1
crew 1
such 1
end 1
the 1
wicked 1
found 1
but 1
joves 1
intent 1
was 1
yet 1
to 1
save 1
the 1
oppressd 1
and 1
innocent 1
placed 1
on 1
the 1
mast 1
the 1
last 1
resource 1
of 1
life 1
with 1
winds 1
and 1
waves 1
i 1
held 1
unequal 1
strife 1
for 1
nine 1
long 1
days 1
the 1
billows 1
tilting 1
oer 1
the 1
tenth 1
soft 1
wafts 1
me 1
to 1
thesprotias 1
shore 1
the 1
monarchs 1
son 1
a 1
shipwreckd 1
wretch 1
relieved 1
the 1
sire 1
with 1
hospitable 1
rites 1
received 1
and 1
in 1
his 1
palace 1
like 1
a 1
brother 1
placed 1
with 1
gifts 1
of 1
price 1
and 1
gorgeous 1
garments 1
graced 1
while 1
here 1
i 1
sojournd 1
oft 1
i 1
heard 1
the 1
fame 1
how 1
late 1
ulysses 1
to 1
the 1
country 1
came 1
how 1
loved 1
how 1
honourd 1
in 1
this 1
court 1
he 1
stayd 1
and 1
here 1
his 1
whole 1
collected 1
treasure 1
laid 1
i 1
saw 1
myself 1
the 1
vast 1
unnumberd 1
store 1
of 1
steel 1
elaborate 1
and 1
refulgent 1
ore 1
and 1
brass 1
high 1
heapd 1
amidst 1
the 1
regal 1
dome 1
immense 1
supplies 1
for 1
ages 1
yet 1
to 1
come 1
meantime 1
he 1
voyaged 1
to 1
explore 1
the 1
will 1
of 1
jove 1
on 1
high 1
dodonas 1
holy 1
hill 1
what 1
means 1
might 1
best 1
his 1
safe 1
return 1
avail 1
to 1
come 1
in 1
pomp 1
or 1
bear 1
a 1
secret 1
sail 1
full 1
oft 1
has 1
phidon 1
whilst 1
he 1
pourd 1
the 1
wine 1
attesting 1
solemn 1
all 1
the 1
powers 1
divine 1
that 1
soon 1
ulysses 1
would 1
return 1
declared 1
the 1
sailors 1
waiting 1
and 1
the 1
ships 1
prepared 1
but 1
first 1
the 1
king 1
dismissd 1
me 1
from 1
his 1
shores 1
for 1
fair 1
dulichium 1
crownd 1
with 1
fruitful 1
stores 1
to 1
good 1
acastus 1
friendly 1
care 1
consignd 1
but 1
other 1
counsels 1
pleased 1
the 1
sailors 1
mind 1
new 1
frauds 1
were 1
plotted 1
by 1
the 1
faithless 1
train 1
and 1
misery 1
demands 1
me 1
once 1
again 1
soon 1
as 1
remote 1
from 1
shore 1
they 1
plough 1
the 1
wave 1
with 1
ready 1
hands 1
they 1
rush 1
to 1
seize 1
their 1
slave 1
then 1
with 1
these 1
tatterd 1
rags 1
they 1
wrappd 1
me 1
round 1
strippd 1
of 1
my 1
own 1
and 1
to 1
the 1
vessel 1
bound 1
at 1
eve 1
at 1
ithacas 1
delightful 1
land 1
the 1
ship 1
arrivd 1
forth 1
issuing 1
on 1
the 1
sand 1
they 1
sought 1
repast 1
while 1
to 1
the 1
unhappy 1
kind 1
the 1
pitying 1
gods 1
themselves 1
my 1
chains 1
unbind 1
soft 1
i 1
descended 1
to 1
the 1
sea 1
applied 1
my 1
naked 1
breast 1
and 1
shot 1
along 1
the 1
tide 1
soon 1
passd 1
beyond 1
their 1
sight 1
i 1
left 1
the 1
flood 1
and 1
took 1
the 1
spreading 1
shelter 1
of 1
the 1
wood 1
their 1
prize 1
escaped 1
the 1
faithless 1
pirates 1
mournd 1
but 1
deemd 1
inquiry 1
vain 1
and 1
to 1
their 1
ships 1
returnd 1
screend 1
by 1
protecting 1
gods 1
from 1
hostile 1
eyes 1
they 1
led 1
me 1
to 1
a 1
good 1
man 1
and 1
a 1
wise 1
to 1
live 1
beneath 1
thy 1
hospitable 1
care 1
and 1
wait 1
the 1
woes 1
heaven 1
dooms 1
me 1
yet 1
to 1
bear 1
unhappy 1
guest 1
whose 1
sorrows 1
touch 1
my 1
mind 1
thus 1
good 1
eumaeus 1
with 1
a 1
sigh 1
rejoind 1
for 1
real 1
sufferings 1
since 1
i 1
grieve 1
sincere 1
check 1
not 1
with 1
fallacies 1
the 1
springing 1
tear 1
nor 1
turn 1
the 1
passion 1
into 1
groundless 1
joy 1
for 1
him 1
whom 1
heaven 1
has 1
destined 1
to 1
destroy 1
oh 1
had 1
he 1
perishd 1
on 1
some 1
wellfought 1
day 1
or 1
in 1
his 1
friends 1
embraces 1
died 1
away 1
that 1
grateful 1
greece 1
with 1
streaming 1
eyes 1
might 1
raise 1
historic 1
marbles 1
to 1
record 1
his 1
praise 1
his 1
praise 1
eternal 1
on 1
the 1
faithful 1
stone 1
had 1
with 1
transmissive 1
honours 1
graced 1
his 1
son 1
now 1
snatchd 1
by 1
harpies 1
to 1
the 1
dreary 1
coast 1
sunk 1
is 1
the 1
hero 1
and 1
his 1
glory 1
lost 1
while 1
pensive 1
in 1
this 1
solitary 1
den 1
far 1
from 1
gay 1
cities 1
and 1
the 1
ways 1
of 1
men 1
i 1
linger 1
life 1
nor 1
to 1
the 1
court 1
repair 1
but 1
when 1
my 1
constant 1
queen 1
commands 1
my 1
care 1
or 1
when 1
to 1
taste 1
her 1
hospitable 1
board 1
some 1
guest 1
arrives 1
with 1
rumours 1
of 1
her 1
lord 1
and 1
these 1
indulge 1
their 1
want 1
and 1
those 1
their 1
woe 1
and 1
here 1
the 1
tears 1
and 1
there 1
the 1
goblets 1
flow 1
by 1
many 1
such 1
have 1
i 1
been 1
warnd 1
but 1
chief 1
by 1
one 1
aetolian 1
robbd 1
of 1
all 1
belief 1
whose 1
hap 1
it 1
was 1
to 1
this 1
our 1
roof 1
to 1
roam 1
for 1
murder 1
banishd 1
from 1
his 1
native 1
home 1
he 1
swore 1
ulysses 1
on 1
the 1
coast 1
of 1
crete 1
stayd 1
but 1
a 1
season 1
to 1
refit 1
his 1
fleet 1
a 1
few 1
revolving 1
months 1
should 1
waft 1
him 1
oer 1
fraught 1
with 1
bold 1
warriors 1
and 1
a 1
boundless 1
store 1
o 1
thou 1
whom 1
age 1
has 1
taught 1
to 1
understand 1
and 1
heaven 1
has 1
guided 1
with 1
a 1
favouring 1
hand 1
on 1
god 1
or 1
mortal 1
to 1
obtrude 1
a 1
lie 1
forbear 1
and 1
dread 1
to 1
flatter 1
as 1
to 1
die 1
nor 1
for 1
such 1
ends 1
my 1
house 1
and 1
heart 1
are 1
free 1
but 1
dear 1
respect 1
to 1
jove 1
and 1
charity 1
and 1
why 1
o 1
swain 1
of 1
unbelieving 1
mind 1
thus 1
quick 1
replied 1
the 1
wisest 1
of 1
mankind 1
doubt 1
you 1
my 1
oath 1
yet 1
more 1
my 1
faith 1
to 1
try 1
a 1
solemn 1
compact 1
let 1
us 1
ratify 1
and 1
witness 1
every 1
power 1
that 1
rules 1
the 1
sky 1
if 1
here 1
ulysses 1
from 1
his 1
labours 1
rest 1
be 1
then 1
my 1
prize 1
a 1
tunic 1
and 1
a 1
vest 1
and 1
where 1
my 1
hopes 1
invite 1
me 1
straight 1
transport 1
in 1
safety 1
to 1
dulichiums 1
friendly 1
court 1
but 1
if 1
he 1
greets 1
not 1
thy 1
desiring 1
eye 1
hurl 1
me 1
from 1
yon 1
dread 1
precipice 1
on 1
high 1
the 1
due 1
reward 1
of 1
fraud 1
and 1
perjury 1
doubtless 1
o 1
guest 1
great 1
laud 1
and 1
praise 1
were 1
mine 1
replied 1
the 1
swain 1
for 1
spotless 1
faith 1
divine 1
if 1
after 1
social 1
rites 1
and 1
gifts 1
bestowd 1
i 1
staind 1
my 1
hospitable 1
hearth 1
with 1
blood 1
how 1
would 1
the 1
gods 1
my 1
righteous 1
toils 1
succeed 1
and 1
bless 1
the 1
hand 1
that 1
made 1
a 1
stranger 1
bleed 1
no 1
morethe 1
approaching 1
hours 1
of 1
silent 1
night 1
first 1
claim 1
refection 1
then 1
to 1
rest 1
invite 1
beneath 1
our 1
humble 1
cottage 1
let 1
us 1
haste 1
and 1
here 1
unenvied 1
rural 1
dainties 1
taste 1
thus 1
communed 1
these 1
while 1
to 1
their 1
lowly 1
dome 1
the 1
fullfed 1
swine 1
returnd 1
with 1
evening 1
home 1
compelld 1
reluctant 1
to 1
their 1
several 1
sties 1
with 1
din 1
obstreperous 1
and 1
ungrateful 1
cries 1
then 1
to 1
the 1
slaves 1
now 1
from 1
the 1
herd 1
the 1
best 1
select 1
in 1
honour 1
of 1
our 1
foreign 1
guest 1
with 1
him 1
let 1
us 1
the 1
genial 1
banquet 1
share 1
for 1
great 1
and 1
many 1
are 1
the 1
griefs 1
we 1
bear 1
while 1
those 1
who 1
from 1
our 1
labours 1
heap 1
their 1
board 1
blaspheme 1
their 1
feeder 1
and 1
forget 1
their 1
lord 1
thus 1
speaking 1
with 1
despatchful 1
hand 1
he 1
took 1
a 1
weighty 1
axe 1
and 1
cleft 1
the 1
solid 1
oak 1
this 1
on 1
the 1
earth 1
he 1
piled 1
a 1
boar 1
full 1
fed 1
of 1
five 1
years 1
age 1
before 1
the 1
pile 1
was 1
led 1
the 1
swain 1
whom 1
acts 1
of 1
piety 1
delight 1
observant 1
of 1
the 1
gods 1
begins 1
the 1
rite 1
first 1
shears 1
the 1
forehead 1
of 1
the 1
bristly 1
boar 1
and 1
suppliant 1
stands 1
invoking 1
every 1
power 1
to 1
speed 1
ulysses 1
to 1
his 1
native 1
shore 1
a 1
knotty 1
stake 1
then 1
aiming 1
at 1
his 1
head 1
down 1
dropped 1
he 1
groaning 1
and 1
the 1
spirit 1
fled 1
the 1
scorching 1
flames 1
climb 1
round 1
on 1
every 1
side 1
then 1
the 1
singed 1
members 1
they 1
with 1
skill 1
divide 1
on 1
these 1
in 1
rolls 1
of 1
fat 1
involved 1
with 1
art 1
the 1
choicest 1
morsels 1
lay 1
from 1
every 1
part 1
some 1
in 1
the 1
flames 1
bestrewd 1
with 1
flour 1
they 1
threw 1
some 1
cut 1
in 1
fragments 1
from 1
the 1
forks 1
they 1
drew 1
these 1
while 1
on 1
several 1
tables 1
they 1
dispose 1
a 1
priest 1
himself 1
the 1
blameless 1
rustic 1
rose 1
expert 1
the 1
destined 1
victim 1
to 1
dispart 1
in 1
seven 1
just 1
portions 1
pure 1
of 1
hand 1
and 1
heart 1
one 1
sacred 1
to 1
the 1
nymphs 1
apart 1
they 1
lay 1
another 1
to 1
the 1
winged 1
sons 1
of 1
may 1
the 1
rural 1
tribe 1
in 1
common 1
share 1
the 1
rest 1
the 1
king 1
the 1
chine 1
the 1
honour 1
of 1
the 1
feast 1
who 1
sate 1
delighted 1
at 1
his 1
servants 1
board 1
the 1
faithful 1
servant 1
joyd 1
his 1
unknown 1
lord 1
oh 1
be 1
thou 1
dear 1
ulysses 1
cried 1
to 1
jove 1
as 1
well 1
thou 1
claimst 1
a 1
grateful 1
strangers 1
love 1
be 1
then 1
thy 1
thanks 1
the 1
bounteous 1
swain 1
replied 1
enjoyment 1
of 1
the 1
good 1
the 1
gods 1
provide 1
from 1
gods 1
own 1
hand 1
descend 1
our 1
joys 1
and 1
woes 1
these 1
he 1
decrees 1
and 1
he 1
but 1
suffers 1
those 1
all 1
power 1
is 1
his 1
and 1
whatsoeer 1
he 1
wills 1
the 1
will 1
itself 1
omnipotent 1
fulfils 1
this 1
said 1
the 1
firstfruits 1
to 1
the 1
gods 1
he 1
gave 1
then 1
pourd 1
of 1
offerd 1
wine 1
the 1
sable 1
wave 1
in 1
great 1
ulysses 1
hand 1
he 1
placed 1
the 1
bowl 1
he 1
sate 1
and 1
sweet 1
refection 1
cheerd 1
his 1
soul 1
the 1
bread 1
from 1
canisters 1
mesaulius 1
gave 1
eumaeus 1
proper 1
treasure 1
bought 1
this 1
slave 1
and 1
led 1
from 1
taphos 1
to 1
attend 1
his 1
board 1
a 1
servant 1
added 1
to 1
his 1
absent 1
lord 1
his 1
task 1
it 1
was 1
the 1
wheaten 1
loaves 1
to 1
lay 1
and 1
from 1
the 1
banquet 1
take 1
the 1
bowls 1
away 1
and 1
now 1
the 1
rage 1
of 1
hunger 1
was 1
repressd 1
and 1
each 1
betakes 1
him 1
to 1
his 1
couch 1
to 1
rest 1
now 1
came 1
the 1
night 1
and 1
darkness 1
coverd 1
oer 1
the 1
face 1
of 1
things 1
the 1
winds 1
began 1
to 1
roar 1
the 1
driving 1
storm 1
the 1
watery 1
westwind 1
pours 1
and 1
jove 1
descends 1
in 1
deluges 1
of 1
showers 1
studious 1
of 1
rest 1
and 1
warmth 1
ulysses 1
lies 1
foreseeing 1
from 1
the 1
first 1
the 1
storm 1
would 1
rise 1
in 1
mere 1
necessity 1
of 1
coat 1
and 1
cloak 1
with 1
artful 1
preface 1
to 1
his 1
host 1
he 1
spoke 1
hear 1
me 1
my 1
friends 1
who 1
this 1
good 1
banquet 1
grace 1
tis 1
sweet 1
to 1
play 1
the 1
fool 1
in 1
time 1
and 1
place 1
and 1
wine 1
can 1
of 1
their 1
wits 1
the 1
wise 1
beguile 1
make 1
the 1
sage 1
frolic 1
and 1
the 1
serious 1
smile 1
the 1
grave 1
in 1
merry 1
measures 1
frisk 1
about 1
and 1
many 1
a 1
longrepented 1
word 1
bring 1
out 1
since 1
to 1
be 1
talkative 1
i 1
now 1
commence 1
let 1
wit 1
cast 1
off 1
the 1
sullen 1
yoke 1
of 1
sense 1
once 1
i 1
was 1
strong 1
would 1
heaven 1
restore 1
those 1
days 1
and 1
with 1
my 1
betters 1
claimd 1
a 1
share 1
of 1
praise 1
ulysses 1
menelaus 1
led 1
forth 1
a 1
band 1
and 1
joind 1
me 1
with 1
them 1
twas 1
their 1
own 1
command 1
a 1
deathful 1
ambush 1
for 1
the 1
foe 1
to 1
lay 1
beneath 1
troy 1
walls 1
by 1
night 1
we 1
took 1
our 1
way 1
there 1
clad 1
in 1
arms 1
along 1
the 1
marshes 1
spread 1
we 1
made 1
the 1
osierfringed 1
bank 1
our 1
bed 1
full 1
soon 1
the 1
inclemency 1
of 1
heaven 1
i 1
feel 1
nor 1
had 1
these 1
shoulders 1
covering 1
but 1
of 1
steel 1
sharp 1
blew 1
the 1
north 1
snow 1
whitening 1
all 1
the 1
fields 1
froze 1
with 1
the 1
blast 1
and 1
gathering 1
glazed 1
our 1
shields 1
there 1
all 1
but 1
i 1
well 1
fenced 1
with 1
cloak 1
and 1
vest 1
lay 1
coverd 1
by 1
their 1
ample 1
shields 1
at 1
rest 1
fool 1
that 1
i 1
was 1
i 1
left 1
behind 1
my 1
own 1
the 1
skill 1
of 1
weather 1
and 1
of 1
winds 1
unknown 1
and 1
trusted 1
to 1
my 1
coat 1
and 1
shield 1
alone 1
when 1
now 1
was 1
wasted 1
more 1
than 1
half 1
the 1
night 1
and 1
the 1
stars 1
faded 1
at 1
approaching 1
light 1
sudden 1
i 1
joggd 1
ulysses 1
who 1
was 1
laid 1
fast 1
by 1
my 1
side 1
and 1
shivering 1
thus 1
i 1
said 1
here 1
longer 1
in 1
this 1
field 1
i 1
cannot 1
lie 1
the 1
winter 1
pinches 1
and 1
with 1
cold 1
i 1
die 1
and 1
die 1
ashamed 1
o 1
wisest 1
of 1
mankind 1
the 1
only 1
fool 1
who 1
left 1
his 1
cloak 1
behind 1
he 1
thought 1
and 1
answerd 1
hardly 1
waking 1
yet 1
sprung 1
in 1
his 1
mind 1
a 1
momentary 1
wit 1
that 1
wit 1
which 1
or 1
in 1
council 1
or 1
in 1
fight 1
still 1
met 1
the 1
emergence 1
and 1
determined 1
right 1
hush 1
thee 1
he 1
cried 1
soft 1
whispering 1
in 1
my 1
ear 1
speak 1
not 1
a 1
word 1
lest 1
any 1
greek 1
may 1
hear 1
and 1
then 1
supporting 1
on 1
his 1
arm 1
his 1
head 1
hear 1
me 1
companions 1
thus 1
aloud 1
he 1
said 1
methinks 1
too 1
distant 1
from 1
the 1
fleet 1
we 1
lie 1
een 1
now 1
a 1
vision 1
stood 1
before 1
my 1
eye 1
and 1
sure 1
the 1
warning 1
vision 1
was 1
from 1
high 1
let 1
from 1
among 1
us 1
some 1
swift 1
courier 1
rise 1
haste 1
to 1
the 1
general 1
and 1
demand 1
supplies 1
up 1
started 1
thoas 1
straight 1
andraemons 1
son 1
nimbly 1
he 1
rose 1
and 1
cast 1
his 1
garment 1
down 1
instant 1
the 1
racer 1
vanishd 1
off 1
the 1
ground 1
that 1
instant 1
in 1
his 1
cloak 1
i 1
wrappd 1
me 1
round 1
and 1
safe 1
i 1
slept 1
till 1
brightlydawning 1
shone 1
the 1
morn 1
conspicuous 1
on 1
her 1
golden 1
throne 1
oh 1
were 1
my 1
strength 1
as 1
then 1
as 1
then 1
my 1
age 1
some 1
friend 1
would 1
fence 1
me 1
from 1
the 1
winters 1
rage 1
yet 1
tatterd 1
as 1
i 1
look 1
i 1
challenged 1
then 1
the 1
honours 1
and 1
the 1
offices 1
of 1
men 1
some 1
master 1
or 1
some 1
servant 1
would 1
allow 1
a 1
cloak 1
and 1
vestbut 1
i 1
am 1
nothing 1
now 1
well 1
hast 1
thou 1
spoke 1
rejoind 1
the 1
attentive 1
swain 1
thy 1
lips 1
let 1
fall 1
no 1
idle 1
word 1
or 1
vain 1
nor 1
garment 1
shalt 1
thou 1
want 1
nor 1
aught 1
beside 1
meet 1
for 1
the 1
wandering 1
suppliant 1
to 1
provide 1
but 1
in 1
the 1
morning 1
take 1
thy 1
clothes 1
again 1
for 1
here 1
one 1
vest 1
suffices 1
every 1
swain 1
no 1
change 1
of 1
garments 1
to 1
our 1
hinds 1
is 1
known 1
but 1
when 1
returnd 1
the 1
good 1
ulysses 1
son 1
with 1
better 1
hand 1
shall 1
grace 1
with 1
fit 1
attires 1
his 1
guest 1
and 1
send 1
thee 1
where 1
thy 1
soul 1
desires 1
the 1
honest 1
herdsman 1
rose 1
as 1
this 1
he 1
said 1
and 1
drew 1
before 1
the 1
hearth 1
the 1
strangers 1
bed 1
the 1
fleecy 1
spoils 1
of 1
sheep 1
a 1
goats 1
rough 1
hide 1
he 1
spreads 1
and 1
adds 1
a 1
mantle 1
thick 1
and 1
wide 1
with 1
store 1
to 1
heap 1
above 1
him 1
and 1
below 1
and 1
guard 1
each 1
quarter 1
as 1
the 1
tempests 1
blow 1
there 1
lay 1
the 1
king 1
and 1
all 1
the 1
rest 1
supine 1
all 1
but 1
the 1
careful 1
master 1
of 1
the 1
swine 1
forth 1
hasted 1
he 1
to 1
tend 1
his 1
bristly 1
care 1
well 1
armd 1
and 1
fenced 1
against 1
nocturnal 1
air 1
his 1
weighty 1
falchion 1
oer 1
his 1
shoulder 1
tied 1
his 1
shaggy 1
cloak 1
a 1
mountain 1
goat 1
supplied 1
with 1
his 1
broad 1
spear 1
the 1
dread 1
of 1
dogs 1
and 1
men 1
he 1
seeks 1
his 1
lodging 1
in 1
the 1
rocky 1
den 1
there 1
to 1
the 1
tusky 1
herd 1
he 1
bends 1
his 1
way 1
where 1
screend 1
from 1
boreas 1
high 1
oerarchd 1
they 1
lay 1
book 1
xv 1
argument 1
the 1
return 1
of 1
telemachus 1
the 1
goddess 1
minerva 1
commands 1
telemachus 1
in 1
a 1
vision 1
to 1
return 1
to 1
ithaca 1
pisistratus 1
and 1
he 1
take 1
leave 1
of 1
menelaus 1
and 1
arrive 1
at 1
pylos 1
where 1
they 1
part 1
and 1
telemachus 1
sets 1
sail 1
after 1
having 1
received 1
on 1
board 1
theoclymenus 1
the 1
soothsayer 1
the 1
scene 1
then 1
changes 1
to 1
the 1
cottage 1
of 1
eumaeus 1
who 1
entertains 1
ulysses 1
with 1
a 1
recital 1
of 1
his 1
adventures 1
in 1
the 1
meantime 1
telemachus 1
arrives 1
on 1
the 1
coast 1
and 1
sending 1
the 1
vessel 1
to 1
the 1
town 1
proceeds 1
by 1
himself 1
to 1
the 1
lodge 1
of 1
eumaeus 1
now 1
had 1
minerva 1
reachd 1
those 1
ample 1
plains 1
famed 1
for 1
the 1
dance 1
where 1
menelaus 1
reigns 1
anxious 1
she 1
flies 1
to 1
great 1
ulysses 1
heir 1
his 1
instant 1
voyage 1
challenged 1
all 1
her 1
care 1
beneath 1
the 1
royal 1
portico 1
displayd 1
with 1
nestors 1
son 1
telemachus 1
was 1
laid 1
in 1
sleep 1
profound 1
the 1
son 1
of 1
nestor 1
lies 1
not 1
thine 1
ulysses 1
care 1
unseald 1
his 1
eyes 1
restless 1
he 1
grieved 1
with 1
various 1
fears 1
oppressd 1
and 1
all 1
thy 1
fortunes 1
rolld 1
within 1
his 1
breast 1
when 1
o 1
telemachus 1
the 1
goddess 1
said 1
too 1
long 1
in 1
vain 1
too 1
widely 1
hast 1
thou 1
strayd 1
thus 1
leaving 1
careless 1
thy 1
paternal 1
right 1
the 1
robbers 1
prize 1
the 1
prey 1
to 1
lawless 1
might 1
on 1
fond 1
pursuits 1
neglectful 1
while 1
you 1
roam 1
een 1
now 1
the 1
hand 1
of 1
rapine 1
sacks 1
the 1
dome 1
hence 1
to 1
atrides 1
and 1
his 1
leave 1
implore 1
to 1
launch 1
thy 1
vessel 1
for 1
thy 1
natal 1
shore 1
fly 1
whilst 1
thy 1
mother 1
virtuous 1
yet 1
withstands 1
her 1
kindreds 1
wishes 1
and 1
her 1
sires 1
commands 1
through 1
both 1
eurymachus 1
pursues 1
the 1
dame 1
and 1
with 1
the 1
noblest 1
gifts 1
asserts 1
his 1
claim 1
hence 1
therefore 1
while 1
thy 1
stores 1
thy 1
own 1
remain 1
thou 1
knowst 1
the 1
practice 1
of 1
the 1
female 1
train 1
lost 1
in 1
the 1
children 1
of 1
the 1
present 1
spouse 1
they 1
slight 1
the 1
pledges 1
of 1
their 1
former 1
vows 1
their 1
love 1
is 1
always 1
with 1
the 1
lover 1
past 1
still 1
the 1
succeeding 1
flame 1
expels 1
the 1
last 1
let 1
oer 1
thy 1
house 1
some 1
chosen 1
maid 1
preside 1
till 1
heaven 1
decrees 1
to 1
bless 1
thee 1
in 1
a 1
bride 1
but 1
now 1
thy 1
more 1
attentive 1
ears 1
incline 1
observe 1
the 1
warnings 1
of 1
a 1
power 1
divine 1
for 1
thee 1
their 1
snares 1
the 1
suitor 1
lords 1
shall 1
lay 1
in 1
samos 1
sands 1
or 1
straits 1
of 1
ithaca 1
to 1
seize 1
thy 1
life 1
shall 1
lurk 1
the 1
murderous 1
band 1
ere 1
yet 1
thy 1
footsteps 1
press 1
thy 1
native 1
land 1
nosooner 1
far 1
their 1
riot 1
and 1
their 1
lust 1
allcovering 1
earth 1
shall 1
bury 1
deep 1
in 1
dust 1
then 1
distant 1
from 1
the 1
scatterd 1
islands 1
steer 1
nor 1
let 1
the 1
night 1
retard 1
thy 1
full 1
career 1
thy 1
heavenly 1
guardian 1
shall 1
instruct 1
the 1
gales 1
to 1
smooth 1
thy 1
passage 1
and 1
supply 1
thy 1
sails 1
and 1
when 1
at 1
ithaca 1
thy 1
labour 1
ends 1
send 1
to 1
the 1
town 1
the 1
vessel 1
with 1
thy 1
friends 1
but 1
seek 1
thou 1
first 1
the 1
master 1
of 1
the 1
swine 1
for 1
still 1
to 1
thee 1
his 1
loyal 1
thoughts 1
incline 1
there 1
pass 1
the 1
night 1
while 1
he 1
his 1
course 1
pursues 1
to 1
bring 1
penelope 1
the 1
wishdfor 1
news 1
that 1
thou 1
safe 1
sailing 1
from 1
the 1
pylian 1
strand 1
art 1
come 1
to 1
bless 1
her 1
in 1
thy 1
native 1
land 1
thus 1
spoke 1
the 1
goddess 1
and 1
resumed 1
her 1
flight 1
to 1
the 1
pure 1
regions 1
of 1
eternal 1
light 1
meanwhile 1
pisistratus 1
he 1
gently 1
shakes 1
and 1
with 1
these 1
words 1
the 1
slumbering 1
youth 1
awakes 1
rise 1
son 1
of 1
nestor 1
for 1
the 1
road 1
prepare 1
and 1
join 1
the 1
harnessd 1
coursers 1
to 1
the 1
car 1
what 1
cause 1
he 1
cried 1
can 1
justify 1
our 1
flight 1
to 1
tempt 1
the 1
dangers 1
of 1
forbidding 1
night 1
here 1
wait 1
we 1
rather 1
till 1
approaching 1
day 1
shall 1
prompt 1
our 1
speed 1
and 1
point 1
the 1
ready 1
way 1
nor 1
think 1
of 1
flight 1
before 1
the 1
spartan 1
king 1
shall 1
bid 1
farewell 1
and 1
bounteous 1
presents 1
bring 1
gifts 1
which 1
to 1
distant 1
ages 1
safely 1
stored 1
the 1
sacred 1
act 1
of 1
friendship 1
shall 1
record 1
thus 1
he 1
but 1
when 1
the 1
dawn 1
bestreakd 1
the 1
east 1
the 1
king 1
from 1
helen 1
rose 1
and 1
sought 1
his 1
guest 1
as 1
soon 1
as 1
his 1
approach 1
the 1
hero 1
knew 1
the 1
splendid 1
mantle 1
round 1
him 1
first 1
he 1
threw 1
then 1
oer 1
his 1
ample 1
shoulders 1
whirld 1
the 1
cloak 1
respectful 1
met 1
the 1
monarch 1
and 1
bespoke 1
hail 1
great 1
atrides 1
favourd 1
of 1
high 1
jove 1
let 1
not 1
thy 1
friends 1
in 1
vain 1
for 1
licence 1
move 1
swift 1
let 1
us 1
measure 1
back 1
the 1
watery 1
way 1
nor 1
check 1
our 1
speed 1
impatient 1
of 1
delay 1
if 1
with 1
desire 1
so 1
strong 1
thy 1
bosom 1
glows 1
ill 1
said 1
the 1
king 1
should 1
i 1
thy 1
wish 1
oppose 1
for 1
oft 1
in 1
others 1
freely 1
i 1
reprove 1
the 1
illtimed 1
efforts 1
of 1
officious 1
love 1
who 1
love 1
too 1
much 1
hate 1
in 1
the 1
like 1
extreme 1
and 1
both 1
the 1
golden 1
mean 1
alike 1
condemn 1
alike 1
he 1
thwarts 1
the 1
hospitable 1
end 1
who 1
drives 1
the 1
free 1
or 1
stays 1
the 1
hasty 1
friend 1
true 1
friendships 1
laws 1
are 1
by 1
this 1
rule 1
expressd 1
welcome 1
the 1
coming 1
speed 1
the 1
parting 1
guest 1
yet 1
stay 1
my 1
friends 1
and 1
in 1
your 1
chariot 1
take 1
the 1
noblest 1
presents 1
that 1
our 1
love 1
can 1
make 1
meantime 1
commit 1
we 1
to 1
our 1
womens 1
care 1
some 1
choice 1
domestic 1
viands 1
to 1
prepare 1
the 1
traveller 1
rising 1
from 1
the 1
banquet 1
gay 1
eludes 1
the 1
labours 1
of 1
the 1
tedious 1
way 1
then 1
if 1
a 1
wider 1
course 1
shall 1
rather 1
please 1
through 1
spacious 1
argos 1
and 1
the 1
realms 1
of 1
greece 1
atrides 1
in 1
his 1
chariot 1
shall 1
attend 1
himself 1
thy 1
convoy 1
to 1
each 1
royal 1
friend 1
no 1
prince 1
will 1
let 1
ulysses 1
heir 1
remove 1
without 1
some 1
pledge 1
some 1
monument 1
of 1
love 1
these 1
will 1
the 1
caldron 1
these 1
the 1
tripod 1
give 1
from 1
those 1
the 1
wellpaird 1
mules 1
we 1
shall 1
receive 1
or 1
bowl 1
embossd 1
whose 1
golden 1
figures 1
live 1
to 1
whom 1
the 1
youth 1
for 1
prudence 1
famed 1
replied 1
o 1
monarch 1
care 1
of 1
heaven 1
thy 1
peoples 1
pride 1
no 1
friend 1
in 1
ithaca 1
my 1
place 1
supplies 1
no 1
powerful 1
hands 1
are 1
there 1
no 1
watchful 1
eyes 1
my 1
stores 1
exposed 1
and 1
fenceless 1
house 1
demand 1
the 1
speediest 1
succour 1
from 1
my 1
guardian 1
hand 1
lest 1
in 1
a 1
search 1
too 1
anxious 1
and 1
too 1
vain 1
of 1
one 1
lost 1
joy 1
i 1
lose 1
what 1
yet 1
remain 1
his 1
purpose 1
when 1
the 1
generous 1
warrior 1
heard 1
he 1
charged 1
the 1
household 1
cates 1
to 1
be 1
prepared 1
now 1
with 1
the 1
dawn 1
from 1
his 1
adjoining 1
home 1
was 1
boethoedes 1
eteoneus 1
come 1
swift 1
at 1
the 1
word 1
he 1
forms 1
the 1
rising 1
blaze 1
and 1
oer 1
the 1
coals 1
the 1
smoking 1
fragments 1
lays 1
meantime 1
the 1
king 1
his 1
son 1
and 1
helen 1
went 1
where 1
the 1
rich 1
wardrobe 1
breathed 1
a 1
costly 1
scent 1
the 1
king 1
selected 1
from 1
the 1
glittering 1
rows 1
a 1
bowl 1
the 1
prince 1
a 1
silver 1
beaker 1
chose 1
the 1
beauteous 1
queen 1
revolved 1
with 1
careful 1
eyes 1
her 1
various 1
textures 1
of 1
unnumberd 1
dyes 1
and 1
chose 1
the 1
largest 1
with 1
no 1
vulgar 1
art 1
her 1
own 1
fair 1
hands 1
embroiderd 1
every 1
part 1
beneath 1
the 1
rest 1
it 1
lay 1
divinely 1
bright 1
like 1
radiant 1
hesper 1
oer 1
the 1
gems 1
of 1
night 1
then 1
with 1
each 1
gift 1
they 1
hastend 1
to 1
their 1
guest 1
and 1
thus 1
the 1
king 1
ulysses 1
heir 1
addressd 1
since 1
fixd 1
are 1
thy 1
resolves 1
may 1
thundering 1
jove 1
with 1
happiest 1
omens 1
thy 1
desires 1
approve 1
this 1
silver 1
bowl 1
whose 1
costly 1
margins 1
shine 1
enchased 1
with 1
old 1
this 1
valued 1
gift 1
be 1
thine 1
to 1
me 1
this 1
present 1
of 1
vulcanian 1
frame 1
from 1
sidons 1
hospitable 1
monarch 1
came 1
to 1
thee 1
we 1
now 1
consign 1
the 1
precious 1
load 1
the 1
pride 1
of 1
kings 1
and 1
labour 1
of 1
a 1
god 1
then 1
gave 1
the 1
cup 1
while 1
megapenthe 1
brought 1
the 1
silver 1
vase 1
with 1
living 1
sculpture 1
wrought 1
the 1
beauteous 1
queen 1
advancing 1
next 1
displayd 1
the 1
shining 1
veil 1
and 1
thus 1
endearing 1
said 1
accept 1
dear 1
youth 1
this 1
monument 1
of 1
love 1
long 1
since 1
in 1
better 1
days 1
by 1
helen 1
wove 1
safe 1
in 1
thy 1
mothers 1
care 1
the 1
vesture 1
lay 1
to 1
deck 1
thy 1
bride 1
and 1
grace 1
thy 1
nuptial 1
day 1
meantime 1
mayst 1
thou 1
with 1
happiest 1
speed 1
regain 1
thy 1
stately 1
palace 1
and 1
thy 1
wide 1
domain 1
she 1
said 1
and 1
gave 1
the 1
veil 1
with 1
grateful 1
look 1
the 1
prince 1
the 1
variegated 1
present 1
took 1
and 1
now 1
when 1
through 1
the 1
royal 1
dome 1
they 1
passd 1
high 1
on 1
a 1
throne 1
the 1
king 1
each 1
stranger 1
placed 1
a 1
golden 1
ewer 1
the 1
attendant 1
damsel 1
brings 1
replete 1
with 1
water 1
from 1
the 1
crystal 1
springs 1
with 1
copious 1
streams 1
the 1
shining 1
vase 1
supplies 1
a 1
silver 1
layer 1
of 1
capacious 1
size 1
they 1
wash 1
the 1
tables 1
in 1
fair 1
order 1
spread 1
the 1
glittering 1
canisters 1
are 1
crownd 1
with 1
bread 1
viands 1
of 1
various 1
kinds 1
allure 1
the 1
taste 1
of 1
choicest 1
sort 1
and 1
savour 1
rich 1
repast 1
whilst 1
eteoneus 1
portions 1
out 1
the 1
shares 1
atrides 1
son 1
the 1
purple 1
draught 1
prepares 1
and 1
now 1
each 1
sated 1
with 1
the 1
genial 1
feast 1
and 1
the 1
short 1
rage 1
of 1
thirst 1
and 1
hunger 1
ceased 1
ulysses 1
son 1
with 1
his 1
illustrious 1
friend 1
the 1
horses 1
join 1
the 1
polishd 1
car 1
ascend 1
along 1
the 1
court 1
the 1
fiery 1
steeds 1
rebound 1
and 1
the 1
wide 1
portal 1
echoes 1
to 1
the 1
sound 1
the 1
king 1
precedes 1
a 1
bowl 1
with 1
fragrant 1
wine 1
libation 1
destined 1
to 1
the 1
powers 1
divine 1
his 1
right 1
hand 1
held 1
before 1
the 1
steed 1
he 1
stands 1
then 1
mixd 1
with 1
prayers 1
he 1
utters 1
these 1
commands 1
farewell 1
and 1
prosper 1
youths 1
let 1
nestor 1
know 1
what 1
grateful 1
thoughts 1
still 1
in 1
this 1
bosom 1
glow 1
for 1
all 1
the 1
proofs 1
of 1
his 1
paternal 1
care 1
through 1
the 1
long 1
dangers 1
of 1
the 1
ten 1
years 1
war 1
ah 1
doubt 1
not 1
our 1
report 1
the 1
prince 1
rejoind 1
of 1
all 1
the 1
virtues 1
of 1
thy 1
generous 1
mind 1
and 1
oh 1
returnd 1
might 1
we 1
ulysses 1
meet 1
to 1
him 1
thy 1
presents 1
show 1
thy 1
words 1
repeat 1
how 1
will 1
each 1
speech 1
his 1
grateful 1
wonder 1
raise 1
how 1
will 1
each 1
gift 1
indulge 1
us 1
in 1
thy 1
praise 1
scarce 1
ended 1
thus 1
the 1
prince 1
when 1
on 1
the 1
right 1
advanced 1
the 1
bird 1
of 1
jove 1
auspicious 1
sight 1
a 1
milkwhite 1
fowl 1
his 1
clinching 1
talons 1
bore 1
with 1
care 1
domestic 1
pampered 1
at 1
the 1
floor 1
peasants 1
in 1
vain 1
with 1
threatening 1
cries 1
pursue 1
in 1
solemn 1
speed 1
the 1
bird 1
majestic 1
flew 1
full 1
dexter 1
to 1
the 1
car 1
the 1
prosperous 1
sight 1
filld 1
every 1
breast 1
with 1
wonder 1
and 1
delight 1
but 1
nestors 1
son 1
the 1
cheerful 1
silence 1
broke 1
and 1
in 1
these 1
words 1
the 1
spartan 1
chief 1
bespoke 1
say 1
if 1
to 1
us 1
the 1
gods 1
these 1
omens 1
send 1
or 1
fates 1
peculiar 1
to 1
thyself 1
portend 1
whilst 1
yet 1
the 1
monarch 1
paused 1
with 1
doubts 1
oppressd 1
the 1
beauteous 1
queen 1
relieved 1
his 1
labouring 1
breast 1
hear 1
me 1
she 1
cried 1
to 1
whom 1
the 1
gods 1
have 1
given 1
to 1
read 1
this 1
sign 1
and 1
mystic 1
sense 1
of 1
heaven 1
as 1
thus 1
the 1
plumy 1
sovereign 1
of 1
the 1
air 1
left 1
on 1
the 1
mountains 1
brow 1
his 1
callow 1
care 1
and 1
wanderd 1
through 1
the 1
wide 1
ethereal 1
way 1
to 1
pour 1
his 1
wrath 1
on 1
yon 1
luxurious 1
prey 1
so 1
shall 1
thy 1
godlike 1
father 1
tossd 1
in 1
vain 1
through 1
all 1
the 1
dangers 1
of 1
the 1
boundless 1
main 1
arrive 1
or 1
if 1
perchance 1
already 1
come 1
from 1
slaughterd 1
gluttons 1
to 1
release 1
the 1
dome 1
oh 1
if 1
this 1
promised 1
bliss 1
by 1
thundering 1
jove 1
the 1
prince 1
replied 1
stand 1
fixd 1
in 1
fate 1
above 1
to 1
thee 1
as 1
to 1
some 1
god 1
ill 1
temples 1
raise 1
and 1
crown 1
thy 1
altars 1
with 1
the 1
costly 1
blaze 1
he 1
said 1
and 1
bending 1
oer 1
his 1
chariot 1
flung 1
athwart 1
the 1
fiery 1
steeds 1
the 1
smarting 1
thong 1
the 1
bounding 1
shafts 1
upon 1
the 1
harness 1
play 1
till 1
night 1
descending 1
intercepts 1
the 1
way 1
to 1
diocles 1
at 1
pherae 1
they 1
repair 1
whose 1
boasted 1
sire 1
was 1
sacred 1
alpheus 1
heir 1
with 1
him 1
all 1
night 1
the 1
youthful 1
stranger 1
stayd 1
nor 1
found 1
the 1
hospitable 1
rites 1
unpaid 1
but 1
soon 1
as 1
morning 1
from 1
her 1
orient 1
bed 1
had 1
tinged 1
the 1
mountains 1
with 1
her 1
earliest 1
red 1
they 1
joind 1
the 1
steeds 1
and 1
on 1
the 1
chariot 1
sprung 1
the 1
brazen 1
portals 1
in 1
their 1
passage 1
rung 1
to 1
pylos 1
soon 1
they 1
came 1
when 1
thus 1
begun 1
to 1
nestors 1
heir 1
ulysses 1
godlike 1
son 1
let 1
not 1
pisistratus 1
in 1
vain 1
be 1
pressd 1
nor 1
unconsenting 1
hear 1
his 1
friends 1
request 1
his 1
friend 1
by 1
long 1
hereditary 1
claim 1
in 1
toils 1
his 1
equal 1
and 1
in 1
years 1
the 1
same 1
no 1
farther 1
from 1
our 1
vessel 1
i 1
implore 1
the 1
courses 1
drive 1
but 1
lash 1
them 1
to 1
the 1
shore 1
too 1
long 1
thy 1
father 1
would 1
his 1
friend 1
detain 1
i 1
dread 1
his 1
profferd 1
kindness 1
urged 1
in 1
vain 1
the 1
hero 1
paused 1
and 1
ponderd 1
this 1
request 1
while 1
love 1
and 1
duty 1
warrd 1
within 1
his 1
breast 1
at 1
length 1
resolved 1
he 1
turnd 1
his 1
ready 1
hand 1
and 1
lashd 1
his 1
panting 1
coursers 1
to 1
the 1
strand 1
there 1
while 1
within 1
the 1
poop 1
with 1
care 1
he 1
stored 1
the 1
regal 1
presents 1
of 1
the 1
spartan 1
lord 1
with 1
speed 1
begone 1
said 1
he 1
call 1
every 1
mate 1
ere 1
yet 1
to 1
nestor 1
i 1
the 1
tale 1
relate 1
tis 1
true 1
the 1
fervour 1
of 1
his 1
generous 1
heart 1
brooks 1
no 1
repulse 1
nor 1
couldst 1
thou 1
soon 1
depart 1
himself 1
will 1
seek 1
thee 1
here 1
nor 1
wilt 1
thou 1
find 1
in 1
words 1
alone 1
the 1
pylian 1
monarch 1
kind 1
but 1
when 1
arrived 1
he 1
thy 1
return 1
shall 1
know 1
how 1
will 1
his 1
breast 1
with 1
honest 1
fury 1
glow 1
this 1
said 1
the 1
sounding 1
strokes 1
his 1
horses 1
fire 1
and 1
soon 1
he 1
reached 1
the 1
palace 1
of 1
his 1
sire 1
now 1
cried 1
telemachus 1
with 1
speedy 1
care 1
hoist 1
every 1
sail 1
and 1
every 1
oar 1
prepare 1
swift 1
as 1
the 1
word 1
his 1
willing 1
mates 1
obey 1
and 1
seize 1
their 1
seats 1
impatient 1
for 1
the 1
sea 1
meantime 1
the 1
prince 1
with 1
sacrifice 1
adores 1
minerva 1
and 1
her 1
guardian 1
aid 1
implores 1
when 1
lo 1
a 1
wretch 1
ran 1
breathless 1
to 1
the 1
shore 1
new 1
from 1
his 1
crime 1
and 1
reeking 1
yet 1
with 1
gore 1
a 1
seer 1
he 1
was 1
from 1
great 1
melampus 1
sprung 1
melampus 1
who 1
in 1
pylos 1
flourishd 1
long 1
till 1
urged 1
by 1
wrongs 1
a 1
foreign 1
realm 1
he 1
chose 1
far 1
from 1
the 1
hateful 1
cause 1
of 1
all 1
his 1
woes 1
neleus 1
his 1
treasures 1
one 1
long 1
year 1
detains 1
as 1
long 1
he 1
groand 1
in 1
philacus 1
chains 1
meantime 1
what 1
anguish 1
and 1
what 1
rage 1
combined 1
for 1
lovely 1
pero 1
rackd 1
his 1
labouring 1
mind 1
yet 1
scaped 1
he 1
death 1
and 1
vengeful 1
of 1
his 1
wrong 1
to 1
pylos 1
drove 1
the 1
lowing 1
herds 1
along 1
then 1
neleus 1
vanquishd 1
and 1
consignd 1
the 1
fair 1
to 1
bias 1
arms 1
he 1
so 1
sought 1
a 1
foreign 1
air 1
argos 1
the 1
rich 1
for 1
his 1
retreat 1
he 1
chose 1
there 1
formd 1
his 1
empire 1
there 1
his 1
palace 1
rose 1
from 1
him 1
antiphates 1
and 1
mantius 1
came 1
the 1
first 1
begot 1
oicleus 1
great 1
in 1
fame 1
and 1
he 1
amphiaraus 1
immortal 1
name 1
the 1
peoples 1
saviour 1
and 1
divinely 1
wise 1
beloved 1
by 1
jove 1
and 1
him 1
who 1
gilds 1
the 1
skies 1
yet 1
short 1
his 1
date 1
of 1
life 1
by 1
female 1
pride 1
he 1
dies 1
from 1
mantius 1
clitus 1
whom 1
auroras 1
love 1
snatchd 1
for 1
his 1
beauty 1
to 1
the 1
thrones 1
above 1
and 1
polyphides 1
on 1
whom 1
phoebus 1
shone 1
with 1
fullest 1
rays 1
amphiaraus 1
now 1
gone 1
in 1
hyperesias 1
groves 1
he 1
made 1
abode 1
and 1
taught 1
mankind 1
the 1
counsels 1
of 1
the 1
god 1
from 1
him 1
sprung 1
theoclymenus 1
who 1
found 1
the 1
sacred 1
wine 1
yet 1
foaming 1
on 1
the 1
ground 1
telemachus 1
whom 1
as 1
to 1
heaven 1
he 1
pressd 1
his 1
ardent 1
vows 1
the 1
stranger 1
thus 1
addressd 1
o 1
thou 1
that 1
dost 1
thy 1
happy 1
course 1
prepare 1
with 1
pure 1
libations 1
and 1
with 1
solemn 1
prayer 1
by 1
that 1
dread 1
power 1
to 1
whom 1
thy 1
vows 1
are 1
paid 1
by 1
all 1
the 1
lives 1
of 1
these 1
thy 1
own 1
dear 1
head 1
declare 1
sincerely 1
to 1
no 1
foes 1
demand 1
thy 1
name 1
thy 1
lineage 1
and 1
paternal 1
land 1
prepare 1
then 1
said 1
telemachus 1
to 1
know 1
a 1
tale 1
from 1
falsehood 1
free 1
not 1
free 1
from 1
woe 1
from 1
ithaca 1
of 1
royal 1
birth 1
i 1
came 1
and 1
great 1
ulysses 1
ever 1
honourd 1
name 1
once 1
was 1
my 1
sire 1
though 1
now 1
for 1
ever 1
lost 1
in 1
stygian 1
gloom 1
he 1
glides 1
a 1
pensive 1
ghost 1
whose 1
fate 1
inquiring 1
through 1
the 1
world 1
we 1
rove 1
the 1
last 1
the 1
wretched 1
proof 1
of 1
filial 1
love 1
the 1
stranger 1
then 1
nor 1
shall 1
i 1
aught 1
conceal 1
but 1
the 1
dire 1
secret 1
of 1
my 1
fate 1
reveal 1
of 1
my 1
own 1
tribe 1
an 1
argive 1
wretch 1
i 1
slew 1
whose 1
powerful 1
friends 1
the 1
luckless 1
deed 1
pursue 1
with 1
unrelenting 1
rage 1
and 1
force 1
from 1
home 1
the 1
bloodstaind 1
exile 1
ever 1
doomd 1
to 1
roam 1
but 1
bear 1
oh 1
bear 1
me 1
oer 1
yon 1
azure 1
flood 1
receive 1
the 1
suppliant 1
spare 1
my 1
destined 1
blood 1
stranger 1
replied 1
the 1
prince 1
securely 1
rest 1
affianced 1
in 1
our 1
faith 1
henceforth 1
our 1
guest 1
thus 1
affable 1
ulysses 1
godlike 1
heir 1
takes 1
from 1
the 1
strangers 1
hand 1
the 1
glittering 1
spear 1
he 1
climbs 1
the 1
ship 1
ascends 1
the 1
stern 1
with 1
haste 1
and 1
by 1
his 1
side 1
the 1
guest 1
accepted 1
placed 1
the 1
chief 1
his 1
order 1
gives 1
the 1
obedient 1
band 1
with 1
due 1
observance 1
wait 1
the 1
chiefs 1
command 1
with 1
speed 1
the 1
mast 1
they 1
rear 1
with 1
speed 1
unbind 1
the 1
spacious 1
sheet 1
and 1
stretch 1
it 1
to 1
the 1
wind 1
minerva 1
calls 1
the 1
ready 1
gales 1
obey 1
with 1
rapid 1
speed 1
to 1
whirl 1
them 1
oer 1
the 1
sea 1
crunus 1
they 1
passd 1
next 1
chalcis 1
rolld 1
away 1
with 1
thickening 1
darkness 1
closed 1
the 1
doubtful 1
day 1
the 1
silver 1
phaeas 1
glittering 1
rills 1
they 1
lost 1
and 1
skimmd 1
along 1
by 1
elis 1
sacred 1
coast 1
then 1
cautious 1
through 1
the 1
rocky 1
reaches 1
wind 1
and 1
turning 1
sudden 1
shun 1
the 1
death 1
designd 1
meantime 1
the 1
king 1
eumaeus 1
and 1
the 1
rest 1
sate 1
in 1
the 1
cottage 1
at 1
their 1
rural 1
feast 1
the 1
banquet 1
passd 1
and 1
satiate 1
every 1
man 1
to 1
try 1
his 1
host 1
ulysses 1
thus 1
began 1
yet 1
one 1
night 1
more 1
my 1
friends 1
indulge 1
your 1
guest 1
the 1
last 1
i 1
purpose 1
in 1
your 1
walls 1
to 1
rest 1
tomorrow 1
for 1
myself 1
i 1
must 1
provide 1
and 1
only 1
ask 1
your 1
counsel 1
and 1
a 1
guide 1
patient 1
to 1
roam 1
the 1
street 1
by 1
hunger 1
led 1
and 1
bless 1
the 1
friendly 1
hand 1
that 1
gives 1
me 1
bread 1
there 1
in 1
ulysses 1
roof 1
i 1
may 1
relate 1
ulysses 1
wanderings 1
to 1
his 1
royal 1
mate 1
or 1
mingling 1
with 1
the 1
suitors 1
haughty 1
train 1
not 1
undeserving 1
some 1
support 1
obtain 1
hermes 1
to 1
me 1
his 1
various 1
gifts 1
imparts 1
patron 1
of 1
industry 1
and 1
manual 1
arts 1
few 1
can 1
with 1
me 1
in 1
dexterous 1
works 1
contend 1
the 1
pyre 1
to 1
build 1
the 1
stubborn 1
oak 1
to 1
rend 1
to 1
turn 1
the 1
tasteful 1
viand 1
oer 1
the 1
flame 1
or 1
foam 1
the 1
goblet 1
with 1
a 1
purple 1
stream 1
such 1
are 1
the 1
tasks 1
of 1
men 1
of 1
mean 1
estate 1
whom 1
fortune 1
dooms 1
to 1
serve 1
the 1
rich 1
and 1
great 1
alas 1
eumaeus 1
with 1
a 1
sigh 1
rejoind 1
how 1
sprung 1
a 1
thought 1
so 1
monstrous 1
in 1
thy 1
mind 1
if 1
on 1
that 1
godless 1
race 1
thou 1
wouldst 1
attend 1
fate 1
owes 1
thee 1
sure 1
a 1
miserable 1
end 1
their 1
wrongs 1
and 1
blasphemies 1
ascend 1
the 1
sky 1
and 1
pull 1
descending 1
vengeance 1
from 1
on 1
high 1
not 1
such 1
my 1
friend 1
the 1
servants 1
of 1
their 1
feast 1
