11th 1
191 1
2003 1
3160 1
660 1
abandonment 1
abashd 4
able 3
abode 4
abrupt 1
absolute 1
absolves 1
abuse 1
acamas 1
accent 2
accept 5
accesses 1
accompaniments 1
accursed 7
achieve 1
acquainted 2
acres 2
acroneus 1
across 3
actual 1
added 10
addresses 2
admired 4
adopt 1
adore 3
adorn 5
adorned 1
adulterers 1
advanced 7
advancing 7
adverse 10
advice 4
advices 1
advocates 1
aegyptian 3
aeneid 1
aera 3
aesthetic 1
aethiopian 1
aetolian 1
affection 1
affix 1
afford 10
after 21
again 30
agamemnon 5
age 65
aid 34
aids 2
aimd 1
alas 18
alcandra 2
alcmena 1
alike 9
allbearing 1
allcovering 1
allied 1
allotted 3
allowd 1
allseeing 4
alois 1
along 70
aloof 2
altar 2
altars 14
alterations 3
always 4
amazed 1
ambrosial 7
amid 15
amidst 13
amorous 5
amphitrite 1
an 144
analysis 3
ancestorsor 1
and 3159
another 15
anticlea 3
antidote 1
anxiety 1
apaturian 1
appeal 2
appearance 1
appeared 3
appears 19
apple 1
applied 6
applying 1
apprised 1
approve 3
approves 2
april 1
arabian 1
archilochus 3
ardent 3
ardour 1
ardours 1
are 174
area 1
areas 1
argos 6
arising 2
arktinus 1
armour 2
armourers 1
arms 85
array 5
arrival 5
arrive 2
arrived 22
arrivest 2
arriving 4
artacias 2
artifice 1
as 347
ascertained 1
ascribed 2
ashore 3
aside 5
askd 6
asks 4
assault 1
assembled 11
assenting 3
assert 5
assigns 2
assumed 2
assumption 1
assuring 1
athenians 4
athens 4
atlantic 1
attached 1
attain 2
attendance 1
attribute 3
attributed 5
auburn 1
augmented 1
augments 1
augur 3
augurs 1
august 1
auspicious 3
auster 1
avail 2
avenge 7
avenger 1
avenging 6
awake 2
awaked 1
awful 14
awhile 4
awkward 1
balance 1
ballads 4
banded 1
baneful 2
banks 5
banqueted 1
barbarous 4
bark 27
basks 1
bathed 3
batterd 1
beach 4
beam 6
bearing 1
beasti 1
beauties 1
became 5
beck 1
bedew 4
bedewd 1
bedews 1
been 53
bees 2
befell 1
befit 1
befits 2
befriend 2
begin 1
begun 9
behests 2
belchd 1
belies 1
believing 4
belong 5
bended 1
bereaved 2
besieged 1
bestow 10
bestreakd 1
bestrewd 1
betrayd 3
betrays 2
better 20
beyond 10
bidding 1
billows 27
bind 7
binding 1
biographies 1
birds 3
births 1
bit 2
bitter 4
blackend 1
blackens 4
blameless 4
blaspheme 1
blasphemies 1
blaze 13
bleak 3
bleating 5
bled 7
bleeds 5
blending 1
bless 17
blessd 24
blesses 2
blindly 3
blissful 12
block 1
bloom 12
blooming 21
blueeyed 6
blush 4
blushd 2
blushes 2
boasted 2
bodings 1
boethius 1
boil 3
bone 1
book 22
boreas 5
bought 3
bounded 1
bounteous 6
bounty 7
bowyer 1
brains 3
brandish 1
breach 2
breaks 4
breathe 10
breathed 11
breeds 1
bribe 2
bribed 1
bride 14
brightening 3
brighter 3
briny 5
brisker 1
broils 1
brooding 1
brother 13
brotherkings 1
brows 7
brushd 2
brutian 1
burden 4
burning 7
burst 5
buskins 1
buttmann 1
cake 1
cakes 1
caldron 1
calld 11
called 7
callida 1
calm 12
calmd 2
calmer 1
canopy 1
captious 1
captives 2
car 15
carelessness 1
carry 4
cars 3
caster 1
casting 1
castor 2
casts 4
catch 2
cates 9
cauls 1
causeless 1
caution 1
cautious 10
cavernd 3
caverns 4
cell 1
censure 1
cento 1
centuries 3
century 8
ceremonies 1
certainly 1
cetaean 1
chalcis 1
challenge 2
chambers 1
chance 1
chanced 3
chanter 1
charity 2
chastend 1
chaucers 1
checks 1
cheer 4
chess 1
chiefs 11
chieftain 1
childlike 1
chilly 2
chine 2
choicest 17
choose 4
chose 11
cid 1
cimmeria 1
claspd 2
clear 5
cleaves 2
clever 1
cliffs 11
climbed 1
climbs 3
cling 1
closely 1
clothes 2
clotted 1
clouds 20
clymenus 1
coasts 4
coat 2
cocytus 1
coffers 1
cold 17
collected 5
colonnade 1
colophonians 1
columns 1
comforted 2
comfortless 2
command 42
commence 1
commutual 1
companion 8
compare 2
compelld 3
compels 1
compiled 1
compiler 1
complain 1
complicated 2
complied 1
comply 1
compose 1
compositions 3
composure 1
computers 1
concealing 1
conceived 2
concludes 2
conclusion 1
condemnd 4
condensed 1
condescend 1
condition 5
conditions 1
confederates 1
confessd 12
confident 1
confine 1
confined 6
confirm 3
confounded 2
conjunction 1
connecting 2
conquerors 1
consciousness 1
considerable 4
considerably 1
considerate 1
considered 3
considering 1
considers 1
consign 2
consigned 1
consistentseries 1
consumed 3
contain 2
containd 2
contemplating 1
contends 2
continent 1
continual 1
continue 2
continued 4
continues 7
contract 1
contracted 1
contrary 2
controversy 1
conventional 2
conversations 1
conversaziones 1
conviction 4
convocations 1
cool 9
cooper 1
cords 1
cornice 1
correct 1
costly 7
couch 9
councils 1
councilseat 1
countercharms 1
countless 2
countrys 13
courier 1
course 31
coursers 11
court 46
coverd 7
covered 4
coward 5
coy 3
craggy 4
crave 4
craves 3
craving 3
create 2
created 2
cretheus 2
cribs 1
crimes 2
critic 1
crossd 2
crossing 1
crowd 14
crowned 1
crowns 2
crushd 1
cry 6
cubit 2
cultivated 2
cumber 1
cups 1
curld 1
curls 4
current 3
cursed 7
cyclops 12
cypress 2
cyprian 1
cythera 1
cytherea 1
daily 4
dales 1
damps 1
dance 16
dangers 10
dares 4
dashd 9
daughters 8
dawning 3
dayreflection 1
dazzling 3
deaf 5
deafend 2
dear 38
deathless 5
debarrd 1
decay 13
decays 4
deceit 3
decline 2
deed 28
deedless 1
deepimaged 1
deeply 3
deepmusing 1
defended 4
defiance 1
defined 1
defy 3
degenerate 1
deiphobus 2
delighted 7
delusion 3
denied 9
denies 12
denote 1
dens 1
depart 2
departed 1
dependent 1
depending 1
depends 1
deplored 7
depress 1
depth 4
deputed 2
deriding 1
derived 1
descend 19
descended 8
descends 31
described 8
descry 3
deserts 1
designed 1
designing 1
desiring 3
despatch 1
destruction 9
detail 3
detaind 1
detect 1
deterred 1
development 1
devoid 1
devotions 1
dianas 2
did 26
difference 1
difficulty 7
diffused 3
dignify 2
dignity 3
din 5
diocleus 1
directed 2
disabled 1
disbark 1
disclosed 2
discourses 2
discover 4
discoverable 1
discovering 1
discrepancy 1
disdaind 2
disdains 2
disemboguing 1
disfigure 2
disguise 15
dishonour 1
disk 1
dismal 8
disparted 1
dispatchful 1
dispersed 5
disperses 1
display 10
dispread 1
dispute 1
disqualification 1
dissected 1
dissembling 2
dissuade 1
districts 1
disturbed 2
dive 1
diverse 2
divided 1
diviners 1
document 1
does 4
dolesome 1
dolphin 1
dome 50
dominions 3
dooms 4
doth 1
doubly 1
doubtful 7
doubtless 2
dower 5
downy 3
draughts 1
draw 8
draws 5
dreadful 48
dreamed 1
dressd 11
drew 26
drives 6
dropped 1
drops 2
drove 13
dry 4
ductile 2
dumb 4
dungeons 2
during 2
dwell 5
dwelt 4
dyed 2
dyes 1
dying 2
eagle 4
eagles 2
eaglespeed 1
earthquakes 1
echo 2
ecstasies 1
eehephron 1
een 37
efface 1
eight 3
eighth 2
elaborate 3
elate 6
elatreus 1
elder 2
electronic 1
elegance 2
elis 3
ell 1
elpenor 4
elphenor 1
elysium 1
embellishment 2
embroiderd 6
embroils 1
emendations 2
empire 4
employes 1
empress 1
enabling 1
enclose 1
enclosure 2
encumberd 2
encumbered 1
ending 2
engaged 2
engine 1
englishfar 1
enjoys 1
ennius 1
ennobling 1
enraged 1
entangling 1
entertained 1
enthusiasm 3
entreat 1
entrenchments 1
envy 6
epaean 1
ephimedia 1
equalld 2
equivalent 1
eratreus 1
eretmeus 1
essay 3
essentially 2
established 1
estimated 1
estrange 1
eteoneus 2
eternal 30
europe 1
eurypylus 1
evade 2
eve 4
evening 18
evermusing 1
everpleasing 2
evidences 2
evil 4
evinced 1
evn 5
exact 2
exalted 2
excellent 1
executed 1
execution 1
exemptbut 1
exhausted 2
exile 8
expansion 1
expectants 1
expecting 2
expels 1
expert 7
expires 3
explores 3
exploring 1
expressd 7
expressed 4
expunging 1
extended 8
extraordinary 1
eyeball 3
fables 1
facilities 1
fairest 1
falchion 11
falln 1
far 82
fast 20
fat 7
fatally 1
father 46
fatigue 2
favourable 3
favoured 2
fearless 2
feathers 1
feature 4
features 5
fed 12
feeble 4
feed 9
fellowservant 1
fertile 5
festival 4
festivals 3
fetterd 1
fetters 3
few 22
fiend 5
fig 1
fight 15
figs 4
fill 9
finely 2
fingers 2
finished 2
fired 9
firm 14
firmly 2
firs 1
flamed 4
flaskets 1
flattery 3
flatterys 1
flavorous 2
flay 1
flea 1
flesh 4
float 7
floods 19
floor 4
florian 1
flourish 2
flowd 5
flower 3
flutters 1
foam 6
foams 2
foes 22
foments 1
fond 20
food 26
fool 4
footstool 2
forces 2
ford 1
foreboded 1
forerunner 1
forest 6
foretold 5
forever 1
forgotten 1
forks 2
forky 3
formed 8
forsake 4
forsaken 1
forsaking 1
fortunately 1
fortunes 14
forum 1
founders 1
fount 1
fountain 5
fowls 1
framed 1
fraternal 1
fraudful 8
fraudulent 1
frenzy 1
frequent 8
frequents 2
fretted 1
frighted 1
frisking 1
fronts 1
fruitage 1
fulfils 1
fullfed 1
fuming 2
furies 1
furious 15
furld 1
furnished 1
gains 1
gardens 2
gasping 1
gate 19
gatherd 6
gazed 2
gazes 1
gentle 17
gentleman 1
gently 8
getting 1
giantstrides 1
gifts 33
gigantic 2
gilded 2
girt 1
giving 2
glade 1
glads 1
glancing 2
glassy 2
glide 8
glimmering 1
globe 2
gloomy 18
glories 6
glowd 8
goddesses 1
godless 2
gods 156
gold 45
gone 3
goodnatured 1
gored 1
governd 1
governments 1
graces 4
gracious 5
grant 8
granted 1
grapes 2
graspd 2
grasped 1
grateful 21
great 123
greedy 2
greet 2
greeted 1
greets 2
griefs 8
grieve 8
grieved 5
grin 2
groan 14
groaning 3
grot 8
ground 67
growing 1
growl 1
grows 2
guests 8
guilty 15
gutenberg 6
habit 3
half 21
halfheard 1
halfkindred 1
halizonians 1
handle 1
handmaids 6
happier 7
hardening 1
hardy 1
harmonize 1
harpies 2
hasten 2
hastend 2
hateful 3
hauld 2
head 36
headlong 7
healthy 1
heapd 11
heaping 1
heardbut 1
hears 8
heart 61
heartcorroding 1
heartwounded 2
heavenbuilt 2
heedful 2
held 15
helens 5
hellas 1
hellward 2
hence 27
heralds 6
herbs 3
hermes 15
hermione 2
herod 1
herodotus 3
heroines 1
herself 11
highbounding 1
higher 3
highflaming 1
highraised 1
hill 11
hilt 1
hinds 2
historical 7
history 17
homer 57
homeric 24
homicidal 1
honey 2
honeytemperd 1
honorary 1
honord 1
honourable 1
honourd 8
honoured 2
hopeful 1
hopeless 2
horns 2
horrible 1
horrors 10
hostile 9
hosts 2
hovers 2
howl 2
howls 1
hue 2
human 53
humans 1
humbled 4
humbly 1
hundred 8
hungry 3
huntress 2
hurried 1
husbands 2
hyacinthine 1
hymeneal 1
iambic 1
iasion 1
iberia 1
idomeneus 1
iii 1
illdeserves 1
illfated 4
illgot 1
illgrounded 1
illtimed 1
imaginary 1
imbowering 1
imitate 3
imitators 1
immediate 1
immense 1
immigrations 1
immolate 1
impaird 1
impelld 3
impels 1
imperfect 4
imperial 26
impious 10
implore 13
implored 3
importunate 1
imposed 3
impotence 1
impress 2
incessant 11
incidental 1
inclemency 1
incline 4
inclosed 1
inclosure 3
incredible 2
incumbent 3
indignant 6
indiscretion 1
indispensably 1
indissolubly 1
indistinct 3
inducement 2
infallible 1
infant 8
inferiority 1
infers 1
influence 5
information 2
infused 2
inhale 1
inhaling 1
inject 1
injunctions 1
injured 6
inmost 6
inner 1
inquired 1
inquiring 2
inscription 2
insiduous 1
insight 2
insignificant 1
insolence 8
insolent 1
inspiring 3
instant 36
instruction 2
instructive 1
instructs 1
intellectual 1
intemperate 1
intend 1
intent 6
intercepted 1
intermitting 1
interwoven 2
into 57
intoned 1
intrusive 1
invade 7
invention 2
invite 12
invited 3
invoked 1
involve 1
involved 7
iolcos 1
iphthima 2
irritate 1
island 18
islands 7
isle 33
ismarus 1
issued 2
issuing 6
it 200
ithacas 2
ithacensians 1
ithacus 8
ithagenes 1
its 62
iv 1
ivory 2
ivy 1
jocasta 1
joined 1
joints 1
jostling 1
journey 16
journeyed 1
joves 19
joyd 2
junctura 1
june 1
jus 1
just 37
justify 3
justus 1
keenedged 1
kill 4
kills 3
kindling 1
kindly 3
kindreds 1
kingly 1
knotty 1
knowby 1
known 21
knows 7
lachmann 1
laerceus 1
laertes 17
laestrygonias 1
lag 1
lakes 2
laodamas 5
laomedontiadae 1
lapse 1
larissa 1
lasts 1
latent 6
later 3
latona 2
laughter 1
launch 9
lavers 1
laves 1
law 2
lawgivers 2
lawn 8
lawns 3
leader 5
league 1
leaning 1
leap 2
learning 1
learningnay 1
leather 2
lecher 1
length 47
leocritus 1
less 28
lesser 1
leucothea 1
leucotheas 1
level 7
levers 1
liars 1
liddell 1
lifting 1
light 40
lightend 1
lindus 1
lineaments 1
linger 2
links 2
liquors 1
lists 1
lit 1
literary 8
little 15
living 18
lo 35
loads 1
local 1
loewe 2
longpressd 1
longprotracted 1
longrepented 1
lood 1
loophagi 1
loppd 1
loth 1
love 75
lovely 8
loving 1
loyal 4
luxury 5
magic 15
maiden 1
main 114
maintain 2
maintains 3
majesty 8
make 22
malen 1
malice 2
man 134
mankind 15
manly 18
mantle 3
many 39
marching 1
maritime 1
markd 3
marked 2
marriage 2
married 5
marshalld 1
marshes 1
marvelled 1
masters 2
matchless 4
material 1
mates 11
mature 4
may 79
mayest 1
mayst 5
mazes 3
mead 5
meal 2
mean 7
meanwhile 14
measure 11
measured 7
measures 7
meditate 1
meditates 1
meditating 1
medon 4
megapenthas 2
megara 1
melancholy 9
meles 1
mellifluous 1
members 4
menapolus 1
mentes 6
merriment 1
merry 1
method 3
mid 2
midmost 1
midnight 8
midocean 1
midst 6
might 41
mightier 1
mildly 2
milky 2
mines 1
miseries 9
misjudging 1
mistaken 2
misty 1
mitigate 1
moan 2
mode 1
modern 7
modesty 3
modification 1
modifications 1
monarch 43
monthly 1
monument 9
monuments 1
morning 28
morningstar 1
morsel 1
morsels 3
mother 13
moulders 1
mountain 10
mountainbillows 1
mounting 3
mourns 7
much 46
muchenduring 4
mulct 2
mules 8
murky 1
musicthe 1
must 68
mutual 6
mycenae 1
mycene 1
narrower 1
nausicaa 11
nausithous 2
nay 2
necessity 6
nectard 1
neglected 2
negroes 1
neighbouring 11
neighbours 3
neither 4
nerolds 1
nestorean 1
new 40
newborn 1
newfallen 1
nightly 1
ninth 1
noblest 2
nocturnal 2
nolet 1
none 15
nonwriting 1
noon 1
noontide 1
northward 1
nothing 6
nought 3
novel 1
nowise 1
nowneglected 1
nursed 4
nymph 32
oar 17
oars 20
obdurate 1
obedience 2
objection 1
obscene 3
obscurity 1
observation 2
observes 2
observing 2
obtained 1
obtrude 1
obviously 1
occasional 1
ocean 35
ocyalus 1
odours 4
oer 205
oerarching 1
oercome 1
oerhangs 2
oerhung 1
oermatch 1
oerspread 2
oerthrown 1
oerturns 1
oerwhelms 2
offer 1
office 4
ogygian 2
oh 62
oily 1
olives 6
olympian 4
once 61
onset 1
opend 2
opened 1
opens 2
opposite 1
oppressd 22
oppresses 1
oppressor 2
oppressors 2
ordains 5
ordinarily 1
ore 4
oriental 1
orsilochus 1
osier 1
outcasts 1
outfly 1
outward 4
over 10
overboard 1
overcomes 1
overhung 1
owest 1
ox 4
paced 1
pacific 1
pains 2
pall 1
palls 1
pandarus 1
panopes 1
panoply 1
papyrus 1
parchd 1
parents 17
partakes 1
partly 3
partner 5
passed 3
pasturing 1
pathless 2
patrimonial 1
patriot 1
pavement 7
pavilion 1
peace 17
peisistratic 1
peisistratus 16
peleus 2
pelides 1
penal 1
pendent 2
penelopes 1
pennd 1
penury 1
perchance 1
perfect 5
performd 2
periclimenus 1
perilous 1
perils 7
perimedes 1
period 15
perishable 1
perjury 1
perplexed 1
perse 1
personal 2
persuaded 3
pervious 1
pest 4
phaeas 1
phaethusa 1
phantom 6
phantomprophet 1
pheres 1
phidon 1
philological 1
philosophical 1
phocas 1
phthia 1
pierce 2
piercing 4
piled 2
pilots 2
pined 3
pious 15
pirithous 1
pit 1
pithys 2
place 33
plague 1
plank 1
plant 8
playd 2
plea 3
pleaded 4
pleasing 30
pleasures 2
pliant 2
plied 4
plotted 1
ploughd 6
plumy 1
plurality 1
poem 23
poetry 15
poetryfor 1
point 14
poleaxe 1
polluted 1
pollution 2
polybus 2
polyneus 1
polypus 3
pomp 15
pompilius 1
pomps 1
poniard 1
poor 10
poplar 1
pores 1
porkers 1
portals 8
portentous 1
portiond 1
portions 4
ports 2
posted 1
pour 13
poured 2
pours 11
power 99
practised 2
praising 1
pramnian 1
preceptor 1
precipice 1
precipitant 1
predestined 2
preface 1
preferrd 6
preparation 1
presaging 1
prescient 3
prescribe 2
present 25
preservation 4
preserved 2
preside 2
pressd 31
presume 3
presumptuous 3
pretend 1
prevail 4
priests 2
prime 5
prince 84
prints 1
private 6
prize 17
proceed 7
procession 1
procures 1
prodigies 1
prodigious 1
produce 6
produces 1
product 1
profane 3
profanely 1
proffer 1
project 7
prolong 6
prolongd 1
proofers 1
proofs 2
prop 1
property 1
prophet 1
prophets 2
propitiate 1
proportions 1
proposals 1
prosper 1
prostrate 6
proteus 4
proves 2
pseudonyme 1
pulld 1
pure 9
purpled 4
purport 1
pursues 3
pursuit 1
pushd 1
put 5
pythian 1
quaffd 5
quarrel 1
quarterd 1
questionable 1
questiond 1
quick 5
quicksand 1
quiet 1
quits 1
quocunque 1
racer 2
rackd 2
racy 1
raft 8
rancour 1
rapidly 1
rapine 3
rash 3
ravaged 1
raves 5
raw 1
rays 5
reachd 12
read 14
realms 33
reascends 1
reassume 1
rebounds 2
recede 1
recension 1
recent 4
recess 11
recitations 1
recite 3
reclaim 2
recompense 1
recorded 2
red 9
redeem 1
reduced 1
redundancy 1
reechoed 1
reechoes 1
reeld 4
refection 5
reference 4
refit 1
reflecting 2
refluent 5
refreshd 3
refreshing 3
refulgent 11
refund 1
refused 4
regain 3
regardful 2
regular 1
reithrian 1
rejected 2
rejoicing 3
rejoin 1
rejoind 18
rekindled 2
relative 1
reluctance 1
remaining 2
remarked 2
rememberance 1
remorse 1
renownd 13
repaid 1
repaird 1
repay 2
repelld 1
repose 13
reposed 2
represented 2
reproach 1
reproachd 1
reprove 3
repulsed 1
request 6
require 8
required 2
resent 2
reservedly 1
resort 6
resource 1
responsive 4
rest 80
restore 13
restrictions 1
resulting 1
retain 4
retard 1
retards 2
retiring 1
retreat 7
revenges 1
revered 7
reverence 5
revering 1
revisit 3
reviving 1
revolved 2
reward 10
rhadamanthus 1
rhapsodic 1
ribs 2
rich 45
richest 3
rides 7
ridgy 1
riding 1
rigged 1
right 22
rills 4
ring 3
rioters 1
riots 2
ripen 3
rising 43
rite 16
ritual 2
rivals 7
rivers 3
road 9
roams 3
roamst 1
roard 2
roaring 10
rob 3
rod 6
roe 1
rolld 36
room 5
rose 49
roseate 3
rounds 2
roves 2
rowers 1
rows 4
ruddy 7
ruind 1
ruins 3
rule 10
ruled 3
ruler 3
rulest 1
ruling 2
rumour 2
rushd 14
rushed 1
rushes 3
sable 16
sacred 71
safe 43
saffron 3
sage 33
sailortrain 1
sails 37
sailyards 2
saint 1
salmoneus 1
salted 1
samos 6
sandy 6
santa 1
sateat 1
satiate 4
saviour 1
saxo 1
scabbard 2
scandal 1
scarcely 3
scared 2
scattered 2
scatters 2
scene 23
scenes 10
sceptic 1
sceptrd 1
sceptred 7
schemes 2
scherians 1
scholar 1
scholars 2
science 2
scienza 1
scorning 1
scourd 1
scudding 1
sea 47
seadog 1
seals 2
seamew 2
searching 2
seas 48
season 3
secondary 1
seconding 1
secret 28
secure 21
secured 3
seeks 2
seemd 6
seeming 1
seen 17
selected 3
selects 1
selfadmiring 1
selfconfiding 1
sentences 1
sepulchral 1
sequel 2
serious 4
serpent 1
servants 4
serve 2
serves 1
service 1
seventeen 2
seventh 6
shade 67
shared 8
shares 7
sharp 3
sharppiercing 1
she 201
sheathe 2
sheet 4
shelves 2
shepherd 6
shield 8
shielded 1
shining 19
ships 25
shivering 5
short 17
shouting 1
shouts 1
shoved 2
show 8
showd 3
shown 3
shun 11
shuns 2
shuts 1
sickens 1
sightless 1
signs 2
silence 18
silvershafted 1
silverstreaming 2
similarity 1
sinecures 1
sinewy 2
single 4
sink 8
sinks 1
sire 66
sirene 1
sisterfruits 1
situation 1
size 10
skilful 1
slaughter 4
slight 3
slips 1
sloped 1
sloping 3
slumbering 4
slumberous 3
smiled 3
smiles 4
smiling 9
smith 1
smokes 4
smooth 24
smoothd 3
smyrna 3
snappd 2
sober 2
socalled 1
social 20
society 4
softened 1
soldier 3
soldiers 5
solid 6
sols 1
something 6
sons 46
sorrows 26
sort 5
sought 23
sounder 1
sounding 5
sow 1
spacious 22
spake 5
speak 23
species 2
spectator 1
spectres 6
speech 15
spheres 1
spirit 12
spiritstirring 1
spiry 3
spite 2
splendid 8
splendours 5
spoil 4
spontaneous 3
sports 4
spring 12
sprung 27
squadrons 1
stag 2
stalks 1
stands 25
state 51
statement 3
states 10
stature 1
steady 2
steam 2
steel 5
steeld 1
steeled 1
steersman 1
stem 7
stiffend 1
stirred 1
stirs 1
stock 2
stoop 1
stoopd 2
stops 2
store 18
stored 7
storehouse 1
storm 13
stormy 4
stow 1
strand 20
stratagems 1
stratius 2
strauss 1
streaming 10
street 4
strength 26
strengthens 1
stretches 1
string 5
strings 4
strode 4
stroke 8
strong 46
structures 1
struggle 1
studs 1
study 2
stun 1
stygian 6
subsequently 1
substantial 2
success 9
successive 2
sued 1
suffered 3
suffers 3
sufficed 4
suffuse 1
suggest 3
suitorthrong 1
summit 2
summits 1
summons 3
superior 14
supplied 13
supply 13
supposition 1
supremely 3
surges 7
surgy 2
surround 9
survey 15
surveyed 2
suspected 2
suspecting 1
suspended 2
suspicion 4
sustain 6
swains 5
swarms 4
swayd 9
sways 1
sweeps 3
sweets 2
swelld 5
swept 4
swift 70
swiftest 4
swiftness 1
swoln 1
sword 26
swore 4
tactics 1
taking 2
tamed 2
tancred 1
tantalus 2
tapestry 1
taphians 2
taphos 1
tastes 2
team 1
tedious 10
tell 26
tells 2
tempest 19
temple 3
tempt 6
tempted 1
tenedos 1
tented 2
term 1
terribly 2
testamenthas 1
testimonies 1
testimony 3
textures 1
thank 1
thee 118
them 65
themes 1
theoclymenus 3
therefore 5
thestorides 6
thick 14
thief 1
thieves 1
thing 3
think 11
thinks 2
thinkst 1
thinkthink 1
third 7
thirsting 1
thirteenth 1
thones 1
thong 3
thongs 1
threatend 1
threats 1
three 25
threefold 1
thrilling 1
throat 1
throne 34
throned 2
throw 9
thunder 7
thunderd 6
thus 266
thwarts 1
tides 16
tidings 2
ties 1
time 45
timeless 1
timely 5
tire 1
tired 2
tiresias 5
tis 37
tithonus 1
together 9
told 18
tomb 10
tomorrow 1
tone 1
tongs 1
torch 1
tormenting 1
torrent 4
toss 5
tossd 22
tottering 1
touchd 23
touched 3
touches 1
towards 5
toys 1
traces 2
trained 1
trains 2
transcendent 1
transfix 1
transfixd 1
transformd 2
transformed 1
translate 1
transmission 1
treasury 1
treatment 2
tree 4
tremble 2
tremendous 12
trench 2
trenching 1
tribe 4
tribes 8
tribute 4
tried 3
trinacrian 1
trojan 9
troys 5
truest 1
trust 15
tumbling 6
tusky 3
twining 2
twirl 2
twist 2
twisted 1
tyrtaeus 1
ultrarefined 1
umbrageous 1
unarmd 1
unassisted 1
unbarrd 1
unbelieving 1
unbent 1
unblessd 6
unblest 2
unbound 6
uncomfortable 3
unconquerd 3
unconscious 6
uncontrolld 4
undaunted 3
understand 2
undertake 1
undertakes 1
undertaking 1
undone 3
undoubted 1
unequal 7
unexpected 1
unfading 1
unfold 12
unfriended 2
ungracious 2
unhallowed 1
unhappy 17
unhopedfor 2
unison 1
unite 1
universal 1
unlaced 1
unlawful 1
unlike 5
unmannd 1
unmatchd 2
unmilkd 1
unpractised 2
unpunishd 1
unrecorded 1
unrestraind 1
unseald 1
unseemly 1
unskilld 3
untaught 2
unthought 1
untimely 5
untried 1
unutterable 1
unwashd 1
unwept 2
unwieldy 3
unwonted 1
upbore 2
upsprung 1
upward 1
urn 3
us 76
useless 1
usually 1
usurping 2
vagrant 2
vain 102
vainfor 1
vainly 3
vale 2
valerius 1
valued 1
vanishd 7
vanished 1
vanquishd 3
varied 3
variegated 1
vases 1
vaulted 5
veild 2
vein 2
venetian 1
venomd 1
venture 2
venturous 2
venus 3
verdant 9
verdure 1
versions 1
vessel 62
vesture 2
vi 1
viand 1
vicegerents 1
victims 10
victor 3
victorious 2
view 54
viewd 14
viii 1
village 1
vindictive 4
vine 3
vintage 3
virgin 21
virtue 19
virtuous 6
visitant 1
visited 2
visiting 1
vital 10
vividness 1
voice 59
voices 3
void 4
voluntary 2
vouchsafe 3
vulgar 9
vulture 1
vultures 1
waft 11
wails 1
wait 28
wakes 1
walk 4
walks 2
walls 21
wanderings 11
warbling 4
warlike 3
warmd 2
warning 1
warp 1
washd 1
wasse 1
wasteful 2
wasting 2
water 16
waving 10
wax 2
way 130
weapons 3
wearied 3
wears 3
weaves 1
wedded 1
weep 4
weeping 6
welldrawn 1
wellseasond 1
wellstocked 1
welltried 1
westwind 1
what 226
whatever 7
whats 1
whelmd 3
whether 10
whirl 5
whirld 3
whispering 3
whistles 1
whistling 3
whit 1
whither 9
wholesale 1
wholewe 1
why 37
widows 1
willsbut 1
wilt 5
windings 1
windy 1
wine 55
winged 11
wiredrawings 1
wisdom 30
wisdoms 4
wish 11
wisp 1
withdraw 1
withdrawing 1
witherd 4
without 30
withstand 2
woes 82
wolflike 1
wolfs 2
womens 2
wonder 19
wondering 6
wont 2
words 56
workd 1
workmanship 1
world 16
worst 6
worthy 9
wouldbe 1
wove 4
wreck 3
wretchd 1
write 2
writer 7
writhen 2
written 14
wrong 13
xii 1
xiii 1
yawn 1
yawning 2
ye 90
year 17
yearning 1
yelling 1
yellow 3
yore 1
younger 2
yours 1
zephyr 1
zethus 1
