2002 1
5 1
630 1
absorbs 1
abundant 1
accents 5
accepts 2
access 6
accomplished 1
accord 2
according 4
accordingly 1
accost 3
account 5
accurate 1
achaian 2
acknowledges 1
acquaintance 1
action 2
active 5
actively 1
acutenesswhich 1
adding 1
addressd 32
addressed 3
addressing 3
adieu 3
adjective 1
adjourn 1
admires 3
admiring 1
admissible 1
admit 3
adored 4
adraste 1
advances 2
adventures 5
adventurous 2
advises 2
aeaetes 1
aeolia 1
aeolus 4
affable 3
affairs 3
affianced 4
affiliation 1
afflicts 1
affluence 3
affords 8
affrights 1
afraid 1
afresh 3
afterwards 4
ages 6
aggravate 1
agoras 1
agree 2
ah 27
aiming 1
air 77
airs 4
ajax 5
alcippes 1
alemena 1
alexander 3
alexandrine 1
alive 7
allayd 2
alliance 1
allows 7
allsubduing 1
aloft 6
alone 61
alternate 9
altogether 1
amaze 4
amazing 3
ambasineus 1
ambient 1
ambiguous 1
ambrosia 1
amongst 1
amour 1
amphikipellon 1
amphiktyonic 1
amphinomos 1
ancestors 2
ancestry 1
anchor 3
ancient 27
anger 9
animated 1
anothers 3
anticles 1
anticlus 1
antilochuswhat 1
anxious 16
any 25
apace 2
apart 9
apocryphal 1
apollos 3
apparition 2
appealing 1
appearing 4
appeased 2
approach 17
approaching 11
appropriation 1
approved 5
arbitrary 1
arch 3
archaic 1
argive 5
argives 1
argus 1
ariadne 1
arm 22
arrives 9
art 56
artist 3
ascending 4
ascent 2
asia 2
ask 11
asleep 1
aspect 2
asphalion 1
assembly 10
assistance 1
assistant 3
assistants 2
assisting 2
associate 1
association 1
assuaged 1
assurance 2
assure 1
astley 1
astonishd 4
athena 1
athenas 1
athletic 2
atlas 1
atoned 3
attained 2
attainments 1
attemperd 2
attempt 5
attend 52
attending 8
attends 17
attention 9
attest 4
attesting 3
attests 1
attires 2
attract 1
attractive 4
attributes 1
audacious 2
augment 1
aurora 11
authors 4
autumn 2
autumnal 2
autumns 1
awakes 4
awaking 1
aware 1
awayd 1
awed 6
back 38
backward 5
bags 1
bands 10
barbaric 1
barbd 1
barbed 1
bare 1
barked 1
barren 7
basely 1
basest 1
bat 1
bathes 5
bay 26
bc 4
be 233
bead 1
beaker 2
beaming 2
beams 5
beamy 5
beast 5
beasts 9
beating 6
bebold 1
because 6
beckoning 1
beeves 8
before 92
began 35
beginning 4
begone 2
begot 1
being 10
believe 10
bellowing 3
bellows 1
belt 1
bending 8
beneath 70
bent 5
beset 2
bespoke 7
bestbuilt 1
bestowed 3
bestrides 1
betide 1
betray 9
bevy 1
bid 24
big 8
binds 3
bird 5
birth 13
blackening 3
blackest 1
blamed 1
blandishments 1
blind 13
blindness 2
blithe 1
blooms 3
blue 4
blushing 1
bluster 1
boar 9
boasters 2
boding 1
boeotia 1
bolissus 1
bolted 1
bondage 2
bones 2
borders 1
boreal 1
bosomd 1
both 19
bounds 16
bowels 1
bower 19
bowers 9
bows 4
boy 10
braced 2
brackish 2
branch 4
branches 4
branching 1
breasts 1
breathes 12
breed 4
bribes 1
bridegroom 1
bright 44
brindled 1
bristly 6
broadest 1
broke 14
brood 2
brow 16
brown 3
browse 1
bubble 1
buckley 1
build 5
builds 2
bulky 1
burlesque 1
burmann 1
busied 2
c 3
cadence 1
calamitous 1
calculated 2
calms 2
calypso 19
came 48
canisters 8
cankers 1
cannot 11
capacious 10
carcase 1
carefully 1
carpets 6
cassandra 1
cast 27
catchd 1
cattle 1
caused 3
celebrity 1
cemented 1
ceres 2
certain 9
chains 13
champaign 1
champions 1
chandler 1
changeful 2
changes 4
chanters 1
characterised 1
charge 14
chariot 8
charmd 6
charybdis 6
chase 2
chastised 1
check 5
cheese 1
cherishes 1
chian 3
chide 1
chin 2
chines 1
choice 12
choir 3
chorded 1
ciconian 2
cicons 5
cimmerians 1
cincture 2
circes 5
circles 2
circumstance 2
cisterns 1
claimd 3
claims 1
clamour 1
clang 2
clash 3
class 7
claws 1
cleanax 1
cleard 1
cleave 3
cleaving 2
cleft 2
clefts 1
cleobulus 1
climbd 5
clime 5
climene 1
clinchers 1
clinching 1
clinging 1
clings 1
close 29
cloth 1
clouded 4
cloudy 1
cluster 1
clusters 3
clytemnestra 1
cock 1
coined 1
coleridge 1
collection 2
combat 1
combine 2
come 30
comest 5
commencement 1
common 9
compact 4
comparatively 2
compilers 2
compiling 1
complaints 1
compliment 1
compress 1
compulsion 1
conception 1
conclude 5
conclusions 1
concur 1
conducted 1
conference 4
confess 5
confirms 2
confound 2
confounding 1
congeald 2
conjecture 1
consecrate 2
consenting 1
consider 2
consolations 1
conspire 1
constant 11
constrained 3
constraint 2
construction 1
consumd 1
consume 6
contemplate 1
contemplation 1
contest 6
continually 1
contradictions 3
contributed 1
convene 1
convened 2
conversation 4
converse 2
convinced 1
convoy 1
convulsive 2
copious 17
copyist 1
corrupt 2
cost 2
cottage 4
counselld 1
courage 7
courser 2
coverings 1
covert 3
cow 1
crammd 1
crataeis 1
crescents 1
cried 42
crieda 1
crime 5
crimson 1
critheis 3
criticism 8
crooked 3
crow 1
crowded 4
crowds 3
crown 18
cruel 3
crush 6
ctesius 1
cuff 1
cultivate 1
cup 3
curiosity 1
cutlass 1
cycle 1
cyclopaean 1
dalliance 1
damsels 6
dangling 1
dared 4
dark 27
darkens 2
darkness 14
darts 1
day 128
dearer 2
dearest 5
deathlike 1
debate 11
decayd 3
deceive 3
deceived 2
deceives 5
decently 1
deck 11
declared 6
declaring 1
declining 3
decreased 1
decreed 18
decrees 9
dedicate 1
deeps 14
defame 2
defeat 1
defeated 2
defenceless 1
defrauded 1
degeneracy 1
degrade 1
deign 4
delicious 3
delightful 2
delivers 1
delivery 2
deltoz 1
deluges 1
delusive 1
demon 5
demons 1
denounce 1
department 1
depend 1
deprived 3
derive 1
descendant 5
descending 14
descent 5
descried 4
descries 3
deserted 1
deserved 2
desire 9
desired 3
desirous 1
despair 11
despatchful 3
desperate 6
despise 3
desponding 1
destine 1
destined 23
destroyd 3
destroyed 1
destroys 2
detains 3
determining 1
detested 3
detesting 1
devine 1
devoted 2
devotion 2
devourd 1
dialect 2
dian 2
died 11
diffuse 3
digamma 2
digest 1
dilating 1
directing 1
directs 3
direful 13
disagreed 1
disappears 1
disappointed 1
disaster 1
discerns 1
disclaim 2
disclaimed 1
discontented 2
discord 3
discourse 7
discovers 1
discovery 2
discus 3
disease 3
disembarking 1
dishonest 3
dishonourd 1
disjoind 1
disjointed 1
dismay 2
dismemberd 1
dismissed 2
disobey 1
disown 1
dispart 1
dispersing 1
displayed 1
disposition 1
dissertation 1
distance 8
distant 40
distaste 1
distinct 4
distinguishing 1
distress 6
disturbs 1
disunite 1
divan 1
divert 2
divine 78
divining 1
dodonas 1
dog 2
doing 2
doleful 1
domes 5
donation 1
doomd 19
doomed 2
doors 4
dost 5
double 9
doubleedged 1
doubted 1
doubts 3
down 49
downcast 1
downloading 1
dowry 1
dragon 1
drain 5
draind 1
dramas 1
drawn 1
dread 23
dreary 8
dressed 1
dried 3
drinks 3
drive 7
drowsy 1
drunkards 1
dryden 1
dubious 5
dulcet 1
dulichium 6
duteous 7
dymas 1
each 102
ears 8
earth 55
earthly 1
earths 3
ease 19
east 10
eat 1
ebook 5
ebooks 2
echoed 1
echoes 3
economy 1
ecstatic 1
edged 1
edition 3
editions 2
education 2
effectually 1
effused 1
egyptian 2
eiresione 1
either 12
elders 2
eldest 2
eleven 2
eludes 2
elusive 3
embarking 1
embellishments 1
embers 2
embodied 4
embraces 5
embroidery 4
embroil 1
emergence 1
emotions 1
emphatic 1
enamourd 5
encompassd 2
endearing 1
endeavour 1
ended 4
endless 3
endlong 1
energy 1
enjoind 1
enjoy 6
enjoyd 3
enjoyed 2
enjoyment 1
enlarge 1
enlarged 5
enlighten 1
enormous 10
enough 5
ensued 1
entangled 1
enter 10
entering 3
entertain 2
entertainment 1
entertainments 2
entire 3
entranced 2
entrancement 1
ephialtes 1
epic 2
epics 1
equippd 2
erased 1
erectheus 1
eriphyle 1
err 1
erroneous 2
erymanth 1
escaped 6
especially 4
espouse 1
essayd 1
estate 1
eteoneous 1
ether 1
ethereal 18
euboea 2
euboeans 1
eum 1
eumaeus 29
euryclea 5
eurymedes 1
eurymedons 1
ever 49
everhonourd 2
everlasting 1
evidence 4
evils 2
ewes 3
exalt 4
exalts 1
excellence 3
exciting 2
excusable 1
exempt 3
exigence 1
exiles 1
existence 6
expedition 1
expel 1
expenses 1
experience 7
expired 6
explains 2
exportation 1
expounds 1
expression 1
extend 2
extensive 1
extinct 1
extremest 2
exulted 1
exults 1
eyeless 2
eyelids 1
eyes 110
eyethat 1
fabric 2
face 28
fact 8
failing 2
fainted 1
faints 2
fair 86
fairly 2
faith 24
falling 6
false 8
family 2
fancied 3
fane 2
fanning 2
fans 1
fashiond 1
fates 34
fatlings 1
fatten 1
fawning 2
fawns 2
fear 32
fearful 1
fearing 1
fears 11
fearst 1
feasted 1
feasts 4
feeding 1
feel 9
feeling 7
feels 4
fellows 11
felt 4
fenced 6
fertilizing 1
fetter 2
fields 28
fiends 3
fifty 5
filld 12
filled 2
filmy 1
finding 2
fine 2
firmament 1
firmer 1
fits 7
fitter 1
five 6
fixed 1
flaccus 1
flame 11
flames 18
flankd 1
flashd 2
flattering 1
fled 13
flexions 1
fliest 1
flight 22
floating 6
flocks 17
flouncing 1
flourished 2
flow 27
flowery 9
flown 1
fluency 1
fluent 1
fluttering 2
foe 26
folded 2
foliage 4
follow 8
followers 3
following 13
fondly 3
fondness 1
force 39
forceful 2
forcibly 1
foredooms 1
forego 1
forehead 3
foremost 1
foretells 1
forgeries 1
forgot 10
forlorn 1
formation 1
formd 15
forthissuing 1
fortune 16
forward 7
fouler 1
fragments 11
frame 16
fray 3
freaks 1
freed 3
freely 1
freezes 1
frequentation 1
friends 62
frightened 1
frisk 1
fro 1
frost 1
frothy 1
frownd 5
frowning 2
froze 3
fulfil 5
fullest 1
fully 1
fumes 3
funerals 1
furry 1
fury 17
gaind 4
gait 1
galley 8
gaps 1
garment 3
garments 12
gates 13
gauntlet 5
gave 53
gazing 3
gentler 1
genuine 4
genuineness 1
germ 1
ghosts 6
gianthunter 1
gift 15
giftsthe 1
gilder 1
gilt 1
gird 2
girl 2
given 28
gladden 1
glanced 1
glares 1
glebe 1
glides 10
gliding 3
glorious 17
glory 22
glow 5
glutton 1
gluttons 4
go 28
goatskin 1
goblet 14
goddess 95
goddesslike 1
goes 3
gore 13
gortyna 1
grammaticus 1
grass 1
grave 17
graze 4
greater 3
greatest 5
grecian 20
greeks 24
grief 39
grim 1
grisly 4
groand 6
groomy 1
grottos 2
grounds 4
grove 15
groves 9
growth 5
guardian 18
guest 70
guides 14
guileful 1
guiltless 1
gurgling 1
gush 1
gust 2
habits 2
habitual 2
hairs 4
hallowd 2
halsers 3
hamlet 1
hammer 1
handmaid 5
hang 1
hapless 14
happily 1
happiness 4
hardest 2
harm 2
harmonious 6
harness 1
harnessd 1
harvest 3
has 69
haste 45
hasted 1
haunts 1
hawk 1
heady 1
hearers 1
heartfelt 1
hearts 8
heavenborn 1
heavens 36
heavier 1
hebe 1
heedless 3
helped 1
helps 1
hercules 2
herds 20
herdsman 1
hereditary 2
hero 34
heroic 11
heroslander 1
hideous 5
himself 25
hint 1
hippotades 1
his 1194
historian 1
histories 1
hoarseresounding 3
hollow 6
homage 2
homely 3
homerthe 1
honest 5
hoped 5
horror 6
houses 1
hovering 2
how 90
howeer 2
humanity 2
humankind 3
humble 6
humour 1
hunger 26
hunter 1
hurld 4
hurt 1
hurtling 1
hush 1
hushd 6
hyacinth 1
hylacides 1
id 2
ideas 2
idly 1
if 164
ilion 11
ilions 8
illumined 3
illusion 1
illusions 1
imagination 5
imbrued 2
immediately 1
immortal 28
impartial 2
impel 2
impending 2
impends 2
imperious 1
impervious 4
impetuous 6
impose 3
impossible 1
impostor 1
imposture 1
impostures 1
impressd 1
impressions 1
imprints 1
improbable 1
improved 1
improves 5
in 1407
inaptly 1
inattention 1
incalculable 1
incloses 1
included 2
increased 2
indecent 1
indigested 1
individuals 1
industry 2
infatuates 1
inferior 3
infernal 9
informs 2
ingenuity 4
inglorious 8
ingredients 1
inhabitant 2
inhospitable 1
inhuman 1
inimitably 1
inlay 2
innavigable 1
ino 1
inquietudes 1
inquire 8
insensate 1
inserted 1
inspires 9
instruments 3
insulting 3
intelligent 3
interdicted 1
interdicts 2
interest 2
internal 2
interpolations 4
interrogating 1
interval 1
interwove 2
intonation 1
introduction 3
inured 5
invades 4
invading 1
inventive 3
inviters 1
invites 7
inviting 1
invoke 2
iphyclus 1
irregular 2
islanders 1
isles 3
issue 3
ithacian 1
javelins 2
jealous 4
jejune 1
jelly 1
jerusalem 1
jim 1
joinings 1
joint 1
jove 118
jovial 6
joyless 1
jtinsleypoboxcom 1
judicious 1
jutting 2
kallinusin 1
keep 9
kept 5
kid 1
kindle 1
kindness 2
kinds 5
king 93
kissing 1
knee 4
knew 15
knight 5
knot 1
knowledge 11
knowst 2
labouring 12
labours 33
labyrinth 1
laid 16
lain 1
lake 3
lame 1
lamentations 1
lampetie 2
lance 1
landed 3
large 15
lashd 5
lassitude 1
lasting 4
laugh 1
laughs 3
launchd 6
laurels 1
lave 4
lawful 1
lawless 20
lay 75
layer 3
laying 1
lays 5
lead 11
leaden 1
leafless 1
learnedbut 1
least 18
leave 22
leaving 2
led 33
left 30
lencothea 1
lend 4
lends 4
lessen 1
lewd 3
libations 4
lies 37
life 62
lifes 1
lift 2
lifted 2
lifts 7
lightnings 2
lights 1
like 67
limits 1
limped 1
line 15
lineage 8
lineal 1
lion 4
lions 7
listening 10
livelihood 1
liver 2
lives 26
loaden 1
loan 1
loathed 1
locks 2
lodged 2
lofty 24
loins 4
longdescending 1
longer 7
longing 5
loose 3
loosely 1
lordly 2
lost 60
loudest 2
lover 1
lovers 2
low 14
lowdepending 1
luckless 3
lulld 1
lust 6
luxd 1
luxurious 8
mace 3
mad 1
maecenas 1
magnificent 3
magnificently 2
maias 1
maids 5
mail 2
maimed 1
mainspring 1
maintaining 1
maintenance 1
malaes 1
male 1
males 3
malicious 1
mannd 2
manner 5
mansion 7
manuscript 5
marble 12
march 4
marched 1
mariner 3
mark 8
marks 2
maron 1
marshalling 1
mass 6
massy 6
mast 22
mate 6
matrons 3
matter 6
meant 1
meditated 3
meditatest 1
megapenthe 1
melt 3
memnon 2
memoirs 1
memorial 4
memory 12
men 67
menaced 2
mentioned 2
mera 1
merit 5
mesaulius 1
methinks 2
mice 1
mightst 2
mild 19
milkwhite 1
mimic 2
mind 93
minerva 21
minervas 7
ministers 2
minstrel 1
mirths 1
mischiefs 2
misery 10
misfortune 2
misfortunes 2
mists 4
mockheroic 1
model 1
modernism 1
moeonides 1
monarchsavage 1
money 1
monstrous 8
months 4
more 146
mosaic 1
mossy 1
motive 1
mound 6
mounted 1
moved 17
movest 1
moving 1
muchafflicted 1
munificence 1
murder 4
mure 1
murmur 1
murmuring 6
murmurs 5
music 7
myself 10
mystic 4
mystical 1
naked 13
named 11
names 6
narrative 5
nation 10
native 79
naval 8
navies 1
neator 1
necessaries 1
necessary 2
nectar 4
neglectful 2
neighbring 1
neptune 31
neptunes 9
neritus 2
nerves 3
nervous 1
nestor 26
never 50
newly 1
news 5
newshorn 1
night 92
nile 7
nitzsch 1
no 158
nobly 5
nod 2
noemon 3
nolong 1
noman 6
nonexistence 1
nonreading 1
noted 3
notice 2
notions 1
novelty 1
now 255
number 6
numbering 1
numerous 8
nuova 1
nuptial 11
nuptials 4
oaths 1
obedient 17
obeys 3
oblations 1
obscure 4
observance 2
observant 9
obstreperous 1
obvious 2
occasion 2
odins 1
odious 1
odorous 3
oerarchd 1
oerlooks 3
oerpassd 1
oerpowerd 1
oerspreads 2
oerwatchd 2
of 2343
offensive 1
officious 3
offspring 12
oft 15
oils 2
old 53
older 1
olympus 4
omen 1
omitting 1
omnipotent 1
ones 2
only 46
ooze 3
open 10
oppose 4
oppress 3
or 336
oracle 3
oracles 4
oracular 1
oraculous 1
oral 1
orbit 1
orchomenos 2
orders 7
orion 2
ortygia 2
osierfringed 1
ossa 2
otherwise 2
our 309
ours 2
ourselves 4
out 27
outraged 2
outride 1
outstretchd 1
outweighs 1
ownd 1
owner 1
pace 9
paid 18
pails 1
pain 18
painted 4
paints 1
pair 7
palace 56
palaces 1
pales 1
pamperd 1
panathenaea 1
paphos 1
paraphrase 1
particular 2
particulars 2
parting 8
partners 3
party 1
passages 3
passion 10
passive 1
past 8
pastime 1
pastors 1
pastures 4
paternal 11
pathetic 2
paths 6
patroclus 2
patron 3
pauses 1
paviliond 1
pear 3
pears 2
peasant 2
peculiar 4
pedestals 1
peiraeus 5
peisistratid 1
pelias 1
pension 1
pensive 26
people 23
peoples 7
perfection 3
performed 1
performing 1
peribaea 1
perished 1
permits 1
permitted 1
perpetually 1
personae 1
personality 2
persuasive 1
pertinacious 1
pervading 1
phaecian 1
phaecians 3
phantomnations 1
phemius 8
phlegethons 1
phocae 1
phoebe 1
phorcys 3
phrontes 2
phrygia 1
phylacian 1
phylo 2
piece 2
pigmy 1
piles 1
pilgrimage 1
pilgrimages 1
pillars 1
pines 1
pinions 3
pisistratus 11
piteous 3
pity 18
plagues 1
plains 11
planks 3
plates 1
plausible 2
plead 6
pleasd 1
pledge 9
pledges 1
plot 1
plough 14
plunged 6
poetical 6
poets 10
poggio 1
pointed 9
poised 3
polites 1
pollux 1
polyphides 1
ponderd 1
pondering 1
ponderous 8
ponteus 1
poop 3
popular 3
porch 2
port 35
portend 1
position 3
possess 5
possessed 1
posterity 6
potent 3
pounces 1
poverty 3
powers 51
prayd 5
prayer 19
prayers 1
precedents 1
precept 1
prejudice 1
prepare 35
prepared 22
preparing 1
prescience 1
presenting 1
preserve 2
presses 1
pretence 1
prevents 1
prey 32
priam 1
price 7
pride 28
princely 3
princes 17
princess 4
principlesome 1
probity 1
proclaims 4
produced 2
products 2
profess 1
profession 2
profound 9
prolegomena 1
promised 13
prone 9
pronunciation 1
propose 4
proposed 4
props 1
prore 1
proreus 1
prospect 10
prosperous 10
proved 2
provide 7
provoke 3
ptolemies 1
pull 1
purchase 2
purple 29
purpose 10
purposed 2
pursued 5
pursuing 1
quaff 3
quaffs 1
qualified 1
quarries 1
question 15
quit 12
quite 1
quitting 1
quivering 5
raceto 1
rage 54
rages 1
ragged 3
raging 14
raise 24
ranged 8
rapture 2
raptures 4
rare 4
rashly 2
rather 18
ray 26
reach 12
reached 4
readable 1
real 5
realize 1
rear 8
reard 5
reason 8
rebellows 1
rebound 1
recast 1
receives 11
recently 1
recesses 2
recital 2
recited 3
reciters 1
reciting 1
reclined 3
recognized 3
recoiled 1
reconstruct 1
records 1
recoverd 1
recruited 1
recur 1
reddens 1
redoubled 1
reducing 1
refresh 1
regal 16
regard 7
regarded 2
regardless 3
region 8
reign 33
rejects 1
rejoined 1
relate 26
related 2
releasd 1
relent 2
relieved 5
relight 1
religion 1
reluctant 13
remarking 1
remarks 3
remembrance 6
remnant 1
remnants 1
remorseless 2
remote 16
remove 8
removing 1
remurmurd 1
renamed 1
render 3
rends 6
repair 22
repairs 7
repass 3
repassd 3
repeat 4
repentant 3
replete 2
replies 33
report 4
repress 2
reproduce 1
repulse 2
reputation 4
requested 1
requisite 2
resemblance 1
resembling 2
resides 7
resign 8
resistless 1
resolved 7
respect 7
respectful 2
respective 1
restoration 1
restores 2
restrain 9
restraint 2
result 7
retentive 2
retire 4
retorts 1
retreating 4
retreats 2
retrieve 1
return 65
returns 16
revel 6
revere 8
reverend 15
revised 1
revolving 9
rhadamanth 1
rhapsodies 4
riches 5
rid 2
ridicule 1
rightful 1
rim 1
ringlets 3
riotous 1
ripening 1
riper 2
risesif 1
rites 27
rivalld 1
rivalled 1
roam 13
robed 4
robes 23
rolling 20
rolls 18
rooted 3
rosy 18
rosyred 1
rouses 1
rove 10
royal 85
ruffian 4
rugged 4
run 14
rustic 4
ruthless 1
sacrificed 1
saddens 2
safer 3
sages 2
saild 6
sale 1
salt 1
sanction 4
sandals 9
satires 1
savage 12
savour 4
savours 1
savoury 2
saw 19
scar 2
scarce 24
scarrd 1
scatter 1
scatterd 6
scepticism 6
scheria 2
scholia 1
scorchd 1
scorched 1
scorn 5
scream 4
screen 1
scrip 1
sculpture 3
scylla 10
seaborn 2
seald 5
seamaids 1
seamd 1
seasons 1
seasurrounded 1
seat 28
seats 7
seawolves 1
second 11
secures 1
seducing 1
see 33
seeing 1
seels 1
seldom 2
selfdenial 1
selfmoved 2
selfmurderd 1
senior 2
sense 20
separate 6
serene 4
servant 7
servanttrain 1
sets 1
setting 8
seven 9
seventeenth 1
severe 6
sewers 1
sex 4
shadowy 2
shakes 5
shakespere 2
shall 162
shallows 1
shame 11
sharpend 3
shear 1
shed 18
sheds 5
sheep 13
shelfy 3
shines 14
ship 40
shipwreck 1
shoals 2
shores 48
shortend 1
shot 6
shoulder 3
shouldst 1
shrieking 1
shrieks 4
shrine 2
sickening 1
side 32
sides 5
sighs 15
sign 9
silken 4
silvered 1
since 37
sincerely 1
sincerity 1
singed 3
sinking 5
sintians 1
siren 2
sister 5
sisters 2
skill 12
skilled 1
skimmd 1
skin 5
skydyed 1
slanderous 2
slaughterd 2
slaves 7
sleep 33
sleeper 1
sleepst 1
slender 1
slippery 1
sly 1
small 7
smoked 3
smoky 3
smoothbeaten 1
smothering 1
snakes 1
snatches 1
snowy 7
societies 1
softly 1
soil 13
sold 3
sole 16
solemn 19
solymes 1
son 103
song 31
sonorous 1
soon 52
soothed 1
soothes 1
sorrow 18
sorrowd 1
sorrowing 2
soul 113
sour 3
source 8
southern 2
spare 6
spares 1
sparkle 1
speaks 11
spear 16
speediest 1
speeding 4
speeds 1
speedy 5
spent 7
spied 3
spin 1
spindle 2
spoils 13
spoke 71
spotless 6
spots 3
spouse 10
spouseless 1
spurnd 1
stain 5
stalk 1
stamp 1
stand 47
standard 2
stars 6
started 2
startling 1
starts 1
stating 1
stayd 9
steadfast 3
steal 4
steals 3
steaming 1
steed 5
step 14
sternissuing 1
sternly 5
stills 1
stir 1
stoles 1
stone 12
stones 3
stood 44
stoops 1
stop 1
stoppd 2
story 19
strain 14
strains 2
strait 2
straits 1
strands 1
strange 7
stranger 53
strangling 1
streaks 1
stream 21
streams 18
stretchd 16
stretched 1
stride 1
strides 1
strikes 3
stripling 1
stripping 1
strows 1
structure 1
struggling 3
stubborn 6
stuck 2
studious 15
style 6
styx 1
submissive 3
subordinate 1
subsequent 1
subside 2
substantially 2
substantive 1
successfully 1
successless 2
succinct 1
such 91
sucked 1
suddenly 1
sues 3
suffer 8
suggested 1
suggests 1
suitable 3
suitorcrowd 1
sullen 6
summd 1
sung 8
suns 6
superstitions 1
suppliants 4
support 3
supporting 1
supposing 1
surety 1
surge 17
surging 2
surprising 1
surrounds 7
survives 4
suspects 1
swallow 1
swarmd 1
swell 5
swifter 1
swiftly 1
swiftwingd 1
swilld 2
swim 2
swims 2
swords 2
sylvan 10
symmetry 2
sympathies 1
syria 1
table 9
take 20
takes 8
tale 19
talent 3
talk 3
tames 1
tasks 2
tasso 1
taste 28
tasteful 3
tatters 1
tears 55
teat 1
teats 1
telemachus 64
tempers 3
tender 29
tenderness 2
tenor 2
terrors 5
texts 1
thankful 1
thapproach 1
that 395
theft 1
themis 2
themselves 8
then 354
theory 12
there 168
theseus 3
thesprotias 2
thessaly 2
thin 6
thine 29
this 260
thought 36
thoughts 18
thousands 1
thread 3
threads 5
threat 4
throngd 2
thronged 1
throngs 3
through 132
throws 3
thunderer 4
thwart 2
tide 26
till 108
timber 1
tinged 1
title 7
toils 40
toilsome 3
tongue 25
torches 2
torment 1
torn 15
touch 11
touching 2
toward 3
town 15
track 1
tracts 3
traditionary 1
traitor 3
transcends 2
translucent 5
transpierced 1
transports 3
travelld 1
traveller 4
treacherous 2
treason 2
treasure 6
treatise 1
trembling 16
trickling 1
tries 1
trifle 1
trifling 1
trinacria 1
triple 1
tripod 3
triumphal 1
troop 3
trouble 2
troublesome 2
trusted 1
truth 21
tufted 2
tumult 4
tumultuous 10
tune 3
tuneful 4
tunics 1
turf 2
turning 8
turns 9
turrets 1
tutord 1
twain 3
twas 14
twelfth 3
twelve 17
twenty 12
twicetold 1
twingods 1
twoedged 1
tydides 3
tyrants 2
tyro 2
tyrrhenia 1
udders 1
unbend 1
unbidden 1
unblamed 1
unbounded 1
uncertain 4
unchanged 1
uncompelld 1
unconquerably 1
undergo 3
unfinishd 2
unfurl 2
ungenerous 1
ungovernd 2
unguarded 2
unhurt 1
uninformd 1
uninhabited 1
uninjured 1
united 3
unjust 3
unkind 1
unlade 1
unlearnd 1
unmarkd 2
unmindful 1
unmoved 4
unnumberd 8
unnumbered 1
unpaid 1
unpleased 1
unquiet 1
unrighteous 2
unsuspecting 1
untilld 3
untouchd 4
untying 1
unwary 2
up 19
upheaved 1
upper 2
urge 12
urged 17
urging 1
use 10
used 3
usher 1
utility 1
utters 1
v 2
valour 5
valuable 1
value 4
vanilla 1
vapour 1
varies 1
various 42
varying 3
vegetable 1
veiling 2
venal 1
venerates 1
venial 1
venom 1
vent 1
vented 1
vents 1
verbal 2
vernal 1
vests 6
vex 1
vexd 1
vico 1
victors 5
viewing 1
views 10
viewst 2
vii 1
vindicate 2
vindicates 1
vines 6
vineyard 1
virginsword 1
virtues 5
visions 3
visual 4
volunteers 1
vouch 1
vouchsafed 3
vouchsafes 2
vowd 3
vows 19
voyage 25
vulcans 1
wafted 1
wailing 2
waiting 2
wakeful 2
wall 9
walter 1
wander 10
wanderers 3
wanderest 2
wanting 4
wanton 5
wantond 1
wants 8
war 47
warn 3
warnings 1
warranting 1
warriorband 1
wars 7
wast 1
watchd 4
waters 23
watery 41
waveworn 1
wavy 3
we 302
wealthy 7
wear 4
weather 1
weaved 1
weds 1
weeps 5
weighd 3
weighs 1
weight 13
weighty 12
welldefended 1
wellfilled 1
welltaught 1
welters 1
went 11
were 98
west 6
whale 1
whatsoeer 1
where 134
whereer 2
wherever 1
whilst 17
whispers 1
whoever 1
whole 40
wholesome 3
wicked 6
widely 1
widend 1
widepatchd 1
widow 1
willed 1
winded 1
winds 36
wines 11
wing 14
wingd 8
wings 13
wins 1
winters 4
wishd 5
wishing 2
wit 10
withdrawn 3
withers 3
withheld 1
witness 6
witnessed 1
woe 58
wolf 8
wolfian 4
womankind 5
wood 24
woodland 6
wool 5
woolly 4
work 17
working 2
workmen 1
worth 12
worthless 1
worthlessness 1
wounds 6
wrapped 2
wraps 1
wrath 25
wreak 1
wreathy 1
wrestling 2
wretch 20
writers 4
writershedelin 1
writings 1
wrongd 1
xvii 1
yearn 1
yields 6
youth 64
zacynthus 1
