11 1
abides 2
abodes 16
abound 1
about 13
abroad 2
abstain 1
absurd 2
abyss 1
accompany 2
accords 1
accosts 4
accustomed 1
achilleis 1
achilles 15
aching 1
acorn 1
acquaint 2
acquaints 1
acquire 2
actions 2
acts 6
acumen 1
acute 1
acuteness 2
adamantine 2
additions 1
address 4
adjoining 1
adjoins 1
admiration 7
admonishd 2
adornd 5
adorns 4
adriadne 1
advance 4
adventure 5
aegae 1
aegysthus 11
aeoliass 1
afflict 1
afflicted 4
affliction 5
afflictive 2
affrighted 1
against 26
aged 3
agents 1
agonies 1
agonizing 1
aided 1
aim 3
aimed 1
aims 4
airy 8
alarms 6
alcides 2
alcinor 1
alders 2
all 419
allconsuming 1
allknowing 1
allow 8
allure 3
allured 1
almost 5
aloud 14
already 24
alterd 2
am 20
amain 2
amalgamation 1
amassing 1
amazement 1
ambushd 7
amorgus 2
amphiaraus 2
amphion 1
amphions 1
analytical 2
analyzing 1
anchialus 2
anchord 6
anchors 6
anew 3
angel 1
angles 1
angry 9
anguish 7
animals 1
animates 1
announced 1
announcement 1
annual 4
answerd 8
answered 1
antagonists 1
antiope 1
antiphates 2
antiphus 2
antique 1
antiquity 2
appalld 3
apparent 1
appear 16
appeard 14
applause 3
apples 3
applies 2
apply 2
approachd 5
arcesius 2
archetypus 1
arching 2
arethusas 1
argued 1
arguing 1
arguments 1
arise 30
aristoteles 1
armd 6
armies 1
arose 13
around 77
arrange 1
arrangement 3
arrangers 1
arrayd 3
arrow 6
artifices 1
ascendency 1
ascends 13
ashamed 1
askance 2
aspire 3
assemblies 2
assiduous 1
assignd 9
assists 2
associates 8
assuage 3
assyrian 1
astonished 4
astonishing 1
atone 3
atrides 24
attaining 1
attendant 4
attended 3
attentive 5
authenticity 2
authorities 1
avails 1
avengers 1
averse 4
avowd 3
avowed 1
await 1
awaits 1
away 49
bade 11
balkd 1
ball 6
balmy 14
banquet 28
barbarians 3
bard 18
bask 1
bason 1
basons 1
bath 10
bathe 7
bathing 1
battening 1
battered 1
battista 1
battles 1
bays 1
beacons 1
beard 1
bears 16
bearst 1
beats 2
beautiful 1
beauty 11
becalms 1
become 4
becomes 5
bed 48
beds 3
beggar 1
beguile 2
behaviour 1
behind 17
beings 1
belongs 7
bend 21
benevolence 1
benevolent 5
benign 1
bentley 3
bequeath 1
bereft 1
beside 9
besides 3
bestowd 4
between 8
beverage 4
bewails 1
bids 14
blandishment 3
blank 2
blazed 6
blazing 7
bleed 22
bleeding 2
blessings 7
blew 2
bliss 4
bloated 1
bloodless 1
bloodstaind 1
blow 10
boaster 2
boasts 3
boiling 5
boisterous 2
boldly 2
bolt 7
boon 8
born 17
borne 10
borrowd 1
bosom 28
bottom 3
bound 28
boundless 8
bounties 4
bowery 1
bowls 8
brain 3
branchy 1
brazen 5
bread 17
break 5
breathing 6
breathless 5
bred 5
breezes 4
bridal 22
brightend 3
brimming 2
bring 25
brings 15
bristle 2
broachers 1
broad 16
broken 4
brooks 1
brush 1
brutal 3
bubbling 3
buds 1
bulk 2
bull 1
burn 7
burnd 2
burnishd 3
burns 12
bursting 1
bursts 1
business 2
cadmus 1
callow 1
camest 1
can 69
canst 1
capable 2
captain 1
captive 3
careful 7
cares 46
caressd 1
caresses 1
carpet 1
carried 2
carved 1
case 4
casks 1
catholicity 1
causes 2
cavern 6
caves 9
cease 25
ceased 20
ceaseless 2
ceasing 1
cedar 1
celebrated 1
cells 2
cenotaph 1
centre 3
cerulean 2
chaind 2
chair 2
chalky 1
champion 1
change 11
changed 6
changing 1
characteristicsstill 1
charged 6
charmers 1
charming 3
chastisement 1
chastity 1
checking 1
cheeks 4
cheerd 2
cheering 3
cherished 1
chief 45
childhood 1
chill 1
chilld 1
chilling 2
chough 1
christ 3
chromius 1
chronicle 1
church 2
churl 1
churns 1
circaean 1
circled 4
circlet 1
circumfluent 2
circumfusile 1
clad 2
claim 26
classical 1
clearly 2
cliff 3
climates 1
climb 7
climes 4
cloak 9
closest 2
clothe 2
clothed 2
club 1
clung 4
clymene 1
clytius 1
clytonius 1
coarse 1
coercive 1
collector 1
colonel 1
colour 1
colours 1
column 6
combats 1
comely 2
comes 10
coming 6
comings 1
commander 1
commands 17
commerce 3
commit 2
committed 2
commodious 1
communed 2
communicated 1
companions 21
compel 1
compilation 3
complete 6
completes 1
composed 4
comprehensive 2
compressd 4
concealment 1
confessed 1
confidence 5
confucius 1
congenial 2
conjecturing 1
conjoind 1
connect 2
connubial 4
conquer 1
conquerd 1
conquering 2
consequences 1
conservatism 1
consistency 3
consort 12
conspicuous 3
constituent 1
constraind 4
consulting 1
consummate 2
contented 1
contents 1
continents 2
continuation 1
contradictory 1
contrasts 1
controls 1
controvert 1
converses 1
conveyd 3
conveys 3
convoke 1
coracian 1
cordage 1
cormarants 1
corruptions 2
corse 2
cot 1
could 39
couldst 3
counsellors 1
counterfeit 1
country 28
courses 1
courts 5
covet 1
creations 1
creatures 1
credit 1
credulity 2
crept 3
crew 22
crib 1
cries 43
criticize 1
critics 5
crop 2
crownd 42
crows 1
crunus 1
cruse 2
crux 1
crystal 6
cumae 5
cumbrous 2
curious 16
curl 4
cybele 1
cydonian 1
dainties 4
dame 11
dames 2
dams 4
damsel 4
dangerous 10
dare 6
darken 1
darkend 2
darling 5
dart 8
daughter 27
days 49
dead 34
deal 1
deaths 1
debarking 1
debase 1
debating 1
debt 2
decades 1
decaying 1
decent 10
decide 2
decorated 1
deem 6
deemd 5
deeper 2
deepest 3
deepprojecting 1
defence 1
defer 2
deform 1
deforms 2
degree 3
degrees 1
delay 15
delights 4
deliverd 1
delos 1
delphic 1
deludes 1
deluge 2
demand 18
demands 17
demeanour 1
demigods 2
demodokus 1
deny 10
deplore 6
deplores 3
derisive 1
derives 2
deserters 2
design 11
designd 3
destiny 2
detected 1
detention 1
determinate 1
determined 5
devote 1
dew 5
dews 6
dexter 2
dialogue 1
diana 2
dictated 2
difficult 2
diminish 1
dimmd 1
diocles 1
dip 1
direction 1
directions 3
disappointment 1
disastrous 9
discharged 4
discolourd 1
disconsolate 1
discountenanced 1
discoverd 1
discoveries 1
discussions 1
disdain 5
disgrace 8
dishonor 1
dismission 1
dispense 1
displease 1
displeasing 2
disposed 5
dispreads 1
disproving 1
disquiet 1
disrespect 1
distaff 1
distended 1
distil 1
distills 1
distinctive 1
distinctly 2
distinguishd 10
distrustful 1
divergences 1
divide 18
dividing 1
divinely 6
domain 6
done 14
doom 26
dooming 1
door 11
dove 2
downward 2
dozy 1
draggd 3
drained 1
dramatis 1
dreaded 2
dreading 1
dream 4
dreams 5
dreamthe 1
drench 1
dress 6
drier 1
drifts 1
drink 3
driven 8
droopd 1
drooping 6
dropping 3
drownd 3
drudging 1
drugs 6
due 31
dues 2
dulichiums 1
dull 1
dungeon 6
durance 1
earlier 6
earliest 4
earned 1
eastern 3
easy 7
echeneus 2
echoing 5
eddy 1
effect 4
effects 1
effort 1
egypt 1
elapsed 1
elect 1
elegant 3
elegiac 2
ells 1
elude 3
emanated 1
emancipate 1
embarked 1
embossd 1
embowerd 1
embrace 20
embraced 4
embroidered 1
emotion 1
employd 2
employed 6
employs 1
emprise 1
empty 10
emulate 2
enchaind 1
enchanting 4
enchased 2
encircled 4
encircling 2
encounter 1
end 29
endured 1
enfeebled 1
enlightenment 1
enquire 1
ensure 2
entertains 1
enthroned 2
entrails 5
entreaties 1
entreaty 1
enviest 1
envious 2
ephyre 2
epical 2
episodes 1
epitaph 1
epoch 1
equal 38
equalled 1
ere 22
erratic 1
erring 4
error 1
erythrae 2
escape 3
essential 1
etext 1
etherial 1
eumelus 1
euryalus 6
eurymachus 6
evantheus 1
evasive 1
even 24
event 5
everdear 1
everduring 3
everwatchful 1
every 112
everything 4
ewe 1
exaggeration 1
examinations 1
examines 1
examining 1
example 1
exceedingly 1
exceeds 1
exercised 3
existed 4
existing 3
exists 1
exorcised 1
expands 3
expanse 1
expedient 1
experienced 6
expire 1
expose 2
exposed 1
extemporaneous 1
extending 1
external 1
extremely 1
exulting 2
eyed 7
fabled 2
facts 2
faild 2
failed 3
fainting 3
fairer 1
fairones 1
faithful 33
faithless 9
fallacies 2
fame 73
familiar 11
famine 3
famous 1
farewell 5
farfamed 1
farm 1
farpiercing 1
fate 103
fathers 44
fathoms 1
fatted 1
fault 4
favourd 6
favourite 9
favours 1
feast 81
feastful 4
feasting 3
feeds 4
feelings 3
feigned 2
felon 1
females 2
fierce 37
fifth 4
figtree 1
figure 1
filial 14
fills 9
filthy 1
finally 1
finds 3
finish 1
finny 3
fire 20
fires 12
first 96
firstfruits 1
firstlings 1
fisher 1
fishermens 1
fit 2
fix 9
fixd 17
flash 1
fleece 5
fleeces 1
fleecy 10
fleet 25
fleets 4
flew 24
flies 48
flings 1
flood 24
florid 2
flour 9
flowing 8
flying 5
foamy 4
folding 2
folds 1
follies 1
followd 5
followed 4
folly 3
foot 3
for 381
forbidding 1
forbore 1
forced 3
forfeit 2
forge 1
forgetful 2
former 11
forsakes 1
forsook 2
forth 37
forthbeaming 1
forty 1
fostered 1
found 34
foundation 1
four 11
fourth 3
fourwheeld 1
fragment 1
fragrance 3
fragrances 1
fragrant 13
france 1
frauds 3
freedom 5
freight 6
freighted 3
fresh 11
freshness 1
friendless 2
friendlier 1
frogs 1
from 686
frugal 2
frugality 1
fruitful 13
fruitless 1
frustrate 1
fulfilled 1
fulness 1
fume 1
functions 1
fund 1
furnish 2
furnishd 2
further 5
fusile 1
gain 13
gallant 8
gamesome 1
gaping 2
gather 4
gay 22
general 16
generous 23
gerestus 1
german 1
ghost 18
giants 5
giantsons 1
giddy 3
gild 2
gilds 2
glad 6
gladdens 1
glaucus 7
glided 2
glimmerd 2
glitter 1
glittering 20
gloriously 1
gloves 1
glowing 4
gnawd 1
goatherd 1
goatnursed 1
god 107
godlike 26
golden 37
good 33
goodly 1
gordius 1
gorgeous 3
gory 2
got 2
gowhat 1
graced 23
graceful 14
gradual 1
grain 9
grand 4
grants 4
grasp 3
grasps 2
gratitude 3
greatly 6
greece 34
green 20
greens 1
grew 9
grieves 3
groans 6
grottoes 1
grovelling 1
grow 5
grown 2
guess 2
guessd 1
guidance 1
guide 23
guided 3
guideless 1
guiding 5
guilt 4
gulf 4
gushing 6
had 109
hail 15
halitherses 3
hand 99
handed 2
hanging 1
hap 1
happiest 2
harbour 4
hard 6
hardend 2
hardly 2
hardouin 1
harmoniously 1
harmony 1
harms 3
hated 2
hath 6
haughty 13
haunt 4
haven 1
havoc 2
he 724
healing 2
heap 6
heaps 10
heard 49
hearth 4
heave 3
heaved 13
heavenly 27
heaventaught 1
heavenward 1
heaving 4
hecatombs 8
heeren 1
height 12
heir 22
heird 1
help 8
helpless 4
hercynia 1
herd 14
here 100
hereafter 1
heroes 20
heroine 1
heros 11
hesitation 1
hesper 1
hesperus 1
hewn 2
hid 5
hidden 2
high 108
highheapd 1
highlyflavourd 1
highthroned 1
hills 14
hiss 1
hisses 1
historic 3
hither 7
hitherto 1
hoar 1
hoard 2
hoarse 3
hogs 1
hoist 2
holds 6
homers 4
honours 29
horrid 13
hospitality 3
host 19
hour 60
hourly 1
household 5
huge 14
humane 3
humbles 2
hundreds 1
hunters 2
hurl 1
hurls 1
husband 5
hut 1
hyperesias 1
i 598
idea 1
idomen 2
ignoble 3
ignorant 1
illpersuading 1
illuming 1
illustrious 16
imaged 2
images 1
imaginations 1
impair 1
impart 5
imparts 3
impatience 2
impelling 3
implicit 1
implores 6
import 1
importance 2
important 8
imports 1
impotent 3
imprecations 1
impression 1
imprint 1
imprisond 3
impulse 1
incautious 1
incensed 3
incentive 1
incestuous 1
incidents 1
incite 1
inclemencies 1
inclose 3
incongruities 1
independent 1
indignation 2
indolent 1
induced 1
indulged 1
indulgence 1
industrious 6
inextricably 1
inflamed 2
inflict 3
infold 2
ingulfd 1
inhabitants 4
inherited 1
initiates 1
injuries 1
injurious 1
injury 1
inly 2
innocent 5
innumerable 1
inquires 2
inscribed 1
inspired 5
instance 1
instead 3
instruct 1
instructions 1
insufferable 1
integrity 4
intellect 1
intelligence 1
intended 2
intends 2
intercepts 2
intercourse 1
interesting 1
interposing 1
interpretation 2
interview 1
intorted 1
introduced 1
intrusion 1
invaders 2
investigation 1
invests 1
invisible 3
invokes 1
invoking 2
inward 3
inwove 1
inwrapping 1
ios 1
irradiate 1
irremeable 1
ismarian 1
ithaca 44
ithacensian 1
itself 8
ive 1
ix 1
jars 2
javelin 8
joggd 1
joind 17
joy 83
joyous 6
judged 1
judges 2
judgment 2
juice 6
juvenile 2
keel 2
keeps 2
ken 2
killbut 1
kind 47
kindles 1
kings 21
kissd 2
knees 6
knotted 1
laboriously 1
labourd 5
lachaea 1
laggd 1
lambkin 1
lament 1
lamentable 3
lamos 1
lamp 9
land 97
language 11
largest 5
last 46
latter 1
laud 1
laughing 1
laurelld 1
leaders 3
leading 3
leafy 2
leagued 3
learn 20
learnd 8
learnt 1
leathern 1
leda 1
legend 2
legends 3
lenient 1
lent 3
lessening 3
lesson 1
let 95
lethargy 1
lets 1
leucadia 2
libya 1
lick 1
lids 2
lie 19
lifelike 1
likely 2
liking 1
limb 6
linen 2
lines 2
lingering 2
lipsius 1
liquid 15
list 1
listen 3
literal 1
live 23
load 12
lock 1
lockd 4
lodge 6
lodging 1
lodgments 3
lone 3
longabsent 1
looked 3
lookedfor 1
looking 1
looks 5
loom 11
lord 43
loss 5
loudacclaiming 1
loudechoing 1
loveborn 2
lowd 1
lowing 3
lowly 6
loyally 1
lured 1
luscious 5
lycurgus 1
lyre 11
lyric 1
lyrist 2
maid 36
maintained 2
majestic 21
makes 9
making 1
mandate 2
mangled 1
manhood 5
manifest 4
manners 4
mantius 2
manual 1
manufacture 1
marbles 2
marchd 3
mares 1
margin 3
mariners 6
marrow 1
mars 15
martial 26
mastiffs 1
masts 4
match 2
matchd 1
maura 1
mazy 5
me 171
meads 5
meagre 4
meanst 1
meantime 36
meet 17
meeting 4
meets 2
melampus 2
menelads 1
menelaus 13
menial 10
mention 2
mentor 11
mentors 3
merchant 1
merchants 1
mercury 4
mere 11
merely 3
metals 1
metrical 1
microscope 1
middle 2
mien 4
military 4
milking 1
milks 1
mimas 1
mindless 1
minds 5
mingled 6
ministrant 1
minstrels 1
miracle 2
miraculous 1
mirror 3
miserable 3
misrule 2
miss 1
mist 4
mistaking 1
mistrust 1
mix 3
mixd 12
mixed 1
moment 8
momentary 2
monster 10
mood 4
moons 1
moor 6
moral 1
moreover 4
morethe 2
morn 20
motherlion 1
motion 2
mounds 2
mount 7
mournful 13
mouth 5
move 23
moves 22
muchexperienced 1
muchloved 1
multitude 1
murderd 1
murderer 3
murders 1
muse 8
musician 1
musing 1
mute 2
myracle 1
myrmidons 1
name 74
narrow 3
nations 10
naubolides 1
nautes 1
navy 10
neaea 1
neckjointmy 1
needful 5
needless 1
needs 2
needy 3
neighboring 2
neleus 7
nestors 7
next 31
nigh 10
nimble 3
nimbly 2
noble 14
nobody 1
noiseful 1
nomine 1
non 1
nor 188
notion 1
nourish 1
numberd 3
numbers 9
nymphs 13
o 142
oak 5
obeisance 3
obeyed 1
objected 1
objections 1
objects 1
oblique 1
oblivion 6
obscener 1
obsequies 1
observations 1
observed 6
obstinately 2
obtain 4
obtesting 1
oceans 11
odour 2
odysseus 1
odysseybegan 1
oerawed 1
oerburdend 1
oerthrow 1
oerwhelmd 4
off 17
offenders 1
offending 1
offerings 4
offices 1
often 5
oftquoted 1
ogilby 1
ogygia 1
olympiad 1
omend 1
ominous 1
omnipotence 2
on 467
one 79
oneeyed 1
onomakritus 1
oped 1
opening 5
operated 1
opinion 5
opinions 3
opponents 1
opposed 3
option 1
orb 4
ordaind 7
ordinance 1
ordinary 1
orestes 8
origin 2
originality 1
ornaments 2
other 50
ourself 1
ourselvesin 1
outcast 2
outspread 1
outwear 1
overhang 1
overhangs 1
owed 3
own 57
paeon 1
painful 6
palacecares 1
pale 21
palpable 1
pangs 1
pant 1
pants 1
pardonable 1
parent 5
parentage 1
part 46
parterre 1
partiality 1
parts 10
passage 16
passing 5
pastand 1
patrongod 1
paused 5
pavements 1
pay 18
payne 1
pays 3
paytheir 1
peaceful 13
peer 5
peerage 3
peers 33
peisistratusnothing 1
pelion 1
penalty 1
penelope 10
peopled 1
per 1
perfects 1
perfidious 3
performs 1
perfume 2
peril 1
perish 7
perjured 2
permanent 1
permission 2
permit 4
perpetual 2
perseus 2
persevering 1
person 5
personages 1
persons 4
persuade 2
persuades 1
persuasion 2
perusing 1
phaeacian 9
phaeacians 2
phaeacias 7
phaedra 1
pherae 2
philoctetes 2
philomelidies 1
phraseology 1
phthias 1
pictured 1
picturesque 1
pile 11
pillard 1
pilot 8
pining 2
pinnace 2
pirates 7
pities 2
pitying 8
placed 29
plaint 1
plane 1
plans 2
plants 1
play 12
plays 2
pleads 1
please 14
pleased 23
pleiads 1
plenty 3
plighted 1
ploughs 1
plowd 1
plumes 3
plunging 2
pluto 3
ply 9
poems 35
poetic 2
pointing 2
points 7
poison 2
poisond 1
poisons 2
pole 9
polishd 10
pollutes 1
polycaste 1
polyphemus 1
pontonous 1
pontonus 1
pool 1
popes 5
poplars 4
popularity 2
portal 6
portico 5
possession 3
possessions 2
post 1
posting 1
potion 1
pourd 9
pouring 2
powerfully 1
praised 1
pray 3
precedes 4
preference 1
prefers 1
pregnant 1
presence 4
presented 1
presents 11
preserves 1
presides 2
press 12
pretors 1
prevaild 1
prevailed 1
previously 4
priest 2
primary 2
primitive 6
prized 1
probability 6
probably 4
process 2
proclaim 4
procure 1
productions 1
profferd 2
projecting 1
projects 1
prolusion 1
promisd 1
promise 4
pronounced 1
proof 2
proper 2
prophesy 1
proportion 2
proposal 2
proserpine 1
proud 38
provided 1
provides 1
provisions 3
provoking 1
prow 1
prudence 5
prudent 11
prudently 1
pruning 1
prymneus 1
punish 1
punishd 1
punishes 1
pupil 1
purer 1
purity 2
purposes 1
pursue 9
pursuits 1
pylaemenes 1
pyle 12
qualification 1
quarter 2
queen 87
quelld 1
quench 1
questioning 1
quoted 1
racers 2
radiance 1
radiant 25
raged 6
rags 3
rain 2
raised 11
ram 9
ramparts 1
ran 13
ranks 2
rape 1
raptured 5
rapturous 1
rarely 5
rattling 3
ravage 2
ravenous 1
ravishd 3
razed 1
reader 1
readers 4
reading 7
realised 1
realm 23
rears 5
reascendwith 1
reassert 3
rebel 2
rebuke 1
reception 4
reclines 1
recognising 1
recoiling 1
recording 1
recounting 1
recounts 1
recreant 1
redoubles 1
reeling 1
refer 1
reflected 1
reflection 3
refrain 5
refreshment 1
refunded 1
refuses 1
regent 1
regicide 1
regions 12
reignd 2
reigned 2
reind 1
reitorus 1
reject 1
rejoice 2
rejoins 2
relates 10
relation 2
relieve 9
religious 2
rely 1
remained 2
remains 12
removes 1
rend 4
renews 4
renowned 2
rent 2
repeats 1
repentance 1
republican 1
reputed 1
requires 2
reside 7
resignd 14
resolve 3
resounding 4
resounds 7
restless 6
restored 15
restraind 2
rests 2
resume 2
retired 10
returnd 19
returndulysses 1
returned 1
returning 10
reveal 7
reveald 4
revellers 1
revels 3
revenge 11
reveres 1
reviews 1
revives 2
rhapsodes 1
rhodians 1
richer 1
ridge 1
ridiculous 1
rifled 1
rifted 1
righteous 8
rights 5
rill 2
ripened 1
ripens 1
rise 62
rival 11
rivalryit 1
roar 22
roast 1
robbers 1
robd 1
robe 8
rock 35
rocky 11
roofs 5
root 1
rough 11
roused 4
rovers 1
rowd 1
rudder 4
ruin 8
rules 7
rushing 9
sackd 3
sacredness 1
sacrificing 2
sadly 4
safety 9
said 57
sail 24
sailed 2
sailing 4
sake 1
sallied 1
salutes 3
same 31
samian 3
sat 5
sated 1
satisfactory 1
satisfied 4
savages 1
save 17
saved 7
say 64
says 4
scaped 6
scarf 2
scattering 2
scents 2
sceptre 10
scherias 2
scholastic 2
schoolfellows 1
scorned 1
scrapbook 1
screend 2
scud 1
scyllas 1
seafarer 1
seagoddess 1
seared 1
seashore 2
seated 4
seaward 2
seconds 1
secrets 1
seduced 1
seeds 2
seem 8
seemly 1
seems 22
seer 17
sees 9
seize 23
select 3
sell 1
semblant 1
send 21
sending 1
sends 7
seniors 2
senseless 1
sensible 2
sent 22
sentence 6
sentiments 2
separated 1
sequesterd 3
series 7
session 1
set 14
several 7
shady 14
shafts 2
shaggd 1
shaggy 7
shake 6
shallow 1
shameful 2
shameless 1
shape 12
share 29
sheath 1
shelly 2
shelterd 1
shelving 3
shepherds 1
shields 3
shined 7
shippd 2
shipwreckd 1
shone 21
shoot 5
shore 142
should 55
showed 2
shower 8
showers 8
shriek 2
shriekd 2
shrill 1
shrines 1
shrouded 1
shrunk 2
shuttle 2
sidon 4
sigh 10
sighd 3
sighed 1
sighing 3
sight 42
signatures 1
silver 33
silverd 1
similitude 1
simples 1
sinecurists 1
sing 8
singing 2
sirens 3
sires 6
sit 6
sitting 2
six 19
skim 3
slain 22
sleek 1
sleeps 5
slighted 1
sluices 2
slumber 10
smarting 1
smoke 8
smoking 5
smooths 1
snare 1
snares 5
snatchd 14
snow 3
soar 1
softend 1
softer 3
softest 1
softlystealing 1
solitude 3
sometimes 1
somnus 1
sonah 1
sooner 3
soothsayer 1
sore 1
sorts 1
souls 5
sound 21
sounds 13
south 3
southwest 1
sovereign 15
sovereigns 1
space 16
spartas 2
specific 1
spectacle 1
spectators 2
spectre 3
speed 47
spider 1
spinal 1
spins 1
spoilers 2
sporting 1
spousal 1
spouses 1
sprightly 5
sprinkles 1
spy 2
squared 1
stabbd 3
staff 2
stags 1
stains 1
stake 4
stalkd 4
stall 3
stalls 2
staples 1
stateliest 2
stately 16
statements 2
statue 1
statues 1
stayed 1
stays 3
stealth 1
steeds 9
steering 1
steermans 1
steers 1
still 78
stilld 1
stings 2
stony 2
stool 1
stowd 1
straight 28
straind 3
stray 8
streamd 1
streets 4
strew 2
strews 1
strife 6
strippd 1
strive 7
strives 1
strokes 3
strongest 3
strowd 1
struck 9
strung 2
subdued 1
subject 14
subjects 8
sublime 5
sublimity 1
submit 1
subsistence 1
substance 4
substituted 1
succeed 5
succeeding 2
succeeds 3
sucks 1
sufferd 1
sufficient 4
suits 3
summarily 1
summond 2
sun 41
suniums 1
sunk 26
sunless 1
sunny 2
superintendence 1
supper 2
suppliant 20
supports 1
suppose 4
suppress 1
suppressd 3
surrounded 3
surveyd 17
surveys 6
survived 2
sustaind 1
swain 23
swarming 1
swarthy 1
sway 22
swear 9
sweat 1
sweep 11
sweet 27
sweeter 1
swelling 21
swells 4
sympathy 1
synod 6
tablet 1
tackle 1
tails 1
tainted 1
taints 3
taken 4
talents 4
tales 1
talkative 1
tall 14
talons 1
tame 2
taper 2
tapering 1
taphian 5
tardy 1
tartarian 1
tasted 1
tawdry 1
teacher 2
tearful 1
teeth 1
temperate 1
tempests 11
temples 2
ten 17
tend 5
tended 1
tents 1
terminate 1
terpander 1
terrible 3
testifies 1
text 4
than 83
thanks 2
the 7490
thebais 2
theban 6
their 416
theme 4
theseid 1
thesprot 1
thickets 4
thighs 5
thirst 13
thoas 1
thorns 1
thousa 1
thousand 7
thracians 1
thrasymed 4
threatening 3
threemouthd 1
threshold 4
threw 11
thrice 13
thrills 1
thrones 12
thucydides 2
thundering 11
thunders 9
thyestes 1
thyself 7
tie 2
tilting 4
timorous 3
tinsley 1
tityus 2
to 2434
tongues 5
too 46
top 2
tops 2
tormentors 1
torments 1
tosses 1
towers 12
trace 9
tract 1
trade 3
traffic 3
tragedies 2
train 118
trans 1
transferred 1
transient 1
transitions 1
translated 1
translation 7
transmissive 3
transport 21
treasured 2
treasures 17
tribunal 1
trident 2
trim 1
trinacrias 1
triumphs 2
true 17
truncheon 2
tunic 4
turn 24
tuygetus 1
twentysix 1
twentytwo 1
twilight 2
twines 1
twins 1
two 54
tychias 1
tyrantminions 1
udder 1
unanchord 1
unanimous 1
unbid 1
unbind 5
unbrokebut 1
unburied 1
unchangeable 1
unchaste 2
uncommon 1
unconsenting 1
uncouth 1
undecaying 1
undertaken 1
undisguised 1
undoubtedly 1
unequalld 2
unextinguishd 1
unfaithful 1
unfurls 1
unheard 5
unhonourd 1
unintelligible 1
unity 8
unknown 28
unlearning 1
unless 2
unlicensed 2
unload 2
unmingled 1
unmixd 3
unnoted 2
unpleasing 1
unravel 1
unregarded 1
unrelenting 2
unrevenged 1
unrivalld 5
unseparated 1
unskilfully 1
unsown 1
unspotted 1
until 2
untrodden 1
unusual 1
unweighd 1
unwelcome 3
unwilling 4
unwise 3
unworthy 1
uplifted 3
upon 46
urns 6
usurp 2
utmost 12
vales 1
valiant 3
valleys 1
valves 6
van 2
vanity 1
vase 17
vault 3
veins 7
vengeful 11
vermilion 1
versed 3
version 3
very 12
vest 23
vie 2
viewed 1
vigilance 1
vindicating 1
violence 6
violets 1
virgil 1
visage 3
visitors 1
visits 1
vivid 1
vocal 4
vocari 1
voracious 1
voyaged 2
wafting 1
wafts 1
wag 1
waited 1
waits 8
waive 1
waking 2
walkd 2
wan 4
wanderd 5
wanderer 5
wandering 17
warbles 1
warmth 2
warnd 7
warranted 1
warrd 2
warring 2
warrior 8
warriormaid 1
warriors 6
wary 1
wasted 2
wastes 7
watched 1
wave 32
waxen 1
ways 10
wealth 16
weary 11
webs 1
weeds 3
wellaimd 1
wellattending 1
wellfought 2
wellpaird 1
wert 5
westmacott 1
wet 2
whelps 1
whence 14
whereupon 2
whirling 7
whirlpools 2
whistled 1
whitening 1
whitens 3
whizzing 1
who 200
wholly 4
wickerbaskets 1
wide 48
widowd 2
wields 1
wife 13
wild 32
wildness 1
wiles 5
will 96
willingness 1
wimble 1
win 2
winding 7
winter 3
wintry 2
wire 1
wise 56
wisely 1
wishdfor 3
wishedfor 1
wistful 1
wither 2
wits 1
womb 2
won 8
wondrous 25
woo 1
woodmans 1
woody 4
wooly 1
woos 1
wore 5
works 14
worn 9
worse 4
worthies 4
wouldst 8
wound 16
wrenchd 1
wrestlers 2
wretched 24
wretches 2
wrinkled 2
wrinkles 2
writing 9
wrongs 12
wrought 15
xanthus 1
xi 1
xv 1
yearling 2
years 56
yielded 1
yielding 4
yoke 4
yon 14
you 84
your 157
zeal 4
zephyrs 1
zone 6
