1 1
1971 1
58 1
6 1
776 1
a 1278
abandond 4
abhorrd 2
abhors 2
aboard 7
above 58
absence 12
absent 21
absolved 1
absorbd 1
abundance 2
abuses 1
acastus 1
accepted 4
accidens 1
acheron 1
achieved 1
achilleid 1
acquired 3
act 10
add 4
adds 3
adherent 1
admire 6
admits 2
admittance 1
admitting 1
adopted 4
adores 1
adulterer 1
adulterous 4
advise 5
advised 2
aeaean 2
aegypt 1
aegyptius 3
aeolian 1
aerial 16
aeson 1
aethiopia 1
aethiopias 2
affect 2
affixd 1
affright 1
affronts 1
africanus 1
agamemnons 2
aggregate 2
aghast 5
ago 2
aiding 1
airbred 1
alarm 2
alarmd 1
alcinous 38
alcove 1
alectors 1
allcomposing 2
allegorize 1
allenlightend 1
allowed 1
allowing 1
allusive 1
ally 1
almighty 6
aloudo 1
alpheus 2
also 9
although 5
amber 2
ambition 1
ambitious 1
ambush 10
among 17
amphialus 2
amphinomus 1
ample 22
ampler 1
amythaon 1
anacreon 1
anatomist 1
ancestor 1
andraemons 1
anecdotes 1
animate 1
animating 2
annoyd 1
anomalies 2
answer 5
antihistorical 1
antilochus 1
antinous 10
anvil 2
apollo 7
apologue 1
apotheosis 1
appeals 2
appease 3
applauding 1
applauses 2
appointed 3
appreciate 1
appreciation 1
arcesian 1
architectonic 1
arduous 1
arete 7
aretes 3
aretus 2
argo 2
argument 17
aright 1
armourer 1
armshe 1
army 1
aromatic 1
arrests 1
arrivd 1
arrogance 1
arrows 3
artful 6
arts 21
arybas 1
ascend 15
ascribe 1
ashes 4
asiatic 1
aspires 1
assail 1
assassin 1
assay 1
assemblage 1
assent 1
asserted 1
asserts 1
assign 3
assist 1
associations 2
assumes 1
asteris 1
at 281
athenian 9
athwart 2
atoms 1
atreus 1
attaches 1
attainment 1
attempts 1
attic 2
attire 2
attracted 2
audience 2
aught 7
auroras 1
author 18
authority 1
authorizes 1
authorship 5
auxiliar 2
averrd 1
avert 3
awaken 2
award 2
awe 7
awes 1
axe 5
axle 2
azure 19
bacchus 1
bad 4
bag 1
bait 1
ballad 1
balls 1
band 26
bane 1
banish 3
banishd 5
bank 7
banquets 1
bar 1
bards 4
barking 1
barks 2
barley 2
barrd 1
barrier 1
bars 1
base 13
battle 9
bear 56
beat 9
beauteous 22
beautys 3
becalm 1
bedowd 1
begins 4
beguiled 2
beheld 10
behest 2
behold 33
beholds 7
belief 7
beloved 9
below 27
bends 13
beneficent 1
bentleys 1
besmear 1
best 24
bestauthenticated 1
bestbeloved 1
bestows 7
betakes 2
betters 1
beware 2
bias 1
bigudderd 1
bitterness 1
black 20
blacken 1
blade 4
blame 4
blast 9
blasts 3
blessed 2
blessing 13
blest 21
blood 53
bloodpolluted 1
bloody 9
bloomy 3
blows 3
blustering 2
board 18
boars 3
boast 22
body 6
bodys 1
boethoedes 1
bold 35
boldest 3
boldness 2
bonds 1
books 3
booming 1
boots 1
bore 47
borrowed 1
boughs 3
bounding 13
bow 13
bowd 5
bowl 37
boys 1
braind 1
brand 3
brandishd 1
brass 12
brave 43
brawny 1
breaking 1
breast 72
breath 14
breeze 6
breezy 3
brethren 3
brief 6
brightest 1
brightlydawning 1
bristled 1
brodie 1
broil 1
brothers 9
brought 19
bubbles 1
buckler 2
budding 2
built 1
bullock 4
bulls 2
bulwarks 1
burnt 1
bury 4
busy 10
but 452
by 455
cables 4
caitiffcorse 1
call 20
calls 11
calmed 1
calmness 1
calmy 1
calypsos 5
camps 1
canister 1
canvas 3
capabilities 1
cape 2
capital 3
captivate 2
care 116
career 3
careless 9
carestell 1
carnage 2
carouse 2
carves 1
cases 1
cask 2
casket 1
caucons 1
cause 29
cave 20
celebrate 1
celebrating 1
celestial 29
challenged 3
chant 1
chanting 2
chantrey 1
chapmans 1
character 13
characters 1
chargers 1
chariots 2
charm 3
charmed 1
charms 34
chaste 11
chastise 1
cheapen 1
checkd 2
cheek 8
cheerful 7
cheers 2
cheeses 1
chest 3
chests 1
chiefly 3
child 9
children 10
childrens 1
chios 6
chloris 1
choosing 1
chosen 11
christian 3
circe 14
circle 14
circling 11
circumfluous 1
circumscribed 1
circumstances 1
cities 4
city 20
claimst 1
clashing 1
clasps 3
cleansed 1
cleansing 1
cleverness 1
clitus 1
cloggd 1
closed 11
cloud 5
clustering 2
coals 2
coast 79
coasting 1
colony 1
combined 2
comfort 3
commanding 1
commenced 1
commend 2
commission 1
commonly 1
comparative 1
compared 1
compass 1
compassion 2
competent 3
complains 2
complaint 1
complies 2
composition 4
comprised 1
conceal 9
conceald 7
concealed 2
concerning 2
concluded 1
conclusive 1
concussion 1
condemn 1
conducive 1
conduct 6
confer 2
confide 5
confirmd 1
conflict 1
confounds 3
confusion 1
conjure 1
connection 1
conquers 1
conquest 9
conscious 17
consecrated 6
consent 1
consented 1
consents 1
consignd 8
consistent 3
conspired 2
constrain 6
constrains 2
consult 9
consulted 1
contained 1
contains 2
contemning 1
contemptuous 1
contend 2
contending 2
content 4
contentment 2
control 9
convenient 2
convey 16
coold 1
copies 2
copyright 2
cord 1
corn 3
cornel 1
corroding 2
couchd 3
couches 2
council 21
counsel 13
counsels 12
count 1
countries 2
countrymen 1
courteous 3
covering 2
crack 1
crackling 3
craft 1
creation 2
crete 10
cretes 1
crops 1
cross 4
cubits 1
culminating 1
cultivation 1
cumans 2
curb 1
curbs 1
curiosities 1
curling 4
curse 3
customs 1
cut 13
cuts 4
cyclop 7
cyclopean 4
cynthia 1
cypria 1
dairy 1
dampd 1
dancing 2
danger 8
dardan 1
daring 6
darkening 1
dash 2
dastard 3
date 7
dauntless 4
dawn 19
dawned 1
dazzled 1
deadly 3
dearloved 1
dearly 2
death 78
deathful 7
debates 5
debauch 2
deceptions 1
decks 3
declare 18
declares 2
declined 3
declines 2
decree 13
deeds 12
deemed 2
deems 1
deep 74
deeppiercing 1
defect 1
defend 3
deformd 2
defrauding 1
deignd 5
deigns 2
deities 1
deity 1
dejected 1
delayd 1
delegate 3
delian 2
delicate 1
delight 20
delivering 1
deluders 1
demodocus 6
den 6
denial 1
departing 1
departure 6
depictured 1
depths 1
desert 13
deserve 1
designs 3
desires 7
desolate 2
despite 1
despotisms 1
destroy 23
details 3
detain 7
detained 2
detest 2
detests 1
developed 2
device 1
devise 1
devised 1
devolving 2
devour 7
devours 6
dewy 5
dexterous 3
dians 1
dictate 3
dictates 4
didst 1
die 19
dies 10
different 6
differing 1
difficulties 2
dilate 1
dimmed 1
diphthera 1
dire 46
direct 9
dis 1
disappoint 1
disarrayd 1
discernible 1
discharge 2
disclose 12
discumbers 1
discussion 2
disfigured 1
disguised 1
dishonours 1
dislodge 1
dismayd 1
dismiss 6
dismissd 4
dispensed 1
displayd 8
displays 5
disposal 1
dispose 5
dissipates 1
dissolved 2
dissonance 1
distemper 1
distinguished 1
distressd 5
distressful 1
distributed 1
disused 1
diurnal 2
dived 1
divides 8
divines 1
divinity 1
divisions 1
do 12
dogs 17
dolius 1
dolorous 1
domestic 13
dominion 2
dotard 1
doubled 1
doubles 1
doubt 16
doubting 2
downrushing 1
drains 2
dramatic 1
drank 2
draught 9
drawing 1
dreads 1
dreamt 1
drivers 1
driving 2
droop 1
drop 3
droppd 8
dryads 1
duel 1
durst 1
dusky 5
dust 13
dusty 1
duty 7
dwells 7
dynameter 1
eager 15
ear 32
early 31
earnest 3
earthshaking 1
eased 1
eases 1
eating 1
echephron 1
edit 1
editorial 3
eer 5
effeminate 1
efforts 4
elephants 1
elevate 1
elevated 1
eloquence 5
eloquently 2
elpenors 2
else 6
eluded 2
embarks 3
embattled 1
embracing 1
emerging 4
eminence 1
eminent 2
employ 14
emulates 2
emulous 1
enable 1
enamelld 1
enchanted 2
enchantress 4
encouraged 1
ends 11
engage 9
english 2
enigma 1
enipeus 2
enrich 2
enrolld 1
ensue 1
enterd 3
enters 1
entertaind 3
entrance 2
entwined 2
enunciator 1
envied 2
epicsthe 1
epirus 1
equally 1
erected 1
errors 1
espoused 1
esteem 1
eternity 1
eulogized 1
eurydice 1
eurylochus 11
eurymachusfly 1
eurymedusa 1
eurynomus 1
eurytus 2
events 5
everfragrant 1
evidently 1
ewer 7
exacting 1
exalting 2
examined 2
excel 2
except 4
exclaims 3
exclusion 1
exercise 3
exhales 2
exhauststill 1
exist 1
expand 1
expanded 3
expatiate 1
expect 5
expense 2
explain 5
exploit 1
explore 16
explored 1
express 4
expressive 2
exquisite 2
extends 5
extent 1
extinguish 1
extreme 3
exult 1
eye 43
f 1
faces 1
faction 1
factious 2
faded 2
fading 1
fail 5
fails 1
faint 3
fairhaird 3
fall 27
fallacious 2
falls 10
falsehood 2
famed 12
familiarize 1
fanciful 1
fanes 1
fardreaded 1
fared 1
farther 4
fasque 1
fatal 9
fated 5
fattend 2
fattest 1
faultless 2
faults 1
favour 6
favouring 11
favourites 1
feard 3
feasters 1
feastrites 1
featherd 2
feeder 1
feet 18
feigns 1
fell 30
fellow 1
female 16
fence 4
fenceful 1
fenceless 1
fervent 1
fervour 2
fibres 1
fiction 1
field 21
fiery 7
fighting 2
fightssubdues 1
figured 1
figures 4
file 3
final 2
find 25
finishd 5
fish 3
fishy 2
fitting 2
flake 1
flaming 2
flashing 4
flat 1
flatter 2
flax 1
flayd 2
fledged 1
flitting 1
floats 3
flock 19
flourishd 2
flowed 1
flowers 4
flows 13
flung 4
flushd 2
fly 55
foaming 9
fold 8
follows 2
fonder 1
foolish 1
fools 4
footing 1
footsteps 4
forbear 12
forbears 2
forbid 4
forebodes 2
foreign 26
foreseeing 1
foresees 1
forests 7
forget 6
forgetfulness 1
forgive 1
form 62
formidable 1
forming 1
forms 22
fortieth 1
fought 1
foul 8
founded 1
fountains 6
fowl 5
frail 4
frailty 1
frames 1
frankincense 1
frantic 3
fraud 18
fraught 3
free 23
freeze 1
french 2
frequented 2
freshening 3
friend 61
friendly 37
friendship 5
friendships 2
frolic 1
front 4
frown 2
fruit 3
fruits 4
full 66
funeral 2
funereal 3
furl 2
furrowd 2
furrows 1
future 26
gaily 1
gained 3
gale 7
gales 30
galling 1
game 1
games 8
garb 2
garden 4
gathered 1
gathering 7
gaze 17
gems 1
generally 2
genial 25
genius 7
get 1
gets 1
ghastly 6
giant 14
gifted 1
girding 1
give 47
gives 27
glades 2
glance 3
glazed 2
gleam 2
glitterd 3
gloom 10
glows 16
goal 2
goat 5
goats 15
goatskins 1
goblets 7
godhead 4
goods 1
gorgon 1
govern 1
governs 1
grace 62
gracefulness 1
grammarian 1
grammarians 4
grandeur 1
grandsons 1
grasping 1
grassy 2
graves 1
grecians 2
greek 13
grey 1
gross 1
grote 5
groundless 1
grovel 1
grovels 1
guard 23
guarded 1
guardians 2
guardianship 1
guards 1
guile 5
guise 1
gulfs 3
gulfy 4
gyrae 1
habitants 3
haild 3
hair 4
haird 1
halfviewless 1
hall 8
handling 1
handmaidens 1
hands 53
handsomely 1
hangs 3
haply 2
happened 1
happy 30
harbourd 1
harbours 2
harden 1
hast 17
hastening 1
hastes 3
hastily 1
hasty 8
hate 11
have 103
having 28
header 2
heads 7
heal 3
hear 55
heaven 132
heaves 2
heavy 6
hecacombs 1
hecatomb 1
hector 1
heed 2
heifer 1
heifers 1
heirbut 1
helen 11
hell 22
hells 8
helm 9
helmet 1
henceforth 3
her 401
herald 21
herb 2
herbage 4
herdsmans 1
hermaean 2
hesiodas 1
hexameter 1
hide 9
hides 5
hilly 1
him 225
hind 3
hissd 1
hissing 2
hoary 11
hold 4
holy 15
homaeopathic 1
home 31
homefelt 1
homeros 2
homeward 5
honour 18
hope 22
hopes 18
horace 1
horn 3
horribly 1
horse 4
horses 3
hospitable 33
hospitably 1
hot 1
hours 24
house 19
however 16
howling 4
humbler 2
hung 13
hurts 2
hymens 1
hymn 3
hymns 1
hyperia 1
hyperian 1
hypothesis 5
icarian 1
icarius 6
idealizednuma 1
identifies 1
idle 4
ignorance 2
ii 1
iliad 32
ill 20
illrestraind 1
ills 7
illsuiting 1
illustriously 1
ilus 2
image 8
imbibe 1
imbrownd 1
immeasurable 2
immigrants 1
impassive 3
impatient 12
impenetrably 1
imploring 1
impressionsnay 1
improve 1
imprudence 1
impulses 3
impurpled 1
incase 1
incased 2
inclement 6
inclined 4
incongruity 2
inconsistency 2
inconsistent 2
increase 8
increasing 1
incursion 1
indebted 1
indeed 6
indelible 1
individual 3
indulge 15
indulgent 3
indulging 2
inexorable 1
inflames 1
inflicted 1
inflicts 1
inform 1
informing 1
ingenious 2
ingrate 1
ingredient 1
inheritance 1
injustice 2
inlypining 1
innocence 1
innumerous 1
inquirst 1
inquiry 2
inquisitive 1
insatiate 1
inscriptions 1
insidious 5
insinuating 1
insists 1
insolvable 1
inspire 8
instigation 1
instinct 2
instrument 2
insult 2
insults 3
intention 1
intentive 1
intercept 8
interpolation 1
interposed 1
interrupts 1
intervals 2
intonations 1
investigations 2
involves 1
inwrought 3
ionia 1
ionian 1
ireful 1
iron 5
is 308
itselfa 1
jaggy 1
jardan 1
jasons 1
jaws 3
jealously 2
join 21
journeyd 1
jovedescended 2
joyful 8
joys 25
judge 8
junos 1
juster 2
justice 4
justly 3
kallinus 3
keen 6
keepers 1
killd 1
kindled 4
kindred 2
kingdoms 1
kisses 1
knife 2
know 48
knowing 1
kuster 1
laborious 4
labour 16
lachmanns 2
laestrygons 3
lagging 1
lair 2
lambs 4
laments 1
landor 1
lands 12
landscape 2
languish 2
laodam 2
lappd 1
larger 2
lash 2
lastly 1
late 26
latest 2
launched 1
laver 5
laws 13
leads 13
leapd 2
leaps 1
learns 2
leaves 11
legal 2
legions 1
lemnian 1
lengthend 2
lesbian 2
lest 14
leviathan 1
libation 7
liberty 1
licence 2
lid 1
lieu 1
lifesustaining 1
lighted 2
lighten 2
lightly 1
lightning 3
limbs 28
limpid 5
lintels 1
lip 3
lips 5
listed 1
literature 3
lived 5
lively 1
loaded 6
loaves 1
loiter 1
lonely 8
long 91
longcontinued 2
longexpected 2
longinus 1
longwearied 1
look 15
loosed 3
loquacious 1
lords 7
lose 7
lot 6
lotophagi 2
lots 4
lotus 2
loud 21
loudly 1
loved 22
lovedittied 1
loves 10
lowers 1
lucid 3
lun 1
lurk 1
lurks 2
lustre 8
lusty 1
luxuriant 3
lybian 1
lycians 1
made 39
madness 1
magnificence 2
majestically 1
manage 1
mane 1
manifests 1
mans 7
mansions 2
mantes 1
mantled 1
mantling 1
manuscripts 8
manylanguaged 1
marathon 1
margins 1
master 21
materials 2
maternal 1
matron 7
maw 1
maze 1
meals 1
meaning 1
means 12
mediates 1
medical 1
meed 2
melesigenes 14
mellowing 1
melodious 1
melting 2
menace 1
menaces 1
mendicant 1
mercy 3
mercys 1
meridian 1
message 2
messenger 8
met 18
metal 2
midnightdream 1
mighty 43
milk 5
mill 1
mindful 3
mine 28
mingle 2
mingling 4
minister 1
ministerd 1
minos 2
minute 6
minutiae 1
miracles 1
mirth 6
mirthful 3
miscalld 1
mislead 1
missile 2
mistrusts 1
mockery 1
mocks 2
modest 8
moly 2
monarchs 6
monsters 7
month 1
moon 7
moord 2
morbid 1
morrows 1
mortal 39
mortals 8
most 47
mothers 16
motives 1
mould 9
mountains 27
mounts 6
mourn 17
mournd 6
mouths 4
mr 4
mule 1
multitudes 2
murderous 10
mutterd 2
my 690
mythical 1
naild 1
naming 1
narrating 1
narration 3
narrowest 1
natal 17
national 4
natives 2
nature 18
near 26
nearer 2
nearest 3
neck 5
necks 1
nectareous 2
need 3
neer 4
negative 1
neglect 1
negligence 1
neighbour 2
neign 1
neon 1
nereids 2
nerve 3
net 1
nether 2
newlyformed 1
niggard 1
nights 10
nine 19
nobler 7
nobles 5
nodding 4
nods 1
noise 4
noisy 1
north 4
northern 5
nose 1
nosooner 1
nostrils 1
not 199
note 3
noticed 1
noting 1
notno 1
nurse 1
nurtured 1
oard 2
oath 7
obey 35
obeyd 12
object 8
obliquely 1
oblivious 2
obsequious 5
observe 4
obtaind 1
obtaining 1
occurrences 1
odyssea 1
odysseid 1
odyssey 20
oeraching 1
oercast 1
oerflows 1
oerfly 1
oerlookd 1
offence 3
offend 2
offended 2
offerd 2
offering 6
oicleus 1
oil 7
oilean 1
olive 2
omens 6
onward 1
oozy 1
openings 1
opposing 1
ops 2
ordain 8
order 29
orderd 2
orient 8
original 7
originally 2
orions 2
ornament 1
orphan 3
osiers 3
others 19
otus 1
outflies 1
outline 1
outrage 1
oval 1
overlooks 1
overtakes 1
owe 9
owes 2
owning 1
oxen 7
pail 1
palacegates 1
pallas 51
palm 1
pampered 1
panting 6
parentshade 1
parody 2
partake 2
parted 4
partial 3
particularly 2
partook 1
pass 16
passd 26
pastimes 2
pasture 2
patch 2
path 3
patience 1
patient 13
pause 2
peasants 2
peloponnesian 1
pen 2
perfected 1
perfectly 1
perform 2
performance 1
perfumed 1
perhaps 15
perishd 7
pero 2
perraultavowed 1
persephone 1
perverse 1
phaeacia 6
phaestan 1
pharian 5
philacus 1
phocaea 2
phoebus 14
phoenecias 1
phoenician 4
phrase 1
phraseologya 1
phrygian 9
piecing 1
pierced 5
pierias 1
piety 2
pigrees 1
pinches 1
pine 3
pipes 1
pirous 1
pisenors 1
pitied 2
pittance 1
places 2
plain 51
plaintive 1
plan 3
planted 1
plato 2
pleasure 8
plenteous 5
ploughman 1
plow 1
plumage 1
plunge 9
pluralist 1
plutos 4
poemsthe 1
poet 21
poetasters 1
polish 1
polished 1
polypheme 3
pomegranate 2
pompous 3
ponder 1
pope 6
poplarleaves 1
populace 1
portion 8
positive 3
possessd 13
possible 3
poutonous 1
powerful 10
powerless 1
practice 3
praise 28
prayed 1
precede 1
precepts 3
precious 4
preeminent 1
preexisting 2
prefer 3
prepares 6
presage 1
presumed 1
prevailing 1
prevails 4
prevent 3
previous 1
prides 1
principles 2
print 2
probable 1
proceeds 6
procris 1
procured 1
prodigy 1
production 1
profaned 1
professed 1
profit 1
profitable 2
profusely 1
progeny 1
progress 2
projected 1
prolific 3
promiscuous 4
promising 1
promontorys 1
prompt 3
pronounce 1
prophecies 3
prophetic 6
propitious 16
proserpines 1
protect 2
protected 1
protecting 2
protection 2
prove 19
providence 3
provokes 1
prowess 3
prowling 1
prythee 1
psyrian 1
public 17
publication 1
publicthey 1
publish 1
published 2
publishers 1
purely 1
purest 2
puts 1
pylein 1
pylian 7
pylians 1
pylos 16
pyre 2
quaint 1
queens 3
quenchd 2
quest 2
questions 1
quickly 2
quilts 1
quiver 2
quivers 1
race 81
railing 1
raind 2
rains 3
rams 1
range 6
rankd 1
rapid 19
rashness 2
ratify 1
ravish 1
reaches 1
ready 24
realized 1
reasonableness 1
reassumes 1
rebels 1
rebuked 1
recalld 1
recalls 1
receding 1
recees 1
receive 16
received 14
receiving 2
recitation 1
recitative 1
reciter 1
reclosed 1
recommends 1
reconsider 1
record 5
recount 1
recumbent 1
redden 1
reddening 4
redhot 1
redistributing 1
redress 5
reeking 2
referred 1
refined 6
refunds 2
refutes 1
regaind 1
regards 1
reigns 8
rein 5
reins 3
relating 2
release 4
released 3
relentless 5
relics 3
relief 2
relies 1
remain 20
remaind 8
remember 2
rememberd 1
remodelled 1
removal 2
removed 4
renew 3
renewd 5
renown 4
repast 20
repasts 1
repel 2
replenishd 4
replied 35
reply 10
repossess 1
repressd 4
resailing 1
rescued 1
resents 1
reserve 2
reserved 5
resolves 1
resound 7
resounded 1
respecting 8
respite 1
resplendent 2
resumed 2
resumes 3
resuming 1
retires 2
retossd 2
revealed 1
reveals 4
revenues 1
reverse 2
reversed 2
review 8
rhexenor 2
ribbd 1
ride 5
rightlier 1
rings 1
riot 19
ripend 1
rises 1
river 4
roarings 2
roars 7
robbd 2
rocks 31
rode 2
roll 18
romances 1
romulus 1
roof 13
rooms 3
roots 2
rosyfingerd 1
rosyfingered 1
round 74
rouse 1
rout 2
roved 1
row 2
rude 12
rue 1
ruffling 1
rulers 4
rumbling 2
rumours 2
rung 2
running 1
runs 3
rural 16
rush 9
sabre 1
sacks 1
sacrifice 13
sad 45
safely 5
safest 1
sagacity 2
sailor 2
sailors 17
sand 11
sands 7
sanguine 2
sate 34
satisfaction 3
sawst 1
scales 1
scaliger 1
scaly 3
scanty 1
scaping 1
scent 3
scheme 2
scherian 2
school 5
scoops 2
scorching 2
scornd 2
scornful 1
scorns 3
scott 1
scour 1
scourge 3
scourges 1
screaming 1
sculpturd 1
sculptured 1
scyros 1
seabeat 3
seafowl 1
seagirt 2
seagreen 2
seamen 1
search 8
searchd 1
searches 1
secession 1
securely 7
seducements 1
seek 32
seeking 2
seemed 1
seest 3
seized 20
selfbanished 1
selfconsidering 1
selfexistent 1
semblance 5
seneca 2
seneschal 1
senses 1
services 1
settle 2
severely 2
sewer 1
shaded 6
shades 35
shaft 4
shafted 1
shaker 1
shalt 12
shatterd 1
shears 1
shelter 4
shew 1
shine 15
shipwrecked 2
shipwright 2
shook 10
shoots 2
shoulders 10
shout 3
shows 5
shrilling 3
shroud 3
shrouds 4
shut 2
sickness 1
sidons 1
sift 1
sifted 1
signal 4
silent 25
simenides 1
similar 3
simonides 2
simple 3
sin 1
sincere 11
singly 2
sings 10
sir 3
sisyphian 1
sisyphus 1
sits 5
sixteen 2
sixth 2
sketch 1
skies 75
skilld 15
sky 52
slackend 1
slave 11
slay 6
sleeping 3
sleepy 1
slept 9
slew 4
slippd 1
slow 15
slowcircling 1
slowly 3
slowpacing 1
slumbers 9
smaller 2
smallest 1
smile 4
smouldering 1
snatch 2
snoring 1
so 178
soars 1
sobs 2
socrates 3
soft 56
sojournd 1
solar 1
solitary 4
solon 4
some 144
songs 11
soothe 3
sources 1
southeast 1
sparkled 1
sparkling 3
sparta 18
spartan 12
speaking 4
spears 3
sphere 2
spies 5
spire 1
spires 1
splitting 1
sport 5
sportive 1
spot 1
spotted 1
spouting 2
spouts 2
spread 47
spreading 6
spreads 11
springing 5
springs 16
sprinkled 3
staggering 1
staind 1
stamped 1
star 2
starry 8
start 4
starting 2
stay 40
steep 4
steer 8
stemmd 1
stench 1
steps 23
stern 41
stesichorus 1
sties 3
stiff 3
stiffer 1
stipend 1
stolen 1
stores 25
storied 2
storms 33
strangerguest 6
strangers 18
strayd 6
streamed 1
strechd 1
strengthen 1
strengthend 1
stretch 11
strewd 4
strewn 1
strict 1
strike 8
strip 2
stronger 1
strove 4
stubble 1
studded 1
stung 7
stupidity 1
sty 1
subdues 1
subjected 1
submission 2
submits 4
subsides 4
succeeded 2
successful 1
succour 4
sudden 33
sue 1
suffering 4
sufferings 3
suffice 11
suffices 2
suggesting 1
suit 11
suitor 7
suitors 28
suitortrain 3
sulphur 1
sulphurous 2
sum 4
summer 3
sumptuous 1
sunnyside 1
sup 1
supine 3
supplies 21
supported 2
supposed 4
supreme 7
supremest 1
surcharged 1
sure 35
surefounded 1
surer 1
surface 2
surmise 2
surpassd 2
surpassed 2
surprise 11
surrounding 3
suspect 1
suspense 1
sustains 3
sustenance 1
swam 1
sweepy 2
sweetend 1
sweetest 2
swimming 1
swine 7
sworn 2
swung 1
sympathized 1
systemwhich 1
tables 3
taint 4
tallure 1
task 17
tatterd 3
taught 17
taunts 4
teach 4
tear 15
tedium 1
teeming 3
teichos 1
telemus 1
telling 1
temese 1
temper 2
temperd 3
tempestuous 3
tempts 1
tenacious 1
tendencies 1
tendency 1
tenth 6
terrific 6
terror 3
test 2
texture 5
theatres 1
thebes 3
thence 19
theodore 1
theories 8
theorists 1
these 168
thetis 1
they 316
thickend 1
thickened 1
thickening 1
thickens 1
thicket 2
things 11
thinking 5
thither 7
thoon 1
thorn 1
those 72
thou 173
though 56
thoughtful 4
thoughtless 4
thrace 1
thriceeared 1
thriving 1
throats 1
throng 6
thronging 2
throughout 1
thy 534
tiar 1
tibullus 1
tied 5
timed 1
times 13
tiresome 1
tlepolemus 1
today 1
toil 31
tolerably 1
tongued 1
took 31
tools 1
tore 6
torrents 2
tossed 1
tossing 2
total 2
touchstone 1
towering 4
towery 3
toy 1
tracks 4
tradition 6
traditional 2
traditions 2
traitors 3
traitress 2
trampling 1
transcript 1
transform 1
transforms 1
transmitted 1
transparent 1
transported 5
travels 2
traverse 1
tread 16
treads 13
treadst 2
treat 2
treats 1
trees 9
trembled 3
trembles 3
tripods 2
tristram 1
triumph 3
triumphant 2
trod 17
trojans 2
troops 1
trophies 1
troubled 4
troy 36
truly 1
trusts 1
trustworthy 2
truths 2
try 16
tumbled 1
turnd 12
turningpoint 1
tusks 1
twanging 2
twentieth 1
twice 13
tyndars 1
tyrant 2
ulyssean 2
ulysses 218
ulyssesdeeper 1
unable 5
unapparent 2
unavailing 2
uncertainty 3
under 10
undergone 1
undeserving 1
undried 1
unenvied 1
unerring 3
unfledged 1
unfolds 1
unforeboding 1
unfortunate 2
unfrequented 1
ungrateful 6
unguents 6
unharnessd 1
uniform 1
union 4
unjustly 2
unkindly 2
unknowing 2
unlockd 1
unmeasured 3
unmoor 1
unmoord 1
unnerved 1
unnerves 1
unperceived 2
unpolishd 2
unprosperous 1
unresisted 1
unruly 2
unsafe 1
unsavoury 2
unseen 11
unsincere 1
unstrung 1
unsustaind 1
untamed 1
untasted 2
untied 2
untruths 1
untutord 1
unveils 2
upborne 1
upheld 2
upsoard 1
upturns 1
urges 1
usage 2
useful 1
usual 2
utter 1
vacant 4
vagrants 2
vaini 1
valley 1
vanish 1
vanishes 1
vapours 4
vassals 2
vast 20
vaunts 2
veil 15
veils 2
venerable 4
vengeance 39
verge 6
verses 4
vessels 23
vestbut 1
vestures 7
vexation 1
viands 17
vicissitude 1
vicissitudes 1
victim 8
viewless 4
vigour 3
vile 7
villainy 1
violate 2
virgins 6
visibly 1
vision 12
visionary 4
visit 8
volumes 2
voted 1
vow 4
voyager 2
voyaging 3
vulcan 9
vulcanian 1
waist 2
waked 3
wallowing 1
wand 11
wanders 5
want 16
warbled 2
wardrobe 1
warm 11
warms 7
warriorgoddess 1
warriorhost 1
wartriumphant 1
was 181
wash 8
waste 21
watch 4
watchful 6
waterd 1
waved 5
waves 51
weak 4
weakness 1
wearers 1
web 1
wed 4
wedge 1
weedy 1
weigh 7
welcome 12
well 41
welldissembled 1
wellfed 1
wellknown 4
wellrowd 1
welter 1
wept 9
western 10
whateer 9
wheat 4
wheaten 1
wheel 2
wheeld 2
wheels 5
whelm 1
whelming 6
when 225
wheneer 2
which 166
while 150
whirls 5
whirlwinds 2
whistle 2
white 12
whiten 1
whoeer 7
whom 98
whose 126
wideextended 1
wider 3
wield 9
wildly 1
willd 4
willing 13
willows 1
wills 5
wimbles 1
wind 28
wipe 1
wisest 4
wished 1
wishes 5
with 1329
withdrew 9
within 27
withstands 1
withstood 1
wives 5
wolves 1
woman 9
wonders 4
wonted 1
wooden 1
woods 8
word 28
wordy 2
worlds 2
would 73
wounded 2
wrappd 11
wrathful 1
wreathd 1
wrote 2
x 1
xenophon 2
xiv 1
xvi 1
yards 2
yell 2
yester 1
yet 144
yield 15
yonder 7
young 39
youngest 4
yourselves 2
youthful 16
youths 17
zaccynthus 1
zacinth 1
zacynthas 1
zephyrus 1
